[ 2018-07-02T17:43:34+08:00 ] 106.121.17.203 /index.php?m=Home&c=api&a=get_category&parent_id=886
INFO: [ app_init ] --START--
INFO: Run Behavior\BuildLiteBehavior [ RunTime:0.000010s ]
INFO: [ app_init ] --END-- [ RunTime:0.000062s ]
INFO: [ app_begin ] --START--
INFO: Run Behavior\ReadHtmlCacheBehavior [ RunTime:0.000090s ]
INFO: [ app_begin ] --END-- [ RunTime:0.000113s ]
NOTIC: [8] Undefined variable: html /home/www/htdocs/Application/Home/Controller/ApiController.class.php 第 67 行.

[ 2018-07-02T17:44:06+08:00 ] 106.121.17.203 /index.php?m=Home&c=api&a=get_category&parent_id=886
INFO: [ app_init ] --START--
INFO: Run Behavior\BuildLiteBehavior [ RunTime:0.000011s ]
INFO: [ app_init ] --END-- [ RunTime:0.000063s ]
INFO: [ app_begin ] --START--
INFO: Run Behavior\ReadHtmlCacheBehavior [ RunTime:0.000089s ]
INFO: [ app_begin ] --END-- [ RunTime:0.000114s ]
NOTIC: [8] Undefined variable: html /home/www/htdocs/Application/Home/Controller/ApiController.class.php 第 65 行.

[ 2018-07-02T17:44:10+08:00 ] 106.121.17.203 /index.php?m=Home&c=api&a=get_category&parent_id=887
INFO: [ app_init ] --START--
INFO: Run Behavior\BuildLiteBehavior [ RunTime:0.000010s ]
INFO: [ app_init ] --END-- [ RunTime:0.000063s ]
INFO: [ app_begin ] --START--
INFO: Run Behavior\ReadHtmlCacheBehavior [ RunTime:0.000087s ]
INFO: [ app_begin ] --END-- [ RunTime:0.000111s ]
NOTIC: [8] Undefined variable: html /home/www/htdocs/Application/Home/Controller/ApiController.class.php 第 67 行.

[ 2018-07-02T17:44:45+08:00 ] 106.121.17.203 /index.php?m=Home&c=api&a=get_category&parent_id=886
INFO: [ app_init ] --START--
INFO: Run Behavior\BuildLiteBehavior [ RunTime:0.000013s ]
INFO: [ app_init ] --END-- [ RunTime:0.000099s ]
INFO: [ app_begin ] --START--
INFO: Run Behavior\ReadHtmlCacheBehavior [ RunTime:0.000095s ]
INFO: [ app_begin ] --END-- [ RunTime:0.000122s ]
NOTIC: [8] Undefined variable: html /home/www/htdocs/Application/Home/Controller/ApiController.class.php 第 65 行.

[ 2018-07-02T17:46:25+08:00 ] 106.121.17.203 /index.php?m=Home&c=api&a=get_category&parent_id=890
INFO: [ app_init ] --START--
INFO: Run Behavior\BuildLiteBehavior [ RunTime:0.000010s ]
INFO: [ app_init ] --END-- [ RunTime:0.000063s ]
INFO: [ app_begin ] --START--
INFO: Run Behavior\ReadHtmlCacheBehavior [ RunTime:0.000083s ]
INFO: [ app_begin ] --END-- [ RunTime:0.000107s ]
NOTIC: [8] Undefined variable: html /home/www/htdocs/Application/Home/Controller/ApiController.class.php 第 67 行.

[ 2018-07-02T17:47:57+08:00 ] 106.121.17.203 /index.php?m=Home&c=api&a=get_category&parent_id=890
INFO: [ app_init ] --START--
INFO: Run Behavior\BuildLiteBehavior [ RunTime:0.000009s ]
INFO: [ app_init ] --END-- [ RunTime:0.000072s ]
INFO: [ app_begin ] --START--
INFO: Run Behavior\ReadHtmlCacheBehavior [ RunTime:0.000084s ]
INFO: [ app_begin ] --END-- [ RunTime:0.000109s ]
NOTIC: [8] Undefined variable: html /home/www/htdocs/Application/Home/Controller/ApiController.class.php 第 65 行.

[ 2018-07-02T17:47:59+08:00 ] 106.121.17.203 /index.php?m=Home&c=api&a=get_category&parent_id=891
INFO: [ app_init ] --START--
INFO: Run Behavior\BuildLiteBehavior [ RunTime:0.000010s ]
INFO: [ app_init ] --END-- [ RunTime:0.000063s ]
INFO: [ app_begin ] --START--
INFO: Run Behavior\ReadHtmlCacheBehavior [ RunTime:0.000087s ]
INFO: [ app_begin ] --END-- [ RunTime:0.000119s ]
NOTIC: [8] Undefined variable: html /home/www/htdocs/Application/Home/Controller/ApiController.class.php 第 67 行.

