[ 2018-09-24T16:23:06+08:00 ] 127.0.0.1 /index.php?m=Home&c=api&a=get_category&parent_id=1
INFO: [ app_init ] --START--
INFO: Run Behavior\BuildLiteBehavior [ RunTime:0.000013s ]
INFO: [ app_init ] --END-- [ RunTime:0.000545s ]
INFO: [ app_begin ] --START--
INFO: Run Behavior\ReadHtmlCacheBehavior [ RunTime:0.000668s ]
INFO: [ app_begin ] --END-- [ RunTime:0.000709s ]
NOTIC: [8] Undefined variable: html F:\phpStudy\WWW\www.qingnianjuhe.club\Application\Home\Controller\ApiController.class.php 第 67 行.

[ 2018-09-24T16:24:01+08:00 ] 127.0.0.1 /index.php?m=Home&c=api&a=get_category&parent_id=3
INFO: [ app_init ] --START--
INFO: Run Behavior\BuildLiteBehavior [ RunTime:0.000011s ]
INFO: [ app_init ] --END-- [ RunTime:0.000577s ]
INFO: [ app_begin ] --START--
INFO: Run Behavior\ReadHtmlCacheBehavior [ RunTime:0.000822s ]
INFO: [ app_begin ] --END-- [ RunTime:0.000897s ]
NOTIC: [8] Undefined variable: html F:\phpStudy\WWW\www.qingnianjuhe.club\Application\Home\Controller\ApiController.class.php 第 65 行.

[ 2018-09-24T16:24:08+08:00 ] 127.0.0.1 /index.php?m=Home&c=api&a=get_category&parent_id=1
INFO: [ app_init ] --START--
INFO: Run Behavior\BuildLiteBehavior [ RunTime:0.000010s ]
INFO: [ app_init ] --END-- [ RunTime:0.000503s ]
INFO: [ app_begin ] --START--
INFO: Run Behavior\ReadHtmlCacheBehavior [ RunTime:0.000800s ]
INFO: [ app_begin ] --END-- [ RunTime:0.000873s ]
NOTIC: [8] Undefined variable: html F:\phpStudy\WWW\www.qingnianjuhe.club\Application\Home\Controller\ApiController.class.php 第 67 行.

[ 2018-09-24T16:27:38+08:00 ] 127.0.0.1 /index.php?m=Home&c=api&a=get_category&parent_id=4
INFO: [ app_init ] --START--
INFO: Run Behavior\BuildLiteBehavior [ RunTime:0.000013s ]
INFO: [ app_init ] --END-- [ RunTime:0.000554s ]
INFO: [ app_begin ] --START--
INFO: Run Behavior\ReadHtmlCacheBehavior [ RunTime:0.000626s ]
INFO: [ app_begin ] --END-- [ RunTime:0.000683s ]
NOTIC: [8] Undefined variable: html F:\phpStudy\WWW\www.qingnianjuhe.club\Application\Home\Controller\ApiController.class.php 第 67 行.

[ 2018-09-24T16:27:41+08:00 ] 127.0.0.1 /index.php?m=Home&c=api&a=get_category&parent_id=894
INFO: [ app_init ] --START--
INFO: Run Behavior\BuildLiteBehavior [ RunTime:0.000012s ]
INFO: [ app_init ] --END-- [ RunTime:0.000648s ]
INFO: [ app_begin ] --START--
INFO: Run Behavior\ReadHtmlCacheBehavior [ RunTime:0.000632s ]
INFO: [ app_begin ] --END-- [ RunTime:0.000685s ]
NOTIC: [8] Undefined variable: html F:\phpStudy\WWW\www.qingnianjuhe.club\Application\Home\Controller\ApiController.class.php 第 67 行.

[ 2018-09-24T16:27:42+08:00 ] 127.0.0.1 /index.php?m=Home&c=api&a=get_category&parent_id=4
INFO: [ app_init ] --START--
INFO: Run Behavior\BuildLiteBehavior [ RunTime:0.000011s ]
INFO: [ app_init ] --END-- [ RunTime:0.000445s ]
INFO: [ app_begin ] --START--
INFO: Run Behavior\ReadHtmlCacheBehavior [ RunTime:0.000598s ]
INFO: [ app_begin ] --END-- [ RunTime:0.000682s ]
NOTIC: [8] Undefined variable: html F:\phpStudy\WWW\www.qingnianjuhe.club\Application\Home\Controller\ApiController.class.php 第 67 行.

[ 2018-09-24T16:27:44+08:00 ] 127.0.0.1 /index.php?m=Home&c=api&a=get_category&parent_id=1
INFO: [ app_init ] --START--
INFO: Run Behavior\BuildLiteBehavior [ RunTime:0.000010s ]
INFO: [ app_init ] --END-- [ RunTime:0.000469s ]
INFO: [ app_begin ] --START--
INFO: Run Behavior\ReadHtmlCacheBehavior [ RunTime:0.000615s ]
INFO: [ app_begin ] --END-- [ RunTime:0.000672s ]
NOTIC: [8] Undefined variable: html F:\phpStudy\WWW\www.qingnianjuhe.club\Application\Home\Controller\ApiController.class.php 第 67 行.

[ 2018-09-24T16:27:46+08:00 ] 127.0.0.1 /index.php?m=Home&c=api&a=get_category&parent_id=7
INFO: [ app_init ] --START--
INFO: Run Behavior\BuildLiteBehavior [ RunTime:0.000011s ]
INFO: [ app_init ] --END-- [ RunTime:0.000446s ]
INFO: [ app_begin ] --START--
INFO: Run Behavior\ReadHtmlCacheBehavior [ RunTime:0.000915s ]
INFO: [ app_begin ] --END-- [ RunTime:0.000962s ]
NOTIC: [8] Undefined variable: html F:\phpStudy\WWW\www.qingnianjuhe.club\Application\Home\Controller\ApiController.class.php 第 67 行.

[ 2018-09-24T16:28:21+08:00 ] 127.0.0.1 /index.php?m=Home&c=api&a=get_category&parent_id=4
INFO: [ app_init ] --START--
INFO: Run Behavior\BuildLiteBehavior [ RunTime:0.000011s ]
INFO: [ app_init ] --END-- [ RunTime:0.000496s ]
INFO: [ app_begin ] --START--
INFO: Run Behavior\ReadHtmlCacheBehavior [ RunTime:0.000970s ]
INFO: [ app_begin ] --END-- [ RunTime:0.001043s ]
NOTIC: [8] Undefined variable: html F:\phpStudy\WWW\www.qingnianjuhe.club\Application\Home\Controller\ApiController.class.php 第 67 行.

[ 2018-09-24T16:29:59+08:00 ] 127.0.0.1 /index.php?m=Home&c=api&a=get_category&parent_id=4
INFO: [ app_init ] --START--
INFO: Run Behavior\BuildLiteBehavior [ RunTime:0.000009s ]
INFO: [ app_init ] --END-- [ RunTime:0.000483s ]
INFO: [ app_begin ] --START--
INFO: Run Behavior\ReadHtmlCacheBehavior [ RunTime:0.000684s ]
INFO: [ app_begin ] --END-- [ RunTime:0.000743s ]
NOTIC: [8] Undefined variable: html F:\phpStudy\WWW\www.qingnianjuhe.club\Application\Home\Controller\ApiController.class.php 第 67 行.

[ 2018-09-24T16:30:22+08:00 ] 127.0.0.1 /index.php?m=Home&c=api&a=get_category&parent_id=4
INFO: [ app_init ] --START--
INFO: Run Behavior\BuildLiteBehavior [ RunTime:0.000012s ]
INFO: [ app_init ] --END-- [ RunTime:0.000663s ]
INFO: [ app_begin ] --START--
INFO: Run Behavior\ReadHtmlCacheBehavior [ RunTime:0.000637s ]
INFO: [ app_begin ] --END-- [ RunTime:0.000683s ]
NOTIC: [8] Undefined variable: html F:\phpStudy\WWW\www.qingnianjuhe.club\Application\Home\Controller\ApiController.class.php 第 65 行.

[ 2018-09-24T16:30:31+08:00 ] 127.0.0.1 /index.php?m=Home&c=api&a=get_category&parent_id=1
INFO: [ app_init ] --START--
INFO: Run Behavior\BuildLiteBehavior [ RunTime:0.000013s ]
INFO: [ app_init ] --END-- [ RunTime:0.000548s ]
INFO: [ app_begin ] --START--
INFO: Run Behavior\ReadHtmlCacheBehavior [ RunTime:0.000795s ]
INFO: [ app_begin ] --END-- [ RunTime:0.000845s ]
NOTIC: [8] Undefined variable: html F:\phpStudy\WWW\www.qingnianjuhe.club\Application\Home\Controller\ApiController.class.php 第 67 行.

[ 2018-09-24T16:32:40+08:00 ] 127.0.0.1 /index.php?m=Home&c=api&a=get_category&parent_id=4
INFO: [ app_init ] --START--
INFO: Run Behavior\BuildLiteBehavior [ RunTime:0.000011s ]
INFO: [ app_init ] --END-- [ RunTime:0.000433s ]
INFO: [ app_begin ] --START--
INFO: Run Behavior\ReadHtmlCacheBehavior [ RunTime:0.000542s ]
INFO: [ app_begin ] --END-- [ RunTime:0.000589s ]
NOTIC: [8] Undefined variable: html F:\phpStudy\WWW\www.qingnianjuhe.club\Application\Home\Controller\ApiController.class.php 第 65 行.

[ 2018-09-24T16:32:43+08:00 ] 127.0.0.1 /index.php?m=Home&c=api&a=get_category&parent_id=4
INFO: [ app_init ] --START--
INFO: Run Behavior\BuildLiteBehavior [ RunTime:0.000010s ]
INFO: [ app_init ] --END-- [ RunTime:0.000429s ]
INFO: [ app_begin ] --START--
INFO: Run Behavior\ReadHtmlCacheBehavior [ RunTime:0.000698s ]
INFO: [ app_begin ] --END-- [ RunTime:0.000750s ]
NOTIC: [8] Undefined variable: html F:\phpStudy\WWW\www.qingnianjuhe.club\Application\Home\Controller\ApiController.class.php 第 65 行.

[ 2018-09-24T16:32:44+08:00 ] 127.0.0.1 /index.php?m=Home&c=api&a=get_category&parent_id=1
INFO: [ app_init ] --START--
INFO: Run Behavior\BuildLiteBehavior [ RunTime:0.000012s ]
INFO: [ app_init ] --END-- [ RunTime:0.000501s ]
INFO: [ app_begin ] --START--
INFO: Run Behavior\ReadHtmlCacheBehavior [ RunTime:0.000624s ]
INFO: [ app_begin ] --END-- [ RunTime:0.000667s ]
NOTIC: [8] Undefined variable: html F:\phpStudy\WWW\www.qingnianjuhe.club\Application\Home\Controller\ApiController.class.php 第 67 行.

[ 2018-09-24T16:32:55+08:00 ] 127.0.0.1 /index.php?m=Home&c=api&a=get_category&parent_id=4
INFO: [ app_init ] --START--
INFO: Run Behavior\BuildLiteBehavior [ RunTime:0.000015s ]
INFO: [ app_init ] --END-- [ RunTime:0.000424s ]
INFO: [ app_begin ] --START--
INFO: Run Behavior\ReadHtmlCacheBehavior [ RunTime:0.000592s ]
INFO: [ app_begin ] --END-- [ RunTime:0.000641s ]
NOTIC: [8] Undefined variable: html F:\phpStudy\WWW\www.qingnianjuhe.club\Application\Home\Controller\ApiController.class.php 第 65 行.

[ 2018-09-24T16:32:56+08:00 ] 127.0.0.1 /index.php?m=Home&c=api&a=get_category&parent_id=4
INFO: [ app_init ] --START--
INFO: Run Behavior\BuildLiteBehavior [ RunTime:0.000011s ]
INFO: [ app_init ] --END-- [ RunTime:0.000596s ]
INFO: [ app_begin ] --START--
INFO: Run Behavior\ReadHtmlCacheBehavior [ RunTime:0.000670s ]
INFO: [ app_begin ] --END-- [ RunTime:0.000711s ]
NOTIC: [8] Undefined variable: html F:\phpStudy\WWW\www.qingnianjuhe.club\Application\Home\Controller\ApiController.class.php 第 65 行.

[ 2018-09-24T16:33:22+08:00 ] 127.0.0.1 /index.php?m=Home&c=api&a=get_category&parent_id=4
INFO: [ app_init ] --START--
INFO: Run Behavior\BuildLiteBehavior [ RunTime:0.000011s ]
INFO: [ app_init ] --END-- [ RunTime:0.000633s ]
INFO: [ app_begin ] --START--
INFO: Run Behavior\ReadHtmlCacheBehavior [ RunTime:0.000640s ]
INFO: [ app_begin ] --END-- [ RunTime:0.000699s ]
NOTIC: [8] Undefined variable: html F:\phpStudy\WWW\www.qingnianjuhe.club\Application\Home\Controller\ApiController.class.php 第 65 行.

[ 2018-09-24T16:33:41+08:00 ] 127.0.0.1 /index.php?m=Home&c=api&a=get_category&parent_id=4
INFO: [ app_init ] --START--
INFO: Run Behavior\BuildLiteBehavior [ RunTime:0.000011s ]
INFO: [ app_init ] --END-- [ RunTime:0.000513s ]
INFO: [ app_begin ] --START--
INFO: Run Behavior\ReadHtmlCacheBehavior [ RunTime:0.000609s ]
INFO: [ app_begin ] --END-- [ RunTime:0.000672s ]
NOTIC: [8] Undefined variable: html F:\phpStudy\WWW\www.qingnianjuhe.club\Application\Home\Controller\ApiController.class.php 第 65 行.

[ 2018-09-24T16:34:02+08:00 ] 127.0.0.1 /index.php?m=Home&c=api&a=get_category&parent_id=4
INFO: [ app_init ] --START--
INFO: Run Behavior\BuildLiteBehavior [ RunTime:0.000017s ]
INFO: [ app_init ] --END-- [ RunTime:0.000554s ]
INFO: [ app_begin ] --START--
INFO: Run Behavior\ReadHtmlCacheBehavior [ RunTime:0.001017s ]
INFO: [ app_begin ] --END-- [ RunTime:0.001113s ]
NOTIC: [8] Undefined variable: html F:\phpStudy\WWW\www.qingnianjuhe.club\Application\Home\Controller\ApiController.class.php 第 65 行.

[ 2018-09-24T16:34:03+08:00 ] 127.0.0.1 /index.php?m=Home&c=api&a=get_category&parent_id=5
INFO: [ app_init ] --START--
INFO: Run Behavior\BuildLiteBehavior [ RunTime:0.000029s ]
INFO: [ app_init ] --END-- [ RunTime:0.000683s ]
INFO: [ app_begin ] --START--
INFO: Run Behavior\ReadHtmlCacheBehavior [ RunTime:0.000613s ]
INFO: [ app_begin ] --END-- [ RunTime:0.000695s ]
NOTIC: [8] Undefined variable: html F:\phpStudy\WWW\www.qingnianjuhe.club\Application\Home\Controller\ApiController.class.php 第 67 行.

[ 2018-09-24T16:34:13+08:00 ] 127.0.0.1 /index.php?m=Home&c=api&a=get_category&parent_id=4
INFO: [ app_init ] --START--
INFO: Run Behavior\BuildLiteBehavior [ RunTime:0.000027s ]
INFO: [ app_init ] --END-- [ RunTime:0.000588s ]
INFO: [ app_begin ] --START--
INFO: Run Behavior\ReadHtmlCacheBehavior [ RunTime:0.000825s ]
INFO: [ app_begin ] --END-- [ RunTime:0.000911s ]
NOTIC: [8] Undefined variable: html F:\phpStudy\WWW\www.qingnianjuhe.club\Application\Home\Controller\ApiController.class.php 第 65 行.

[ 2018-09-24T16:34:20+08:00 ] 127.0.0.1 /index.php?m=Home&c=api&a=get_category&parent_id=6
INFO: [ app_init ] --START--
INFO: Run Behavior\BuildLiteBehavior [ RunTime:0.000011s ]
INFO: [ app_init ] --END-- [ RunTime:0.000472s ]
INFO: [ app_begin ] --START--
INFO: Run Behavior\ReadHtmlCacheBehavior [ RunTime:0.000665s ]
INFO: [ app_begin ] --END-- [ RunTime:0.000717s ]
NOTIC: [8] Undefined variable: html F:\phpStudy\WWW\www.qingnianjuhe.club\Application\Home\Controller\ApiController.class.php 第 67 行.

[ 2018-09-24T16:34:37+08:00 ] 127.0.0.1 /index.php?m=Home&c=api&a=get_category&parent_id=5
INFO: [ app_init ] --START--
INFO: Run Behavior\BuildLiteBehavior [ RunTime:0.000011s ]
INFO: [ app_init ] --END-- [ RunTime:0.000468s ]
INFO: [ app_begin ] --START--
INFO: Run Behavior\ReadHtmlCacheBehavior [ RunTime:0.000864s ]
INFO: [ app_begin ] --END-- [ RunTime:0.000970s ]
NOTIC: [8] Undefined variable: html F:\phpStudy\WWW\www.qingnianjuhe.club\Application\Home\Controller\ApiController.class.php 第 67 行.

[ 2018-09-24T16:34:39+08:00 ] 127.0.0.1 /index.php?m=Home&c=api&a=get_category&parent_id=4
INFO: [ app_init ] --START--
INFO: Run Behavior\BuildLiteBehavior [ RunTime:0.000019s ]
INFO: [ app_init ] --END-- [ RunTime:0.000597s ]
INFO: [ app_begin ] --START--
INFO: Run Behavior\ReadHtmlCacheBehavior [ RunTime:0.000946s ]
INFO: [ app_begin ] --END-- [ RunTime:0.001027s ]
NOTIC: [8] Undefined variable: html F:\phpStudy\WWW\www.qingnianjuhe.club\Application\Home\Controller\ApiController.class.php 第 65 行.

[ 2018-09-24T16:34:43+08:00 ] 127.0.0.1 /index.php?m=Home&c=api&a=get_category&parent_id=5
INFO: [ app_init ] --START--
INFO: Run Behavior\BuildLiteBehavior [ RunTime:0.000011s ]
INFO: [ app_init ] --END-- [ RunTime:0.000521s ]
INFO: [ app_begin ] --START--
INFO: Run Behavior\ReadHtmlCacheBehavior [ RunTime:0.000685s ]
INFO: [ app_begin ] --END-- [ RunTime:0.000727s ]
NOTIC: [8] Undefined variable: html F:\phpStudy\WWW\www.qingnianjuhe.club\Application\Home\Controller\ApiController.class.php 第 67 行.

[ 2018-09-24T16:34:47+08:00 ] 127.0.0.1 /index.php?m=Home&c=api&a=get_category&parent_id=4
INFO: [ app_init ] --START--
INFO: Run Behavior\BuildLiteBehavior [ RunTime:0.000011s ]
INFO: [ app_init ] --END-- [ RunTime:0.000406s ]
INFO: [ app_begin ] --START--
INFO: Run Behavior\ReadHtmlCacheBehavior [ RunTime:0.000567s ]
INFO: [ app_begin ] --END-- [ RunTime:0.000617s ]
NOTIC: [8] Undefined variable: html F:\phpStudy\WWW\www.qingnianjuhe.club\Application\Home\Controller\ApiController.class.php 第 65 行.

[ 2018-09-24T16:34:49+08:00 ] 127.0.0.1 /index.php?m=Home&c=api&a=get_category&parent_id=4
INFO: [ app_init ] --START--
INFO: Run Behavior\BuildLiteBehavior [ RunTime:0.000012s ]
INFO: [ app_init ] --END-- [ RunTime:0.000475s ]
INFO: [ app_begin ] --START--
INFO: Run Behavior\ReadHtmlCacheBehavior [ RunTime:0.000768s ]
INFO: [ app_begin ] --END-- [ RunTime:0.000846s ]
NOTIC: [8] Undefined variable: html F:\phpStudy\WWW\www.qingnianjuhe.club\Application\Home\Controller\ApiController.class.php 第 65 行.

[ 2018-09-24T16:34:51+08:00 ] 127.0.0.1 /index.php?m=Home&c=api&a=get_category&parent_id=6
INFO: [ app_init ] --START--
INFO: Run Behavior\BuildLiteBehavior [ RunTime:0.000010s ]
INFO: [ app_init ] --END-- [ RunTime:0.000422s ]
INFO: [ app_begin ] --START--
INFO: Run Behavior\ReadHtmlCacheBehavior [ RunTime:0.000634s ]
INFO: [ app_begin ] --END-- [ RunTime:0.000690s ]
NOTIC: [8] Undefined variable: html F:\phpStudy\WWW\www.qingnianjuhe.club\Application\Home\Controller\ApiController.class.php 第 67 行.

[ 2018-09-24T16:35:21+08:00 ] 127.0.0.1 /index.php?m=Home&c=api&a=get_category&parent_id=4
INFO: [ app_init ] --START--
INFO: Run Behavior\BuildLiteBehavior [ RunTime:0.000016s ]
INFO: [ app_init ] --END-- [ RunTime:0.000553s ]
INFO: [ app_begin ] --START--
INFO: Run Behavior\ReadHtmlCacheBehavior [ RunTime:0.000675s ]
INFO: [ app_begin ] --END-- [ RunTime:0.000733s ]
NOTIC: [8] Undefined variable: html F:\phpStudy\WWW\www.qingnianjuhe.club\Application\Home\Controller\ApiController.class.php 第 65 行.

[ 2018-09-24T16:35:25+08:00 ] 127.0.0.1 /index.php?m=Home&c=api&a=get_category&parent_id=5
INFO: [ app_init ] --START--
INFO: Run Behavior\BuildLiteBehavior [ RunTime:0.000011s ]
INFO: [ app_init ] --END-- [ RunTime:0.000611s ]
INFO: [ app_begin ] --START--
INFO: Run Behavior\ReadHtmlCacheBehavior [ RunTime:0.000739s ]
INFO: [ app_begin ] --END-- [ RunTime:0.000812s ]
NOTIC: [8] Undefined variable: html F:\phpStudy\WWW\www.qingnianjuhe.club\Application\Home\Controller\ApiController.class.php 第 67 行.

[ 2018-09-24T16:35:38+08:00 ] 127.0.0.1 /index.php?m=Home&c=api&a=get_category&parent_id=4
INFO: [ app_init ] --START--
INFO: Run Behavior\BuildLiteBehavior [ RunTime:0.000011s ]
INFO: [ app_init ] --END-- [ RunTime:0.000391s ]
INFO: [ app_begin ] --START--
INFO: Run Behavior\ReadHtmlCacheBehavior [ RunTime:0.000589s ]
INFO: [ app_begin ] --END-- [ RunTime:0.000632s ]
NOTIC: [8] Undefined variable: html F:\phpStudy\WWW\www.qingnianjuhe.club\Application\Home\Controller\ApiController.class.php 第 65 行.

[ 2018-09-24T16:35:44+08:00 ] 127.0.0.1 /index.php?m=Home&c=api&a=get_category&parent_id=4
INFO: [ app_init ] --START--
INFO: Run Behavior\BuildLiteBehavior [ RunTime:0.000013s ]
INFO: [ app_init ] --END-- [ RunTime:0.000454s ]
INFO: [ app_begin ] --START--
INFO: Run Behavior\ReadHtmlCacheBehavior [ RunTime:0.000642s ]
INFO: [ app_begin ] --END-- [ RunTime:0.000683s ]
NOTIC: [8] Undefined variable: html F:\phpStudy\WWW\www.qingnianjuhe.club\Application\Home\Controller\ApiController.class.php 第 65 行.

[ 2018-09-24T16:36:27+08:00 ] 127.0.0.1 /index.php?m=Home&c=api&a=get_category&parent_id=4
INFO: [ app_init ] --START--
INFO: Run Behavior\BuildLiteBehavior [ RunTime:0.000014s ]
INFO: [ app_init ] --END-- [ RunTime:0.000543s ]
INFO: [ app_begin ] --START--
INFO: Run Behavior\ReadHtmlCacheBehavior [ RunTime:0.000660s ]
INFO: [ app_begin ] --END-- [ RunTime:0.000714s ]
NOTIC: [8] Undefined variable: html F:\phpStudy\WWW\www.qingnianjuhe.club\Application\Home\Controller\ApiController.class.php 第 65 行.

[ 2018-09-24T16:36:34+08:00 ] 127.0.0.1 /index.php?m=Home&c=api&a=get_category&parent_id=4
INFO: [ app_init ] --START--
INFO: Run Behavior\BuildLiteBehavior [ RunTime:0.000013s ]
INFO: [ app_init ] --END-- [ RunTime:0.000465s ]
INFO: [ app_begin ] --START--
INFO: Run Behavior\ReadHtmlCacheBehavior [ RunTime:0.000687s ]
INFO: [ app_begin ] --END-- [ RunTime:0.000741s ]
NOTIC: [8] Undefined variable: html F:\phpStudy\WWW\www.qingnianjuhe.club\Application\Home\Controller\ApiController.class.php 第 65 行.

[ 2018-09-24T16:36:37+08:00 ] 127.0.0.1 /index.php?m=Home&c=api&a=get_category&parent_id=4
INFO: [ app_init ] --START--
INFO: Run Behavior\BuildLiteBehavior [ RunTime:0.000013s ]
INFO: [ app_init ] --END-- [ RunTime:0.000431s ]
INFO: [ app_begin ] --START--
INFO: Run Behavior\ReadHtmlCacheBehavior [ RunTime:0.000630s ]
INFO: [ app_begin ] --END-- [ RunTime:0.000670s ]
NOTIC: [8] Undefined variable: html F:\phpStudy\WWW\www.qingnianjuhe.club\Application\Home\Controller\ApiController.class.php 第 65 行.

[ 2018-09-24T16:36:43+08:00 ] 127.0.0.1 /index.php?m=Home&c=api&a=get_category&parent_id=8
INFO: [ app_init ] --START--
INFO: Run Behavior\BuildLiteBehavior [ RunTime:0.000013s ]
INFO: [ app_init ] --END-- [ RunTime:0.000490s ]
INFO: [ app_begin ] --START--
INFO: Run Behavior\ReadHtmlCacheBehavior [ RunTime:0.000673s ]
INFO: [ app_begin ] --END-- [ RunTime:0.000718s ]
NOTIC: [8] Undefined variable: html F:\phpStudy\WWW\www.qingnianjuhe.club\Application\Home\Controller\ApiController.class.php 第 67 行.

[ 2018-09-24T16:37:45+08:00 ] 127.0.0.1 /index.php?m=Home&c=api&a=get_category&parent_id=4
INFO: [ app_init ] --START--
INFO: Run Behavior\BuildLiteBehavior [ RunTime:0.000011s ]
INFO: [ app_init ] --END-- [ RunTime:0.000457s ]
INFO: [ app_begin ] --START--
INFO: Run Behavior\ReadHtmlCacheBehavior [ RunTime:0.000941s ]
INFO: [ app_begin ] --END-- [ RunTime:0.001034s ]
NOTIC: [8] Undefined variable: html F:\phpStudy\WWW\www.qingnianjuhe.club\Application\Home\Controller\ApiController.class.php 第 65 行.

