[ 2018-08-30T16:47:16+08:00 ] 140.205.80.78 /index.php?m=Admin&a=vertify&r=70&c=hello%0D%0Aworld%3A111
INFO: [ app_init ] --START--
INFO: Run Behavior\BuildLiteBehavior [ RunTime:0.000010s ]
INFO: [ app_init ] --END-- [ RunTime:0.000063s ]
INFO: [ app_begin ] --START--
INFO: Run Behavior\ReadHtmlCacheBehavior [ RunTime:0.000090s ]
INFO: [ app_begin ] --END-- [ RunTime:0.000118s ]
ERR: 无法加载控制器:Hello
world:111

[ 2018-08-30T16:47:17+08:00 ] 140.205.108.80 /index.php?m=Admin&c=Admin&r=70&a=hello%0D%0Aworld%3A111
INFO: [ app_init ] --START--
INFO: Run Behavior\BuildLiteBehavior [ RunTime:0.000010s ]
INFO: [ app_init ] --END-- [ RunTime:0.000077s ]
INFO: [ app_begin ] --START--
INFO: Run Behavior\ReadHtmlCacheBehavior [ RunTime:0.000088s ]
INFO: [ app_begin ] --END-- [ RunTime:0.000116s ]
INFO: [ view_begin ] --START--
INFO: Run Home\Behaviors\testBehavior [ RunTime:0.000258s ]
INFO: [ view_begin ] --END-- [ RunTime:0.000288s ]
INFO: [ view_parse ] --START--
INFO: [ template_filter ] --START--
INFO: Run Behavior\ContentReplaceBehavior [ RunTime:0.000029s ]
INFO: [ template_filter ] --END-- [ RunTime:0.000058s ]
INFO: Run Behavior\ParseTemplateBehavior [ RunTime:0.002968s ]
INFO: [ view_parse ] --END-- [ RunTime:0.002997s ]
INFO: [ view_filter ] --START--
INFO: Run Behavior\WriteHtmlCacheBehavior [ RunTime:0.000098s ]
INFO: Run Behavior\TokenBuildBehavior [ RunTime:0.000136s ]
INFO: [ view_filter ] --END-- [ RunTime:0.000271s ]

[ 2018-08-30T16:47:18+08:00 ] 140.205.80.78 /index.php?m=Admin&c=Admin&a=vertify&r=hello%0D%0Aworld%3A111
INFO: [ app_init ] --START--
INFO: Run Behavior\BuildLiteBehavior [ RunTime:0.000010s ]
INFO: [ app_init ] --END-- [ RunTime:0.000062s ]
INFO: [ app_begin ] --START--
INFO: Run Behavior\ReadHtmlCacheBehavior [ RunTime:0.000088s ]
INFO: [ app_begin ] --END-- [ RunTime:0.000115s ]
NOTIC: [8] Undefined index: vertify /home/www/htdocs/Application/Admin/Common/function.php 第 70 行.
INFO: [ app_end ] --START--
INFO: Run Behavior\ShowPageTraceBehavior [ RunTime:0.000129s ]
INFO: [ app_end ] --END-- [ RunTime:0.000176s ]

[ 2018-08-30T16:47:20+08:00 ] 140.205.108.133 /index.php?m=Admin&a=vertify&r=70&c=hello%0A%0Dworld
INFO: [ app_init ] --START--
INFO: Run Behavior\BuildLiteBehavior [ RunTime:0.000010s ]
INFO: [ app_init ] --END-- [ RunTime:0.000065s ]
INFO: [ app_begin ] --START--
INFO: Run Behavior\ReadHtmlCacheBehavior [ RunTime:0.000088s ]
INFO: [ app_begin ] --END-- [ RunTime:0.000116s ]
ERR: 无法加载控制器:Hello
world

[ 2018-08-30T16:47:21+08:00 ] 140.205.80.90 /index.php?m=Admin&c=Admin&r=70&a=hello%0A%0Dworld
INFO: [ app_init ] --START--
INFO: Run Behavior\BuildLiteBehavior [ RunTime:0.000009s ]
INFO: [ app_init ] --END-- [ RunTime:0.000061s ]
INFO: [ app_begin ] --START--
INFO: Run Behavior\ReadHtmlCacheBehavior [ RunTime:0.000086s ]
INFO: [ app_begin ] --END-- [ RunTime:0.000114s ]
INFO: [ view_begin ] --START--
INFO: Run Home\Behaviors\testBehavior [ RunTime:0.000227s ]
INFO: [ view_begin ] --END-- [ RunTime:0.000257s ]
INFO: [ view_parse ] --START--
INFO: [ template_filter ] --START--
INFO: Run Behavior\ContentReplaceBehavior [ RunTime:0.000025s ]
INFO: [ template_filter ] --END-- [ RunTime:0.000052s ]
INFO: Run Behavior\ParseTemplateBehavior [ RunTime:0.002193s ]
INFO: [ view_parse ] --END-- [ RunTime:0.002222s ]
INFO: [ view_filter ] --START--
INFO: Run Behavior\WriteHtmlCacheBehavior [ RunTime:0.000105s ]
INFO: Run Behavior\TokenBuildBehavior [ RunTime:0.000118s ]
INFO: [ view_filter ] --END-- [ RunTime:0.000259s ]

[ 2018-08-30T16:47:22+08:00 ] 140.205.108.173 /index.php?m=Admin&c=Admin&a=vertify&r=hello%0A%0Dworld
INFO: [ app_init ] --START--
INFO: Run Behavior\BuildLiteBehavior [ RunTime:0.000009s ]
INFO: [ app_init ] --END-- [ RunTime:0.000062s ]
INFO: [ app_begin ] --START--
INFO: Run Behavior\ReadHtmlCacheBehavior [ RunTime:0.000088s ]
INFO: [ app_begin ] --END-- [ RunTime:0.000115s ]
NOTIC: [8] Undefined index: vertify /home/www/htdocs/Application/Admin/Common/function.php 第 70 行.
INFO: [ app_end ] --START--
INFO: Run Behavior\ShowPageTraceBehavior [ RunTime:0.000099s ]
INFO: [ app_end ] --END-- [ RunTime:0.000146s ]

[ 2018-08-30T16:47:25+08:00 ] 140.205.108.7 /index.php?m=Admin&c=Admin&a=vertify&r=70
INFO: [ app_init ] --START--
INFO: Run Behavior\BuildLiteBehavior [ RunTime:0.000011s ]
INFO: [ app_init ] --END-- [ RunTime:0.000066s ]
INFO: [ app_begin ] --START--
INFO: Run Behavior\ReadHtmlCacheBehavior [ RunTime:0.000090s ]
INFO: [ app_begin ] --END-- [ RunTime:0.000119s ]
NOTIC: [8] Undefined index: vertify /home/www/htdocs/Application/Admin/Common/function.php 第 70 行.
INFO: [ app_end ] --START--
INFO: Run Behavior\ShowPageTraceBehavior [ RunTime:0.000115s ]
INFO: [ app_end ] --END-- [ RunTime:0.000158s ]

[ 2018-08-30T16:47:27+08:00 ] 140.205.108.87 /index.php?m=Admin&a=vertify&r=70&c=Admina%27
INFO: [ app_init ] --START--
INFO: Run Behavior\BuildLiteBehavior [ RunTime:0.000010s ]
INFO: [ app_init ] --END-- [ RunTime:0.000063s ]
INFO: [ app_begin ] --START--
INFO: Run Behavior\ReadHtmlCacheBehavior [ RunTime:0.000087s ]
INFO: [ app_begin ] --END-- [ RunTime:0.000116s ]
ERR: 无法加载控制器:Admina'

[ 2018-08-30T16:47:28+08:00 ] 140.205.108.160 /index.php?m=Admin&c=Admin&r=70&a=vertifya%27
INFO: [ app_init ] --START--
INFO: Run Behavior\BuildLiteBehavior [ RunTime:0.000011s ]
INFO: [ app_init ] --END-- [ RunTime:0.000068s ]
INFO: [ app_begin ] --START--
INFO: Run Behavior\ReadHtmlCacheBehavior [ RunTime:0.000099s ]
INFO: [ app_begin ] --END-- [ RunTime:0.000129s ]
INFO: [ view_begin ] --START--
INFO: Run Home\Behaviors\testBehavior [ RunTime:0.000289s ]
INFO: [ view_begin ] --END-- [ RunTime:0.000322s ]
INFO: [ view_parse ] --START--
INFO: [ template_filter ] --START--
INFO: Run Behavior\ContentReplaceBehavior [ RunTime:0.000029s ]
INFO: [ template_filter ] --END-- [ RunTime:0.000061s ]
INFO: Run Behavior\ParseTemplateBehavior [ RunTime:0.003586s ]
INFO: [ view_parse ] --END-- [ RunTime:0.003617s ]
INFO: [ view_filter ] --START--
INFO: Run Behavior\WriteHtmlCacheBehavior [ RunTime:0.000090s ]
INFO: Run Behavior\TokenBuildBehavior [ RunTime:0.000114s ]
INFO: [ view_filter ] --END-- [ RunTime:0.000239s ]

[ 2018-08-30T16:47:29+08:00 ] 140.205.108.7 /index.php?m=Admin&c=Admin&a=vertify&r=70a%27
INFO: [ app_init ] --START--
INFO: Run Behavior\BuildLiteBehavior [ RunTime:0.000010s ]
INFO: [ app_init ] --END-- [ RunTime:0.000063s ]
INFO: [ app_begin ] --START--
INFO: Run Behavior\ReadHtmlCacheBehavior [ RunTime:0.000103s ]
INFO: [ app_begin ] --END-- [ RunTime:0.000133s ]
NOTIC: [8] Undefined index: vertify /home/www/htdocs/Application/Admin/Common/function.php 第 70 行.
INFO: [ app_end ] --START--
INFO: Run Behavior\ShowPageTraceBehavior [ RunTime:0.000102s ]
INFO: [ app_end ] --END-- [ RunTime:0.000148s ]

[ 2018-08-30T16:47:44+08:00 ] 140.205.201.9 /index.php?m=Admin&a=vertify&r=70&c=Admin'%22%3E%3Ciframe%20onload=alert()%3E
INFO: [ app_init ] --START--
INFO: Run Behavior\BuildLiteBehavior [ RunTime:0.000010s ]
INFO: [ app_init ] --END-- [ RunTime:0.000062s ]
INFO: [ app_begin ] --START--
INFO: Run Behavior\ReadHtmlCacheBehavior [ RunTime:0.000102s ]
INFO: [ app_begin ] --END-- [ RunTime:0.000130s ]
ERR: 无法加载控制器:Admin'">

[ 2018-08-30T16:47:49+08:00 ] 140.205.201.9 /index.php?m=Admin&c=Admin&r=70&a=vertify'%22%3E%3Ciframe%20onload=alert()%3E
INFO: [ app_init ] --START--
INFO: Run Behavior\BuildLiteBehavior [ RunTime:0.000011s ]
INFO: [ app_init ] --END-- [ RunTime:0.000068s ]
INFO: [ app_begin ] --START--
INFO: Run Behavior\ReadHtmlCacheBehavior [ RunTime:0.000089s ]
INFO: [ app_begin ] --END-- [ RunTime:0.000116s ]
INFO: [ view_begin ] --START--
INFO: Run Home\Behaviors\testBehavior [ RunTime:0.000228s ]
INFO: [ view_begin ] --END-- [ RunTime:0.000256s ]
INFO: [ view_parse ] --START--
INFO: [ template_filter ] --START--
INFO: Run Behavior\ContentReplaceBehavior [ RunTime:0.000031s ]
INFO: [ template_filter ] --END-- [ RunTime:0.000060s ]
INFO: Run Behavior\ParseTemplateBehavior [ RunTime:0.002205s ]
INFO: [ view_parse ] --END-- [ RunTime:0.002234s ]
INFO: [ view_filter ] --START--
INFO: Run Behavior\WriteHtmlCacheBehavior [ RunTime:0.000089s ]
INFO: Run Behavior\TokenBuildBehavior [ RunTime:0.000119s ]
INFO: [ view_filter ] --END-- [ RunTime:0.000243s ]

[ 2018-08-30T16:49:25+08:00 ] 140.205.201.6 /index.php?m=Admin&a=vertify&r=70&c=Admin'%22%3E%3Cimg%20src=x%20onerror=prompt()%3E
INFO: [ app_init ] --START--
INFO: Run Behavior\BuildLiteBehavior [ RunTime:0.000011s ]
INFO: [ app_init ] --END-- [ RunTime:0.000062s ]
INFO: [ app_begin ] --START--
INFO: Run Behavior\ReadHtmlCacheBehavior [ RunTime:0.000090s ]
INFO: [ app_begin ] --END-- [ RunTime:0.000116s ]
ERR: 无法加载控制器:Admin'">

[ 2018-08-30T16:50:45+08:00 ] 140.205.201.10 /index.php?m=Admin&c=Admin&a=vertify&r=70'%22%3E%3Cimg%20src=x%20onerror=prompt()%3E
INFO: [ app_init ] --START--
INFO: Run Behavior\BuildLiteBehavior [ RunTime:0.000010s ]
INFO: [ app_init ] --END-- [ RunTime:0.000084s ]
INFO: [ app_begin ] --START--
INFO: Run Behavior\ReadHtmlCacheBehavior [ RunTime:0.000142s ]
INFO: [ app_begin ] --END-- [ RunTime:0.000175s ]
NOTIC: [8] Undefined index: vertify /home/www/htdocs/Application/Admin/Common/function.php 第 70 行.
INFO: [ app_end ] --START--
INFO: Run Behavior\ShowPageTraceBehavior [ RunTime:0.000131s ]
INFO: [ app_end ] --END-- [ RunTime:0.000176s ]

[ 2018-08-30T16:51:20+08:00 ] 140.205.201.16 /index.php?m=Admin&a=vertify&r=70&c=Admin'%22%3E%3Csvg%20onload=prompt()%3E
INFO: [ app_init ] --START--
INFO: Run Behavior\BuildLiteBehavior [ RunTime:0.000011s ]
INFO: [ app_init ] --END-- [ RunTime:0.000071s ]
INFO: [ app_begin ] --START--
INFO: Run Behavior\ReadHtmlCacheBehavior [ RunTime:0.000109s ]
INFO: [ app_begin ] --END-- [ RunTime:0.000141s ]
ERR: 无法加载控制器:Admin'">

[ 2018-08-30T16:53:10+08:00 ] 140.205.201.2 /index.php?m=Admin&c=Admin&a=vertify&r=70'%22%3E%3Csvg%20onload=prompt()%3E
INFO: [ app_init ] --START--
INFO: Run Behavior\BuildLiteBehavior [ RunTime:0.000011s ]
INFO: [ app_init ] --END-- [ RunTime:0.000075s ]
INFO: [ app_begin ] --START--
INFO: Run Behavior\ReadHtmlCacheBehavior [ RunTime:0.000100s ]
INFO: [ app_begin ] --END-- [ RunTime:0.000128s ]
NOTIC: [8] Undefined index: vertify /home/www/htdocs/Application/Admin/Common/function.php 第 70 行.
INFO: [ app_end ] --START--
INFO: Run Behavior\ShowPageTraceBehavior [ RunTime:0.000129s ]
INFO: [ app_end ] --END-- [ RunTime:0.000176s ]

[ 2018-08-30T16:54:10+08:00 ] 140.205.201.18 /index.php?m=Admin&a=vertify&r=70&c=Admin',);confirm(1);('
INFO: [ app_init ] --START--
INFO: Run Behavior\BuildLiteBehavior [ RunTime:0.000010s ]
INFO: [ app_init ] --END-- [ RunTime:0.000063s ]
INFO: [ app_begin ] --START--
INFO: Run Behavior\ReadHtmlCacheBehavior [ RunTime:0.000101s ]
INFO: [ app_begin ] --END-- [ RunTime:0.000129s ]
ERR: 无法加载控制器:Admin',);confirm(1);('

[ 2018-08-30T16:55:24+08:00 ] 140.205.201.24 /index.php?m=Admin&c=Admin&a=vertify&r=70',);confirm(1);('
INFO: [ app_init ] --START--
INFO: Run Behavior\BuildLiteBehavior [ RunTime:0.000024s ]
INFO: [ app_init ] --END-- [ RunTime:0.000152s ]
INFO: [ app_begin ] --START--
INFO: Run Behavior\ReadHtmlCacheBehavior [ RunTime:0.000153s ]
INFO: [ app_begin ] --END-- [ RunTime:0.000194s ]
NOTIC: [8] Undefined index: vertify /home/www/htdocs/Application/Admin/Common/function.php 第 70 行.
INFO: [ app_end ] --START--
INFO: Run Behavior\ShowPageTraceBehavior [ RunTime:0.000107s ]
INFO: [ app_end ] --END-- [ RunTime:0.000156s ]

[ 2018-08-30T16:56:15+08:00 ] 140.205.201.5 /index.php?m=Admin&a=vertify&r=70&c=Adminaaaaaa%7B%7Ba='constructor';b=%7B%7D;a.sub.call.call(b%5Ba%5D.getOwnPropertyDescriptor(b%5Ba%5D.getPrototypeOf(a.sub),a).value,0,'alert(heimdall)')()%7D%7Dbbbbbb
INFO: [ app_init ] --START--
INFO: Run Behavior\BuildLiteBehavior [ RunTime:0.000009s ]
INFO: [ app_init ] --END-- [ RunTime:0.000064s ]
INFO: [ app_begin ] --START--
INFO: Run Behavior\ReadHtmlCacheBehavior [ RunTime:0.000090s ]
INFO: [ app_begin ] --END-- [ RunTime:0.000118s ]
ERR: 无法加载控制器:Adminaaaaaa{{a='constructor';b={};a.sub.call.call(b[a].getOwnPropertyDescriptor(b[a].getPrototypeOf(a.sub),a).value,0,'alert(heimdall)')()}}bbbbbb

[ 2018-08-30T16:56:35+08:00 ] 140.205.201.8 /index.php?m=Admin&c=Admin&r=70&a=vertifyaaaaaa%7B%7Ba='constructor';b=%7B%7D;a.sub.call.call(b%5Ba%5D.getOwnPropertyDescriptor(b%5Ba%5D.getPrototypeOf(a.sub),a).value,0,'alert(heimdall)')()%7D%7Dbbbbbb
INFO: [ app_init ] --START--
INFO: Run Behavior\BuildLiteBehavior [ RunTime:0.000010s ]
INFO: [ app_init ] --END-- [ RunTime:0.000070s ]
INFO: [ app_begin ] --START--
INFO: Run Behavior\ReadHtmlCacheBehavior [ RunTime:0.000093s ]
INFO: [ app_begin ] --END-- [ RunTime:0.000117s ]
INFO: [ view_begin ] --START--
INFO: Run Home\Behaviors\testBehavior [ RunTime:0.000222s ]
INFO: [ view_begin ] --END-- [ RunTime:0.000245s ]
INFO: [ view_parse ] --START--
INFO: [ template_filter ] --START--
INFO: Run Behavior\ContentReplaceBehavior [ RunTime:0.000025s ]
INFO: [ template_filter ] --END-- [ RunTime:0.000049s ]
INFO: Run Behavior\ParseTemplateBehavior [ RunTime:0.002033s ]
INFO: [ view_parse ] --END-- [ RunTime:0.002059s ]
INFO: [ view_filter ] --START--
INFO: Run Behavior\WriteHtmlCacheBehavior [ RunTime:0.000093s ]
INFO: Run Behavior\TokenBuildBehavior [ RunTime:0.000118s ]
INFO: [ view_filter ] --END-- [ RunTime:0.000238s ]

[ 2018-08-30T16:56:52+08:00 ] 140.205.201.4 /index.php?m=Admin&c=Admin&a=vertify&r=70aaaaaa%7B%7Ba='constructor';b=%7B%7D;a.sub.call.call(b%5Ba%5D.getOwnPropertyDescriptor(b%5Ba%5D.getPrototypeOf(a.sub),a).value,0,'alert(heimdall)')()%7D%7Dbbbbbb
INFO: [ app_init ] --START--
INFO: Run Behavior\BuildLiteBehavior [ RunTime:0.000014s ]
INFO: [ app_init ] --END-- [ RunTime:0.000089s ]
INFO: [ app_begin ] --START--
INFO: Run Behavior\ReadHtmlCacheBehavior [ RunTime:0.000131s ]
INFO: [ app_begin ] --END-- [ RunTime:0.000172s ]
NOTIC: [8] Undefined index: vertify /home/www/htdocs/Application/Admin/Common/function.php 第 70 行.
INFO: [ app_end ] --START--
INFO: Run Behavior\ShowPageTraceBehavior [ RunTime:0.000110s ]
INFO: [ app_end ] --END-- [ RunTime:0.000169s ]

[ 2018-08-30T16:56:54+08:00 ] 140.205.108.177 /index.php?m=Admin&a=vertify&r=70&c=Admin%22%20onmouseover=%22window.onerror=alert;throw%20/xss/%22%3E
INFO: [ app_init ] --START--
INFO: Run Behavior\BuildLiteBehavior [ RunTime:0.000011s ]
INFO: [ app_init ] --END-- [ RunTime:0.000081s ]
INFO: [ app_begin ] --START--
INFO: Run Behavior\ReadHtmlCacheBehavior [ RunTime:0.000090s ]
INFO: [ app_begin ] --END-- [ RunTime:0.000118s ]
ERR: 无法加载控制器:Admin" onmouseover="window.onerror=alert;throw /xss/">

[ 2018-08-30T16:56:55+08:00 ] 140.205.108.169 /index.php?m=Admin&c=Admin&r=70&a=vertify%22%20onmouseover=%22window.onerror=alert;throw%20/xss/%22%3E
INFO: [ app_init ] --START--
INFO: Run Behavior\BuildLiteBehavior [ RunTime:0.000011s ]
INFO: [ app_init ] --END-- [ RunTime:0.000065s ]
INFO: [ app_begin ] --START--
INFO: Run Behavior\ReadHtmlCacheBehavior [ RunTime:0.000100s ]
INFO: [ app_begin ] --END-- [ RunTime:0.000130s ]
INFO: [ view_begin ] --START--
INFO: Run Home\Behaviors\testBehavior [ RunTime:0.000248s ]
INFO: [ view_begin ] --END-- [ RunTime:0.000279s ]
INFO: [ view_parse ] --START--
INFO: [ template_filter ] --START--
INFO: Run Behavior\ContentReplaceBehavior [ RunTime:0.000026s ]
INFO: [ template_filter ] --END-- [ RunTime:0.000054s ]
INFO: Run Behavior\ParseTemplateBehavior [ RunTime:0.002407s ]
INFO: [ view_parse ] --END-- [ RunTime:0.002442s ]
INFO: [ view_filter ] --START--
INFO: Run Behavior\WriteHtmlCacheBehavior [ RunTime:0.000110s ]
INFO: Run Behavior\TokenBuildBehavior [ RunTime:0.000128s ]
INFO: [ view_filter ] --END-- [ RunTime:0.000280s ]

[ 2018-08-30T16:56:56+08:00 ] 140.205.108.159 /index.php?m=Admin&c=Admin&a=vertify&r=70%22%20onmouseover=%22window.onerror=alert;throw%20/xss/%22%3E
INFO: [ app_init ] --START--
INFO: Run Behavior\BuildLiteBehavior [ RunTime:0.000010s ]
INFO: [ app_init ] --END-- [ RunTime:0.000064s ]
INFO: [ app_begin ] --START--
INFO: Run Behavior\ReadHtmlCacheBehavior [ RunTime:0.000089s ]
INFO: [ app_begin ] --END-- [ RunTime:0.000131s ]
NOTIC: [8] Undefined index: vertify /home/www/htdocs/Application/Admin/Common/function.php 第 70 行.
INFO: [ app_end ] --START--
INFO: Run Behavior\ShowPageTraceBehavior [ RunTime:0.000097s ]
INFO: [ app_end ] --END-- [ RunTime:0.000148s ]

[ 2018-08-30T16:56:59+08:00 ] 140.205.108.49 /index.php?m=Admin&a=vertify&r=70&c=Admin%27%20and%20heimdalldam%3D%20%274262106465452060995-c
INFO: [ app_init ] --START--
INFO: Run Behavior\BuildLiteBehavior [ RunTime:0.000010s ]
INFO: [ app_init ] --END-- [ RunTime:0.000063s ]
INFO: [ app_begin ] --START--
INFO: Run Behavior\ReadHtmlCacheBehavior [ RunTime:0.000087s ]
INFO: [ app_begin ] --END-- [ RunTime:0.000114s ]
ERR: 无法加载控制器:Admin' and heimdalldam= '4262106465452060995-c

[ 2018-08-30T16:57:00+08:00 ] 140.205.108.101 /index.php?m=Admin&c=Admin&r=70&a=vertify%27%20and%20heimdalldam%3D%20%274262106465452060995-a
INFO: [ app_init ] --START--
INFO: Run Behavior\BuildLiteBehavior [ RunTime:0.000010s ]
INFO: [ app_init ] --END-- [ RunTime:0.000063s ]
INFO: [ app_begin ] --START--
INFO: Run Behavior\ReadHtmlCacheBehavior [ RunTime:0.000089s ]
INFO: [ app_begin ] --END-- [ RunTime:0.000117s ]
INFO: [ view_begin ] --START--
INFO: Run Home\Behaviors\testBehavior [ RunTime:0.000219s ]
INFO: [ view_begin ] --END-- [ RunTime:0.000247s ]
INFO: [ view_parse ] --START--
INFO: [ template_filter ] --START--
INFO: Run Behavior\ContentReplaceBehavior [ RunTime:0.000024s ]
INFO: [ template_filter ] --END-- [ RunTime:0.000051s ]
INFO: Run Behavior\ParseTemplateBehavior [ RunTime:0.002207s ]
INFO: [ view_parse ] --END-- [ RunTime:0.002237s ]
INFO: [ view_filter ] --START--
INFO: Run Behavior\WriteHtmlCacheBehavior [ RunTime:0.000088s ]
INFO: Run Behavior\TokenBuildBehavior [ RunTime:0.000130s ]
INFO: [ view_filter ] --END-- [ RunTime:0.000253s ]

[ 2018-08-30T16:57:01+08:00 ] 140.205.80.114 /index.php?m=Admin&c=Admin&a=vertify&r=70%27%20and%20heimdalldam%3D%20%274262106465452060995-r
INFO: [ app_init ] --START--
INFO: Run Behavior\BuildLiteBehavior [ RunTime:0.000010s ]
INFO: [ app_init ] --END-- [ RunTime:0.000063s ]
INFO: [ app_begin ] --START--
INFO: Run Behavior\ReadHtmlCacheBehavior [ RunTime:0.000089s ]
INFO: [ app_begin ] --END-- [ RunTime:0.000117s ]
NOTIC: [8] Undefined index: vertify /home/www/htdocs/Application/Admin/Common/function.php 第 70 行.
INFO: [ app_end ] --START--
INFO: Run Behavior\ShowPageTraceBehavior [ RunTime:0.000103s ]
INFO: [ app_end ] --END-- [ RunTime:0.000157s ]

[ 2018-08-30T16:57:03+08:00 ] 140.205.108.136 /index.php?m=Admin&a=vertify&r=70&c=Admin%22%20and%20heimdalldam%3D%20%224262106465452060995-c
INFO: [ app_init ] --START--
INFO: Run Behavior\BuildLiteBehavior [ RunTime:0.000010s ]
INFO: [ app_init ] --END-- [ RunTime:0.000070s ]
INFO: [ app_begin ] --START--
INFO: Run Behavior\ReadHtmlCacheBehavior [ RunTime:0.000088s ]
INFO: [ app_begin ] --END-- [ RunTime:0.000116s ]
ERR: 无法加载控制器:Admin" and heimdalldam= "4262106465452060995-c

[ 2018-08-30T16:57:04+08:00 ] 140.205.108.190 /index.php?m=Admin&c=Admin&r=70&a=vertify%22%20and%20heimdalldam%3D%20%224262106465452060995-a
INFO: [ app_init ] --START--
INFO: Run Behavior\BuildLiteBehavior [ RunTime:0.000012s ]
INFO: [ app_init ] --END-- [ RunTime:0.000084s ]
INFO: [ app_begin ] --START--
INFO: Run Behavior\ReadHtmlCacheBehavior [ RunTime:0.000089s ]
INFO: [ app_begin ] --END-- [ RunTime:0.000126s ]
INFO: [ view_begin ] --START--
INFO: Run Home\Behaviors\testBehavior [ RunTime:0.000259s ]
INFO: [ view_begin ] --END-- [ RunTime:0.000289s ]
INFO: [ view_parse ] --START--
INFO: [ template_filter ] --START--
INFO: Run Behavior\ContentReplaceBehavior [ RunTime:0.000025s ]
INFO: [ template_filter ] --END-- [ RunTime:0.000054s ]
INFO: Run Behavior\ParseTemplateBehavior [ RunTime:0.002277s ]
INFO: [ view_parse ] --END-- [ RunTime:0.002307s ]
INFO: [ view_filter ] --START--
INFO: Run Behavior\WriteHtmlCacheBehavior [ RunTime:0.000089s ]
INFO: Run Behavior\TokenBuildBehavior [ RunTime:0.000119s ]
INFO: [ view_filter ] --END-- [ RunTime:0.000243s ]

[ 2018-08-30T16:57:05+08:00 ] 140.205.108.44 /index.php?m=Admin&c=Admin&a=vertify&r=70%22%20and%20heimdalldam%3D%20%224262106465452060995-r
INFO: [ app_init ] --START--
INFO: Run Behavior\BuildLiteBehavior [ RunTime:0.000010s ]
INFO: [ app_init ] --END-- [ RunTime:0.000060s ]
INFO: [ app_begin ] --START--
INFO: Run Behavior\ReadHtmlCacheBehavior [ RunTime:0.000094s ]
INFO: [ app_begin ] --END-- [ RunTime:0.000120s ]
NOTIC: [8] Undefined index: vertify /home/www/htdocs/Application/Admin/Common/function.php 第 70 行.
INFO: [ app_end ] --START--
INFO: Run Behavior\ShowPageTraceBehavior [ RunTime:0.000110s ]
INFO: [ app_end ] --END-- [ RunTime:0.000159s ]

[ 2018-08-30T16:57:07+08:00 ] 140.205.108.117 /index.php?m=Admin&a=vertify&r=70&c=Admin%20and%20heimdalldam%3D%274262106465452060995-c%27
INFO: [ app_init ] --START--
INFO: Run Behavior\BuildLiteBehavior [ RunTime:0.000011s ]
INFO: [ app_init ] --END-- [ RunTime:0.000063s ]
INFO: [ app_begin ] --START--
INFO: Run Behavior\ReadHtmlCacheBehavior [ RunTime:0.000095s ]
INFO: [ app_begin ] --END-- [ RunTime:0.000125s ]
ERR: 无法加载控制器:Admin and heimdalldam='4262106465452060995-c'

[ 2018-08-30T16:57:08+08:00 ] 140.205.108.35 /index.php?m=Admin&c=Admin&r=70&a=vertify%20and%20heimdalldam%3D%274262106465452060995-a%27
INFO: [ app_init ] --START--
INFO: Run Behavior\BuildLiteBehavior [ RunTime:0.000010s ]
INFO: [ app_init ] --END-- [ RunTime:0.000068s ]
INFO: [ app_begin ] --START--
INFO: Run Behavior\ReadHtmlCacheBehavior [ RunTime:0.000089s ]
INFO: [ app_begin ] --END-- [ RunTime:0.000118s ]
INFO: [ view_begin ] --START--
INFO: Run Home\Behaviors\testBehavior [ RunTime:0.000256s ]
INFO: [ view_begin ] --END-- [ RunTime:0.000289s ]
INFO: [ view_parse ] --START--
INFO: [ template_filter ] --START--
INFO: Run Behavior\ContentReplaceBehavior [ RunTime:0.000026s ]
INFO: [ template_filter ] --END-- [ RunTime:0.000056s ]
INFO: Run Behavior\ParseTemplateBehavior [ RunTime:0.002486s ]
INFO: [ view_parse ] --END-- [ RunTime:0.002517s ]
INFO: [ view_filter ] --START--
INFO: Run Behavior\WriteHtmlCacheBehavior [ RunTime:0.000090s ]
INFO: Run Behavior\TokenBuildBehavior [ RunTime:0.000117s ]
INFO: [ view_filter ] --END-- [ RunTime:0.000243s ]

[ 2018-08-30T16:57:09+08:00 ] 140.205.108.4 /index.php?m=Admin&c=Admin&a=vertify&r=70%20and%20heimdalldam%3D%274262106465452060995-r%27
INFO: [ app_init ] --START--
INFO: Run Behavior\BuildLiteBehavior [ RunTime:0.000011s ]
INFO: [ app_init ] --END-- [ RunTime:0.000065s ]
INFO: [ app_begin ] --START--
INFO: Run Behavior\ReadHtmlCacheBehavior [ RunTime:0.000091s ]
INFO: [ app_begin ] --END-- [ RunTime:0.000123s ]
NOTIC: [8] Undefined index: vertify /home/www/htdocs/Application/Admin/Common/function.php 第 70 行.
INFO: [ app_end ] --START--
INFO: Run Behavior\ShowPageTraceBehavior [ RunTime:0.000103s ]
INFO: [ app_end ] --END-- [ RunTime:0.000154s ]

[ 2018-08-30T16:57:11+08:00 ] 140.205.80.74 /index.php?m=Admin&a=vertify&r=70&c=Admin%27%29%20and%20heimdalldam%3D%28%274262106465452060995-c
INFO: [ app_init ] --START--
INFO: Run Behavior\BuildLiteBehavior [ RunTime:0.000011s ]
INFO: [ app_init ] --END-- [ RunTime:0.000068s ]
INFO: [ app_begin ] --START--
INFO: Run Behavior\ReadHtmlCacheBehavior [ RunTime:0.000091s ]
INFO: [ app_begin ] --END-- [ RunTime:0.000119s ]
ERR: 无法加载控制器:Admin') and heimdalldam=('4262106465452060995-c

[ 2018-08-30T16:57:12+08:00 ] 140.205.108.143 /index.php?m=Admin&c=Admin&r=70&a=vertify%27%29%20and%20heimdalldam%3D%28%274262106465452060995-a
INFO: [ app_init ] --START--
INFO: Run Behavior\BuildLiteBehavior [ RunTime:0.000011s ]
INFO: [ app_init ] --END-- [ RunTime:0.000071s ]
INFO: [ app_begin ] --START--
INFO: Run Behavior\ReadHtmlCacheBehavior [ RunTime:0.000099s ]
INFO: [ app_begin ] --END-- [ RunTime:0.000127s ]
INFO: [ view_begin ] --START--
INFO: Run Home\Behaviors\testBehavior [ RunTime:0.000218s ]
INFO: [ view_begin ] --END-- [ RunTime:0.000246s ]
INFO: [ view_parse ] --START--
INFO: [ template_filter ] --START--
INFO: Run Behavior\ContentReplaceBehavior [ RunTime:0.000037s ]
INFO: [ template_filter ] --END-- [ RunTime:0.000100s ]
INFO: Run Behavior\ParseTemplateBehavior [ RunTime:0.002624s ]
INFO: [ view_parse ] --END-- [ RunTime:0.002659s ]
INFO: [ view_filter ] --START--
INFO: Run Behavior\WriteHtmlCacheBehavior [ RunTime:0.000096s ]
INFO: Run Behavior\TokenBuildBehavior [ RunTime:0.000179s ]
INFO: [ view_filter ] --END-- [ RunTime:0.000331s ]

[ 2018-08-30T16:57:13+08:00 ] 140.205.80.76 /index.php?m=Admin&c=Admin&a=vertify&r=70%27%29%20and%20heimdalldam%3D%28%274262106465452060995-r
INFO: [ app_init ] --START--
INFO: Run Behavior\BuildLiteBehavior [ RunTime:0.000010s ]
INFO: [ app_init ] --END-- [ RunTime:0.000062s ]
INFO: [ app_begin ] --START--
INFO: Run Behavior\ReadHtmlCacheBehavior [ RunTime:0.000086s ]
INFO: [ app_begin ] --END-- [ RunTime:0.000114s ]
NOTIC: [8] Undefined index: vertify /home/www/htdocs/Application/Admin/Common/function.php 第 70 行.
INFO: [ app_end ] --START--
INFO: Run Behavior\ShowPageTraceBehavior [ RunTime:0.000117s ]
INFO: [ app_end ] --END-- [ RunTime:0.000170s ]

[ 2018-08-30T16:57:15+08:00 ] 140.205.108.98 /index.php?m=Admin&a=vertify&r=70&c=Admin%29%20and%20heimdalldam%3D%284262106465452060995-c
INFO: [ app_init ] --START--
INFO: Run Behavior\BuildLiteBehavior [ RunTime:0.000010s ]
INFO: [ app_init ] --END-- [ RunTime:0.000062s ]
INFO: [ app_begin ] --START--
INFO: Run Behavior\ReadHtmlCacheBehavior [ RunTime:0.000087s ]
INFO: [ app_begin ] --END-- [ RunTime:0.000114s ]
ERR: 无法加载控制器:Admin) and heimdalldam=(4262106465452060995-c

[ 2018-08-30T16:57:16+08:00 ] 140.205.108.32 /index.php?m=Admin&c=Admin&r=70&a=vertify%29%20and%20heimdalldam%3D%284262106465452060995-a
INFO: [ app_init ] --START--
INFO: Run Behavior\BuildLiteBehavior [ RunTime:0.000010s ]
INFO: [ app_init ] --END-- [ RunTime:0.000063s ]
INFO: [ app_begin ] --START--
INFO: Run Behavior\ReadHtmlCacheBehavior [ RunTime:0.000086s ]
INFO: [ app_begin ] --END-- [ RunTime:0.000114s ]
INFO: [ view_begin ] --START--
INFO: Run Home\Behaviors\testBehavior [ RunTime:0.000235s ]
INFO: [ view_begin ] --END-- [ RunTime:0.000263s ]
INFO: [ view_parse ] --START--
INFO: [ template_filter ] --START--
INFO: Run Behavior\ContentReplaceBehavior [ RunTime:0.000025s ]
INFO: [ template_filter ] --END-- [ RunTime:0.000052s ]
INFO: Run Behavior\ParseTemplateBehavior [ RunTime:0.002210s ]
INFO: [ view_parse ] --END-- [ RunTime:0.002240s ]
INFO: [ view_filter ] --START--
INFO: Run Behavior\WriteHtmlCacheBehavior [ RunTime:0.000088s ]
INFO: Run Behavior\TokenBuildBehavior [ RunTime:0.000115s ]
INFO: [ view_filter ] --END-- [ RunTime:0.000237s ]

[ 2018-08-30T16:57:17+08:00 ] 140.205.80.73 /index.php?m=Admin&c=Admin&a=vertify&r=70%29%20and%20heimdalldam%3D%284262106465452060995-r
INFO: [ app_init ] --START--
INFO: Run Behavior\BuildLiteBehavior [ RunTime:0.000010s ]
INFO: [ app_init ] --END-- [ RunTime:0.000058s ]
INFO: [ app_begin ] --START--
INFO: Run Behavior\ReadHtmlCacheBehavior [ RunTime:0.000083s ]
INFO: [ app_begin ] --END-- [ RunTime:0.000106s ]
NOTIC: [8] Undefined index: vertify /home/www/htdocs/Application/Admin/Common/function.php 第 70 行.
INFO: [ app_end ] --START--
INFO: Run Behavior\ShowPageTraceBehavior [ RunTime:0.000099s ]
INFO: [ app_end ] --END-- [ RunTime:0.000146s ]

[ 2018-08-30T16:57:19+08:00 ] 140.205.108.99 /index.php?m=Admin&a=vertify&r=70&c=Admin%22%29%20and%20heimdalldam%3D%28%224262106465452060995-c
INFO: [ app_init ] --START--
INFO: Run Behavior\BuildLiteBehavior [ RunTime:0.000012s ]
INFO: [ app_init ] --END-- [ RunTime:0.000090s ]
INFO: [ app_begin ] --START--
INFO: Run Behavior\ReadHtmlCacheBehavior [ RunTime:0.000088s ]
INFO: [ app_begin ] --END-- [ RunTime:0.000117s ]
ERR: 无法加载控制器:Admin") and heimdalldam=("4262106465452060995-c

[ 2018-08-30T16:57:20+08:00 ] 140.205.80.94 /index.php?m=Admin&c=Admin&r=70&a=vertify%22%29%20and%20heimdalldam%3D%28%224262106465452060995-a
INFO: [ app_init ] --START--
INFO: Run Behavior\BuildLiteBehavior [ RunTime:0.000010s ]
INFO: [ app_init ] --END-- [ RunTime:0.000065s ]
INFO: [ app_begin ] --START--
INFO: Run Behavior\ReadHtmlCacheBehavior [ RunTime:0.000087s ]
INFO: [ app_begin ] --END-- [ RunTime:0.000115s ]
INFO: [ view_begin ] --START--
INFO: Run Home\Behaviors\testBehavior [ RunTime:0.000231s ]
INFO: [ view_begin ] --END-- [ RunTime:0.000260s ]
INFO: [ view_parse ] --START--
INFO: [ template_filter ] --START--
INFO: Run Behavior\ContentReplaceBehavior [ RunTime:0.000026s ]
INFO: [ template_filter ] --END-- [ RunTime:0.000053s ]
INFO: Run Behavior\ParseTemplateBehavior [ RunTime:0.002243s ]
INFO: [ view_parse ] --END-- [ RunTime:0.002272s ]
INFO: [ view_filter ] --START--
INFO: Run Behavior\WriteHtmlCacheBehavior [ RunTime:0.000089s ]
INFO: Run Behavior\TokenBuildBehavior [ RunTime:0.000116s ]
INFO: [ view_filter ] --END-- [ RunTime:0.000242s ]

[ 2018-08-30T16:57:21+08:00 ] 140.205.80.78 /index.php?m=Admin&c=Admin&a=vertify&r=70%22%29%20and%20heimdalldam%3D%28%224262106465452060995-r
INFO: [ app_init ] --START--
INFO: Run Behavior\BuildLiteBehavior [ RunTime:0.000010s ]
INFO: [ app_init ] --END-- [ RunTime:0.000062s ]
INFO: [ app_begin ] --START--
INFO: Run Behavior\ReadHtmlCacheBehavior [ RunTime:0.000086s ]
INFO: [ app_begin ] --END-- [ RunTime:0.000112s ]
NOTIC: [8] Undefined index: vertify /home/www/htdocs/Application/Admin/Common/function.php 第 70 行.
INFO: [ app_end ] --START--
INFO: Run Behavior\ShowPageTraceBehavior [ RunTime:0.000114s ]
INFO: [ app_end ] --END-- [ RunTime:0.000167s ]

[ 2018-08-30T16:57:23+08:00 ] 140.205.80.126 /index.php?m=Admin&a=vertify&r=70&c=Admin%2Cif%28heimdalldam%3D%274262106465452060995-c%27%2C1%2C2%29
INFO: [ app_init ] --START--
INFO: Run Behavior\BuildLiteBehavior [ RunTime:0.000009s ]
INFO: [ app_init ] --END-- [ RunTime:0.000060s ]
INFO: [ app_begin ] --START--
INFO: Run Behavior\ReadHtmlCacheBehavior [ RunTime:0.000082s ]
INFO: [ app_begin ] --END-- [ RunTime:0.000106s ]
ERR: 无法加载控制器:Admin,if(heimdalldam='4262106465452060995-c',1,2)

[ 2018-08-30T16:57:24+08:00 ] 140.205.80.106 /index.php?m=Admin&c=Admin&r=70&a=vertify%2Cif%28heimdalldam%3D%274262106465452060995-a%27%2C1%2C2%29
INFO: [ app_init ] --START--
INFO: Run Behavior\BuildLiteBehavior [ RunTime:0.000010s ]
INFO: [ app_init ] --END-- [ RunTime:0.000064s ]
INFO: [ app_begin ] --START--
INFO: Run Behavior\ReadHtmlCacheBehavior [ RunTime:0.000110s ]
INFO: [ app_begin ] --END-- [ RunTime:0.000143s ]
INFO: [ view_begin ] --START--
INFO: Run Home\Behaviors\testBehavior [ RunTime:0.000303s ]
INFO: [ view_begin ] --END-- [ RunTime:0.000340s ]
INFO: [ view_parse ] --START--
INFO: [ template_filter ] --START--
INFO: Run Behavior\ContentReplaceBehavior [ RunTime:0.000042s ]
INFO: [ template_filter ] --END-- [ RunTime:0.000102s ]
INFO: Run Behavior\ParseTemplateBehavior [ RunTime:0.003101s ]
INFO: [ view_parse ] --END-- [ RunTime:0.003131s ]
INFO: [ view_filter ] --START--
INFO: Run Behavior\WriteHtmlCacheBehavior [ RunTime:0.000088s ]
INFO: Run Behavior\TokenBuildBehavior [ RunTime:0.000178s ]
INFO: [ view_filter ] --END-- [ RunTime:0.000315s ]

[ 2018-08-30T16:57:25+08:00 ] 140.205.108.136 /index.php?m=Admin&c=Admin&a=vertify&r=70%2Cif%28heimdalldam%3D%274262106465452060995-r%27%2C1%2C2%29
INFO: [ app_init ] --START--
INFO: Run Behavior\BuildLiteBehavior [ RunTime:0.000010s ]
INFO: [ app_init ] --END-- [ RunTime:0.000061s ]
INFO: [ app_begin ] --START--
INFO: Run Behavior\ReadHtmlCacheBehavior [ RunTime:0.000083s ]
INFO: [ app_begin ] --END-- [ RunTime:0.000106s ]
NOTIC: [8] Undefined index: vertify /home/www/htdocs/Application/Admin/Common/function.php 第 70 行.
INFO: [ app_end ] --START--
INFO: Run Behavior\ShowPageTraceBehavior [ RunTime:0.000098s ]
INFO: [ app_end ] --END-- [ RunTime:0.000147s ]

