[ 2018-09-25T10:58:48+08:00 ] 127.0.0.1 /admin
INFO: [ app_init ] --START--
INFO: Run Behavior\BuildLiteBehavior [ RunTime:0.000011s ]
INFO: [ app_init ] --END-- [ RunTime:0.000558s ]
INFO: [ app_begin ] --START--
INFO: Run Behavior\ReadHtmlCacheBehavior [ RunTime:0.000776s ]
INFO: [ app_begin ] --END-- [ RunTime:0.000821s ]
INFO: [ view_begin ] --START--
INFO: Run Home\Behaviors\testBehavior [ RunTime:0.012074s ]
INFO: [ view_begin ] --END-- [ RunTime:0.012156s ]
INFO: [ view_parse ] --START--
INFO: [ template_filter ] --START--
INFO: Run Behavior\ContentReplaceBehavior [ RunTime:0.000052s ]
INFO: [ template_filter ] --END-- [ RunTime:0.000093s ]
INFO: Run Behavior\ParseTemplateBehavior [ RunTime:0.024435s ]
INFO: [ view_parse ] --END-- [ RunTime:0.024501s ]
INFO: [ view_filter ] --START--
INFO: Run Behavior\WriteHtmlCacheBehavior [ RunTime:0.000902s ]
INFO: Run Behavior\TokenBuildBehavior [ RunTime:0.003998s ]
INFO: [ view_filter ] --END-- [ RunTime:0.004950s ]

[ 2018-09-25T10:58:51+08:00 ] 127.0.0.1 /index.php/Admin/Admin/login
INFO: [ app_init ] --START--
INFO: Run Behavior\BuildLiteBehavior [ RunTime:0.000009s ]
INFO: [ app_init ] --END-- [ RunTime:0.000449s ]
INFO: [ app_begin ] --START--
INFO: Run Behavior\ReadHtmlCacheBehavior [ RunTime:0.000558s ]
INFO: [ app_begin ] --END-- [ RunTime:0.000604s ]
NOTIC: [8] Undefined index: login F:\phpStudy\WWW\www.qingnianjuhe.club\Application\Admin\Common\function.php 第 70 行.
INFO: [ view_begin ] --START--
INFO: Run Home\Behaviors\testBehavior [ RunTime:0.001606s ]
INFO: [ view_begin ] --END-- [ RunTime:0.001671s ]
INFO: [ view_parse ] --START--
INFO: [ template_filter ] --START--
INFO: Run Behavior\ContentReplaceBehavior [ RunTime:0.000043s ]
INFO: [ template_filter ] --END-- [ RunTime:0.000084s ]
INFO: Run Behavior\ParseTemplateBehavior [ RunTime:0.105652s ]
INFO: [ view_parse ] --END-- [ RunTime:0.105697s ]
INFO: [ view_filter ] --START--
INFO: Run Behavior\WriteHtmlCacheBehavior [ RunTime:0.000673s ]
INFO: Run Behavior\TokenBuildBehavior [ RunTime:0.000909s ]
INFO: [ view_filter ] --END-- [ RunTime:0.001651s ]
INFO: [ app_end ] --START--
INFO: Run Behavior\ShowPageTraceBehavior [ RunTime:0.001025s ]
INFO: [ app_end ] --END-- [ RunTime:0.001060s ]

[ 2018-09-25T10:58:51+08:00 ] 127.0.0.1 /index.php/Admin/Admin/vertify
INFO: [ app_init ] --START--
INFO: Run Behavior\BuildLiteBehavior [ RunTime:0.000015s ]
INFO: [ app_init ] --END-- [ RunTime:0.000514s ]
INFO: [ app_begin ] --START--
INFO: Run Behavior\ReadHtmlCacheBehavior [ RunTime:0.000637s ]
INFO: [ app_begin ] --END-- [ RunTime:0.000700s ]
NOTIC: [8] Undefined index: vertify F:\phpStudy\WWW\www.qingnianjuhe.club\Application\Admin\Common\function.php 第 70 行.
INFO: [ app_end ] --START--
INFO: Run Behavior\ShowPageTraceBehavior [ RunTime:0.001490s ]
INFO: [ app_end ] --END-- [ RunTime:0.001687s ]

[ 2018-09-25T10:58:59+08:00 ] 127.0.0.1 /index.php?m=Admin&c=Admin&a=login&t=0.0868990354251149
INFO: [ app_init ] --START--
INFO: Run Behavior\BuildLiteBehavior [ RunTime:0.000009s ]
INFO: [ app_init ] --END-- [ RunTime:0.000474s ]
INFO: [ app_begin ] --START--
INFO: Run Behavior\ReadHtmlCacheBehavior [ RunTime:0.000672s ]
INFO: [ app_begin ] --END-- [ RunTime:0.000711s ]
NOTIC: [8] Undefined index: login F:\phpStudy\WWW\www.qingnianjuhe.club\Application\Admin\Common\function.php 第 70 行.

[ 2018-09-25T10:58:59+08:00 ] 127.0.0.1 /index.php/Admin/Index/index
INFO: [ app_init ] --START--
INFO: Run Behavior\BuildLiteBehavior [ RunTime:0.000009s ]
INFO: [ app_init ] --END-- [ RunTime:0.000469s ]
INFO: [ app_begin ] --START--
INFO: Run Behavior\ReadHtmlCacheBehavior [ RunTime:0.000618s ]
INFO: [ app_begin ] --END-- [ RunTime:0.000658s ]
INFO: [ view_begin ] --START--
INFO: Run Home\Behaviors\testBehavior [ RunTime:0.001353s ]
INFO: [ view_begin ] --END-- [ RunTime:0.001402s ]
INFO: [ view_parse ] --START--
INFO: [ template_filter ] --START--
INFO: Run Behavior\ContentReplaceBehavior [ RunTime:0.000061s ]
INFO: [ template_filter ] --END-- [ RunTime:0.000098s ]
INFO: Run Behavior\ParseTemplateBehavior [ RunTime:0.057846s ]
INFO: [ view_parse ] --END-- [ RunTime:0.057907s ]
INFO: [ view_filter ] --START--
INFO: Run Behavior\WriteHtmlCacheBehavior [ RunTime:0.000598s ]
INFO: Run Behavior\TokenBuildBehavior [ RunTime:0.001150s ]
INFO: [ view_filter ] --END-- [ RunTime:0.001797s ]
INFO: [ app_end ] --START--
INFO: Run Behavior\ShowPageTraceBehavior [ RunTime:0.000796s ]
INFO: [ app_end ] --END-- [ RunTime:0.000826s ]

[ 2018-09-25T10:58:59+08:00 ] 127.0.0.1 /index.php/Admin/Index/welcome
INFO: [ app_init ] --START--
INFO: Run Behavior\BuildLiteBehavior [ RunTime:0.000010s ]
INFO: [ app_init ] --END-- [ RunTime:0.000404s ]
INFO: [ app_begin ] --START--
INFO: Run Behavior\ReadHtmlCacheBehavior [ RunTime:0.002211s ]
INFO: [ app_begin ] --END-- [ RunTime:0.002284s ]
NOTIC: [8] Undefined index: welcome F:\phpStudy\WWW\www.qingnianjuhe.club\Application\Admin\Common\function.php 第 70 行.
NOTIC: [8] Undefined index: version F:\phpStudy\WWW\www.qingnianjuhe.club\Application\Admin\Controller\IndexController.class.php 第 57 行.
INFO: [ view_begin ] --START--
INFO: Run Home\Behaviors\testBehavior [ RunTime:0.001474s ]
INFO: [ view_begin ] --END-- [ RunTime:0.001528s ]
INFO: [ view_parse ] --START--
INFO: [ template_filter ] --START--
INFO: Run Behavior\ContentReplaceBehavior [ RunTime:0.000049s ]
INFO: [ template_filter ] --END-- [ RunTime:0.000105s ]
INFO: Run Behavior\ParseTemplateBehavior [ RunTime:0.020407s ]
INFO: [ view_parse ] --END-- [ RunTime:0.020452s ]
INFO: [ view_filter ] --START--
INFO: Run Behavior\WriteHtmlCacheBehavior [ RunTime:0.000701s ]
INFO: Run Behavior\TokenBuildBehavior [ RunTime:0.001094s ]
INFO: [ view_filter ] --END-- [ RunTime:0.001879s ]
INFO: [ app_end ] --START--
INFO: Run Behavior\ShowPageTraceBehavior [ RunTime:0.000824s ]
INFO: [ app_end ] --END-- [ RunTime:0.000859s ]

[ 2018-09-25T10:58:59+08:00 ] 127.0.0.1 /index.php/Admin/System/login_task
INFO: [ app_init ] --START--
INFO: Run Behavior\BuildLiteBehavior [ RunTime:0.000010s ]
INFO: [ app_init ] --END-- [ RunTime:0.000377s ]
INFO: [ app_begin ] --START--
INFO: Run Behavior\ReadHtmlCacheBehavior [ RunTime:0.000961s ]
INFO: [ app_begin ] --END-- [ RunTime:0.001076s ]
NOTIC: [8] Undefined index: login_task F:\phpStudy\WWW\www.qingnianjuhe.club\Application\Admin\Common\function.php 第 70 行.
NOTIC: [2] Invalid argument supplied for foreach() F:\phpStudy\WWW\www.qingnianjuhe.club\Application\Admin\Controller\SystemController.class.php 第 248 行.
INFO: [ app_end ] --START--
INFO: Run Behavior\ShowPageTraceBehavior [ RunTime:0.001008s ]
INFO: [ app_end ] --END-- [ RunTime:0.001053s ]

[ 2018-09-25T10:59:02+08:00 ] 127.0.0.1 /index.php/Admin/Ad/adList
INFO: [ app_init ] --START--
INFO: Run Behavior\BuildLiteBehavior [ RunTime:0.000009s ]
INFO: [ app_init ] --END-- [ RunTime:0.000424s ]
INFO: [ app_begin ] --START--
INFO: Run Behavior\ReadHtmlCacheBehavior [ RunTime:0.000993s ]
INFO: [ app_begin ] --END-- [ RunTime:0.001045s ]
INFO: [ view_begin ] --START--
INFO: Run Home\Behaviors\testBehavior [ RunTime:0.001340s ]
INFO: [ view_begin ] --END-- [ RunTime:0.001452s ]
INFO: [ view_parse ] --START--
NOTIC: [8] Undefined index: level F:\phpStudy\WWW\www.qingnianjuhe.club\ThinkPHP\Library\Think\Template\TagLib\Tpshop.class.php 第 155 行.
INFO: [ template_filter ] --START--
INFO: Run Behavior\ContentReplaceBehavior [ RunTime:0.000064s ]
INFO: [ template_filter ] --END-- [ RunTime:0.000101s ]
NOTIC: [8] Use of undefined constant id - assumed 'id' F:\phpStudy\WWW\www.qingnianjuhe.club\Application\Runtime\Cache\Admin\9dcb80a295485a90dd49f9b2b975f801.php 第 124 行.
NOTIC: [8] Use of undefined constant name - assumed 'name' F:\phpStudy\WWW\www.qingnianjuhe.club\Application\Runtime\Cache\Admin\9dcb80a295485a90dd49f9b2b975f801.php 第 124 行.
NOTIC: [8] Use of undefined constant id - assumed 'id' F:\phpStudy\WWW\www.qingnianjuhe.club\Application\Runtime\Cache\Admin\9dcb80a295485a90dd49f9b2b975f801.php 第 124 行.
NOTIC: [8] Use of undefined constant name - assumed 'name' F:\phpStudy\WWW\www.qingnianjuhe.club\Application\Runtime\Cache\Admin\9dcb80a295485a90dd49f9b2b975f801.php 第 124 行.
NOTIC: [8] Use of undefined constant id - assumed 'id' F:\phpStudy\WWW\www.qingnianjuhe.club\Application\Runtime\Cache\Admin\9dcb80a295485a90dd49f9b2b975f801.php 第 124 行.
NOTIC: [8] Use of undefined constant name - assumed 'name' F:\phpStudy\WWW\www.qingnianjuhe.club\Application\Runtime\Cache\Admin\9dcb80a295485a90dd49f9b2b975f801.php 第 124 行.
NOTIC: [8] Use of undefined constant id - assumed 'id' F:\phpStudy\WWW\www.qingnianjuhe.club\Application\Runtime\Cache\Admin\9dcb80a295485a90dd49f9b2b975f801.php 第 124 行.
NOTIC: [8] Use of undefined constant name - assumed 'name' F:\phpStudy\WWW\www.qingnianjuhe.club\Application\Runtime\Cache\Admin\9dcb80a295485a90dd49f9b2b975f801.php 第 124 行.
NOTIC: [8] Use of undefined constant id - assumed 'id' F:\phpStudy\WWW\www.qingnianjuhe.club\Application\Runtime\Cache\Admin\9dcb80a295485a90dd49f9b2b975f801.php 第 124 行.
NOTIC: [8] Use of undefined constant name - assumed 'name' F:\phpStudy\WWW\www.qingnianjuhe.club\Application\Runtime\Cache\Admin\9dcb80a295485a90dd49f9b2b975f801.php 第 124 行.
NOTIC: [8] Use of undefined constant id - assumed 'id' F:\phpStudy\WWW\www.qingnianjuhe.club\Application\Runtime\Cache\Admin\9dcb80a295485a90dd49f9b2b975f801.php 第 124 行.
NOTIC: [8] Use of undefined constant name - assumed 'name' F:\phpStudy\WWW\www.qingnianjuhe.club\Application\Runtime\Cache\Admin\9dcb80a295485a90dd49f9b2b975f801.php 第 124 行.
NOTIC: [8] Use of undefined constant id - assumed 'id' F:\phpStudy\WWW\www.qingnianjuhe.club\Application\Runtime\Cache\Admin\9dcb80a295485a90dd49f9b2b975f801.php 第 124 行.
NOTIC: [8] Use of undefined constant name - assumed 'name' F:\phpStudy\WWW\www.qingnianjuhe.club\Application\Runtime\Cache\Admin\9dcb80a295485a90dd49f9b2b975f801.php 第 124 行.
NOTIC: [8] Use of undefined constant ad_id - assumed 'ad_id' F:\phpStudy\WWW\www.qingnianjuhe.club\Application\Runtime\Cache\Admin\9dcb80a295485a90dd49f9b2b975f801.php 第 152 行.
NOTIC: [8] Use of undefined constant pid - assumed 'pid' F:\phpStudy\WWW\www.qingnianjuhe.club\Application\Runtime\Cache\Admin\9dcb80a295485a90dd49f9b2b975f801.php 第 153 行.
NOTIC: [8] Use of undefined constant position_name - assumed 'position_name' F:\phpStudy\WWW\www.qingnianjuhe.club\Application\Runtime\Cache\Admin\9dcb80a295485a90dd49f9b2b975f801.php 第 153 行.
NOTIC: [8] Undefined offset: 0 F:\phpStudy\WWW\www.qingnianjuhe.club\Application\Runtime\Cache\Admin\9dcb80a295485a90dd49f9b2b975f801.php 第 153 行.
NOTIC: [8] Use of undefined constant target - assumed 'target' F:\phpStudy\WWW\www.qingnianjuhe.club\Application\Runtime\Cache\Admin\9dcb80a295485a90dd49f9b2b975f801.php 第 158 行.
NOTIC: [8] Use of undefined constant enabled - assumed 'enabled' F:\phpStudy\WWW\www.qingnianjuhe.club\Application\Runtime\Cache\Admin\9dcb80a295485a90dd49f9b2b975f801.php 第 161 行.
NOTIC: [8] Use of undefined constant ad_id - assumed 'ad_id' F:\phpStudy\WWW\www.qingnianjuhe.club\Application\Runtime\Cache\Admin\9dcb80a295485a90dd49f9b2b975f801.php 第 152 行.
NOTIC: [8] Use of undefined constant pid - assumed 'pid' F:\phpStudy\WWW\www.qingnianjuhe.club\Application\Runtime\Cache\Admin\9dcb80a295485a90dd49f9b2b975f801.php 第 153 行.
NOTIC: [8] Use of undefined constant position_name - assumed 'position_name' F:\phpStudy\WWW\www.qingnianjuhe.club\Application\Runtime\Cache\Admin\9dcb80a295485a90dd49f9b2b975f801.php 第 153 行.
NOTIC: [8] Undefined offset: 0 F:\phpStudy\WWW\www.qingnianjuhe.club\Application\Runtime\Cache\Admin\9dcb80a295485a90dd49f9b2b975f801.php 第 153 行.
NOTIC: [8] Use of undefined constant target - assumed 'target' F:\phpStudy\WWW\www.qingnianjuhe.club\Application\Runtime\Cache\Admin\9dcb80a295485a90dd49f9b2b975f801.php 第 158 行.
NOTIC: [8] Use of undefined constant enabled - assumed 'enabled' F:\phpStudy\WWW\www.qingnianjuhe.club\Application\Runtime\Cache\Admin\9dcb80a295485a90dd49f9b2b975f801.php 第 161 行.
NOTIC: [8] Use of undefined constant ad_id - assumed 'ad_id' F:\phpStudy\WWW\www.qingnianjuhe.club\Application\Runtime\Cache\Admin\9dcb80a295485a90dd49f9b2b975f801.php 第 152 行.
NOTIC: [8] Use of undefined constant pid - assumed 'pid' F:\phpStudy\WWW\www.qingnianjuhe.club\Application\Runtime\Cache\Admin\9dcb80a295485a90dd49f9b2b975f801.php 第 153 行.
NOTIC: [8] Use of undefined constant position_name - assumed 'position_name' F:\phpStudy\WWW\www.qingnianjuhe.club\Application\Runtime\Cache\Admin\9dcb80a295485a90dd49f9b2b975f801.php 第 153 行.
NOTIC: [8] Undefined offset: 0 F:\phpStudy\WWW\www.qingnianjuhe.club\Application\Runtime\Cache\Admin\9dcb80a295485a90dd49f9b2b975f801.php 第 153 行.
NOTIC: [8] Use of undefined constant target - assumed 'target' F:\phpStudy\WWW\www.qingnianjuhe.club\Application\Runtime\Cache\Admin\9dcb80a295485a90dd49f9b2b975f801.php 第 158 行.
NOTIC: [8] Use of undefined constant enabled - assumed 'enabled' F:\phpStudy\WWW\www.qingnianjuhe.club\Application\Runtime\Cache\Admin\9dcb80a295485a90dd49f9b2b975f801.php 第 161 行.
INFO: Run Behavior\ParseTemplateBehavior [ RunTime:0.122638s ]
INFO: [ view_parse ] --END-- [ RunTime:0.122679s ]
INFO: [ view_filter ] --START--
INFO: Run Behavior\WriteHtmlCacheBehavior [ RunTime:0.000798s ]
INFO: Run Behavior\TokenBuildBehavior [ RunTime:0.001530s ]
INFO: [ view_filter ] --END-- [ RunTime:0.002387s ]
INFO: [ app_end ] --START--
INFO: Run Behavior\ShowPageTraceBehavior [ RunTime:0.000704s ]
INFO: [ app_end ] --END-- [ RunTime:0.000736s ]

[ 2018-09-25T10:59:04+08:00 ] 127.0.0.1 /index.php/Admin/Coupon/coupon_list
INFO: [ app_init ] --START--
INFO: Run Behavior\BuildLiteBehavior [ RunTime:0.000010s ]
INFO: [ app_init ] --END-- [ RunTime:0.000516s ]
INFO: [ app_begin ] --START--
INFO: Run Behavior\ReadHtmlCacheBehavior [ RunTime:0.000650s ]
INFO: [ app_begin ] --END-- [ RunTime:0.000694s ]
NOTIC: [8] Undefined index: coupon_list F:\phpStudy\WWW\www.qingnianjuhe.club\Application\Admin\Common\function.php 第 70 行.
NOTIC: [8] Undefined variable: count F:\phpStudy\WWW\www.qingnianjuhe.club\Application\Admin\Controller\CouponController.class.php 第 277 行.
NOTIC: [8] Undefined variable: check_coupon F:\phpStudy\WWW\www.qingnianjuhe.club\Application\Admin\Controller\CouponController.class.php 第 294 行.
INFO: [ view_begin ] --START--
INFO: Run Home\Behaviors\testBehavior [ RunTime:0.001538s ]
INFO: [ view_begin ] --END-- [ RunTime:0.001572s ]
INFO: [ view_parse ] --START--
INFO: [ template_filter ] --START--
INFO: Run Behavior\ContentReplaceBehavior [ RunTime:0.000050s ]
INFO: [ template_filter ] --END-- [ RunTime:0.000086s ]
INFO: Run Behavior\ParseTemplateBehavior [ RunTime:0.023370s ]
INFO: [ view_parse ] --END-- [ RunTime:0.023414s ]
INFO: [ view_filter ] --START--
INFO: Run Behavior\WriteHtmlCacheBehavior [ RunTime:0.000385s ]
INFO: Run Behavior\TokenBuildBehavior [ RunTime:0.000718s ]
INFO: [ view_filter ] --END-- [ RunTime:0.001157s ]
INFO: [ app_end ] --START--
INFO: Run Behavior\ShowPageTraceBehavior [ RunTime:0.000602s ]
INFO: [ app_end ] --END-- [ RunTime:0.000637s ]

[ 2018-09-25T10:59:06+08:00 ] 127.0.0.1 /index.php/Admin/Coupon/index
INFO: [ app_init ] --START--
INFO: Run Behavior\BuildLiteBehavior [ RunTime:0.000010s ]
INFO: [ app_init ] --END-- [ RunTime:0.000442s ]
INFO: [ app_begin ] --START--
INFO: Run Behavior\ReadHtmlCacheBehavior [ RunTime:0.000590s ]
INFO: [ app_begin ] --END-- [ RunTime:0.000636s ]
INFO: [ view_begin ] --START--
INFO: Run Home\Behaviors\testBehavior [ RunTime:0.001455s ]
INFO: [ view_begin ] --END-- [ RunTime:0.001502s ]
INFO: [ view_parse ] --START--
INFO: [ template_filter ] --START--
INFO: Run Behavior\ContentReplaceBehavior [ RunTime:0.000057s ]
INFO: [ template_filter ] --END-- [ RunTime:0.000096s ]
NOTIC: [8] Use of undefined constant store_id - assumed 'store_id' F:\phpStudy\WWW\www.qingnianjuhe.club\Application\Runtime\Cache\Admin\38613d26be0d7580d78b3110a175a584.php 第 148 行.
NOTIC: [8] Undefined variable: store F:\phpStudy\WWW\www.qingnianjuhe.club\Application\Runtime\Cache\Admin\38613d26be0d7580d78b3110a175a584.php 第 148 行.
NOTIC: [8] Use of undefined constant type - assumed 'type' F:\phpStudy\WWW\www.qingnianjuhe.club\Application\Runtime\Cache\Admin\38613d26be0d7580d78b3110a175a584.php 第 149 行.
NOTIC: [8] Use of undefined constant store_id - assumed 'store_id' F:\phpStudy\WWW\www.qingnianjuhe.club\Application\Runtime\Cache\Admin\38613d26be0d7580d78b3110a175a584.php 第 148 行.
NOTIC: [8] Undefined variable: store F:\phpStudy\WWW\www.qingnianjuhe.club\Application\Runtime\Cache\Admin\38613d26be0d7580d78b3110a175a584.php 第 148 行.
NOTIC: [8] Use of undefined constant type - assumed 'type' F:\phpStudy\WWW\www.qingnianjuhe.club\Application\Runtime\Cache\Admin\38613d26be0d7580d78b3110a175a584.php 第 149 行.
INFO: Run Behavior\ParseTemplateBehavior [ RunTime:0.040651s ]
INFO: [ view_parse ] --END-- [ RunTime:0.040686s ]
INFO: [ view_filter ] --START--
INFO: Run Behavior\WriteHtmlCacheBehavior [ RunTime:0.000525s ]
INFO: Run Behavior\TokenBuildBehavior [ RunTime:0.001143s ]
INFO: [ view_filter ] --END-- [ RunTime:0.001739s ]
INFO: [ app_end ] --START--
INFO: Run Behavior\ShowPageTraceBehavior [ RunTime:0.000734s ]
INFO: [ app_end ] --END-- [ RunTime:0.000766s ]

[ 2018-09-25T10:59:25+08:00 ] 127.0.0.1 /index.php/Admin/Coupon/coupon_info/id/1
INFO: [ app_init ] --START--
INFO: Run Behavior\BuildLiteBehavior [ RunTime:0.000009s ]
INFO: [ app_init ] --END-- [ RunTime:0.000532s ]
INFO: [ app_begin ] --START--
INFO: Run Behavior\ReadHtmlCacheBehavior [ RunTime:0.000731s ]
INFO: [ app_begin ] --END-- [ RunTime:0.000806s ]
NOTIC: [8] Undefined index: coupon_info F:\phpStudy\WWW\www.qingnianjuhe.club\Application\Admin\Common\function.php 第 70 行.
INFO: [ view_begin ] --START--
INFO: Run Home\Behaviors\testBehavior [ RunTime:0.001370s ]
INFO: [ view_begin ] --END-- [ RunTime:0.001415s ]
INFO: [ view_parse ] --START--
INFO: [ template_filter ] --START--
INFO: Run Behavior\ContentReplaceBehavior [ RunTime:0.000124s ]
INFO: [ template_filter ] --END-- [ RunTime:0.000162s ]
INFO: Run Behavior\ParseTemplateBehavior [ RunTime:0.013369s ]
INFO: [ view_parse ] --END-- [ RunTime:0.013412s ]
INFO: [ view_filter ] --START--
INFO: Run Behavior\WriteHtmlCacheBehavior [ RunTime:0.000598s ]
INFO: Run Behavior\TokenBuildBehavior [ RunTime:0.001049s ]
INFO: [ view_filter ] --END-- [ RunTime:0.001698s ]
INFO: [ app_end ] --START--
INFO: Run Behavior\ShowPageTraceBehavior [ RunTime:0.000785s ]
INFO: [ app_end ] --END-- [ RunTime:0.000815s ]

[ 2018-09-25T10:59:28+08:00 ] 127.0.0.1 /index.php/Admin/Coupon/coupon_info/id/5
INFO: [ app_init ] --START--
INFO: Run Behavior\BuildLiteBehavior [ RunTime:0.000009s ]
INFO: [ app_init ] --END-- [ RunTime:0.000579s ]
INFO: [ app_begin ] --START--
INFO: Run Behavior\ReadHtmlCacheBehavior [ RunTime:0.000651s ]
INFO: [ app_begin ] --END-- [ RunTime:0.000724s ]
NOTIC: [8] Undefined index: coupon_info F:\phpStudy\WWW\www.qingnianjuhe.club\Application\Admin\Common\function.php 第 70 行.
INFO: [ view_begin ] --START--
INFO: Run Home\Behaviors\testBehavior [ RunTime:0.001604s ]
INFO: [ view_begin ] --END-- [ RunTime:0.001664s ]
INFO: [ view_parse ] --START--
INFO: [ template_filter ] --START--
INFO: Run Behavior\ContentReplaceBehavior [ RunTime:0.000080s ]
INFO: [ template_filter ] --END-- [ RunTime:0.000118s ]
INFO: Run Behavior\ParseTemplateBehavior [ RunTime:0.012729s ]
INFO: [ view_parse ] --END-- [ RunTime:0.012785s ]
INFO: [ view_filter ] --START--
INFO: Run Behavior\WriteHtmlCacheBehavior [ RunTime:0.000482s ]
INFO: Run Behavior\TokenBuildBehavior [ RunTime:0.000966s ]
INFO: [ view_filter ] --END-- [ RunTime:0.001500s ]
INFO: [ app_end ] --START--
INFO: Run Behavior\ShowPageTraceBehavior [ RunTime:0.000681s ]
INFO: [ app_end ] --END-- [ RunTime:0.000712s ]

[ 2018-09-25T10:59:33+08:00 ] 127.0.0.1 /index.php/Admin/Goods/module
INFO: [ app_init ] --START--
INFO: Run Behavior\BuildLiteBehavior [ RunTime:0.000010s ]
INFO: [ app_init ] --END-- [ RunTime:0.000472s ]
INFO: [ app_begin ] --START--
INFO: Run Behavior\ReadHtmlCacheBehavior [ RunTime:0.000660s ]
INFO: [ app_begin ] --END-- [ RunTime:0.000705s ]
NOTIC: [8] Undefined index: module F:\phpStudy\WWW\www.qingnianjuhe.club\Application\Admin\Common\function.php 第 70 行.
INFO: [ view_begin ] --START--
INFO: Run Home\Behaviors\testBehavior [ RunTime:0.001610s ]
INFO: [ view_begin ] --END-- [ RunTime:0.001655s ]
INFO: [ view_parse ] --START--
INFO: [ template_filter ] --START--
INFO: Run Behavior\ContentReplaceBehavior [ RunTime:0.000048s ]
INFO: [ template_filter ] --END-- [ RunTime:0.000089s ]
INFO: Run Behavior\ParseTemplateBehavior [ RunTime:0.012305s ]
INFO: [ view_parse ] --END-- [ RunTime:0.012357s ]
INFO: [ view_filter ] --START--
INFO: Run Behavior\WriteHtmlCacheBehavior [ RunTime:0.000597s ]
INFO: Run Behavior\TokenBuildBehavior [ RunTime:0.000789s ]
INFO: [ view_filter ] --END-- [ RunTime:0.001445s ]
INFO: [ app_end ] --START--
INFO: Run Behavior\ShowPageTraceBehavior [ RunTime:0.000591s ]
INFO: [ app_end ] --END-- [ RunTime:0.000621s ]

[ 2018-09-25T10:59:39+08:00 ] 127.0.0.1 /index.php/Admin/Ad/adList
INFO: [ app_init ] --START--
INFO: Run Behavior\BuildLiteBehavior [ RunTime:0.000012s ]
INFO: [ app_init ] --END-- [ RunTime:0.000495s ]
INFO: [ app_begin ] --START--
INFO: Run Behavior\ReadHtmlCacheBehavior [ RunTime:0.000769s ]
INFO: [ app_begin ] --END-- [ RunTime:0.000816s ]
INFO: [ view_begin ] --START--
INFO: Run Home\Behaviors\testBehavior [ RunTime:0.001774s ]
INFO: [ view_begin ] --END-- [ RunTime:0.001835s ]
INFO: [ view_parse ] --START--
NOTIC: [8] Undefined index: level F:\phpStudy\WWW\www.qingnianjuhe.club\ThinkPHP\Library\Think\Template\TagLib\Tpshop.class.php 第 155 行.
INFO: [ template_filter ] --START--
INFO: Run Behavior\ContentReplaceBehavior [ RunTime:0.000060s ]
INFO: [ template_filter ] --END-- [ RunTime:0.000091s ]
NOTIC: [8] Use of undefined constant id - assumed 'id' F:\phpStudy\WWW\www.qingnianjuhe.club\Application\Runtime\Cache\Admin\9dcb80a295485a90dd49f9b2b975f801.php 第 124 行.
NOTIC: [8] Use of undefined constant name - assumed 'name' F:\phpStudy\WWW\www.qingnianjuhe.club\Application\Runtime\Cache\Admin\9dcb80a295485a90dd49f9b2b975f801.php 第 124 行.
NOTIC: [8] Use of undefined constant id - assumed 'id' F:\phpStudy\WWW\www.qingnianjuhe.club\Application\Runtime\Cache\Admin\9dcb80a295485a90dd49f9b2b975f801.php 第 124 行.
NOTIC: [8] Use of undefined constant name - assumed 'name' F:\phpStudy\WWW\www.qingnianjuhe.club\Application\Runtime\Cache\Admin\9dcb80a295485a90dd49f9b2b975f801.php 第 124 行.
NOTIC: [8] Use of undefined constant id - assumed 'id' F:\phpStudy\WWW\www.qingnianjuhe.club\Application\Runtime\Cache\Admin\9dcb80a295485a90dd49f9b2b975f801.php 第 124 行.
NOTIC: [8] Use of undefined constant name - assumed 'name' F:\phpStudy\WWW\www.qingnianjuhe.club\Application\Runtime\Cache\Admin\9dcb80a295485a90dd49f9b2b975f801.php 第 124 行.
NOTIC: [8] Use of undefined constant id - assumed 'id' F:\phpStudy\WWW\www.qingnianjuhe.club\Application\Runtime\Cache\Admin\9dcb80a295485a90dd49f9b2b975f801.php 第 124 行.
NOTIC: [8] Use of undefined constant name - assumed 'name' F:\phpStudy\WWW\www.qingnianjuhe.club\Application\Runtime\Cache\Admin\9dcb80a295485a90dd49f9b2b975f801.php 第 124 行.
NOTIC: [8] Use of undefined constant id - assumed 'id' F:\phpStudy\WWW\www.qingnianjuhe.club\Application\Runtime\Cache\Admin\9dcb80a295485a90dd49f9b2b975f801.php 第 124 行.
NOTIC: [8] Use of undefined constant name - assumed 'name' F:\phpStudy\WWW\www.qingnianjuhe.club\Application\Runtime\Cache\Admin\9dcb80a295485a90dd49f9b2b975f801.php 第 124 行.
NOTIC: [8] Use of undefined constant id - assumed 'id' F:\phpStudy\WWW\www.qingnianjuhe.club\Application\Runtime\Cache\Admin\9dcb80a295485a90dd49f9b2b975f801.php 第 124 行.
NOTIC: [8] Use of undefined constant name - assumed 'name' F:\phpStudy\WWW\www.qingnianjuhe.club\Application\Runtime\Cache\Admin\9dcb80a295485a90dd49f9b2b975f801.php 第 124 行.
NOTIC: [8] Use of undefined constant id - assumed 'id' F:\phpStudy\WWW\www.qingnianjuhe.club\Application\Runtime\Cache\Admin\9dcb80a295485a90dd49f9b2b975f801.php 第 124 行.
NOTIC: [8] Use of undefined constant name - assumed 'name' F:\phpStudy\WWW\www.qingnianjuhe.club\Application\Runtime\Cache\Admin\9dcb80a295485a90dd49f9b2b975f801.php 第 124 行.
NOTIC: [8] Use of undefined constant ad_id - assumed 'ad_id' F:\phpStudy\WWW\www.qingnianjuhe.club\Application\Runtime\Cache\Admin\9dcb80a295485a90dd49f9b2b975f801.php 第 152 行.
NOTIC: [8] Use of undefined constant pid - assumed 'pid' F:\phpStudy\WWW\www.qingnianjuhe.club\Application\Runtime\Cache\Admin\9dcb80a295485a90dd49f9b2b975f801.php 第 153 行.
NOTIC: [8] Use of undefined constant position_name - assumed 'position_name' F:\phpStudy\WWW\www.qingnianjuhe.club\Application\Runtime\Cache\Admin\9dcb80a295485a90dd49f9b2b975f801.php 第 153 行.
NOTIC: [8] Undefined offset: 0 F:\phpStudy\WWW\www.qingnianjuhe.club\Application\Runtime\Cache\Admin\9dcb80a295485a90dd49f9b2b975f801.php 第 153 行.
NOTIC: [8] Use of undefined constant target - assumed 'target' F:\phpStudy\WWW\www.qingnianjuhe.club\Application\Runtime\Cache\Admin\9dcb80a295485a90dd49f9b2b975f801.php 第 158 行.
NOTIC: [8] Use of undefined constant enabled - assumed 'enabled' F:\phpStudy\WWW\www.qingnianjuhe.club\Application\Runtime\Cache\Admin\9dcb80a295485a90dd49f9b2b975f801.php 第 161 行.
NOTIC: [8] Use of undefined constant ad_id - assumed 'ad_id' F:\phpStudy\WWW\www.qingnianjuhe.club\Application\Runtime\Cache\Admin\9dcb80a295485a90dd49f9b2b975f801.php 第 152 行.
NOTIC: [8] Use of undefined constant pid - assumed 'pid' F:\phpStudy\WWW\www.qingnianjuhe.club\Application\Runtime\Cache\Admin\9dcb80a295485a90dd49f9b2b975f801.php 第 153 行.
NOTIC: [8] Use of undefined constant position_name - assumed 'position_name' F:\phpStudy\WWW\www.qingnianjuhe.club\Application\Runtime\Cache\Admin\9dcb80a295485a90dd49f9b2b975f801.php 第 153 行.
NOTIC: [8] Undefined offset: 0 F:\phpStudy\WWW\www.qingnianjuhe.club\Application\Runtime\Cache\Admin\9dcb80a295485a90dd49f9b2b975f801.php 第 153 行.
NOTIC: [8] Use of undefined constant target - assumed 'target' F:\phpStudy\WWW\www.qingnianjuhe.club\Application\Runtime\Cache\Admin\9dcb80a295485a90dd49f9b2b975f801.php 第 158 行.
NOTIC: [8] Use of undefined constant enabled - assumed 'enabled' F:\phpStudy\WWW\www.qingnianjuhe.club\Application\Runtime\Cache\Admin\9dcb80a295485a90dd49f9b2b975f801.php 第 161 行.
NOTIC: [8] Use of undefined constant ad_id - assumed 'ad_id' F:\phpStudy\WWW\www.qingnianjuhe.club\Application\Runtime\Cache\Admin\9dcb80a295485a90dd49f9b2b975f801.php 第 152 行.
NOTIC: [8] Use of undefined constant pid - assumed 'pid' F:\phpStudy\WWW\www.qingnianjuhe.club\Application\Runtime\Cache\Admin\9dcb80a295485a90dd49f9b2b975f801.php 第 153 行.
NOTIC: [8] Use of undefined constant position_name - assumed 'position_name' F:\phpStudy\WWW\www.qingnianjuhe.club\Application\Runtime\Cache\Admin\9dcb80a295485a90dd49f9b2b975f801.php 第 153 行.
NOTIC: [8] Undefined offset: 0 F:\phpStudy\WWW\www.qingnianjuhe.club\Application\Runtime\Cache\Admin\9dcb80a295485a90dd49f9b2b975f801.php 第 153 行.
NOTIC: [8] Use of undefined constant target - assumed 'target' F:\phpStudy\WWW\www.qingnianjuhe.club\Application\Runtime\Cache\Admin\9dcb80a295485a90dd49f9b2b975f801.php 第 158 行.
NOTIC: [8] Use of undefined constant enabled - assumed 'enabled' F:\phpStudy\WWW\www.qingnianjuhe.club\Application\Runtime\Cache\Admin\9dcb80a295485a90dd49f9b2b975f801.php 第 161 行.
INFO: Run Behavior\ParseTemplateBehavior [ RunTime:0.019585s ]
INFO: [ view_parse ] --END-- [ RunTime:0.019632s ]
INFO: [ view_filter ] --START--
INFO: Run Behavior\WriteHtmlCacheBehavior [ RunTime:0.001028s ]
INFO: Run Behavior\TokenBuildBehavior [ RunTime:0.001651s ]
INFO: [ view_filter ] --END-- [ RunTime:0.002750s ]
INFO: [ app_end ] --START--
INFO: Run Behavior\ShowPageTraceBehavior [ RunTime:0.000920s ]
INFO: [ app_end ] --END-- [ RunTime:0.000991s ]

[ 2018-09-25T10:59:46+08:00 ] 127.0.0.1 /index.php/Admin/Coupon/index
INFO: [ app_init ] --START--
INFO: Run Behavior\BuildLiteBehavior [ RunTime:0.000010s ]
INFO: [ app_init ] --END-- [ RunTime:0.000553s ]
INFO: [ app_begin ] --START--
INFO: Run Behavior\ReadHtmlCacheBehavior [ RunTime:0.000707s ]
INFO: [ app_begin ] --END-- [ RunTime:0.000751s ]
INFO: [ view_begin ] --START--
INFO: Run Home\Behaviors\testBehavior [ RunTime:0.001448s ]
INFO: [ view_begin ] --END-- [ RunTime:0.001492s ]
INFO: [ view_parse ] --START--
INFO: [ template_filter ] --START--
INFO: Run Behavior\ContentReplaceBehavior [ RunTime:0.000054s ]
INFO: [ template_filter ] --END-- [ RunTime:0.000097s ]
NOTIC: [8] Use of undefined constant store_id - assumed 'store_id' F:\phpStudy\WWW\www.qingnianjuhe.club\Application\Runtime\Cache\Admin\38613d26be0d7580d78b3110a175a584.php 第 148 行.
NOTIC: [8] Undefined variable: store F:\phpStudy\WWW\www.qingnianjuhe.club\Application\Runtime\Cache\Admin\38613d26be0d7580d78b3110a175a584.php 第 148 行.
NOTIC: [8] Use of undefined constant type - assumed 'type' F:\phpStudy\WWW\www.qingnianjuhe.club\Application\Runtime\Cache\Admin\38613d26be0d7580d78b3110a175a584.php 第 149 行.
NOTIC: [8] Use of undefined constant store_id - assumed 'store_id' F:\phpStudy\WWW\www.qingnianjuhe.club\Application\Runtime\Cache\Admin\38613d26be0d7580d78b3110a175a584.php 第 148 行.
NOTIC: [8] Undefined variable: store F:\phpStudy\WWW\www.qingnianjuhe.club\Application\Runtime\Cache\Admin\38613d26be0d7580d78b3110a175a584.php 第 148 行.
NOTIC: [8] Use of undefined constant type - assumed 'type' F:\phpStudy\WWW\www.qingnianjuhe.club\Application\Runtime\Cache\Admin\38613d26be0d7580d78b3110a175a584.php 第 149 行.
INFO: Run Behavior\ParseTemplateBehavior [ RunTime:0.012371s ]
INFO: [ view_parse ] --END-- [ RunTime:0.012405s ]
INFO: [ view_filter ] --START--
INFO: Run Behavior\WriteHtmlCacheBehavior [ RunTime:0.000412s ]
INFO: Run Behavior\TokenBuildBehavior [ RunTime:0.000819s ]
INFO: [ view_filter ] --END-- [ RunTime:0.001294s ]
INFO: [ app_end ] --START--
INFO: Run Behavior\ShowPageTraceBehavior [ RunTime:0.000614s ]
INFO: [ app_end ] --END-- [ RunTime:0.000644s ]

[ 2018-09-25T10:59:48+08:00 ] 127.0.0.1 /index.php/Admin/Coupon/coupon_info/id/1
INFO: [ app_init ] --START--
INFO: Run Behavior\BuildLiteBehavior [ RunTime:0.000010s ]
INFO: [ app_init ] --END-- [ RunTime:0.000606s ]
INFO: [ app_begin ] --START--
INFO: Run Behavior\ReadHtmlCacheBehavior [ RunTime:0.000624s ]
INFO: [ app_begin ] --END-- [ RunTime:0.000673s ]
NOTIC: [8] Undefined index: coupon_info F:\phpStudy\WWW\www.qingnianjuhe.club\Application\Admin\Common\function.php 第 70 行.
INFO: [ view_begin ] --START--
INFO: Run Home\Behaviors\testBehavior [ RunTime:0.001487s ]
INFO: [ view_begin ] --END-- [ RunTime:0.001531s ]
INFO: [ view_parse ] --START--
INFO: [ template_filter ] --START--
INFO: Run Behavior\ContentReplaceBehavior [ RunTime:0.000076s ]
INFO: [ template_filter ] --END-- [ RunTime:0.000112s ]
INFO: Run Behavior\ParseTemplateBehavior [ RunTime:0.011385s ]
INFO: [ view_parse ] --END-- [ RunTime:0.011424s ]
INFO: [ view_filter ] --START--
INFO: Run Behavior\WriteHtmlCacheBehavior [ RunTime:0.000448s ]
INFO: Run Behavior\TokenBuildBehavior [ RunTime:0.000879s ]
INFO: [ view_filter ] --END-- [ RunTime:0.001378s ]
INFO: [ app_end ] --START--
INFO: Run Behavior\ShowPageTraceBehavior [ RunTime:0.000590s ]
INFO: [ app_end ] --END-- [ RunTime:0.000620s ]

[ 2018-09-25T10:59:50+08:00 ] 127.0.0.1 /index.php/Admin/Coupon/coupon_info/id/5
INFO: [ app_init ] --START--
INFO: Run Behavior\BuildLiteBehavior [ RunTime:0.000010s ]
INFO: [ app_init ] --END-- [ RunTime:0.000429s ]
INFO: [ app_begin ] --START--
INFO: Run Behavior\ReadHtmlCacheBehavior [ RunTime:0.000633s ]
INFO: [ app_begin ] --END-- [ RunTime:0.000682s ]
NOTIC: [8] Undefined index: coupon_info F:\phpStudy\WWW\www.qingnianjuhe.club\Application\Admin\Common\function.php 第 70 行.
INFO: [ view_begin ] --START--
INFO: Run Home\Behaviors\testBehavior [ RunTime:0.001445s ]
INFO: [ view_begin ] --END-- [ RunTime:0.001492s ]
INFO: [ view_parse ] --START--
INFO: [ template_filter ] --START--
INFO: Run Behavior\ContentReplaceBehavior [ RunTime:0.000077s ]
INFO: [ template_filter ] --END-- [ RunTime:0.000113s ]
INFO: Run Behavior\ParseTemplateBehavior [ RunTime:0.011693s ]
INFO: [ view_parse ] --END-- [ RunTime:0.011732s ]
INFO: [ view_filter ] --START--
INFO: Run Behavior\WriteHtmlCacheBehavior [ RunTime:0.000451s ]
INFO: Run Behavior\TokenBuildBehavior [ RunTime:0.000848s ]
INFO: [ view_filter ] --END-- [ RunTime:0.001373s ]
INFO: [ app_end ] --START--
INFO: Run Behavior\ShowPageTraceBehavior [ RunTime:0.000622s ]
INFO: [ app_end ] --END-- [ RunTime:0.000652s ]

