[ 2018-11-02T10:56:26+08:00 ] 127.0.0.1 /admin
INFO: [ app_init ] --START--
INFO: Run Behavior\BuildLiteBehavior [ RunTime:0.000010s ]
INFO: [ app_init ] --END-- [ RunTime:0.001493s ]
INFO: [ app_begin ] --START--
INFO: Run Behavior\ReadHtmlCacheBehavior [ RunTime:0.001265s ]
INFO: [ app_begin ] --END-- [ RunTime:0.001316s ]
INFO: [ view_begin ] --START--
INFO: Run Home\Behaviors\testBehavior [ RunTime:0.001778s ]
INFO: [ view_begin ] --END-- [ RunTime:0.001828s ]
INFO: [ view_parse ] --START--
INFO: [ template_filter ] --START--
INFO: Run Behavior\ContentReplaceBehavior [ RunTime:0.000030s ]
INFO: [ template_filter ] --END-- [ RunTime:0.000073s ]
INFO: Run Behavior\ParseTemplateBehavior [ RunTime:0.063585s ]
INFO: [ view_parse ] --END-- [ RunTime:0.063652s ]
INFO: [ view_filter ] --START--
INFO: Run Behavior\WriteHtmlCacheBehavior [ RunTime:0.001023s ]
INFO: Run Behavior\TokenBuildBehavior [ RunTime:0.002020s ]
INFO: [ view_filter ] --END-- [ RunTime:0.003114s ]

[ 2018-11-02T10:56:34+08:00 ] 127.0.0.1 /index.php/Admin/Admin/login
INFO: [ app_init ] --START--
INFO: Run Behavior\BuildLiteBehavior [ RunTime:0.000011s ]
INFO: [ app_init ] --END-- [ RunTime:0.000516s ]
INFO: [ app_begin ] --START--
INFO: Run Behavior\ReadHtmlCacheBehavior [ RunTime:0.000643s ]
INFO: [ app_begin ] --END-- [ RunTime:0.000692s ]
NOTIC: [8] Undefined index: login F:\phpStudy\WWW\www.qingnianjuhe.club\Application\Admin\Common\function.php 第 70 行.
NOTIC: [2] file_get_contents(http://service.tp-shop.cn/index.php?m=Home&amp;c=Index&amp;a=user_push&amp;domain=www.qingnianjuhe.com&amp;last_domain=www.qingnianjuhe.com&amp;key_num=v1.0.0&amp;install_time=1494946460&amp;cpu=0001&amp;mac=0002&amp;serial_number=20170516105420KfPCm7): failed to open stream: HTTP request failed!  F:\phpStudy\WWW\www.qingnianjuhe.club\Application\Admin\Common\function.php 第 56 行.
INFO: [ view_begin ] --START--
INFO: Run Home\Behaviors\testBehavior [ RunTime:0.001138s ]
INFO: [ view_begin ] --END-- [ RunTime:0.001212s ]
INFO: [ view_parse ] --START--
INFO: [ template_filter ] --START--
INFO: Run Behavior\ContentReplaceBehavior [ RunTime:0.000043s ]
INFO: [ template_filter ] --END-- [ RunTime:0.000087s ]
INFO: Run Behavior\ParseTemplateBehavior [ RunTime:0.007668s ]
INFO: [ view_parse ] --END-- [ RunTime:0.007709s ]
INFO: [ view_filter ] --START--
INFO: Run Behavior\WriteHtmlCacheBehavior [ RunTime:0.000444s ]
INFO: Run Behavior\TokenBuildBehavior [ RunTime:0.000773s ]
INFO: [ view_filter ] --END-- [ RunTime:0.001267s ]
INFO: [ app_end ] --START--
INFO: Run Behavior\ShowPageTraceBehavior [ RunTime:0.001027s ]
INFO: [ app_end ] --END-- [ RunTime:0.001060s ]

[ 2018-11-02T10:56:34+08:00 ] 127.0.0.1 /index.php/Admin/Admin/vertify
INFO: [ app_init ] --START--
INFO: Run Behavior\BuildLiteBehavior [ RunTime:0.000073s ]
INFO: [ app_init ] --END-- [ RunTime:0.001787s ]
INFO: [ app_begin ] --START--
INFO: Run Behavior\ReadHtmlCacheBehavior [ RunTime:0.000705s ]
INFO: [ app_begin ] --END-- [ RunTime:0.000962s ]
NOTIC: [8] Undefined index: vertify F:\phpStudy\WWW\www.qingnianjuhe.club\Application\Admin\Common\function.php 第 70 行.
INFO: [ app_end ] --START--
INFO: Run Behavior\ShowPageTraceBehavior [ RunTime:0.000968s ]
INFO: [ app_end ] --END-- [ RunTime:0.001041s ]

[ 2018-11-02T10:56:41+08:00 ] 127.0.0.1 /index.php/Admin/Admin/login
INFO: [ app_init ] --START--
INFO: Run Behavior\BuildLiteBehavior [ RunTime:0.000014s ]
INFO: [ app_init ] --END-- [ RunTime:0.000941s ]
INFO: [ app_begin ] --START--
INFO: Run Behavior\ReadHtmlCacheBehavior [ RunTime:0.001315s ]
INFO: [ app_begin ] --END-- [ RunTime:0.001416s ]
NOTIC: [8] Undefined index: login F:\phpStudy\WWW\www.qingnianjuhe.club\Application\Admin\Common\function.php 第 70 行.
INFO: [ view_begin ] --START--
INFO: Run Home\Behaviors\testBehavior [ RunTime:0.001079s ]
INFO: [ view_begin ] --END-- [ RunTime:0.001118s ]
INFO: [ view_parse ] --START--
INFO: [ template_filter ] --START--
INFO: Run Behavior\ContentReplaceBehavior [ RunTime:0.000063s ]
INFO: [ template_filter ] --END-- [ RunTime:0.000140s ]
INFO: Run Behavior\ParseTemplateBehavior [ RunTime:0.010778s ]
INFO: [ view_parse ] --END-- [ RunTime:0.010825s ]
INFO: [ view_filter ] --START--
INFO: Run Behavior\WriteHtmlCacheBehavior [ RunTime:0.000546s ]
INFO: Run Behavior\TokenBuildBehavior [ RunTime:0.000792s ]
INFO: [ view_filter ] --END-- [ RunTime:0.001397s ]
INFO: [ app_end ] --START--
INFO: Run Behavior\ShowPageTraceBehavior [ RunTime:0.000830s ]
INFO: [ app_end ] --END-- [ RunTime:0.000891s ]

[ 2018-11-02T10:56:41+08:00 ] 127.0.0.1 /index.php/Admin/Admin/vertify
INFO: [ app_init ] --START--
INFO: Run Behavior\BuildLiteBehavior [ RunTime:0.000064s ]
INFO: [ app_init ] --END-- [ RunTime:0.000828s ]
INFO: [ app_begin ] --START--
INFO: Run Behavior\ReadHtmlCacheBehavior [ RunTime:0.000644s ]
INFO: [ app_begin ] --END-- [ RunTime:0.000704s ]
NOTIC: [8] Undefined index: vertify F:\phpStudy\WWW\www.qingnianjuhe.club\Application\Admin\Common\function.php 第 70 行.
INFO: [ app_end ] --START--
INFO: Run Behavior\ShowPageTraceBehavior [ RunTime:0.001030s ]
INFO: [ app_end ] --END-- [ RunTime:0.001105s ]

[ 2018-11-02T10:56:47+08:00 ] 127.0.0.1 /index.php?m=Admin&c=Admin&a=login&t=0.8461521220768253
INFO: [ app_init ] --START--
INFO: Run Behavior\BuildLiteBehavior [ RunTime:0.000013s ]
INFO: [ app_init ] --END-- [ RunTime:0.000811s ]
INFO: [ app_begin ] --START--
INFO: Run Behavior\ReadHtmlCacheBehavior [ RunTime:0.000832s ]
INFO: [ app_begin ] --END-- [ RunTime:0.000911s ]
NOTIC: [8] Undefined index: login F:\phpStudy\WWW\www.qingnianjuhe.club\Application\Admin\Common\function.php 第 70 行.

[ 2018-11-02T10:56:47+08:00 ] 127.0.0.1 /index.php/Admin/Index/index
INFO: [ app_init ] --START--
INFO: Run Behavior\BuildLiteBehavior [ RunTime:0.000012s ]
INFO: [ app_init ] --END-- [ RunTime:0.000637s ]
INFO: [ app_begin ] --START--
INFO: Run Behavior\ReadHtmlCacheBehavior [ RunTime:0.000769s ]
INFO: [ app_begin ] --END-- [ RunTime:0.000831s ]
INFO: [ view_begin ] --START--
INFO: Run Home\Behaviors\testBehavior [ RunTime:0.001042s ]
INFO: [ view_begin ] --END-- [ RunTime:0.001098s ]
INFO: [ view_parse ] --START--
INFO: [ template_filter ] --START--
INFO: Run Behavior\ContentReplaceBehavior [ RunTime:0.000066s ]
INFO: [ template_filter ] --END-- [ RunTime:0.000112s ]
INFO: Run Behavior\ParseTemplateBehavior [ RunTime:0.063265s ]
INFO: [ view_parse ] --END-- [ RunTime:0.063316s ]
INFO: [ view_filter ] --START--
INFO: Run Behavior\WriteHtmlCacheBehavior [ RunTime:0.000475s ]
INFO: Run Behavior\TokenBuildBehavior [ RunTime:0.001105s ]
INFO: [ view_filter ] --END-- [ RunTime:0.001632s ]
INFO: [ app_end ] --START--
INFO: Run Behavior\ShowPageTraceBehavior [ RunTime:0.000698s ]
INFO: [ app_end ] --END-- [ RunTime:0.000730s ]

[ 2018-11-02T10:56:48+08:00 ] 127.0.0.1 /index.php/Admin/Index/welcome
INFO: [ app_init ] --START--
INFO: Run Behavior\BuildLiteBehavior [ RunTime:0.000013s ]
INFO: [ app_init ] --END-- [ RunTime:0.000470s ]
INFO: [ app_begin ] --START--
INFO: Run Behavior\ReadHtmlCacheBehavior [ RunTime:0.000814s ]
INFO: [ app_begin ] --END-- [ RunTime:0.000879s ]
NOTIC: [8] Undefined index: welcome F:\phpStudy\WWW\www.qingnianjuhe.club\Application\Admin\Common\function.php 第 70 行.
NOTIC: [8] Undefined index: version F:\phpStudy\WWW\www.qingnianjuhe.club\Application\Admin\Controller\IndexController.class.php 第 57 行.
INFO: [ view_begin ] --START--
INFO: Run Home\Behaviors\testBehavior [ RunTime:0.001199s ]
INFO: [ view_begin ] --END-- [ RunTime:0.001251s ]
INFO: [ view_parse ] --START--
INFO: [ template_filter ] --START--
INFO: Run Behavior\ContentReplaceBehavior [ RunTime:0.000044s ]
INFO: [ template_filter ] --END-- [ RunTime:0.000082s ]
INFO: Run Behavior\ParseTemplateBehavior [ RunTime:0.023864s ]
INFO: [ view_parse ] --END-- [ RunTime:0.023939s ]
INFO: [ view_filter ] --START--
INFO: Run Behavior\WriteHtmlCacheBehavior [ RunTime:0.000595s ]
INFO: Run Behavior\TokenBuildBehavior [ RunTime:0.000786s ]
INFO: [ view_filter ] --END-- [ RunTime:0.001429s ]
INFO: [ app_end ] --START--
INFO: Run Behavior\ShowPageTraceBehavior [ RunTime:0.000698s ]
INFO: [ app_end ] --END-- [ RunTime:0.000727s ]

[ 2018-11-02T10:56:48+08:00 ] 127.0.0.1 /index.php/Admin/System/login_task
INFO: [ app_init ] --START--
INFO: Run Behavior\BuildLiteBehavior [ RunTime:0.000013s ]
INFO: [ app_init ] --END-- [ RunTime:0.000456s ]
INFO: [ app_begin ] --START--
INFO: Run Behavior\ReadHtmlCacheBehavior [ RunTime:0.001129s ]
INFO: [ app_begin ] --END-- [ RunTime:0.001220s ]
NOTIC: [8] Undefined index: login_task F:\phpStudy\WWW\www.qingnianjuhe.club\Application\Admin\Common\function.php 第 70 行.
NOTIC: [2] Invalid argument supplied for foreach() F:\phpStudy\WWW\www.qingnianjuhe.club\Application\Admin\Controller\SystemController.class.php 第 248 行.
INFO: [ app_end ] --START--
INFO: Run Behavior\ShowPageTraceBehavior [ RunTime:0.001041s ]
INFO: [ app_end ] --END-- [ RunTime:0.001095s ]

[ 2018-11-02T10:56:52+08:00 ] 127.0.0.1 /index.php/Admin/Order/index
INFO: [ app_init ] --START--
INFO: Run Behavior\BuildLiteBehavior [ RunTime:0.000009s ]
INFO: [ app_init ] --END-- [ RunTime:0.000523s ]
INFO: [ app_begin ] --START--
INFO: Run Behavior\ReadHtmlCacheBehavior [ RunTime:0.000665s ]
INFO: [ app_begin ] --END-- [ RunTime:0.000713s ]
INFO: [ view_begin ] --START--
INFO: Run Home\Behaviors\testBehavior [ RunTime:0.001198s ]
INFO: [ view_begin ] --END-- [ RunTime:0.001243s ]
INFO: [ view_parse ] --START--
INFO: [ template_filter ] --START--
INFO: Run Behavior\ContentReplaceBehavior [ RunTime:0.000065s ]
INFO: [ template_filter ] --END-- [ RunTime:0.000123s ]
INFO: Run Behavior\ParseTemplateBehavior [ RunTime:0.029296s ]
INFO: [ view_parse ] --END-- [ RunTime:0.029353s ]
INFO: [ view_filter ] --START--
INFO: Run Behavior\WriteHtmlCacheBehavior [ RunTime:0.000651s ]
INFO: Run Behavior\TokenBuildBehavior [ RunTime:0.000744s ]
INFO: [ view_filter ] --END-- [ RunTime:0.001448s ]
INFO: [ app_end ] --START--
INFO: Run Behavior\ShowPageTraceBehavior [ RunTime:0.000831s ]
INFO: [ app_end ] --END-- [ RunTime:0.000863s ]

[ 2018-11-02T10:56:53+08:00 ] 127.0.0.1 /index.php/Admin/order/ajaxindex/p/1
INFO: [ app_init ] --START--
INFO: Run Behavior\BuildLiteBehavior [ RunTime:0.000013s ]
INFO: [ app_init ] --END-- [ RunTime:0.000499s ]
INFO: [ app_begin ] --START--
INFO: Run Behavior\ReadHtmlCacheBehavior [ RunTime:0.000764s ]
INFO: [ app_begin ] --END-- [ RunTime:0.000819s ]
NOTIC: [8] Undefined index: ajaxindex F:\phpStudy\WWW\www.qingnianjuhe.club\Application\Admin\Common\function.php 第 70 行.
NOTIC: [8] Use of undefined constant STORE_ID - assumed 'STORE_ID' F:\phpStudy\WWW\www.qingnianjuhe.club\Application\Admin\Controller\OrderController.class.php 第 58 行.
INFO: [ view_begin ] --START--
INFO: Run Home\Behaviors\testBehavior [ RunTime:0.001371s ]
INFO: [ view_begin ] --END-- [ RunTime:0.001422s ]
INFO: [ view_parse ] --START--
INFO: [ template_filter ] --START--
INFO: Run Behavior\ContentReplaceBehavior [ RunTime:0.000041s ]
INFO: [ template_filter ] --END-- [ RunTime:0.000080s ]
INFO: Run Behavior\ParseTemplateBehavior [ RunTime:0.024807s ]
INFO: [ view_parse ] --END-- [ RunTime:0.024857s ]
INFO: [ view_filter ] --START--
INFO: Run Behavior\WriteHtmlCacheBehavior [ RunTime:0.000562s ]
INFO: Run Behavior\TokenBuildBehavior [ RunTime:0.000610s ]
INFO: [ view_filter ] --END-- [ RunTime:0.001220s ]
INFO: [ app_end ] --START--
INFO: Run Behavior\ShowPageTraceBehavior [ RunTime:0.000698s ]
INFO: [ app_end ] --END-- [ RunTime:0.000728s ]

[ 2018-11-02T10:56:54+08:00 ] 127.0.0.1 /index.php/Admin/Order/delivery_list
INFO: [ app_init ] --START--
INFO: Run Behavior\BuildLiteBehavior [ RunTime:0.000014s ]
INFO: [ app_init ] --END-- [ RunTime:0.000474s ]
INFO: [ app_begin ] --START--
INFO: Run Behavior\ReadHtmlCacheBehavior [ RunTime:0.000691s ]
INFO: [ app_begin ] --END-- [ RunTime:0.000741s ]
INFO: [ view_begin ] --START--
INFO: Run Home\Behaviors\testBehavior [ RunTime:0.001500s ]
INFO: [ view_begin ] --END-- [ RunTime:0.001546s ]
INFO: [ view_parse ] --START--
INFO: [ template_filter ] --START--
INFO: Run Behavior\ContentReplaceBehavior [ RunTime:0.000045s ]
INFO: [ template_filter ] --END-- [ RunTime:0.000091s ]
INFO: Run Behavior\ParseTemplateBehavior [ RunTime:0.011721s ]
INFO: [ view_parse ] --END-- [ RunTime:0.011790s ]
INFO: [ view_filter ] --START--
INFO: Run Behavior\WriteHtmlCacheBehavior [ RunTime:0.000659s ]
INFO: Run Behavior\TokenBuildBehavior [ RunTime:0.000762s ]
INFO: [ view_filter ] --END-- [ RunTime:0.001501s ]
INFO: [ app_end ] --START--
INFO: Run Behavior\ShowPageTraceBehavior [ RunTime:0.000902s ]
INFO: [ app_end ] --END-- [ RunTime:0.000946s ]

[ 2018-11-02T10:56:54+08:00 ] 127.0.0.1 /index.php/Admin/order/ajaxdelivery/p/1
INFO: [ app_init ] --START--
INFO: Run Behavior\BuildLiteBehavior [ RunTime:0.000012s ]
INFO: [ app_init ] --END-- [ RunTime:0.000419s ]
INFO: [ app_begin ] --START--
INFO: Run Behavior\ReadHtmlCacheBehavior [ RunTime:0.000683s ]
INFO: [ app_begin ] --END-- [ RunTime:0.000746s ]
NOTIC: [8] Undefined index: ajaxdelivery F:\phpStudy\WWW\www.qingnianjuhe.club\Application\Admin\Common\function.php 第 70 行.
NOTIC: [8] Use of undefined constant STORE_ID - assumed 'STORE_ID' F:\phpStudy\WWW\www.qingnianjuhe.club\Application\Admin\Controller\OrderController.class.php 第 89 行.
NOTIC: [2] implode(): Invalid arguments passed F:\phpStudy\WWW\www.qingnianjuhe.club\Application\Admin\Controller\OrderController.class.php 第 102 行.
INFO: [ view_begin ] --START--
INFO: Run Home\Behaviors\testBehavior [ RunTime:0.001654s ]
INFO: [ view_begin ] --END-- [ RunTime:0.001687s ]
INFO: [ view_parse ] --START--
INFO: [ template_filter ] --START--
INFO: Run Behavior\ContentReplaceBehavior [ RunTime:0.000035s ]
INFO: [ template_filter ] --END-- [ RunTime:0.000068s ]
INFO: Run Behavior\ParseTemplateBehavior [ RunTime:0.026583s ]
INFO: [ view_parse ] --END-- [ RunTime:0.026627s ]
INFO: [ view_filter ] --START--
INFO: Run Behavior\WriteHtmlCacheBehavior [ RunTime:0.000657s ]
INFO: Run Behavior\TokenBuildBehavior [ RunTime:0.000642s ]
INFO: [ view_filter ] --END-- [ RunTime:0.001348s ]
INFO: [ app_end ] --START--
INFO: Run Behavior\ShowPageTraceBehavior [ RunTime:0.000802s ]
INFO: [ app_end ] --END-- [ RunTime:0.000834s ]

[ 2018-11-02T10:56:54+08:00 ] 127.0.0.1 /index.php/Admin/Order/return_list
INFO: [ app_init ] --START--
INFO: Run Behavior\BuildLiteBehavior [ RunTime:0.000010s ]
INFO: [ app_init ] --END-- [ RunTime:0.000486s ]
INFO: [ app_begin ] --START--
INFO: Run Behavior\ReadHtmlCacheBehavior [ RunTime:0.001146s ]
INFO: [ app_begin ] --END-- [ RunTime:0.001212s ]
INFO: [ view_begin ] --START--
INFO: Run Home\Behaviors\testBehavior [ RunTime:0.001522s ]
INFO: [ view_begin ] --END-- [ RunTime:0.001567s ]
INFO: [ view_parse ] --START--
INFO: [ template_filter ] --START--
INFO: Run Behavior\ContentReplaceBehavior [ RunTime:0.000044s ]
INFO: [ template_filter ] --END-- [ RunTime:0.000081s ]
INFO: Run Behavior\ParseTemplateBehavior [ RunTime:0.045655s ]
INFO: [ view_parse ] --END-- [ RunTime:0.045728s ]
INFO: [ view_filter ] --START--
INFO: Run Behavior\WriteHtmlCacheBehavior [ RunTime:0.000718s ]
INFO: Run Behavior\TokenBuildBehavior [ RunTime:0.000696s ]
INFO: [ view_filter ] --END-- [ RunTime:0.001467s ]
INFO: [ app_end ] --START--
INFO: Run Behavior\ShowPageTraceBehavior [ RunTime:0.000859s ]
INFO: [ app_end ] --END-- [ RunTime:0.000892s ]

[ 2018-11-02T10:56:54+08:00 ] 127.0.0.1 /index.php/Admin/order/ajax_return_list/p/1
INFO: [ app_init ] --START--
INFO: Run Behavior\BuildLiteBehavior [ RunTime:0.000052s ]
INFO: [ app_init ] --END-- [ RunTime:0.000678s ]
INFO: [ app_begin ] --START--
INFO: Run Behavior\ReadHtmlCacheBehavior [ RunTime:0.000672s ]
INFO: [ app_begin ] --END-- [ RunTime:0.000716s ]
NOTIC: [8] Undefined index: ajax_return_list F:\phpStudy\WWW\www.qingnianjuhe.club\Application\Admin\Common\function.php 第 70 行.
NOTIC: [8] Use of undefined constant STORE_ID - assumed 'STORE_ID' F:\phpStudy\WWW\www.qingnianjuhe.club\Application\Admin\Controller\OrderController.class.php 第 525 行.
INFO: [ view_begin ] --START--
INFO: Run Home\Behaviors\testBehavior [ RunTime:0.001589s ]
INFO: [ view_begin ] --END-- [ RunTime:0.001654s ]
INFO: [ view_parse ] --START--
INFO: [ template_filter ] --START--
INFO: Run Behavior\ContentReplaceBehavior [ RunTime:0.000077s ]
INFO: [ template_filter ] --END-- [ RunTime:0.000111s ]
NOTIC: [8] Use of undefined constant type - assumed 'type' F:\phpStudy\WWW\www.qingnianjuhe.club\Application\Runtime\Cache\Admin\ccedc7d26487629172cb53a19d95d4d5.php 第 29 行.
NOTIC: [8] Use of undefined constant type - assumed 'type' F:\phpStudy\WWW\www.qingnianjuhe.club\Application\Runtime\Cache\Admin\ccedc7d26487629172cb53a19d95d4d5.php 第 30 行.
NOTIC: [8] Use of undefined constant status - assumed 'status' F:\phpStudy\WWW\www.qingnianjuhe.club\Application\Runtime\Cache\Admin\ccedc7d26487629172cb53a19d95d4d5.php 第 34 行.
NOTIC: [8] Use of undefined constant status - assumed 'status' F:\phpStudy\WWW\www.qingnianjuhe.club\Application\Runtime\Cache\Admin\ccedc7d26487629172cb53a19d95d4d5.php 第 35 行.
NOTIC: [8] Use of undefined constant status - assumed 'status' F:\phpStudy\WWW\www.qingnianjuhe.club\Application\Runtime\Cache\Admin\ccedc7d26487629172cb53a19d95d4d5.php 第 36 行.
NOTIC: [8] Use of undefined constant status - assumed 'status' F:\phpStudy\WWW\www.qingnianjuhe.club\Application\Runtime\Cache\Admin\ccedc7d26487629172cb53a19d95d4d5.php 第 40 行.
NOTIC: [8] Use of undefined constant type - assumed 'type' F:\phpStudy\WWW\www.qingnianjuhe.club\Application\Runtime\Cache\Admin\ccedc7d26487629172cb53a19d95d4d5.php 第 29 行.
NOTIC: [8] Use of undefined constant type - assumed 'type' F:\phpStudy\WWW\www.qingnianjuhe.club\Application\Runtime\Cache\Admin\ccedc7d26487629172cb53a19d95d4d5.php 第 30 行.
NOTIC: [8] Use of undefined constant status - assumed 'status' F:\phpStudy\WWW\www.qingnianjuhe.club\Application\Runtime\Cache\Admin\ccedc7d26487629172cb53a19d95d4d5.php 第 34 行.
NOTIC: [8] Use of undefined constant status - assumed 'status' F:\phpStudy\WWW\www.qingnianjuhe.club\Application\Runtime\Cache\Admin\ccedc7d26487629172cb53a19d95d4d5.php 第 35 行.
NOTIC: [8] Use of undefined constant status - assumed 'status' F:\phpStudy\WWW\www.qingnianjuhe.club\Application\Runtime\Cache\Admin\ccedc7d26487629172cb53a19d95d4d5.php 第 36 行.
NOTIC: [8] Use of undefined constant status - assumed 'status' F:\phpStudy\WWW\www.qingnianjuhe.club\Application\Runtime\Cache\Admin\ccedc7d26487629172cb53a19d95d4d5.php 第 40 行.
NOTIC: [8] Use of undefined constant type - assumed 'type' F:\phpStudy\WWW\www.qingnianjuhe.club\Application\Runtime\Cache\Admin\ccedc7d26487629172cb53a19d95d4d5.php 第 29 行.
NOTIC: [8] Use of undefined constant type - assumed 'type' F:\phpStudy\WWW\www.qingnianjuhe.club\Application\Runtime\Cache\Admin\ccedc7d26487629172cb53a19d95d4d5.php 第 30 行.
NOTIC: [8] Use of undefined constant status - assumed 'status' F:\phpStudy\WWW\www.qingnianjuhe.club\Application\Runtime\Cache\Admin\ccedc7d26487629172cb53a19d95d4d5.php 第 34 行.
NOTIC: [8] Use of undefined constant status - assumed 'status' F:\phpStudy\WWW\www.qingnianjuhe.club\Application\Runtime\Cache\Admin\ccedc7d26487629172cb53a19d95d4d5.php 第 35 行.
NOTIC: [8] Use of undefined constant status - assumed 'status' F:\phpStudy\WWW\www.qingnianjuhe.club\Application\Runtime\Cache\Admin\ccedc7d26487629172cb53a19d95d4d5.php 第 36 行.
NOTIC: [8] Use of undefined constant status - assumed 'status' F:\phpStudy\WWW\www.qingnianjuhe.club\Application\Runtime\Cache\Admin\ccedc7d26487629172cb53a19d95d4d5.php 第 40 行.
INFO: Run Behavior\ParseTemplateBehavior [ RunTime:0.012993s ]
INFO: [ view_parse ] --END-- [ RunTime:0.013050s ]
INFO: [ view_filter ] --START--
INFO: Run Behavior\WriteHtmlCacheBehavior [ RunTime:0.000938s ]
INFO: Run Behavior\TokenBuildBehavior [ RunTime:0.000822s ]
INFO: [ view_filter ] --END-- [ RunTime:0.001832s ]
INFO: [ app_end ] --START--
INFO: Run Behavior\ShowPageTraceBehavior [ RunTime:0.000820s ]
INFO: [ app_end ] --END-- [ RunTime:0.000850s ]

[ 2018-11-02T10:56:57+08:00 ] 127.0.0.1 /index.php/Admin/Goods/module
INFO: [ app_init ] --START--
INFO: Run Behavior\BuildLiteBehavior [ RunTime:0.000010s ]
INFO: [ app_init ] --END-- [ RunTime:0.000483s ]
INFO: [ app_begin ] --START--
INFO: Run Behavior\ReadHtmlCacheBehavior [ RunTime:0.000694s ]
INFO: [ app_begin ] --END-- [ RunTime:0.000738s ]
NOTIC: [8] Undefined index: module F:\phpStudy\WWW\www.qingnianjuhe.club\Application\Admin\Common\function.php 第 70 行.
INFO: [ view_begin ] --START--
INFO: Run Home\Behaviors\testBehavior [ RunTime:0.001634s ]
INFO: [ view_begin ] --END-- [ RunTime:0.001683s ]
INFO: [ view_parse ] --START--
INFO: [ template_filter ] --START--
INFO: Run Behavior\ContentReplaceBehavior [ RunTime:0.000048s ]
INFO: [ template_filter ] --END-- [ RunTime:0.000090s ]
INFO: Run Behavior\ParseTemplateBehavior [ RunTime:0.012702s ]
INFO: [ view_parse ] --END-- [ RunTime:0.012749s ]
INFO: [ view_filter ] --START--
INFO: Run Behavior\WriteHtmlCacheBehavior [ RunTime:0.000656s ]
INFO: Run Behavior\TokenBuildBehavior [ RunTime:0.001294s ]
INFO: [ view_filter ] --END-- [ RunTime:0.002002s ]
INFO: [ app_end ] --START--
INFO: Run Behavior\ShowPageTraceBehavior [ RunTime:0.000864s ]
INFO: [ app_end ] --END-- [ RunTime:0.000895s ]

[ 2018-11-02T10:56:58+08:00 ] 127.0.0.1 /index.php/Admin/Goods/categoryList
INFO: [ app_init ] --START--
INFO: Run Behavior\BuildLiteBehavior [ RunTime:0.000010s ]
INFO: [ app_init ] --END-- [ RunTime:0.000499s ]
INFO: [ app_begin ] --START--
INFO: Run Behavior\ReadHtmlCacheBehavior [ RunTime:0.000681s ]
INFO: [ app_begin ] --END-- [ RunTime:0.000729s ]
INFO: [ view_begin ] --START--
INFO: Run Home\Behaviors\testBehavior [ RunTime:0.001107s ]
INFO: [ view_begin ] --END-- [ RunTime:0.001161s ]
INFO: [ view_parse ] --START--
INFO: [ template_filter ] --START--
INFO: Run Behavior\ContentReplaceBehavior [ RunTime:0.000062s ]
INFO: [ template_filter ] --END-- [ RunTime:0.000113s ]
NOTIC: [8] Use of undefined constant level - assumed 'level' F:\phpStudy\WWW\www.qingnianjuhe.club\Application\Runtime\Cache\Admin\83974538ecda025b39358b0db8629987.php 第 126 行.
NOTIC: [8] Use of undefined constant is_hot - assumed 'is_hot' F:\phpStudy\WWW\www.qingnianjuhe.club\Application\Runtime\Cache\Admin\83974538ecda025b39358b0db8629987.php 第 131 行.
NOTIC: [8] Use of undefined constant is_show - assumed 'is_show' F:\phpStudy\WWW\www.qingnianjuhe.club\Application\Runtime\Cache\Admin\83974538ecda025b39358b0db8629987.php 第 134 行.
NOTIC: [8] Use of undefined constant level - assumed 'level' F:\phpStudy\WWW\www.qingnianjuhe.club\Application\Runtime\Cache\Admin\83974538ecda025b39358b0db8629987.php 第 126 行.
NOTIC: [8] Use of undefined constant is_hot - assumed 'is_hot' F:\phpStudy\WWW\www.qingnianjuhe.club\Application\Runtime\Cache\Admin\83974538ecda025b39358b0db8629987.php 第 131 行.
NOTIC: [8] Use of undefined constant is_show - assumed 'is_show' F:\phpStudy\WWW\www.qingnianjuhe.club\Application\Runtime\Cache\Admin\83974538ecda025b39358b0db8629987.php 第 134 行.
NOTIC: [8] Use of undefined constant level - assumed 'level' F:\phpStudy\WWW\www.qingnianjuhe.club\Application\Runtime\Cache\Admin\83974538ecda025b39358b0db8629987.php 第 126 行.
NOTIC: [8] Use of undefined constant is_hot - assumed 'is_hot' F:\phpStudy\WWW\www.qingnianjuhe.club\Application\Runtime\Cache\Admin\83974538ecda025b39358b0db8629987.php 第 131 行.
NOTIC: [8] Use of undefined constant is_show - assumed 'is_show' F:\phpStudy\WWW\www.qingnianjuhe.club\Application\Runtime\Cache\Admin\83974538ecda025b39358b0db8629987.php 第 134 行.
NOTIC: [8] Use of undefined constant level - assumed 'level' F:\phpStudy\WWW\www.qingnianjuhe.club\Application\Runtime\Cache\Admin\83974538ecda025b39358b0db8629987.php 第 126 行.
NOTIC: [8] Use of undefined constant is_hot - assumed 'is_hot' F:\phpStudy\WWW\www.qingnianjuhe.club\Application\Runtime\Cache\Admin\83974538ecda025b39358b0db8629987.php 第 131 行.
NOTIC: [8] Use of undefined constant is_show - assumed 'is_show' F:\phpStudy\WWW\www.qingnianjuhe.club\Application\Runtime\Cache\Admin\83974538ecda025b39358b0db8629987.php 第 134 行.
NOTIC: [8] Use of undefined constant level - assumed 'level' F:\phpStudy\WWW\www.qingnianjuhe.club\Application\Runtime\Cache\Admin\83974538ecda025b39358b0db8629987.php 第 126 行.
NOTIC: [8] Use of undefined constant is_hot - assumed 'is_hot' F:\phpStudy\WWW\www.qingnianjuhe.club\Application\Runtime\Cache\Admin\83974538ecda025b39358b0db8629987.php 第 131 行.
NOTIC: [8] Use of undefined constant is_show - assumed 'is_show' F:\phpStudy\WWW\www.qingnianjuhe.club\Application\Runtime\Cache\Admin\83974538ecda025b39358b0db8629987.php 第 134 行.
NOTIC: [8] Use of undefined constant level - assumed 'level' F:\phpStudy\WWW\www.qingnianjuhe.club\Application\Runtime\Cache\Admin\83974538ecda025b39358b0db8629987.php 第 126 行.
NOTIC: [8] Use of undefined constant is_hot - assumed 'is_hot' F:\phpStudy\WWW\www.qingnianjuhe.club\Application\Runtime\Cache\Admin\83974538ecda025b39358b0db8629987.php 第 131 行.
NOTIC: [8] Use of undefined constant is_show - assumed 'is_show' F:\phpStudy\WWW\www.qingnianjuhe.club\Application\Runtime\Cache\Admin\83974538ecda025b39358b0db8629987.php 第 134 行.
NOTIC: [8] Use of undefined constant level - assumed 'level' F:\phpStudy\WWW\www.qingnianjuhe.club\Application\Runtime\Cache\Admin\83974538ecda025b39358b0db8629987.php 第 126 行.
NOTIC: [8] Use of undefined constant is_hot - assumed 'is_hot' F:\phpStudy\WWW\www.qingnianjuhe.club\Application\Runtime\Cache\Admin\83974538ecda025b39358b0db8629987.php 第 131 行.
NOTIC: [8] Use of undefined constant is_show - assumed 'is_show' F:\phpStudy\WWW\www.qingnianjuhe.club\Application\Runtime\Cache\Admin\83974538ecda025b39358b0db8629987.php 第 134 行.
NOTIC: [8] Use of undefined constant level - assumed 'level' F:\phpStudy\WWW\www.qingnianjuhe.club\Application\Runtime\Cache\Admin\83974538ecda025b39358b0db8629987.php 第 126 行.
NOTIC: [8] Use of undefined constant is_hot - assumed 'is_hot' F:\phpStudy\WWW\www.qingnianjuhe.club\Application\Runtime\Cache\Admin\83974538ecda025b39358b0db8629987.php 第 131 行.
NOTIC: [8] Use of undefined constant is_show - assumed 'is_show' F:\phpStudy\WWW\www.qingnianjuhe.club\Application\Runtime\Cache\Admin\83974538ecda025b39358b0db8629987.php 第 134 行.
NOTIC: [8] Use of undefined constant level - assumed 'level' F:\phpStudy\WWW\www.qingnianjuhe.club\Application\Runtime\Cache\Admin\83974538ecda025b39358b0db8629987.php 第 126 行.
NOTIC: [8] Use of undefined constant is_hot - assumed 'is_hot' F:\phpStudy\WWW\www.qingnianjuhe.club\Application\Runtime\Cache\Admin\83974538ecda025b39358b0db8629987.php 第 131 行.
NOTIC: [8] Use of undefined constant is_show - assumed 'is_show' F:\phpStudy\WWW\www.qingnianjuhe.club\Application\Runtime\Cache\Admin\83974538ecda025b39358b0db8629987.php 第 134 行.
INFO: Run Behavior\ParseTemplateBehavior [ RunTime:0.104123s ]
INFO: [ view_parse ] --END-- [ RunTime:0.104165s ]
INFO: [ view_filter ] --START--
INFO: Run Behavior\WriteHtmlCacheBehavior [ RunTime:0.000556s ]
INFO: Run Behavior\TokenBuildBehavior [ RunTime:0.001229s ]
INFO: [ view_filter ] --END-- [ RunTime:0.001835s ]
INFO: [ app_end ] --START--
INFO: Run Behavior\ShowPageTraceBehavior [ RunTime:0.000828s ]
INFO: [ app_end ] --END-- [ RunTime:0.000861s ]

[ 2018-11-02T11:22:02+08:00 ] 127.0.0.1 /index.php/Admin/Goods/addEditGoods
INFO: [ app_init ] --START--
INFO: Run Behavior\BuildLiteBehavior [ RunTime:0.000011s ]
INFO: [ app_init ] --END-- [ RunTime:0.000605s ]
INFO: [ app_begin ] --START--
INFO: Run Behavior\ReadHtmlCacheBehavior [ RunTime:0.000892s ]
INFO: [ app_begin ] --END-- [ RunTime:0.000955s ]
NOTIC: [8] Undefined index: goods_id F:\phpStudy\WWW\www.qingnianjuhe.club\Application\Admin\Controller\GoodsController.class.php 第 418 行.
NOTIC: [8] Undefined index: is_ajax F:\phpStudy\WWW\www.qingnianjuhe.club\Application\Admin\Controller\GoodsController.class.php 第 421 行.
NOTIC: [8] Undefined variable: level_cat F:\phpStudy\WWW\www.qingnianjuhe.club\Application\Admin\Controller\GoodsController.class.php 第 510 行.
INFO: [ view_begin ] --START--
INFO: Run Home\Behaviors\testBehavior [ RunTime:0.001533s ]
INFO: [ view_begin ] --END-- [ RunTime:0.001577s ]
INFO: [ view_parse ] --START--
INFO: [ template_filter ] --START--
INFO: Run Behavior\ContentReplaceBehavior [ RunTime:0.000232s ]
INFO: [ template_filter ] --END-- [ RunTime:0.000274s ]
NOTIC: [8] Undefined variable: URL_home F:\phpStudy\WWW\www.qingnianjuhe.club\Application\Runtime\Cache\Admin\c5b83c1ac2aaddb7d217c711b27315d2.php 第 109 行.
NOTIC: [8] Undefined variable: store_goods_class_list F:\phpStudy\WWW\www.qingnianjuhe.club\Application\Runtime\Cache\Admin\c5b83c1ac2aaddb7d217c711b27315d2.php 第 283 行.
NOTIC: [8] Undefined variable: suppliersList F:\phpStudy\WWW\www.qingnianjuhe.club\Application\Runtime\Cache\Admin\c5b83c1ac2aaddb7d217c711b27315d2.php 第 312 行.
NOTIC: [8] Use of undefined constant goods_id - assumed 'goods_id' F:\phpStudy\WWW\www.qingnianjuhe.club\Application\Runtime\Cache\Admin\c5b83c1ac2aaddb7d217c711b27315d2.php 第 403 行.
NOTIC: [8] Use of undefined constant basic_default_storage - assumed 'basic_default_storage' F:\phpStudy\WWW\www.qingnianjuhe.club\Application\Runtime\Cache\Admin\c5b83c1ac2aaddb7d217c711b27315d2.php 第 405 行.
NOTIC: [8] Use of undefined constant is_free_shipping - assumed 'is_free_shipping' F:\phpStudy\WWW\www.qingnianjuhe.club\Application\Runtime\Cache\Admin\c5b83c1ac2aaddb7d217c711b27315d2.php 第 438 行.
NOTIC: [8] Use of undefined constant is_free_shipping - assumed 'is_free_shipping' F:\phpStudy\WWW\www.qingnianjuhe.club\Application\Runtime\Cache\Admin\c5b83c1ac2aaddb7d217c711b27315d2.php 第 439 行.
NOTIC: [8] Undefined variable: plugin_shipping F:\phpStudy\WWW\www.qingnianjuhe.club\Application\Runtime\Cache\Admin\c5b83c1ac2aaddb7d217c711b27315d2.php 第 534 行.
INFO: Run Behavior\ParseTemplateBehavior [ RunTime:0.041056s ]
INFO: [ view_parse ] --END-- [ RunTime:0.041094s ]
INFO: [ view_filter ] --START--
INFO: Run Behavior\WriteHtmlCacheBehavior [ RunTime:0.001034s ]
INFO: Run Behavior\TokenBuildBehavior [ RunTime:0.001954s ]
INFO: [ view_filter ] --END-- [ RunTime:0.003076s ]
INFO: [ app_end ] --START--
INFO: Run Behavior\ShowPageTraceBehavior [ RunTime:0.000827s ]
INFO: [ app_end ] --END-- [ RunTime:0.000878s ]

