[ 2018-10-29T11:49:15+08:00 ] 127.0.0.1 /admin
INFO: [ app_init ] --START--
INFO: Run Behavior\BuildLiteBehavior [ RunTime:0.000007s ]
INFO: [ app_init ] --END-- [ RunTime:0.000407s ]
INFO: [ app_begin ] --START--
INFO: Run Behavior\ReadHtmlCacheBehavior [ RunTime:0.000643s ]
INFO: [ app_begin ] --END-- [ RunTime:0.000682s ]
INFO: [ view_begin ] --START--
INFO: Run Home\Behaviors\testBehavior [ RunTime:0.001633s ]
INFO: [ view_begin ] --END-- [ RunTime:0.001687s ]
INFO: [ view_parse ] --START--
INFO: [ template_filter ] --START--
INFO: Run Behavior\ContentReplaceBehavior [ RunTime:0.000023s ]
INFO: [ template_filter ] --END-- [ RunTime:0.000052s ]
INFO: Run Behavior\ParseTemplateBehavior [ RunTime:0.067468s ]
INFO: [ view_parse ] --END-- [ RunTime:0.067515s ]
INFO: [ view_filter ] --START--
INFO: Run Behavior\WriteHtmlCacheBehavior [ RunTime:0.000460s ]
INFO: Run Behavior\TokenBuildBehavior [ RunTime:0.000624s ]
INFO: [ view_filter ] --END-- [ RunTime:0.001121s ]

[ 2018-10-29T11:49:22+08:00 ] 127.0.0.1 /index.php/Admin/Admin/login
INFO: [ app_init ] --START--
INFO: Run Behavior\BuildLiteBehavior [ RunTime:0.000006s ]
INFO: [ app_init ] --END-- [ RunTime:0.000442s ]
INFO: [ app_begin ] --START--
INFO: Run Behavior\ReadHtmlCacheBehavior [ RunTime:0.000439s ]
INFO: [ app_begin ] --END-- [ RunTime:0.000466s ]
NOTIC: [8] Undefined index: login F:\phpStudy\WWW\www.qingnianjuhe.club\Application\Admin\Common\function.php 第 70 行.
NOTIC: [2] file_get_contents(http://service.tp-shop.cn/index.php?m=Home&amp;c=Index&amp;a=user_push&amp;domain=www.qingnianjuhe.com&amp;last_domain=www.qingnianjuhe.com&amp;key_num=v1.0.0&amp;install_time=1494946460&amp;cpu=0001&amp;mac=0002&amp;serial_number=20170516105420KfPCm7): failed to open stream: HTTP request failed!  F:\phpStudy\WWW\www.qingnianjuhe.club\Application\Admin\Common\function.php 第 56 行.
INFO: [ view_begin ] --START--
INFO: Run Home\Behaviors\testBehavior [ RunTime:0.000880s ]
INFO: [ view_begin ] --END-- [ RunTime:0.000908s ]
INFO: [ view_parse ] --START--
INFO: [ template_filter ] --START--
INFO: Run Behavior\ContentReplaceBehavior [ RunTime:0.000036s ]
INFO: [ template_filter ] --END-- [ RunTime:0.000064s ]
INFO: Run Behavior\ParseTemplateBehavior [ RunTime:0.006985s ]
INFO: [ view_parse ] --END-- [ RunTime:0.007020s ]
INFO: [ view_filter ] --START--
INFO: Run Behavior\WriteHtmlCacheBehavior [ RunTime:0.000451s ]
INFO: Run Behavior\TokenBuildBehavior [ RunTime:0.000942s ]
INFO: [ view_filter ] --END-- [ RunTime:0.001429s ]
INFO: [ app_end ] --START--
INFO: Run Behavior\ShowPageTraceBehavior [ RunTime:0.000588s ]
INFO: [ app_end ] --END-- [ RunTime:0.000609s ]

[ 2018-10-29T11:49:22+08:00 ] 127.0.0.1 /index.php/Admin/Admin/vertify
INFO: [ app_init ] --START--
INFO: Run Behavior\BuildLiteBehavior [ RunTime:0.000007s ]
INFO: [ app_init ] --END-- [ RunTime:0.000385s ]
INFO: [ app_begin ] --START--
INFO: Run Behavior\ReadHtmlCacheBehavior [ RunTime:0.000586s ]
INFO: [ app_begin ] --END-- [ RunTime:0.000643s ]
NOTIC: [8] Undefined index: vertify F:\phpStudy\WWW\www.qingnianjuhe.club\Application\Admin\Common\function.php 第 70 行.
INFO: [ app_end ] --START--
INFO: Run Behavior\ShowPageTraceBehavior [ RunTime:0.000682s ]
INFO: [ app_end ] --END-- [ RunTime:0.000723s ]

[ 2018-10-29T11:49:31+08:00 ] 127.0.0.1 /index.php?m=Admin&c=Admin&a=login&t=0.14464233659312464
INFO: [ app_init ] --START--
INFO: Run Behavior\BuildLiteBehavior [ RunTime:0.000007s ]
INFO: [ app_init ] --END-- [ RunTime:0.000395s ]
INFO: [ app_begin ] --START--
INFO: Run Behavior\ReadHtmlCacheBehavior [ RunTime:0.000531s ]
INFO: [ app_begin ] --END-- [ RunTime:0.000556s ]
NOTIC: [8] Undefined index: login F:\phpStudy\WWW\www.qingnianjuhe.club\Application\Admin\Common\function.php 第 70 行.

[ 2018-10-29T11:49:32+08:00 ] 127.0.0.1 /index.php/Admin/Index/index
INFO: [ app_init ] --START--
INFO: Run Behavior\BuildLiteBehavior [ RunTime:0.000007s ]
INFO: [ app_init ] --END-- [ RunTime:0.000361s ]
INFO: [ app_begin ] --START--
INFO: Run Behavior\ReadHtmlCacheBehavior [ RunTime:0.000537s ]
INFO: [ app_begin ] --END-- [ RunTime:0.000564s ]
INFO: [ view_begin ] --START--
INFO: Run Home\Behaviors\testBehavior [ RunTime:0.001036s ]
INFO: [ view_begin ] --END-- [ RunTime:0.001080s ]
INFO: [ view_parse ] --START--
INFO: [ template_filter ] --START--
INFO: Run Behavior\ContentReplaceBehavior [ RunTime:0.000091s ]
INFO: [ template_filter ] --END-- [ RunTime:0.000122s ]
INFO: Run Behavior\ParseTemplateBehavior [ RunTime:0.055009s ]
INFO: [ view_parse ] --END-- [ RunTime:0.055039s ]
INFO: [ view_filter ] --START--
INFO: Run Behavior\WriteHtmlCacheBehavior [ RunTime:0.000383s ]
INFO: Run Behavior\TokenBuildBehavior [ RunTime:0.001634s ]
INFO: [ view_filter ] --END-- [ RunTime:0.002054s ]
INFO: [ app_end ] --START--
INFO: Run Behavior\ShowPageTraceBehavior [ RunTime:0.000655s ]
INFO: [ app_end ] --END-- [ RunTime:0.000701s ]

[ 2018-10-29T11:49:32+08:00 ] 127.0.0.1 /index.php/Admin/Index/welcome
INFO: [ app_init ] --START--
INFO: Run Behavior\BuildLiteBehavior [ RunTime:0.000008s ]
INFO: [ app_init ] --END-- [ RunTime:0.000389s ]
INFO: [ app_begin ] --START--
INFO: Run Behavior\ReadHtmlCacheBehavior [ RunTime:0.000525s ]
INFO: [ app_begin ] --END-- [ RunTime:0.000564s ]
NOTIC: [8] Undefined index: welcome F:\phpStudy\WWW\www.qingnianjuhe.club\Application\Admin\Common\function.php 第 70 行.
NOTIC: [8] Undefined index: version F:\phpStudy\WWW\www.qingnianjuhe.club\Application\Admin\Controller\IndexController.class.php 第 57 行.
INFO: [ view_begin ] --START--
INFO: Run Home\Behaviors\testBehavior [ RunTime:0.000978s ]
INFO: [ view_begin ] --END-- [ RunTime:0.001014s ]
INFO: [ view_parse ] --START--
INFO: [ template_filter ] --START--
INFO: Run Behavior\ContentReplaceBehavior [ RunTime:0.000041s ]
INFO: [ template_filter ] --END-- [ RunTime:0.000079s ]
INFO: Run Behavior\ParseTemplateBehavior [ RunTime:0.033125s ]
INFO: [ view_parse ] --END-- [ RunTime:0.033152s ]
INFO: [ view_filter ] --START--
INFO: Run Behavior\WriteHtmlCacheBehavior [ RunTime:0.000427s ]
INFO: Run Behavior\TokenBuildBehavior [ RunTime:0.000928s ]
INFO: [ view_filter ] --END-- [ RunTime:0.001405s ]
INFO: [ app_end ] --START--
INFO: Run Behavior\ShowPageTraceBehavior [ RunTime:0.000566s ]
INFO: [ app_end ] --END-- [ RunTime:0.000587s ]

[ 2018-10-29T11:49:33+08:00 ] 127.0.0.1 /index.php/Admin/System/login_task
INFO: [ app_init ] --START--
INFO: Run Behavior\BuildLiteBehavior [ RunTime:0.000021s ]
INFO: [ app_init ] --END-- [ RunTime:0.000739s ]
INFO: [ app_begin ] --START--
INFO: Run Behavior\ReadHtmlCacheBehavior [ RunTime:0.000509s ]
INFO: [ app_begin ] --END-- [ RunTime:0.000534s ]
NOTIC: [8] Undefined index: login_task F:\phpStudy\WWW\www.qingnianjuhe.club\Application\Admin\Common\function.php 第 70 行.
NOTIC: [2] Invalid argument supplied for foreach() F:\phpStudy\WWW\www.qingnianjuhe.club\Application\Admin\Controller\SystemController.class.php 第 248 行.
INFO: [ app_end ] --START--
INFO: Run Behavior\ShowPageTraceBehavior [ RunTime:0.000637s ]
INFO: [ app_end ] --END-- [ RunTime:0.000663s ]

[ 2018-10-29T11:49:43+08:00 ] 127.0.0.1 /index.php/Admin/Goods/kucunlist
INFO: [ app_init ] --START--
INFO: Run Behavior\BuildLiteBehavior [ RunTime:0.000008s ]
INFO: [ app_init ] --END-- [ RunTime:0.000485s ]
INFO: [ app_begin ] --START--
INFO: Run Behavior\ReadHtmlCacheBehavior [ RunTime:0.000515s ]
INFO: [ app_begin ] --END-- [ RunTime:0.000547s ]
NOTIC: [8] Undefined index: kucunlist F:\phpStudy\WWW\www.qingnianjuhe.club\Application\Admin\Common\function.php 第 70 行.
INFO: [ view_begin ] --START--
INFO: Run Home\Behaviors\testBehavior [ RunTime:0.000816s ]
INFO: [ view_begin ] --END-- [ RunTime:0.000854s ]
INFO: [ view_parse ] --START--
INFO: [ template_filter ] --START--
INFO: Run Behavior\ContentReplaceBehavior [ RunTime:0.000039s ]
INFO: [ template_filter ] --END-- [ RunTime:0.000067s ]
INFO: Run Behavior\ParseTemplateBehavior [ RunTime:0.008691s ]
INFO: [ view_parse ] --END-- [ RunTime:0.008719s ]
INFO: [ view_filter ] --START--
INFO: Run Behavior\WriteHtmlCacheBehavior [ RunTime:0.000416s ]
INFO: Run Behavior\TokenBuildBehavior [ RunTime:0.000959s ]
INFO: [ view_filter ] --END-- [ RunTime:0.001427s ]
INFO: [ app_end ] --START--
INFO: Run Behavior\ShowPageTraceBehavior [ RunTime:0.000503s ]
INFO: [ app_end ] --END-- [ RunTime:0.000525s ]

[ 2018-10-29T11:49:46+08:00 ] 127.0.0.1 /index.php/Admin/User/index
INFO: [ app_init ] --START--
INFO: Run Behavior\BuildLiteBehavior [ RunTime:0.000010s ]
INFO: [ app_init ] --END-- [ RunTime:0.000546s ]
INFO: [ app_begin ] --START--
INFO: Run Behavior\ReadHtmlCacheBehavior [ RunTime:0.000533s ]
INFO: [ app_begin ] --END-- [ RunTime:0.000564s ]
INFO: [ view_begin ] --START--
INFO: Run Home\Behaviors\testBehavior [ RunTime:0.000833s ]
INFO: [ view_begin ] --END-- [ RunTime:0.000866s ]
INFO: [ view_parse ] --START--
INFO: [ template_filter ] --START--
INFO: Run Behavior\ContentReplaceBehavior [ RunTime:0.000067s ]
INFO: [ template_filter ] --END-- [ RunTime:0.000103s ]
INFO: Run Behavior\ParseTemplateBehavior [ RunTime:0.093570s ]
INFO: [ view_parse ] --END-- [ RunTime:0.093599s ]
INFO: [ view_filter ] --START--
INFO: Run Behavior\WriteHtmlCacheBehavior [ RunTime:0.000452s ]
INFO: Run Behavior\TokenBuildBehavior [ RunTime:0.001031s ]
INFO: [ view_filter ] --END-- [ RunTime:0.001522s ]
INFO: [ app_end ] --START--
INFO: Run Behavior\ShowPageTraceBehavior [ RunTime:0.000519s ]
INFO: [ app_end ] --END-- [ RunTime:0.000541s ]

[ 2018-10-29T11:49:46+08:00 ] 127.0.0.1 /index.php/Admin/user/ajaxindex/p/1
INFO: [ app_init ] --START--
INFO: Run Behavior\BuildLiteBehavior [ RunTime:0.000007s ]
INFO: [ app_init ] --END-- [ RunTime:0.000480s ]
INFO: [ app_begin ] --START--
INFO: Run Behavior\ReadHtmlCacheBehavior [ RunTime:0.000449s ]
INFO: [ app_begin ] --END-- [ RunTime:0.000474s ]
NOTIC: [8] Undefined index: ajaxindex F:\phpStudy\WWW\www.qingnianjuhe.club\Application\Admin\Common\function.php 第 70 行.
INFO: [ view_begin ] --START--
INFO: Run Home\Behaviors\testBehavior [ RunTime:0.000848s ]
INFO: [ view_begin ] --END-- [ RunTime:0.000880s ]
INFO: [ view_parse ] --START--
INFO: [ template_filter ] --START--
INFO: Run Behavior\ContentReplaceBehavior [ RunTime:0.000032s ]
INFO: [ template_filter ] --END-- [ RunTime:0.000055s ]
NOTIC: [8] Use of undefined constant level - assumed 'level' F:\phpStudy\WWW\www.qingnianjuhe.club\Application\Runtime\Cache\Admin\3e12696b20dc93b2182c6881a1ad6237.php 第 46 行.
NOTIC: [8] Use of undefined constant level - assumed 'level' F:\phpStudy\WWW\www.qingnianjuhe.club\Application\Runtime\Cache\Admin\3e12696b20dc93b2182c6881a1ad6237.php 第 46 行.
NOTIC: [8] Use of undefined constant level - assumed 'level' F:\phpStudy\WWW\www.qingnianjuhe.club\Application\Runtime\Cache\Admin\3e12696b20dc93b2182c6881a1ad6237.php 第 46 行.
NOTIC: [8] Use of undefined constant level - assumed 'level' F:\phpStudy\WWW\www.qingnianjuhe.club\Application\Runtime\Cache\Admin\3e12696b20dc93b2182c6881a1ad6237.php 第 46 行.
NOTIC: [8] Use of undefined constant level - assumed 'level' F:\phpStudy\WWW\www.qingnianjuhe.club\Application\Runtime\Cache\Admin\3e12696b20dc93b2182c6881a1ad6237.php 第 46 行.
NOTIC: [8] Use of undefined constant level - assumed 'level' F:\phpStudy\WWW\www.qingnianjuhe.club\Application\Runtime\Cache\Admin\3e12696b20dc93b2182c6881a1ad6237.php 第 46 行.
NOTIC: [8] Use of undefined constant level - assumed 'level' F:\phpStudy\WWW\www.qingnianjuhe.club\Application\Runtime\Cache\Admin\3e12696b20dc93b2182c6881a1ad6237.php 第 46 行.
NOTIC: [8] Use of undefined constant level - assumed 'level' F:\phpStudy\WWW\www.qingnianjuhe.club\Application\Runtime\Cache\Admin\3e12696b20dc93b2182c6881a1ad6237.php 第 46 行.
NOTIC: [8] Use of undefined constant level - assumed 'level' F:\phpStudy\WWW\www.qingnianjuhe.club\Application\Runtime\Cache\Admin\3e12696b20dc93b2182c6881a1ad6237.php 第 46 行.
NOTIC: [8] Use of undefined constant level - assumed 'level' F:\phpStudy\WWW\www.qingnianjuhe.club\Application\Runtime\Cache\Admin\3e12696b20dc93b2182c6881a1ad6237.php 第 46 行.
INFO: Run Behavior\ParseTemplateBehavior [ RunTime:0.008644s ]
INFO: [ view_parse ] --END-- [ RunTime:0.008666s ]
INFO: [ view_filter ] --START--
INFO: Run Behavior\WriteHtmlCacheBehavior [ RunTime:0.000378s ]
INFO: Run Behavior\TokenBuildBehavior [ RunTime:0.002330s ]
INFO: [ view_filter ] --END-- [ RunTime:0.002741s ]
INFO: [ app_end ] --START--
INFO: Run Behavior\ShowPageTraceBehavior [ RunTime:0.000612s ]
INFO: [ app_end ] --END-- [ RunTime:0.000635s ]

[ 2018-10-29T11:49:47+08:00 ] 127.0.0.1 /index.php/Admin/User/lock
INFO: [ app_init ] --START--
INFO: Run Behavior\BuildLiteBehavior [ RunTime:0.000007s ]
INFO: [ app_init ] --END-- [ RunTime:0.000403s ]
INFO: [ app_begin ] --START--
INFO: Run Behavior\ReadHtmlCacheBehavior [ RunTime:0.000669s ]
INFO: [ app_begin ] --END-- [ RunTime:0.000720s ]
NOTIC: [8] Undefined index: lock F:\phpStudy\WWW\www.qingnianjuhe.club\Application\Admin\Common\function.php 第 70 行.
INFO: [ view_begin ] --START--
INFO: Run Home\Behaviors\testBehavior [ RunTime:0.000746s ]
INFO: [ view_begin ] --END-- [ RunTime:0.000774s ]
INFO: [ view_parse ] --START--
INFO: [ template_filter ] --START--
INFO: Run Behavior\ContentReplaceBehavior [ RunTime:0.000045s ]
INFO: [ template_filter ] --END-- [ RunTime:0.000075s ]
INFO: Run Behavior\ParseTemplateBehavior [ RunTime:0.007261s ]
INFO: [ view_parse ] --END-- [ RunTime:0.007289s ]
INFO: [ view_filter ] --START--
INFO: Run Behavior\WriteHtmlCacheBehavior [ RunTime:0.000435s ]
INFO: Run Behavior\TokenBuildBehavior [ RunTime:0.000977s ]
INFO: [ view_filter ] --END-- [ RunTime:0.001447s ]
INFO: [ app_end ] --START--
INFO: Run Behavior\ShowPageTraceBehavior [ RunTime:0.000657s ]
INFO: [ app_end ] --END-- [ RunTime:0.000680s ]

[ 2018-10-29T11:49:47+08:00 ] 127.0.0.1 /index.php/Admin/user/ajaxlock/p/1
INFO: [ app_init ] --START--
INFO: Run Behavior\BuildLiteBehavior [ RunTime:0.000010s ]
INFO: [ app_init ] --END-- [ RunTime:0.000545s ]
INFO: [ app_begin ] --START--
INFO: Run Behavior\ReadHtmlCacheBehavior [ RunTime:0.000490s ]
INFO: [ app_begin ] --END-- [ RunTime:0.000515s ]
NOTIC: [8] Undefined index: ajaxlock F:\phpStudy\WWW\www.qingnianjuhe.club\Application\Admin\Common\function.php 第 70 行.
INFO: [ view_begin ] --START--
INFO: Run Home\Behaviors\testBehavior [ RunTime:0.000907s ]
INFO: [ view_begin ] --END-- [ RunTime:0.000942s ]
INFO: [ view_parse ] --START--
INFO: [ template_filter ] --START--
INFO: Run Behavior\ContentReplaceBehavior [ RunTime:0.000030s ]
INFO: [ template_filter ] --END-- [ RunTime:0.000053s ]
INFO: Run Behavior\ParseTemplateBehavior [ RunTime:0.007375s ]
INFO: [ view_parse ] --END-- [ RunTime:0.007401s ]
INFO: [ view_filter ] --START--
INFO: Run Behavior\WriteHtmlCacheBehavior [ RunTime:0.000336s ]
INFO: Run Behavior\TokenBuildBehavior [ RunTime:0.000618s ]
INFO: [ view_filter ] --END-- [ RunTime:0.000982s ]
INFO: [ app_end ] --START--
INFO: Run Behavior\ShowPageTraceBehavior [ RunTime:0.000464s ]
INFO: [ app_end ] --END-- [ RunTime:0.000483s ]

[ 2018-10-29T11:49:47+08:00 ] 127.0.0.1 /index.php/Admin/User/levelList
INFO: [ app_init ] --START--
INFO: Run Behavior\BuildLiteBehavior [ RunTime:0.000008s ]
INFO: [ app_init ] --END-- [ RunTime:0.000433s ]
INFO: [ app_begin ] --START--
INFO: Run Behavior\ReadHtmlCacheBehavior [ RunTime:0.000541s ]
INFO: [ app_begin ] --END-- [ RunTime:0.000571s ]
NOTIC: [8] Undefined index: p F:\phpStudy\WWW\www.qingnianjuhe.club\Application\Admin\Controller\UserController.class.php 第 329 行.
NOTIC: [8] Undefined index: limit F:\phpStudy\WWW\www.qingnianjuhe.club\ThinkPHP\Library\Think\Db\Driver.class.php 第 950 行.
INFO: [ view_begin ] --START--
INFO: Run Home\Behaviors\testBehavior [ RunTime:0.000871s ]
INFO: [ view_begin ] --END-- [ RunTime:0.000902s ]
INFO: [ view_parse ] --START--
INFO: [ template_filter ] --START--
INFO: Run Behavior\ContentReplaceBehavior [ RunTime:0.000038s ]
INFO: [ template_filter ] --END-- [ RunTime:0.000061s ]
INFO: Run Behavior\ParseTemplateBehavior [ RunTime:0.096006s ]
INFO: [ view_parse ] --END-- [ RunTime:0.096035s ]
INFO: [ view_filter ] --START--
INFO: Run Behavior\WriteHtmlCacheBehavior [ RunTime:0.000420s ]
INFO: Run Behavior\TokenBuildBehavior [ RunTime:0.001130s ]
INFO: [ view_filter ] --END-- [ RunTime:0.001587s ]
INFO: [ app_end ] --START--
INFO: Run Behavior\ShowPageTraceBehavior [ RunTime:0.000528s ]
INFO: [ app_end ] --END-- [ RunTime:0.000549s ]

[ 2018-10-29T11:49:52+08:00 ] 127.0.0.1 /index.php/Admin/Coupon/index
INFO: [ app_init ] --START--
INFO: Run Behavior\BuildLiteBehavior [ RunTime:0.000007s ]
INFO: [ app_init ] --END-- [ RunTime:0.000421s ]
INFO: [ app_begin ] --START--
INFO: Run Behavior\ReadHtmlCacheBehavior [ RunTime:0.000445s ]
INFO: [ app_begin ] --END-- [ RunTime:0.000475s ]
INFO: [ view_begin ] --START--
INFO: Run Home\Behaviors\testBehavior [ RunTime:0.000868s ]
INFO: [ view_begin ] --END-- [ RunTime:0.000900s ]
INFO: [ view_parse ] --START--
INFO: [ template_filter ] --START--
INFO: Run Behavior\ContentReplaceBehavior [ RunTime:0.000054s ]
INFO: [ template_filter ] --END-- [ RunTime:0.000082s ]
NOTIC: [8] Use of undefined constant store_id - assumed 'store_id' F:\phpStudy\WWW\www.qingnianjuhe.club\Application\Runtime\Cache\Admin\38613d26be0d7580d78b3110a175a584.php 第 148 行.
NOTIC: [8] Undefined variable: store F:\phpStudy\WWW\www.qingnianjuhe.club\Application\Runtime\Cache\Admin\38613d26be0d7580d78b3110a175a584.php 第 148 行.
NOTIC: [8] Use of undefined constant type - assumed 'type' F:\phpStudy\WWW\www.qingnianjuhe.club\Application\Runtime\Cache\Admin\38613d26be0d7580d78b3110a175a584.php 第 149 行.
NOTIC: [8] Use of undefined constant store_id - assumed 'store_id' F:\phpStudy\WWW\www.qingnianjuhe.club\Application\Runtime\Cache\Admin\38613d26be0d7580d78b3110a175a584.php 第 148 行.
NOTIC: [8] Undefined variable: store F:\phpStudy\WWW\www.qingnianjuhe.club\Application\Runtime\Cache\Admin\38613d26be0d7580d78b3110a175a584.php 第 148 行.
NOTIC: [8] Use of undefined constant type - assumed 'type' F:\phpStudy\WWW\www.qingnianjuhe.club\Application\Runtime\Cache\Admin\38613d26be0d7580d78b3110a175a584.php 第 149 行.
INFO: Run Behavior\ParseTemplateBehavior [ RunTime:0.009501s ]
INFO: [ view_parse ] --END-- [ RunTime:0.009530s ]
INFO: [ view_filter ] --START--
INFO: Run Behavior\WriteHtmlCacheBehavior [ RunTime:0.000425s ]
INFO: Run Behavior\TokenBuildBehavior [ RunTime:0.001288s ]
INFO: [ view_filter ] --END-- [ RunTime:0.001751s ]
INFO: [ app_end ] --START--
INFO: Run Behavior\ShowPageTraceBehavior [ RunTime:0.000571s ]
INFO: [ app_end ] --END-- [ RunTime:0.000594s ]

[ 2018-10-29T11:49:54+08:00 ] 127.0.0.1 /index.php/Admin/Coupon/coupon_info
INFO: [ app_init ] --START--
INFO: Run Behavior\BuildLiteBehavior [ RunTime:0.000009s ]
INFO: [ app_init ] --END-- [ RunTime:0.000467s ]
INFO: [ app_begin ] --START--
INFO: Run Behavior\ReadHtmlCacheBehavior [ RunTime:0.000735s ]
INFO: [ app_begin ] --END-- [ RunTime:0.000792s ]
NOTIC: [8] Undefined index: coupon_info F:\phpStudy\WWW\www.qingnianjuhe.club\Application\Admin\Common\function.php 第 70 行.
INFO: [ view_begin ] --START--
INFO: Run Home\Behaviors\testBehavior [ RunTime:0.000956s ]
INFO: [ view_begin ] --END-- [ RunTime:0.000991s ]
INFO: [ view_parse ] --START--
INFO: [ template_filter ] --START--
INFO: Run Behavior\ContentReplaceBehavior [ RunTime:0.000067s ]
INFO: [ template_filter ] --END-- [ RunTime:0.000092s ]
NOTIC: [8] Undefined index: name F:\phpStudy\WWW\www.qingnianjuhe.club\Application\Runtime\Cache\Admin\c000cc872fa3b1558ab830eddf63cde7.php 第 108 行.
NOTIC: [8] Undefined index: money F:\phpStudy\WWW\www.qingnianjuhe.club\Application\Runtime\Cache\Admin\c000cc872fa3b1558ab830eddf63cde7.php 第 117 行.
NOTIC: [8] Undefined index: condition F:\phpStudy\WWW\www.qingnianjuhe.club\Application\Runtime\Cache\Admin\c000cc872fa3b1558ab830eddf63cde7.php 第 124 行.
NOTIC: [8] Undefined index: type F:\phpStudy\WWW\www.qingnianjuhe.club\Application\Runtime\Cache\Admin\c000cc872fa3b1558ab830eddf63cde7.php 第 131 行.
NOTIC: [8] Undefined index: type F:\phpStudy\WWW\www.qingnianjuhe.club\Application\Runtime\Cache\Admin\c000cc872fa3b1558ab830eddf63cde7.php 第 132 行.
NOTIC: [8] Undefined index: type F:\phpStudy\WWW\www.qingnianjuhe.club\Application\Runtime\Cache\Admin\c000cc872fa3b1558ab830eddf63cde7.php 第 134 行.
NOTIC: [8] Undefined index: type F:\phpStudy\WWW\www.qingnianjuhe.club\Application\Runtime\Cache\Admin\c000cc872fa3b1558ab830eddf63cde7.php 第 135 行.
NOTIC: [8] Undefined index: store_id F:\phpStudy\WWW\www.qingnianjuhe.club\Application\Runtime\Cache\Admin\c000cc872fa3b1558ab830eddf63cde7.php 第 141 行.
NOTIC: [8] Undefined index: ratio F:\phpStudy\WWW\www.qingnianjuhe.club\Application\Runtime\Cache\Admin\c000cc872fa3b1558ab830eddf63cde7.php 第 145 行.
NOTIC: [8] Undefined index: createnum F:\phpStudy\WWW\www.qingnianjuhe.club\Application\Runtime\Cache\Admin\c000cc872fa3b1558ab830eddf63cde7.php 第 149 行.
NOTIC: [8] Undefined variable: module_id F:\phpStudy\WWW\www.qingnianjuhe.club\Application\Runtime\Cache\Admin\c000cc872fa3b1558ab830eddf63cde7.php 第 204 行.
NOTIC: [2] in_array() expects parameter 2 to be array, null given F:\phpStudy\WWW\www.qingnianjuhe.club\Application\Runtime\Cache\Admin\c000cc872fa3b1558ab830eddf63cde7.php 第 204 行.
NOTIC: [8] Undefined variable: module_id F:\phpStudy\WWW\www.qingnianjuhe.club\Application\Runtime\Cache\Admin\c000cc872fa3b1558ab830eddf63cde7.php 第 204 行.
NOTIC: [2] in_array() expects parameter 2 to be array, null given F:\phpStudy\WWW\www.qingnianjuhe.club\Application\Runtime\Cache\Admin\c000cc872fa3b1558ab830eddf63cde7.php 第 204 行.
NOTIC: [8] Undefined variable: module_id F:\phpStudy\WWW\www.qingnianjuhe.club\Application\Runtime\Cache\Admin\c000cc872fa3b1558ab830eddf63cde7.php 第 204 行.
NOTIC: [2] in_array() expects parameter 2 to be array, null given F:\phpStudy\WWW\www.qingnianjuhe.club\Application\Runtime\Cache\Admin\c000cc872fa3b1558ab830eddf63cde7.php 第 204 行.
NOTIC: [8] Undefined variable: module_id F:\phpStudy\WWW\www.qingnianjuhe.club\Application\Runtime\Cache\Admin\c000cc872fa3b1558ab830eddf63cde7.php 第 204 行.
NOTIC: [2] in_array() expects parameter 2 to be array, null given F:\phpStudy\WWW\www.qingnianjuhe.club\Application\Runtime\Cache\Admin\c000cc872fa3b1558ab830eddf63cde7.php 第 204 行.
NOTIC: [8] Undefined variable: module_id F:\phpStudy\WWW\www.qingnianjuhe.club\Application\Runtime\Cache\Admin\c000cc872fa3b1558ab830eddf63cde7.php 第 204 行.
NOTIC: [2] in_array() expects parameter 2 to be array, null given F:\phpStudy\WWW\www.qingnianjuhe.club\Application\Runtime\Cache\Admin\c000cc872fa3b1558ab830eddf63cde7.php 第 204 行.
NOTIC: [8] Undefined variable: module_id F:\phpStudy\WWW\www.qingnianjuhe.club\Application\Runtime\Cache\Admin\c000cc872fa3b1558ab830eddf63cde7.php 第 204 行.
NOTIC: [2] in_array() expects parameter 2 to be array, null given F:\phpStudy\WWW\www.qingnianjuhe.club\Application\Runtime\Cache\Admin\c000cc872fa3b1558ab830eddf63cde7.php 第 204 行.
NOTIC: [8] Undefined index: id F:\phpStudy\WWW\www.qingnianjuhe.club\Application\Runtime\Cache\Admin\c000cc872fa3b1558ab830eddf63cde7.php 第 211 行.
INFO: Run Behavior\ParseTemplateBehavior [ RunTime:0.009991s ]
INFO: [ view_parse ] --END-- [ RunTime:0.010013s ]
INFO: [ view_filter ] --START--
INFO: Run Behavior\WriteHtmlCacheBehavior [ RunTime:0.000436s ]
INFO: Run Behavior\TokenBuildBehavior [ RunTime:0.001389s ]
INFO: [ view_filter ] --END-- [ RunTime:0.001863s ]
INFO: [ app_end ] --START--
INFO: Run Behavior\ShowPageTraceBehavior [ RunTime:0.000581s ]
INFO: [ app_end ] --END-- [ RunTime:0.000607s ]

[ 2018-10-29T11:50:03+08:00 ] 127.0.0.1 /index.php/Admin/Ad/adList
INFO: [ app_init ] --START--
INFO: Run Behavior\BuildLiteBehavior [ RunTime:0.000007s ]
INFO: [ app_init ] --END-- [ RunTime:0.000386s ]
INFO: [ app_begin ] --START--
INFO: Run Behavior\ReadHtmlCacheBehavior [ RunTime:0.000615s ]
INFO: [ app_begin ] --END-- [ RunTime:0.000665s ]
INFO: [ view_begin ] --START--
INFO: Run Home\Behaviors\testBehavior [ RunTime:0.001025s ]
INFO: [ view_begin ] --END-- [ RunTime:0.001077s ]
INFO: [ view_parse ] --START--
NOTIC: [8] Undefined index: level F:\phpStudy\WWW\www.qingnianjuhe.club\ThinkPHP\Library\Think\Template\TagLib\Tpshop.class.php 第 155 行.
INFO: [ template_filter ] --START--
INFO: Run Behavior\ContentReplaceBehavior [ RunTime:0.000055s ]
INFO: [ template_filter ] --END-- [ RunTime:0.000077s ]
NOTIC: [8] Use of undefined constant id - assumed 'id' F:\phpStudy\WWW\www.qingnianjuhe.club\Application\Runtime\Cache\Admin\9dcb80a295485a90dd49f9b2b975f801.php 第 124 行.
NOTIC: [8] Use of undefined constant name - assumed 'name' F:\phpStudy\WWW\www.qingnianjuhe.club\Application\Runtime\Cache\Admin\9dcb80a295485a90dd49f9b2b975f801.php 第 124 行.
NOTIC: [8] Use of undefined constant id - assumed 'id' F:\phpStudy\WWW\www.qingnianjuhe.club\Application\Runtime\Cache\Admin\9dcb80a295485a90dd49f9b2b975f801.php 第 124 行.
NOTIC: [8] Use of undefined constant name - assumed 'name' F:\phpStudy\WWW\www.qingnianjuhe.club\Application\Runtime\Cache\Admin\9dcb80a295485a90dd49f9b2b975f801.php 第 124 行.
NOTIC: [8] Use of undefined constant id - assumed 'id' F:\phpStudy\WWW\www.qingnianjuhe.club\Application\Runtime\Cache\Admin\9dcb80a295485a90dd49f9b2b975f801.php 第 124 行.
NOTIC: [8] Use of undefined constant name - assumed 'name' F:\phpStudy\WWW\www.qingnianjuhe.club\Application\Runtime\Cache\Admin\9dcb80a295485a90dd49f9b2b975f801.php 第 124 行.
NOTIC: [8] Use of undefined constant id - assumed 'id' F:\phpStudy\WWW\www.qingnianjuhe.club\Application\Runtime\Cache\Admin\9dcb80a295485a90dd49f9b2b975f801.php 第 124 行.
NOTIC: [8] Use of undefined constant name - assumed 'name' F:\phpStudy\WWW\www.qingnianjuhe.club\Application\Runtime\Cache\Admin\9dcb80a295485a90dd49f9b2b975f801.php 第 124 行.
NOTIC: [8] Use of undefined constant id - assumed 'id' F:\phpStudy\WWW\www.qingnianjuhe.club\Application\Runtime\Cache\Admin\9dcb80a295485a90dd49f9b2b975f801.php 第 124 行.
NOTIC: [8] Use of undefined constant name - assumed 'name' F:\phpStudy\WWW\www.qingnianjuhe.club\Application\Runtime\Cache\Admin\9dcb80a295485a90dd49f9b2b975f801.php 第 124 行.
NOTIC: [8] Use of undefined constant id - assumed 'id' F:\phpStudy\WWW\www.qingnianjuhe.club\Application\Runtime\Cache\Admin\9dcb80a295485a90dd49f9b2b975f801.php 第 124 行.
NOTIC: [8] Use of undefined constant name - assumed 'name' F:\phpStudy\WWW\www.qingnianjuhe.club\Application\Runtime\Cache\Admin\9dcb80a295485a90dd49f9b2b975f801.php 第 124 行.
NOTIC: [8] Use of undefined constant id - assumed 'id' F:\phpStudy\WWW\www.qingnianjuhe.club\Application\Runtime\Cache\Admin\9dcb80a295485a90dd49f9b2b975f801.php 第 124 行.
NOTIC: [8] Use of undefined constant name - assumed 'name' F:\phpStudy\WWW\www.qingnianjuhe.club\Application\Runtime\Cache\Admin\9dcb80a295485a90dd49f9b2b975f801.php 第 124 行.
NOTIC: [8] Use of undefined constant ad_id - assumed 'ad_id' F:\phpStudy\WWW\www.qingnianjuhe.club\Application\Runtime\Cache\Admin\9dcb80a295485a90dd49f9b2b975f801.php 第 152 行.
NOTIC: [8] Use of undefined constant pid - assumed 'pid' F:\phpStudy\WWW\www.qingnianjuhe.club\Application\Runtime\Cache\Admin\9dcb80a295485a90dd49f9b2b975f801.php 第 153 行.
NOTIC: [8] Use of undefined constant position_name - assumed 'position_name' F:\phpStudy\WWW\www.qingnianjuhe.club\Application\Runtime\Cache\Admin\9dcb80a295485a90dd49f9b2b975f801.php 第 153 行.
NOTIC: [8] Undefined offset: 0 F:\phpStudy\WWW\www.qingnianjuhe.club\Application\Runtime\Cache\Admin\9dcb80a295485a90dd49f9b2b975f801.php 第 153 行.
NOTIC: [8] Use of undefined constant target - assumed 'target' F:\phpStudy\WWW\www.qingnianjuhe.club\Application\Runtime\Cache\Admin\9dcb80a295485a90dd49f9b2b975f801.php 第 158 行.
NOTIC: [8] Use of undefined constant enabled - assumed 'enabled' F:\phpStudy\WWW\www.qingnianjuhe.club\Application\Runtime\Cache\Admin\9dcb80a295485a90dd49f9b2b975f801.php 第 161 行.
NOTIC: [8] Use of undefined constant ad_id - assumed 'ad_id' F:\phpStudy\WWW\www.qingnianjuhe.club\Application\Runtime\Cache\Admin\9dcb80a295485a90dd49f9b2b975f801.php 第 152 行.
NOTIC: [8] Use of undefined constant pid - assumed 'pid' F:\phpStudy\WWW\www.qingnianjuhe.club\Application\Runtime\Cache\Admin\9dcb80a295485a90dd49f9b2b975f801.php 第 153 行.
NOTIC: [8] Use of undefined constant position_name - assumed 'position_name' F:\phpStudy\WWW\www.qingnianjuhe.club\Application\Runtime\Cache\Admin\9dcb80a295485a90dd49f9b2b975f801.php 第 153 行.
NOTIC: [8] Undefined offset: 0 F:\phpStudy\WWW\www.qingnianjuhe.club\Application\Runtime\Cache\Admin\9dcb80a295485a90dd49f9b2b975f801.php 第 153 行.
NOTIC: [8] Use of undefined constant target - assumed 'target' F:\phpStudy\WWW\www.qingnianjuhe.club\Application\Runtime\Cache\Admin\9dcb80a295485a90dd49f9b2b975f801.php 第 158 行.
NOTIC: [8] Use of undefined constant enabled - assumed 'enabled' F:\phpStudy\WWW\www.qingnianjuhe.club\Application\Runtime\Cache\Admin\9dcb80a295485a90dd49f9b2b975f801.php 第 161 行.
NOTIC: [8] Use of undefined constant ad_id - assumed 'ad_id' F:\phpStudy\WWW\www.qingnianjuhe.club\Application\Runtime\Cache\Admin\9dcb80a295485a90dd49f9b2b975f801.php 第 152 行.
NOTIC: [8] Use of undefined constant pid - assumed 'pid' F:\phpStudy\WWW\www.qingnianjuhe.club\Application\Runtime\Cache\Admin\9dcb80a295485a90dd49f9b2b975f801.php 第 153 行.
NOTIC: [8] Use of undefined constant position_name - assumed 'position_name' F:\phpStudy\WWW\www.qingnianjuhe.club\Application\Runtime\Cache\Admin\9dcb80a295485a90dd49f9b2b975f801.php 第 153 行.
NOTIC: [8] Undefined offset: 0 F:\phpStudy\WWW\www.qingnianjuhe.club\Application\Runtime\Cache\Admin\9dcb80a295485a90dd49f9b2b975f801.php 第 153 行.
NOTIC: [8] Use of undefined constant target - assumed 'target' F:\phpStudy\WWW\www.qingnianjuhe.club\Application\Runtime\Cache\Admin\9dcb80a295485a90dd49f9b2b975f801.php 第 158 行.
NOTIC: [8] Use of undefined constant enabled - assumed 'enabled' F:\phpStudy\WWW\www.qingnianjuhe.club\Application\Runtime\Cache\Admin\9dcb80a295485a90dd49f9b2b975f801.php 第 161 行.
INFO: Run Behavior\ParseTemplateBehavior [ RunTime:0.024171s ]
INFO: [ view_parse ] --END-- [ RunTime:0.024197s ]
INFO: [ view_filter ] --START--
INFO: Run Behavior\WriteHtmlCacheBehavior [ RunTime:0.000660s ]
INFO: Run Behavior\TokenBuildBehavior [ RunTime:0.002808s ]
INFO: [ view_filter ] --END-- [ RunTime:0.003560s ]
INFO: [ app_end ] --START--
INFO: Run Behavior\ShowPageTraceBehavior [ RunTime:0.001345s ]
INFO: [ app_end ] --END-- [ RunTime:0.001398s ]

[ 2018-10-29T11:50:05+08:00 ] 127.0.0.1 /index.php/Admin/Ad/ad
INFO: [ app_init ] --START--
INFO: Run Behavior\BuildLiteBehavior [ RunTime:0.000006s ]
INFO: [ app_init ] --END-- [ RunTime:0.000468s ]
INFO: [ app_begin ] --START--
INFO: Run Behavior\ReadHtmlCacheBehavior [ RunTime:0.000593s ]
INFO: [ app_begin ] --END-- [ RunTime:0.000619s ]
NOTIC: [8] Undefined index: pid F:\phpStudy\WWW\www.qingnianjuhe.club\Application\Admin\Controller\AdController.class.php 第 15 行.
INFO: [ view_begin ] --START--
INFO: Run Home\Behaviors\testBehavior [ RunTime:0.001389s ]
INFO: [ view_begin ] --END-- [ RunTime:0.001431s ]
INFO: [ view_parse ] --START--
INFO: [ template_filter ] --START--
INFO: Run Behavior\ContentReplaceBehavior [ RunTime:0.000053s ]
INFO: [ template_filter ] --END-- [ RunTime:0.000079s ]
NOTIC: [8] Undefined index: ad_code F:\phpStudy\WWW\www.qingnianjuhe.club\Application\Runtime\Cache\Admin\410dfd0678a2b716dd861ea85d98d05e.php 第 123 行.
NOTIC: [8] Undefined index: orderby F:\phpStudy\WWW\www.qingnianjuhe.club\Application\Runtime\Cache\Admin\410dfd0678a2b716dd861ea85d98d05e.php 第 133 行.
NOTIC: [8] Undefined index: ad_id F:\phpStudy\WWW\www.qingnianjuhe.club\Application\Runtime\Cache\Admin\410dfd0678a2b716dd861ea85d98d05e.php 第 140 行.
INFO: Run Behavior\ParseTemplateBehavior [ RunTime:0.009699s ]
INFO: [ view_parse ] --END-- [ RunTime:0.009721s ]
INFO: [ view_filter ] --START--
INFO: Run Behavior\WriteHtmlCacheBehavior [ RunTime:0.000442s ]
INFO: Run Behavior\TokenBuildBehavior [ RunTime:0.001187s ]
INFO: [ view_filter ] --END-- [ RunTime:0.001669s ]
INFO: [ app_end ] --START--
INFO: Run Behavior\ShowPageTraceBehavior [ RunTime:0.000663s ]
INFO: [ app_end ] --END-- [ RunTime:0.000716s ]

[ 2018-10-29T11:50:11+08:00 ] 127.0.0.1 /index.php/Admin/Goods/module
INFO: [ app_init ] --START--
INFO: Run Behavior\BuildLiteBehavior [ RunTime:0.000008s ]
INFO: [ app_init ] --END-- [ RunTime:0.000404s ]
INFO: [ app_begin ] --START--
INFO: Run Behavior\ReadHtmlCacheBehavior [ RunTime:0.000464s ]
INFO: [ app_begin ] --END-- [ RunTime:0.000490s ]
NOTIC: [8] Undefined index: module F:\phpStudy\WWW\www.qingnianjuhe.club\Application\Admin\Common\function.php 第 70 行.
INFO: [ view_begin ] --START--
INFO: Run Home\Behaviors\testBehavior [ RunTime:0.000952s ]
INFO: [ view_begin ] --END-- [ RunTime:0.000989s ]
INFO: [ view_parse ] --START--
INFO: [ template_filter ] --START--
INFO: Run Behavior\ContentReplaceBehavior [ RunTime:0.000042s ]
INFO: [ template_filter ] --END-- [ RunTime:0.000068s ]
INFO: Run Behavior\ParseTemplateBehavior [ RunTime:0.008356s ]
INFO: [ view_parse ] --END-- [ RunTime:0.008381s ]
INFO: [ view_filter ] --START--
INFO: Run Behavior\WriteHtmlCacheBehavior [ RunTime:0.000433s ]
INFO: Run Behavior\TokenBuildBehavior [ RunTime:0.001157s ]
INFO: [ view_filter ] --END-- [ RunTime:0.001625s ]
INFO: [ app_end ] --START--
INFO: Run Behavior\ShowPageTraceBehavior [ RunTime:0.000557s ]
INFO: [ app_end ] --END-- [ RunTime:0.000578s ]

[ 2018-10-29T11:50:12+08:00 ] 127.0.0.1 /index.php/Admin/Goods/addEditGoods
INFO: [ app_init ] --START--
INFO: Run Behavior\BuildLiteBehavior [ RunTime:0.000007s ]
INFO: [ app_init ] --END-- [ RunTime:0.000450s ]
INFO: [ app_begin ] --START--
INFO: Run Behavior\ReadHtmlCacheBehavior [ RunTime:0.000642s ]
INFO: [ app_begin ] --END-- [ RunTime:0.000673s ]
NOTIC: [8] Undefined index: goods_id F:\phpStudy\WWW\www.qingnianjuhe.club\Application\Admin\Controller\GoodsController.class.php 第 418 行.
NOTIC: [8] Undefined index: is_ajax F:\phpStudy\WWW\www.qingnianjuhe.club\Application\Admin\Controller\GoodsController.class.php 第 421 行.
NOTIC: [8] Undefined variable: level_cat F:\phpStudy\WWW\www.qingnianjuhe.club\Application\Admin\Controller\GoodsController.class.php 第 510 行.
INFO: [ view_begin ] --START--
INFO: Run Home\Behaviors\testBehavior [ RunTime:0.000983s ]
INFO: [ view_begin ] --END-- [ RunTime:0.001015s ]
INFO: [ view_parse ] --START--
INFO: [ template_filter ] --START--
INFO: Run Behavior\ContentReplaceBehavior [ RunTime:0.000246s ]
INFO: [ template_filter ] --END-- [ RunTime:0.000274s ]
NOTIC: [8] Undefined variable: URL_home F:\phpStudy\WWW\www.qingnianjuhe.club\Application\Runtime\Cache\Admin\c5b83c1ac2aaddb7d217c711b27315d2.php 第 109 行.
NOTIC: [8] Undefined variable: store_goods_class_list F:\phpStudy\WWW\www.qingnianjuhe.club\Application\Runtime\Cache\Admin\c5b83c1ac2aaddb7d217c711b27315d2.php 第 283 行.
NOTIC: [8] Undefined variable: suppliersList F:\phpStudy\WWW\www.qingnianjuhe.club\Application\Runtime\Cache\Admin\c5b83c1ac2aaddb7d217c711b27315d2.php 第 312 行.
NOTIC: [8] Use of undefined constant goods_id - assumed 'goods_id' F:\phpStudy\WWW\www.qingnianjuhe.club\Application\Runtime\Cache\Admin\c5b83c1ac2aaddb7d217c711b27315d2.php 第 403 行.
NOTIC: [8] Use of undefined constant basic_default_storage - assumed 'basic_default_storage' F:\phpStudy\WWW\www.qingnianjuhe.club\Application\Runtime\Cache\Admin\c5b83c1ac2aaddb7d217c711b27315d2.php 第 405 行.
NOTIC: [8] Use of undefined constant is_free_shipping - assumed 'is_free_shipping' F:\phpStudy\WWW\www.qingnianjuhe.club\Application\Runtime\Cache\Admin\c5b83c1ac2aaddb7d217c711b27315d2.php 第 438 行.
NOTIC: [8] Use of undefined constant is_free_shipping - assumed 'is_free_shipping' F:\phpStudy\WWW\www.qingnianjuhe.club\Application\Runtime\Cache\Admin\c5b83c1ac2aaddb7d217c711b27315d2.php 第 439 行.
NOTIC: [8] Undefined variable: plugin_shipping F:\phpStudy\WWW\www.qingnianjuhe.club\Application\Runtime\Cache\Admin\c5b83c1ac2aaddb7d217c711b27315d2.php 第 534 行.
INFO: Run Behavior\ParseTemplateBehavior [ RunTime:0.021969s ]
INFO: [ view_parse ] --END-- [ RunTime:0.022007s ]
INFO: [ view_filter ] --START--
INFO: Run Behavior\WriteHtmlCacheBehavior [ RunTime:0.000505s ]
INFO: Run Behavior\TokenBuildBehavior [ RunTime:0.003418s ]
INFO: [ view_filter ] --END-- [ RunTime:0.003971s ]
INFO: [ app_end ] --START--
INFO: Run Behavior\ShowPageTraceBehavior [ RunTime:0.000661s ]
INFO: [ app_end ] --END-- [ RunTime:0.000684s ]

[ 2018-10-29T11:50:31+08:00 ] 127.0.0.1 /index.php/Admin/Coupon/coupon_list
INFO: [ app_init ] --START--
INFO: Run Behavior\BuildLiteBehavior [ RunTime:0.000006s ]
INFO: [ app_init ] --END-- [ RunTime:0.000365s ]
INFO: [ app_begin ] --START--
INFO: Run Behavior\ReadHtmlCacheBehavior [ RunTime:0.000598s ]
INFO: [ app_begin ] --END-- [ RunTime:0.000630s ]
NOTIC: [8] Undefined index: coupon_list F:\phpStudy\WWW\www.qingnianjuhe.club\Application\Admin\Common\function.php 第 70 行.
NOTIC: [8] Undefined variable: count F:\phpStudy\WWW\www.qingnianjuhe.club\Application\Admin\Controller\CouponController.class.php 第 277 行.
NOTIC: [8] Undefined variable: check_coupon F:\phpStudy\WWW\www.qingnianjuhe.club\Application\Admin\Controller\CouponController.class.php 第 294 行.
INFO: [ view_begin ] --START--
INFO: Run Home\Behaviors\testBehavior [ RunTime:0.000993s ]
INFO: [ view_begin ] --END-- [ RunTime:0.001018s ]
INFO: [ view_parse ] --START--
INFO: [ template_filter ] --START--
INFO: Run Behavior\ContentReplaceBehavior [ RunTime:0.000046s ]
INFO: [ template_filter ] --END-- [ RunTime:0.000083s ]
INFO: Run Behavior\ParseTemplateBehavior [ RunTime:0.020955s ]
INFO: [ view_parse ] --END-- [ RunTime:0.020984s ]
INFO: [ view_filter ] --START--
INFO: Run Behavior\WriteHtmlCacheBehavior [ RunTime:0.000462s ]
INFO: Run Behavior\TokenBuildBehavior [ RunTime:0.000883s ]
INFO: [ view_filter ] --END-- [ RunTime:0.001381s ]
INFO: [ app_end ] --START--
INFO: Run Behavior\ShowPageTraceBehavior [ RunTime:0.000554s ]
INFO: [ app_end ] --END-- [ RunTime:0.000576s ]

[ 2018-10-29T11:50:32+08:00 ] 127.0.0.1 /index.php/Admin/Coupon/index
INFO: [ app_init ] --START--
INFO: Run Behavior\BuildLiteBehavior [ RunTime:0.000007s ]
INFO: [ app_init ] --END-- [ RunTime:0.000501s ]
INFO: [ app_begin ] --START--
INFO: Run Behavior\ReadHtmlCacheBehavior [ RunTime:0.000549s ]
INFO: [ app_begin ] --END-- [ RunTime:0.000575s ]
INFO: [ view_begin ] --START--
INFO: Run Home\Behaviors\testBehavior [ RunTime:0.000941s ]
INFO: [ view_begin ] --END-- [ RunTime:0.000973s ]
INFO: [ view_parse ] --START--
INFO: [ template_filter ] --START--
INFO: Run Behavior\ContentReplaceBehavior [ RunTime:0.000076s ]
INFO: [ template_filter ] --END-- [ RunTime:0.000103s ]
NOTIC: [8] Use of undefined constant store_id - assumed 'store_id' F:\phpStudy\WWW\www.qingnianjuhe.club\Application\Runtime\Cache\Admin\38613d26be0d7580d78b3110a175a584.php 第 148 行.
NOTIC: [8] Undefined variable: store F:\phpStudy\WWW\www.qingnianjuhe.club\Application\Runtime\Cache\Admin\38613d26be0d7580d78b3110a175a584.php 第 148 行.
NOTIC: [8] Use of undefined constant type - assumed 'type' F:\phpStudy\WWW\www.qingnianjuhe.club\Application\Runtime\Cache\Admin\38613d26be0d7580d78b3110a175a584.php 第 149 行.
NOTIC: [8] Use of undefined constant store_id - assumed 'store_id' F:\phpStudy\WWW\www.qingnianjuhe.club\Application\Runtime\Cache\Admin\38613d26be0d7580d78b3110a175a584.php 第 148 行.
NOTIC: [8] Undefined variable: store F:\phpStudy\WWW\www.qingnianjuhe.club\Application\Runtime\Cache\Admin\38613d26be0d7580d78b3110a175a584.php 第 148 行.
NOTIC: [8] Use of undefined constant type - assumed 'type' F:\phpStudy\WWW\www.qingnianjuhe.club\Application\Runtime\Cache\Admin\38613d26be0d7580d78b3110a175a584.php 第 149 行.
INFO: Run Behavior\ParseTemplateBehavior [ RunTime:0.009402s ]
INFO: [ view_parse ] --END-- [ RunTime:0.009423s ]
INFO: [ view_filter ] --START--
INFO: Run Behavior\WriteHtmlCacheBehavior [ RunTime:0.000434s ]
INFO: Run Behavior\TokenBuildBehavior [ RunTime:0.001261s ]
INFO: [ view_filter ] --END-- [ RunTime:0.001731s ]
INFO: [ app_end ] --START--
INFO: Run Behavior\ShowPageTraceBehavior [ RunTime:0.000623s ]
INFO: [ app_end ] --END-- [ RunTime:0.000645s ]

[ 2018-10-29T11:51:21+08:00 ] 127.0.0.1 /index.php/Admin/Goods/categoryList
INFO: [ app_init ] --START--
INFO: Run Behavior\BuildLiteBehavior [ RunTime:0.000007s ]
INFO: [ app_init ] --END-- [ RunTime:0.000400s ]
INFO: [ app_begin ] --START--
INFO: Run Behavior\ReadHtmlCacheBehavior [ RunTime:0.000501s ]
INFO: [ app_begin ] --END-- [ RunTime:0.000527s ]
INFO: [ view_begin ] --START--
INFO: Run Home\Behaviors\testBehavior [ RunTime:0.000922s ]
INFO: [ view_begin ] --END-- [ RunTime:0.000961s ]
INFO: [ view_parse ] --START--
INFO: [ template_filter ] --START--
INFO: Run Behavior\ContentReplaceBehavior [ RunTime:0.000057s ]
INFO: [ template_filter ] --END-- [ RunTime:0.000083s ]
NOTIC: [8] Use of undefined constant level - assumed 'level' F:\phpStudy\WWW\www.qingnianjuhe.club\Application\Runtime\Cache\Admin\83974538ecda025b39358b0db8629987.php 第 126 行.
NOTIC: [8] Use of undefined constant is_hot - assumed 'is_hot' F:\phpStudy\WWW\www.qingnianjuhe.club\Application\Runtime\Cache\Admin\83974538ecda025b39358b0db8629987.php 第 131 行.
NOTIC: [8] Use of undefined constant is_show - assumed 'is_show' F:\phpStudy\WWW\www.qingnianjuhe.club\Application\Runtime\Cache\Admin\83974538ecda025b39358b0db8629987.php 第 134 行.
NOTIC: [8] Use of undefined constant level - assumed 'level' F:\phpStudy\WWW\www.qingnianjuhe.club\Application\Runtime\Cache\Admin\83974538ecda025b39358b0db8629987.php 第 126 行.
NOTIC: [8] Use of undefined constant is_hot - assumed 'is_hot' F:\phpStudy\WWW\www.qingnianjuhe.club\Application\Runtime\Cache\Admin\83974538ecda025b39358b0db8629987.php 第 131 行.
NOTIC: [8] Use of undefined constant is_show - assumed 'is_show' F:\phpStudy\WWW\www.qingnianjuhe.club\Application\Runtime\Cache\Admin\83974538ecda025b39358b0db8629987.php 第 134 行.
NOTIC: [8] Use of undefined constant level - assumed 'level' F:\phpStudy\WWW\www.qingnianjuhe.club\Application\Runtime\Cache\Admin\83974538ecda025b39358b0db8629987.php 第 126 行.
NOTIC: [8] Use of undefined constant is_hot - assumed 'is_hot' F:\phpStudy\WWW\www.qingnianjuhe.club\Application\Runtime\Cache\Admin\83974538ecda025b39358b0db8629987.php 第 131 行.
NOTIC: [8] Use of undefined constant is_show - assumed 'is_show' F:\phpStudy\WWW\www.qingnianjuhe.club\Application\Runtime\Cache\Admin\83974538ecda025b39358b0db8629987.php 第 134 行.
NOTIC: [8] Use of undefined constant level - assumed 'level' F:\phpStudy\WWW\www.qingnianjuhe.club\Application\Runtime\Cache\Admin\83974538ecda025b39358b0db8629987.php 第 126 行.
NOTIC: [8] Use of undefined constant is_hot - assumed 'is_hot' F:\phpStudy\WWW\www.qingnianjuhe.club\Application\Runtime\Cache\Admin\83974538ecda025b39358b0db8629987.php 第 131 行.
NOTIC: [8] Use of undefined constant is_show - assumed 'is_show' F:\phpStudy\WWW\www.qingnianjuhe.club\Application\Runtime\Cache\Admin\83974538ecda025b39358b0db8629987.php 第 134 行.
NOTIC: [8] Use of undefined constant level - assumed 'level' F:\phpStudy\WWW\www.qingnianjuhe.club\Application\Runtime\Cache\Admin\83974538ecda025b39358b0db8629987.php 第 126 行.
NOTIC: [8] Use of undefined constant is_hot - assumed 'is_hot' F:\phpStudy\WWW\www.qingnianjuhe.club\Application\Runtime\Cache\Admin\83974538ecda025b39358b0db8629987.php 第 131 行.
NOTIC: [8] Use of undefined constant is_show - assumed 'is_show' F:\phpStudy\WWW\www.qingnianjuhe.club\Application\Runtime\Cache\Admin\83974538ecda025b39358b0db8629987.php 第 134 行.
NOTIC: [8] Use of undefined constant level - assumed 'level' F:\phpStudy\WWW\www.qingnianjuhe.club\Application\Runtime\Cache\Admin\83974538ecda025b39358b0db8629987.php 第 126 行.
NOTIC: [8] Use of undefined constant is_hot - assumed 'is_hot' F:\phpStudy\WWW\www.qingnianjuhe.club\Application\Runtime\Cache\Admin\83974538ecda025b39358b0db8629987.php 第 131 行.
NOTIC: [8] Use of undefined constant is_show - assumed 'is_show' F:\phpStudy\WWW\www.qingnianjuhe.club\Application\Runtime\Cache\Admin\83974538ecda025b39358b0db8629987.php 第 134 行.
NOTIC: [8] Use of undefined constant level - assumed 'level' F:\phpStudy\WWW\www.qingnianjuhe.club\Application\Runtime\Cache\Admin\83974538ecda025b39358b0db8629987.php 第 126 行.
NOTIC: [8] Use of undefined constant is_hot - assumed 'is_hot' F:\phpStudy\WWW\www.qingnianjuhe.club\Application\Runtime\Cache\Admin\83974538ecda025b39358b0db8629987.php 第 131 行.
NOTIC: [8] Use of undefined constant is_show - assumed 'is_show' F:\phpStudy\WWW\www.qingnianjuhe.club\Application\Runtime\Cache\Admin\83974538ecda025b39358b0db8629987.php 第 134 行.
NOTIC: [8] Use of undefined constant level - assumed 'level' F:\phpStudy\WWW\www.qingnianjuhe.club\Application\Runtime\Cache\Admin\83974538ecda025b39358b0db8629987.php 第 126 行.
NOTIC: [8] Use of undefined constant is_hot - assumed 'is_hot' F:\phpStudy\WWW\www.qingnianjuhe.club\Application\Runtime\Cache\Admin\83974538ecda025b39358b0db8629987.php 第 131 行.
NOTIC: [8] Use of undefined constant is_show - assumed 'is_show' F:\phpStudy\WWW\www.qingnianjuhe.club\Application\Runtime\Cache\Admin\83974538ecda025b39358b0db8629987.php 第 134 行.
NOTIC: [8] Use of undefined constant level - assumed 'level' F:\phpStudy\WWW\www.qingnianjuhe.club\Application\Runtime\Cache\Admin\83974538ecda025b39358b0db8629987.php 第 126 行.
NOTIC: [8] Use of undefined constant is_hot - assumed 'is_hot' F:\phpStudy\WWW\www.qingnianjuhe.club\Application\Runtime\Cache\Admin\83974538ecda025b39358b0db8629987.php 第 131 行.
NOTIC: [8] Use of undefined constant is_show - assumed 'is_show' F:\phpStudy\WWW\www.qingnianjuhe.club\Application\Runtime\Cache\Admin\83974538ecda025b39358b0db8629987.php 第 134 行.
INFO: Run Behavior\ParseTemplateBehavior [ RunTime:0.011792s ]
INFO: [ view_parse ] --END-- [ RunTime:0.011887s ]
INFO: [ view_filter ] --START--
INFO: Run Behavior\WriteHtmlCacheBehavior [ RunTime:0.000615s ]
INFO: Run Behavior\TokenBuildBehavior [ RunTime:0.001862s ]
INFO: [ view_filter ] --END-- [ RunTime:0.002516s ]
INFO: [ app_end ] --START--
INFO: Run Behavior\ShowPageTraceBehavior [ RunTime:0.000583s ]
INFO: [ app_end ] --END-- [ RunTime:0.000604s ]

[ 2018-10-29T11:51:22+08:00 ] 127.0.0.1 /index.php/Admin/Goods/addEditGoods
INFO: [ app_init ] --START--
INFO: Run Behavior\BuildLiteBehavior [ RunTime:0.000007s ]
INFO: [ app_init ] --END-- [ RunTime:0.000465s ]
INFO: [ app_begin ] --START--
INFO: Run Behavior\ReadHtmlCacheBehavior [ RunTime:0.000555s ]
INFO: [ app_begin ] --END-- [ RunTime:0.000583s ]
NOTIC: [8] Undefined index: goods_id F:\phpStudy\WWW\www.qingnianjuhe.club\Application\Admin\Controller\GoodsController.class.php 第 418 行.
NOTIC: [8] Undefined index: is_ajax F:\phpStudy\WWW\www.qingnianjuhe.club\Application\Admin\Controller\GoodsController.class.php 第 421 行.
NOTIC: [8] Undefined variable: level_cat F:\phpStudy\WWW\www.qingnianjuhe.club\Application\Admin\Controller\GoodsController.class.php 第 510 行.
INFO: [ view_begin ] --START--
INFO: Run Home\Behaviors\testBehavior [ RunTime:0.001325s ]
INFO: [ view_begin ] --END-- [ RunTime:0.001382s ]
INFO: [ view_parse ] --START--
INFO: [ template_filter ] --START--
INFO: Run Behavior\ContentReplaceBehavior [ RunTime:0.000217s ]
INFO: [ template_filter ] --END-- [ RunTime:0.000250s ]
NOTIC: [8] Undefined variable: URL_home F:\phpStudy\WWW\www.qingnianjuhe.club\Application\Runtime\Cache\Admin\c5b83c1ac2aaddb7d217c711b27315d2.php 第 109 行.
NOTIC: [8] Undefined variable: store_goods_class_list F:\phpStudy\WWW\www.qingnianjuhe.club\Application\Runtime\Cache\Admin\c5b83c1ac2aaddb7d217c711b27315d2.php 第 283 行.
NOTIC: [8] Undefined variable: suppliersList F:\phpStudy\WWW\www.qingnianjuhe.club\Application\Runtime\Cache\Admin\c5b83c1ac2aaddb7d217c711b27315d2.php 第 312 行.
NOTIC: [8] Use of undefined constant goods_id - assumed 'goods_id' F:\phpStudy\WWW\www.qingnianjuhe.club\Application\Runtime\Cache\Admin\c5b83c1ac2aaddb7d217c711b27315d2.php 第 403 行.
NOTIC: [8] Use of undefined constant basic_default_storage - assumed 'basic_default_storage' F:\phpStudy\WWW\www.qingnianjuhe.club\Application\Runtime\Cache\Admin\c5b83c1ac2aaddb7d217c711b27315d2.php 第 405 行.
NOTIC: [8] Use of undefined constant is_free_shipping - assumed 'is_free_shipping' F:\phpStudy\WWW\www.qingnianjuhe.club\Application\Runtime\Cache\Admin\c5b83c1ac2aaddb7d217c711b27315d2.php 第 438 行.
NOTIC: [8] Use of undefined constant is_free_shipping - assumed 'is_free_shipping' F:\phpStudy\WWW\www.qingnianjuhe.club\Application\Runtime\Cache\Admin\c5b83c1ac2aaddb7d217c711b27315d2.php 第 439 行.
NOTIC: [8] Undefined variable: plugin_shipping F:\phpStudy\WWW\www.qingnianjuhe.club\Application\Runtime\Cache\Admin\c5b83c1ac2aaddb7d217c711b27315d2.php 第 534 行.
INFO: Run Behavior\ParseTemplateBehavior [ RunTime:0.016176s ]
INFO: [ view_parse ] --END-- [ RunTime:0.016201s ]
INFO: [ view_filter ] --START--
INFO: Run Behavior\WriteHtmlCacheBehavior [ RunTime:0.000592s ]
INFO: Run Behavior\TokenBuildBehavior [ RunTime:0.003481s ]
INFO: [ view_filter ] --END-- [ RunTime:0.004132s ]
INFO: [ app_end ] --START--
INFO: Run Behavior\ShowPageTraceBehavior [ RunTime:0.000591s ]
INFO: [ app_end ] --END-- [ RunTime:0.000612s ]

[ 2018-10-29T12:09:54+08:00 ] 127.0.0.1 /index.php/Admin/Goods/kucunlist
INFO: [ app_init ] --START--
INFO: Run Behavior\BuildLiteBehavior [ RunTime:0.000018s ]
INFO: [ app_init ] --END-- [ RunTime:0.000578s ]
INFO: [ app_begin ] --START--
INFO: Run Behavior\ReadHtmlCacheBehavior [ RunTime:0.000484s ]
INFO: [ app_begin ] --END-- [ RunTime:0.000511s ]
NOTIC: [8] Undefined index: kucunlist F:\phpStudy\WWW\www.qingnianjuhe.club\Application\Admin\Common\function.php 第 70 行.
INFO: [ view_begin ] --START--
INFO: Run Home\Behaviors\testBehavior [ RunTime:0.001022s ]
INFO: [ view_begin ] --END-- [ RunTime:0.001055s ]
INFO: [ view_parse ] --START--
INFO: [ template_filter ] --START--
INFO: Run Behavior\ContentReplaceBehavior [ RunTime:0.000038s ]
INFO: [ template_filter ] --END-- [ RunTime:0.000063s ]
INFO: Run Behavior\ParseTemplateBehavior [ RunTime:0.009538s ]
INFO: [ view_parse ] --END-- [ RunTime:0.009587s ]
INFO: [ view_filter ] --START--
INFO: Run Behavior\WriteHtmlCacheBehavior [ RunTime:0.000450s ]
INFO: Run Behavior\TokenBuildBehavior [ RunTime:0.001031s ]
INFO: [ view_filter ] --END-- [ RunTime:0.001520s ]
INFO: [ app_end ] --START--
INFO: Run Behavior\ShowPageTraceBehavior [ RunTime:0.000664s ]
INFO: [ app_end ] --END-- [ RunTime:0.000686s ]

[ 2018-10-29T12:09:55+08:00 ] 127.0.0.1 /index.php/Admin/Goods/goodsList
INFO: [ app_init ] --START--
INFO: Run Behavior\BuildLiteBehavior [ RunTime:0.000006s ]
INFO: [ app_init ] --END-- [ RunTime:0.000487s ]
INFO: [ app_begin ] --START--
INFO: Run Behavior\ReadHtmlCacheBehavior [ RunTime:0.000795s ]
INFO: [ app_begin ] --END-- [ RunTime:0.000855s ]
INFO: [ view_begin ] --START--
INFO: Run Home\Behaviors\testBehavior [ RunTime:0.001168s ]
INFO: [ view_begin ] --END-- [ RunTime:0.001219s ]
INFO: [ view_parse ] --START--
INFO: [ template_filter ] --START--
INFO: Run Behavior\ContentReplaceBehavior [ RunTime:0.000096s ]
INFO: [ template_filter ] --END-- [ RunTime:0.000160s ]
NOTIC: [8] Undefined variable: goodsInfo F:\phpStudy\WWW\www.qingnianjuhe.club\Application\Runtime\Cache\Admin\3268fbbbd0eb3ffe30140f78ff508f86.php 第 133 行.
NOTIC: [8] Undefined variable: goodsInfo F:\phpStudy\WWW\www.qingnianjuhe.club\Application\Runtime\Cache\Admin\3268fbbbd0eb3ffe30140f78ff508f86.php 第 133 行.
NOTIC: [8] Undefined variable: goodsInfo F:\phpStudy\WWW\www.qingnianjuhe.club\Application\Runtime\Cache\Admin\3268fbbbd0eb3ffe30140f78ff508f86.php 第 133 行.
NOTIC: [8] Undefined variable: goodsInfo F:\phpStudy\WWW\www.qingnianjuhe.club\Application\Runtime\Cache\Admin\3268fbbbd0eb3ffe30140f78ff508f86.php 第 133 行.
NOTIC: [8] Undefined variable: goodsInfo F:\phpStudy\WWW\www.qingnianjuhe.club\Application\Runtime\Cache\Admin\3268fbbbd0eb3ffe30140f78ff508f86.php 第 133 行.
NOTIC: [8] Undefined variable: goodsInfo F:\phpStudy\WWW\www.qingnianjuhe.club\Application\Runtime\Cache\Admin\3268fbbbd0eb3ffe30140f78ff508f86.php 第 133 行.
NOTIC: [8] Undefined variable: goodsInfo F:\phpStudy\WWW\www.qingnianjuhe.club\Application\Runtime\Cache\Admin\3268fbbbd0eb3ffe30140f78ff508f86.php 第 133 行.
NOTIC: [8] Undefined variable: goodsInfo F:\phpStudy\WWW\www.qingnianjuhe.club\Application\Runtime\Cache\Admin\3268fbbbd0eb3ffe30140f78ff508f86.php 第 133 行.
NOTIC: [8] Undefined variable: goodsInfo F:\phpStudy\WWW\www.qingnianjuhe.club\Application\Runtime\Cache\Admin\3268fbbbd0eb3ffe30140f78ff508f86.php 第 133 行.
NOTIC: [8] Undefined variable: goodsInfo F:\phpStudy\WWW\www.qingnianjuhe.club\Application\Runtime\Cache\Admin\3268fbbbd0eb3ffe30140f78ff508f86.php 第 175 行.
NOTIC: [8] Undefined variable: goodsInfo F:\phpStudy\WWW\www.qingnianjuhe.club\Application\Runtime\Cache\Admin\3268fbbbd0eb3ffe30140f78ff508f86.php 第 175 行.
NOTIC: [8] Undefined variable: goodsInfo F:\phpStudy\WWW\www.qingnianjuhe.club\Application\Runtime\Cache\Admin\3268fbbbd0eb3ffe30140f78ff508f86.php 第 175 行.
NOTIC: [8] Undefined variable: goodsInfo F:\phpStudy\WWW\www.qingnianjuhe.club\Application\Runtime\Cache\Admin\3268fbbbd0eb3ffe30140f78ff508f86.php 第 175 行.
NOTIC: [8] Undefined variable: goodsInfo F:\phpStudy\WWW\www.qingnianjuhe.club\Application\Runtime\Cache\Admin\3268fbbbd0eb3ffe30140f78ff508f86.php 第 175 行.
NOTIC: [8] Undefined variable: goodsInfo F:\phpStudy\WWW\www.qingnianjuhe.club\Application\Runtime\Cache\Admin\3268fbbbd0eb3ffe30140f78ff508f86.php 第 175 行.
NOTIC: [8] Undefined variable: goodsInfo F:\phpStudy\WWW\www.qingnianjuhe.club\Application\Runtime\Cache\Admin\3268fbbbd0eb3ffe30140f78ff508f86.php 第 175 行.
NOTIC: [8] Undefined variable: goodsInfo F:\phpStudy\WWW\www.qingnianjuhe.club\Application\Runtime\Cache\Admin\3268fbbbd0eb3ffe30140f78ff508f86.php 第 175 行.
NOTIC: [8] Undefined variable: goodsInfo F:\phpStudy\WWW\www.qingnianjuhe.club\Application\Runtime\Cache\Admin\3268fbbbd0eb3ffe30140f78ff508f86.php 第 175 行.
INFO: Run Behavior\ParseTemplateBehavior [ RunTime:0.020371s ]
INFO: [ view_parse ] --END-- [ RunTime:0.020399s ]
INFO: [ view_filter ] --START--
INFO: Run Behavior\WriteHtmlCacheBehavior [ RunTime:0.000451s ]
INFO: Run Behavior\TokenBuildBehavior [ RunTime:0.004055s ]
INFO: [ view_filter ] --END-- [ RunTime:0.004543s ]
INFO: [ app_end ] --START--
INFO: Run Behavior\ShowPageTraceBehavior [ RunTime:0.000696s ]
INFO: [ app_end ] --END-- [ RunTime:0.000719s ]

[ 2018-10-29T12:09:55+08:00 ] 127.0.0.1 /index.php?m=Admin&c=goods&a=ajaxGoodsList&p=1&type=1
INFO: [ app_init ] --START--
INFO: Run Behavior\BuildLiteBehavior [ RunTime:0.000007s ]
INFO: [ app_init ] --END-- [ RunTime:0.000392s ]
INFO: [ app_begin ] --START--
INFO: Run Behavior\ReadHtmlCacheBehavior [ RunTime:0.000578s ]
INFO: [ app_begin ] --END-- [ RunTime:0.000617s ]
NOTIC: [8] Undefined index: ajaxGoodsList F:\phpStudy\WWW\www.qingnianjuhe.club\Application\Admin\Common\function.php 第 70 行.
INFO: [ view_begin ] --START--
INFO: Run Home\Behaviors\testBehavior [ RunTime:0.000897s ]
INFO: [ view_begin ] --END-- [ RunTime:0.000934s ]
INFO: [ view_parse ] --START--
INFO: [ template_filter ] --START--
INFO: Run Behavior\ContentReplaceBehavior [ RunTime:0.000032s ]
INFO: [ template_filter ] --END-- [ RunTime:0.000055s ]
NOTIC: [8] Use of undefined constant cat_id1 - assumed 'cat_id1' F:\phpStudy\WWW\www.qingnianjuhe.club\Application\Runtime\Cache\Admin\904a25b5eb876e612ef13e8d5a7b0bef.php 第 53 行.
NOTIC: [8] Use of undefined constant mobile_name - assumed 'mobile_name' F:\phpStudy\WWW\www.qingnianjuhe.club\Application\Runtime\Cache\Admin\904a25b5eb876e612ef13e8d5a7b0bef.php 第 53 行.
NOTIC: [8] Use of undefined constant is_recommend - assumed 'is_recommend' F:\phpStudy\WWW\www.qingnianjuhe.club\Application\Runtime\Cache\Admin\904a25b5eb876e612ef13e8d5a7b0bef.php 第 56 行.
NOTIC: [8] Use of undefined constant is_new - assumed 'is_new' F:\phpStudy\WWW\www.qingnianjuhe.club\Application\Runtime\Cache\Admin\904a25b5eb876e612ef13e8d5a7b0bef.php 第 59 行.
NOTIC: [8] Use of undefined constant is_hot - assumed 'is_hot' F:\phpStudy\WWW\www.qingnianjuhe.club\Application\Runtime\Cache\Admin\904a25b5eb876e612ef13e8d5a7b0bef.php 第 62 行.
NOTIC: [8] Use of undefined constant is_on_sale - assumed 'is_on_sale' F:\phpStudy\WWW\www.qingnianjuhe.club\Application\Runtime\Cache\Admin\904a25b5eb876e612ef13e8d5a7b0bef.php 第 66 行.
NOTIC: [8] Use of undefined constant is_on_sale - assumed 'is_on_sale' F:\phpStudy\WWW\www.qingnianjuhe.club\Application\Runtime\Cache\Admin\904a25b5eb876e612ef13e8d5a7b0bef.php 第 67 行.
NOTIC: [8] Use of undefined constant goods_state - assumed 'goods_state' F:\phpStudy\WWW\www.qingnianjuhe.club\Application\Runtime\Cache\Admin\904a25b5eb876e612ef13e8d5a7b0bef.php 第 70 行.
NOTIC: [8] Use of undefined constant goods_state - assumed 'goods_state' F:\phpStudy\WWW\www.qingnianjuhe.club\Application\Runtime\Cache\Admin\904a25b5eb876e612ef13e8d5a7b0bef.php 第 71 行.
NOTIC: [8] Use of undefined constant goods_state - assumed 'goods_state' F:\phpStudy\WWW\www.qingnianjuhe.club\Application\Runtime\Cache\Admin\904a25b5eb876e612ef13e8d5a7b0bef.php 第 72 行.
NOTIC: [8] Use of undefined constant goods_state - assumed 'goods_state' F:\phpStudy\WWW\www.qingnianjuhe.club\Application\Runtime\Cache\Admin\904a25b5eb876e612ef13e8d5a7b0bef.php 第 73 行.
NOTIC: [8] Use of undefined constant cat_id1 - assumed 'cat_id1' F:\phpStudy\WWW\www.qingnianjuhe.club\Application\Runtime\Cache\Admin\904a25b5eb876e612ef13e8d5a7b0bef.php 第 53 行.
NOTIC: [8] Use of undefined constant mobile_name - assumed 'mobile_name' F:\phpStudy\WWW\www.qingnianjuhe.club\Application\Runtime\Cache\Admin\904a25b5eb876e612ef13e8d5a7b0bef.php 第 53 行.
NOTIC: [8] Use of undefined constant is_recommend - assumed 'is_recommend' F:\phpStudy\WWW\www.qingnianjuhe.club\Application\Runtime\Cache\Admin\904a25b5eb876e612ef13e8d5a7b0bef.php 第 56 行.
NOTIC: [8] Use of undefined constant is_new - assumed 'is_new' F:\phpStudy\WWW\www.qingnianjuhe.club\Application\Runtime\Cache\Admin\904a25b5eb876e612ef13e8d5a7b0bef.php 第 59 行.
NOTIC: [8] Use of undefined constant is_hot - assumed 'is_hot' F:\phpStudy\WWW\www.qingnianjuhe.club\Application\Runtime\Cache\Admin\904a25b5eb876e612ef13e8d5a7b0bef.php 第 62 行.
NOTIC: [8] Use of undefined constant is_on_sale - assumed 'is_on_sale' F:\phpStudy\WWW\www.qingnianjuhe.club\Application\Runtime\Cache\Admin\904a25b5eb876e612ef13e8d5a7b0bef.php 第 66 行.
NOTIC: [8] Use of undefined constant is_on_sale - assumed 'is_on_sale' F:\phpStudy\WWW\www.qingnianjuhe.club\Application\Runtime\Cache\Admin\904a25b5eb876e612ef13e8d5a7b0bef.php 第 67 行.
NOTIC: [8] Use of undefined constant goods_state - assumed 'goods_state' F:\phpStudy\WWW\www.qingnianjuhe.club\Application\Runtime\Cache\Admin\904a25b5eb876e612ef13e8d5a7b0bef.php 第 70 行.
NOTIC: [8] Use of undefined constant goods_state - assumed 'goods_state' F:\phpStudy\WWW\www.qingnianjuhe.club\Application\Runtime\Cache\Admin\904a25b5eb876e612ef13e8d5a7b0bef.php 第 71 行.
NOTIC: [8] Use of undefined constant goods_state - assumed 'goods_state' F:\phpStudy\WWW\www.qingnianjuhe.club\Application\Runtime\Cache\Admin\904a25b5eb876e612ef13e8d5a7b0bef.php 第 72 行.
NOTIC: [8] Use of undefined constant goods_state - assumed 'goods_state' F:\phpStudy\WWW\www.qingnianjuhe.club\Application\Runtime\Cache\Admin\904a25b5eb876e612ef13e8d5a7b0bef.php 第 73 行.
NOTIC: [8] Use of undefined constant cat_id1 - assumed 'cat_id1' F:\phpStudy\WWW\www.qingnianjuhe.club\Application\Runtime\Cache\Admin\904a25b5eb876e612ef13e8d5a7b0bef.php 第 53 行.
NOTIC: [8] Use of undefined constant mobile_name - assumed 'mobile_name' F:\phpStudy\WWW\www.qingnianjuhe.club\Application\Runtime\Cache\Admin\904a25b5eb876e612ef13e8d5a7b0bef.php 第 53 行.
NOTIC: [8] Undefined offset: 0 F:\phpStudy\WWW\www.qingnianjuhe.club\Application\Runtime\Cache\Admin\904a25b5eb876e612ef13e8d5a7b0bef.php 第 53 行.
NOTIC: [8] Use of undefined constant is_recommend - assumed 'is_recommend' F:\phpStudy\WWW\www.qingnianjuhe.club\Application\Runtime\Cache\Admin\904a25b5eb876e612ef13e8d5a7b0bef.php 第 56 行.
NOTIC: [8] Use of undefined constant is_new - assumed 'is_new' F:\phpStudy\WWW\www.qingnianjuhe.club\Application\Runtime\Cache\Admin\904a25b5eb876e612ef13e8d5a7b0bef.php 第 59 行.
NOTIC: [8] Use of undefined constant is_hot - assumed 'is_hot' F:\phpStudy\WWW\www.qingnianjuhe.club\Application\Runtime\Cache\Admin\904a25b5eb876e612ef13e8d5a7b0bef.php 第 62 行.
NOTIC: [8] Use of undefined constant is_on_sale - assumed 'is_on_sale' F:\phpStudy\WWW\www.qingnianjuhe.club\Application\Runtime\Cache\Admin\904a25b5eb876e612ef13e8d5a7b0bef.php 第 66 行.
NOTIC: [8] Use of undefined constant is_on_sale - assumed 'is_on_sale' F:\phpStudy\WWW\www.qingnianjuhe.club\Application\Runtime\Cache\Admin\904a25b5eb876e612ef13e8d5a7b0bef.php 第 67 行.
NOTIC: [8] Use of undefined constant goods_state - assumed 'goods_state' F:\phpStudy\WWW\www.qingnianjuhe.club\Application\Runtime\Cache\Admin\904a25b5eb876e612ef13e8d5a7b0bef.php 第 70 行.
NOTIC: [8] Use of undefined constant goods_state - assumed 'goods_state' F:\phpStudy\WWW\www.qingnianjuhe.club\Application\Runtime\Cache\Admin\904a25b5eb876e612ef13e8d5a7b0bef.php 第 71 行.
NOTIC: [8] Use of undefined constant goods_state - assumed 'goods_state' F:\phpStudy\WWW\www.qingnianjuhe.club\Application\Runtime\Cache\Admin\904a25b5eb876e612ef13e8d5a7b0bef.php 第 72 行.
NOTIC: [8] Use of undefined constant goods_state - assumed 'goods_state' F:\phpStudy\WWW\www.qingnianjuhe.club\Application\Runtime\Cache\Admin\904a25b5eb876e612ef13e8d5a7b0bef.php 第 73 行.
NOTIC: [8] Use of undefined constant cat_id1 - assumed 'cat_id1' F:\phpStudy\WWW\www.qingnianjuhe.club\Application\Runtime\Cache\Admin\904a25b5eb876e612ef13e8d5a7b0bef.php 第 53 行.
NOTIC: [8] Use of undefined constant mobile_name - assumed 'mobile_name' F:\phpStudy\WWW\www.qingnianjuhe.club\Application\Runtime\Cache\Admin\904a25b5eb876e612ef13e8d5a7b0bef.php 第 53 行.
NOTIC: [8] Undefined offset: 0 F:\phpStudy\WWW\www.qingnianjuhe.club\Application\Runtime\Cache\Admin\904a25b5eb876e612ef13e8d5a7b0bef.php 第 53 行.
NOTIC: [8] Use of undefined constant is_recommend - assumed 'is_recommend' F:\phpStudy\WWW\www.qingnianjuhe.club\Application\Runtime\Cache\Admin\904a25b5eb876e612ef13e8d5a7b0bef.php 第 56 行.
NOTIC: [8] Use of undefined constant is_new - assumed 'is_new' F:\phpStudy\WWW\www.qingnianjuhe.club\Application\Runtime\Cache\Admin\904a25b5eb876e612ef13e8d5a7b0bef.php 第 59 行.
NOTIC: [8] Use of undefined constant is_hot - assumed 'is_hot' F:\phpStudy\WWW\www.qingnianjuhe.club\Application\Runtime\Cache\Admin\904a25b5eb876e612ef13e8d5a7b0bef.php 第 62 行.
NOTIC: [8] Use of undefined constant is_on_sale - assumed 'is_on_sale' F:\phpStudy\WWW\www.qingnianjuhe.club\Application\Runtime\Cache\Admin\904a25b5eb876e612ef13e8d5a7b0bef.php 第 66 行.
NOTIC: [8] Use of undefined constant is_on_sale - assumed 'is_on_sale' F:\phpStudy\WWW\www.qingnianjuhe.club\Application\Runtime\Cache\Admin\904a25b5eb876e612ef13e8d5a7b0bef.php 第 67 行.
NOTIC: [8] Use of undefined constant goods_state - assumed 'goods_state' F:\phpStudy\WWW\www.qingnianjuhe.club\Application\Runtime\Cache\Admin\904a25b5eb876e612ef13e8d5a7b0bef.php 第 70 行.
NOTIC: [8] Use of undefined constant goods_state - assumed 'goods_state' F:\phpStudy\WWW\www.qingnianjuhe.club\Application\Runtime\Cache\Admin\904a25b5eb876e612ef13e8d5a7b0bef.php 第 71 行.
NOTIC: [8] Use of undefined constant goods_state - assumed 'goods_state' F:\phpStudy\WWW\www.qingnianjuhe.club\Application\Runtime\Cache\Admin\904a25b5eb876e612ef13e8d5a7b0bef.php 第 72 行.
NOTIC: [8] Use of undefined constant goods_state - assumed 'goods_state' F:\phpStudy\WWW\www.qingnianjuhe.club\Application\Runtime\Cache\Admin\904a25b5eb876e612ef13e8d5a7b0bef.php 第 73 行.
NOTIC: [8] Use of undefined constant cat_id1 - assumed 'cat_id1' F:\phpStudy\WWW\www.qingnianjuhe.club\Application\Runtime\Cache\Admin\904a25b5eb876e612ef13e8d5a7b0bef.php 第 53 行.
NOTIC: [8] Use of undefined constant mobile_name - assumed 'mobile_name' F:\phpStudy\WWW\www.qingnianjuhe.club\Application\Runtime\Cache\Admin\904a25b5eb876e612ef13e8d5a7b0bef.php 第 53 行.
NOTIC: [8] Undefined offset: 0 F:\phpStudy\WWW\www.qingnianjuhe.club\Application\Runtime\Cache\Admin\904a25b5eb876e612ef13e8d5a7b0bef.php 第 53 行.
NOTIC: [8] Use of undefined constant is_recommend - assumed 'is_recommend' F:\phpStudy\WWW\www.qingnianjuhe.club\Application\Runtime\Cache\Admin\904a25b5eb876e612ef13e8d5a7b0bef.php 第 56 行.
NOTIC: [8] Use of undefined constant is_new - assumed 'is_new' F:\phpStudy\WWW\www.qingnianjuhe.club\Application\Runtime\Cache\Admin\904a25b5eb876e612ef13e8d5a7b0bef.php 第 59 行.
NOTIC: [8] Use of undefined constant is_hot - assumed 'is_hot' F:\phpStudy\WWW\www.qingnianjuhe.club\Application\Runtime\Cache\Admin\904a25b5eb876e612ef13e8d5a7b0bef.php 第 62 行.
NOTIC: [8] Use of undefined constant is_on_sale - assumed 'is_on_sale' F:\phpStudy\WWW\www.qingnianjuhe.club\Application\Runtime\Cache\Admin\904a25b5eb876e612ef13e8d5a7b0bef.php 第 66 行.
NOTIC: [8] Use of undefined constant is_on_sale - assumed 'is_on_sale' F:\phpStudy\WWW\www.qingnianjuhe.club\Application\Runtime\Cache\Admin\904a25b5eb876e612ef13e8d5a7b0bef.php 第 67 行.
NOTIC: [8] Use of undefined constant goods_state - assumed 'goods_state' F:\phpStudy\WWW\www.qingnianjuhe.club\Application\Runtime\Cache\Admin\904a25b5eb876e612ef13e8d5a7b0bef.php 第 70 行.
NOTIC: [8] Use of undefined constant goods_state - assumed 'goods_state' F:\phpStudy\WWW\www.qingnianjuhe.club\Application\Runtime\Cache\Admin\904a25b5eb876e612ef13e8d5a7b0bef.php 第 71 行.
NOTIC: [8] Use of undefined constant goods_state - assumed 'goods_state' F:\phpStudy\WWW\www.qingnianjuhe.club\Application\Runtime\Cache\Admin\904a25b5eb876e612ef13e8d5a7b0bef.php 第 72 行.
NOTIC: [8] Use of undefined constant goods_state - assumed 'goods_state' F:\phpStudy\WWW\www.qingnianjuhe.club\Application\Runtime\Cache\Admin\904a25b5eb876e612ef13e8d5a7b0bef.php 第 73 行.
NOTIC: [8] Use of undefined constant cat_id1 - assumed 'cat_id1' F:\phpStudy\WWW\www.qingnianjuhe.club\Application\Runtime\Cache\Admin\904a25b5eb876e612ef13e8d5a7b0bef.php 第 53 行.
NOTIC: [8] Use of undefined constant mobile_name - assumed 'mobile_name' F:\phpStudy\WWW\www.qingnianjuhe.club\Application\Runtime\Cache\Admin\904a25b5eb876e612ef13e8d5a7b0bef.php 第 53 行.
NOTIC: [8] Undefined offset: 0 F:\phpStudy\WWW\www.qingnianjuhe.club\Application\Runtime\Cache\Admin\904a25b5eb876e612ef13e8d5a7b0bef.php 第 53 行.
NOTIC: [8] Use of undefined constant is_recommend - assumed 'is_recommend' F:\phpStudy\WWW\www.qingnianjuhe.club\Application\Runtime\Cache\Admin\904a25b5eb876e612ef13e8d5a7b0bef.php 第 56 行.
NOTIC: [8] Use of undefined constant is_new - assumed 'is_new' F:\phpStudy\WWW\www.qingnianjuhe.club\Application\Runtime\Cache\Admin\904a25b5eb876e612ef13e8d5a7b0bef.php 第 59 行.
NOTIC: [8] Use of undefined constant is_hot - assumed 'is_hot' F:\phpStudy\WWW\www.qingnianjuhe.club\Application\Runtime\Cache\Admin\904a25b5eb876e612ef13e8d5a7b0bef.php 第 62 行.
NOTIC: [8] Use of undefined constant is_on_sale - assumed 'is_on_sale' F:\phpStudy\WWW\www.qingnianjuhe.club\Application\Runtime\Cache\Admin\904a25b5eb876e612ef13e8d5a7b0bef.php 第 66 行.
NOTIC: [8] Use of undefined constant is_on_sale - assumed 'is_on_sale' F:\phpStudy\WWW\www.qingnianjuhe.club\Application\Runtime\Cache\Admin\904a25b5eb876e612ef13e8d5a7b0bef.php 第 67 行.
NOTIC: [8] Use of undefined constant goods_state - assumed 'goods_state' F:\phpStudy\WWW\www.qingnianjuhe.club\Application\Runtime\Cache\Admin\904a25b5eb876e612ef13e8d5a7b0bef.php 第 70 行.
NOTIC: [8] Use of undefined constant goods_state - assumed 'goods_state' F:\phpStudy\WWW\www.qingnianjuhe.club\Application\Runtime\Cache\Admin\904a25b5eb876e612ef13e8d5a7b0bef.php 第 71 行.
NOTIC: [8] Use of undefined constant goods_state - assumed 'goods_state' F:\phpStudy\WWW\www.qingnianjuhe.club\Application\Runtime\Cache\Admin\904a25b5eb876e612ef13e8d5a7b0bef.php 第 72 行.
NOTIC: [8] Use of undefined constant goods_state - assumed 'goods_state' F:\phpStudy\WWW\www.qingnianjuhe.club\Application\Runtime\Cache\Admin\904a25b5eb876e612ef13e8d5a7b0bef.php 第 73 行.
NOTIC: [8] Use of undefined constant cat_id1 - assumed 'cat_id1' F:\phpStudy\WWW\www.qingnianjuhe.club\Application\Runtime\Cache\Admin\904a25b5eb876e612ef13e8d5a7b0bef.php 第 53 行.
NOTIC: [8] Use of undefined constant mobile_name - assumed 'mobile_name' F:\phpStudy\WWW\www.qingnianjuhe.club\Application\Runtime\Cache\Admin\904a25b5eb876e612ef13e8d5a7b0bef.php 第 53 行.
NOTIC: [8] Undefined offset: 0 F:\phpStudy\WWW\www.qingnianjuhe.club\Application\Runtime\Cache\Admin\904a25b5eb876e612ef13e8d5a7b0bef.php 第 53 行.
NOTIC: [8] Use of undefined constant is_recommend - assumed 'is_recommend' F:\phpStudy\WWW\www.qingnianjuhe.club\Application\Runtime\Cache\Admin\904a25b5eb876e612ef13e8d5a7b0bef.php 第 56 行.
NOTIC: [8] Use of undefined constant is_new - assumed 'is_new' F:\phpStudy\WWW\www.qingnianjuhe.club\Application\Runtime\Cache\Admin\904a25b5eb876e612ef13e8d5a7b0bef.php 第 59 行.
NOTIC: [8] Use of undefined constant is_hot - assumed 'is_hot' F:\phpStudy\WWW\www.qingnianjuhe.club\Application\Runtime\Cache\Admin\904a25b5eb876e612ef13e8d5a7b0bef.php 第 62 行.
NOTIC: [8] Use of undefined constant is_on_sale - assumed 'is_on_sale' F:\phpStudy\WWW\www.qingnianjuhe.club\Application\Runtime\Cache\Admin\904a25b5eb876e612ef13e8d5a7b0bef.php 第 66 行.
NOTIC: [8] Use of undefined constant is_on_sale - assumed 'is_on_sale' F:\phpStudy\WWW\www.qingnianjuhe.club\Application\Runtime\Cache\Admin\904a25b5eb876e612ef13e8d5a7b0bef.php 第 67 行.
NOTIC: [8] Use of undefined constant goods_state - assumed 'goods_state' F:\phpStudy\WWW\www.qingnianjuhe.club\Application\Runtime\Cache\Admin\904a25b5eb876e612ef13e8d5a7b0bef.php 第 70 行.
NOTIC: [8] Use of undefined constant goods_state - assumed 'goods_state' F:\phpStudy\WWW\www.qingnianjuhe.club\Application\Runtime\Cache\Admin\904a25b5eb876e612ef13e8d5a7b0bef.php 第 71 行.
NOTIC: [8] Use of undefined constant goods_state - assumed 'goods_state' F:\phpStudy\WWW\www.qingnianjuhe.club\Application\Runtime\Cache\Admin\904a25b5eb876e612ef13e8d5a7b0bef.php 第 72 行.
NOTIC: [8] Use of undefined constant goods_state - assumed 'goods_state' F:\phpStudy\WWW\www.qingnianjuhe.club\Application\Runtime\Cache\Admin\904a25b5eb876e612ef13e8d5a7b0bef.php 第 73 行.
NOTIC: [8] Use of undefined constant cat_id1 - assumed 'cat_id1' F:\phpStudy\WWW\www.qingnianjuhe.club\Application\Runtime\Cache\Admin\904a25b5eb876e612ef13e8d5a7b0bef.php 第 53 行.
NOTIC: [8] Use of undefined constant mobile_name - assumed 'mobile_name' F:\phpStudy\WWW\www.qingnianjuhe.club\Application\Runtime\Cache\Admin\904a25b5eb876e612ef13e8d5a7b0bef.php 第 53 行.
NOTIC: [8] Use of undefined constant is_recommend - assumed 'is_recommend' F:\phpStudy\WWW\www.qingnianjuhe.club\Application\Runtime\Cache\Admin\904a25b5eb876e612ef13e8d5a7b0bef.php 第 56 行.
NOTIC: [8] Use of undefined constant is_new - assumed 'is_new' F:\phpStudy\WWW\www.qingnianjuhe.club\Application\Runtime\Cache\Admin\904a25b5eb876e612ef13e8d5a7b0bef.php 第 59 行.
NOTIC: [8] Use of undefined constant is_hot - assumed 'is_hot' F:\phpStudy\WWW\www.qingnianjuhe.club\Application\Runtime\Cache\Admin\904a25b5eb876e612ef13e8d5a7b0bef.php 第 62 行.
NOTIC: [8] Use of undefined constant is_on_sale - assumed 'is_on_sale' F:\phpStudy\WWW\www.qingnianjuhe.club\Application\Runtime\Cache\Admin\904a25b5eb876e612ef13e8d5a7b0bef.php 第 66 行.
NOTIC: [8] Use of undefined constant is_on_sale - assumed 'is_on_sale' F:\phpStudy\WWW\www.qingnianjuhe.club\Application\Runtime\Cache\Admin\904a25b5eb876e612ef13e8d5a7b0bef.php 第 67 行.
NOTIC: [8] Use of undefined constant goods_state - assumed 'goods_state' F:\phpStudy\WWW\www.qingnianjuhe.club\Application\Runtime\Cache\Admin\904a25b5eb876e612ef13e8d5a7b0bef.php 第 70 行.
NOTIC: [8] Use of undefined constant goods_state - assumed 'goods_state' F:\phpStudy\WWW\www.qingnianjuhe.club\Application\Runtime\Cache\Admin\904a25b5eb876e612ef13e8d5a7b0bef.php 第 71 行.
NOTIC: [8] Use of undefined constant goods_state - assumed 'goods_state' F:\phpStudy\WWW\www.qingnianjuhe.club\Application\Runtime\Cache\Admin\904a25b5eb876e612ef13e8d5a7b0bef.php 第 72 行.
NOTIC: [8] Use of undefined constant goods_state - assumed 'goods_state' F:\phpStudy\WWW\www.qingnianjuhe.club\Application\Runtime\Cache\Admin\904a25b5eb876e612ef13e8d5a7b0bef.php 第 73 行.
NOTIC: [8] Use of undefined constant cat_id1 - assumed 'cat_id1' F:\phpStudy\WWW\www.qingnianjuhe.club\Application\Runtime\Cache\Admin\904a25b5eb876e612ef13e8d5a7b0bef.php 第 53 行.
NOTIC: [8] Use of undefined constant mobile_name - assumed 'mobile_name' F:\phpStudy\WWW\www.qingnianjuhe.club\Application\Runtime\Cache\Admin\904a25b5eb876e612ef13e8d5a7b0bef.php 第 53 行.
NOTIC: [8] Use of undefined constant is_recommend - assumed 'is_recommend' F:\phpStudy\WWW\www.qingnianjuhe.club\Application\Runtime\Cache\Admin\904a25b5eb876e612ef13e8d5a7b0bef.php 第 56 行.
NOTIC: [8] Use of undefined constant is_new - assumed 'is_new' F:\phpStudy\WWW\www.qingnianjuhe.club\Application\Runtime\Cache\Admin\904a25b5eb876e612ef13e8d5a7b0bef.php 第 59 行.
NOTIC: [8] Use of undefined constant is_hot - assumed 'is_hot' F:\phpStudy\WWW\www.qingnianjuhe.club\Application\Runtime\Cache\Admin\904a25b5eb876e612ef13e8d5a7b0bef.php 第 62 行.
NOTIC: [8] Use of undefined constant is_on_sale - assumed 'is_on_sale' F:\phpStudy\WWW\www.qingnianjuhe.club\Application\Runtime\Cache\Admin\904a25b5eb876e612ef13e8d5a7b0bef.php 第 66 行.
NOTIC: [8] Use of undefined constant is_on_sale - assumed 'is_on_sale' F:\phpStudy\WWW\www.qingnianjuhe.club\Application\Runtime\Cache\Admin\904a25b5eb876e612ef13e8d5a7b0bef.php 第 67 行.
NOTIC: [8] Use of undefined constant goods_state - assumed 'goods_state' F:\phpStudy\WWW\www.qingnianjuhe.club\Application\Runtime\Cache\Admin\904a25b5eb876e612ef13e8d5a7b0bef.php 第 70 行.
NOTIC: [8] Use of undefined constant goods_state - assumed 'goods_state' F:\phpStudy\WWW\www.qingnianjuhe.club\Application\Runtime\Cache\Admin\904a25b5eb876e612ef13e8d5a7b0bef.php 第 71 行.
NOTIC: [8] Use of undefined constant goods_state - assumed 'goods_state' F:\phpStudy\WWW\www.qingnianjuhe.club\Application\Runtime\Cache\Admin\904a25b5eb876e612ef13e8d5a7b0bef.php 第 72 行.
NOTIC: [8] Use of undefined constant goods_state - assumed 'goods_state' F:\phpStudy\WWW\www.qingnianjuhe.club\Application\Runtime\Cache\Admin\904a25b5eb876e612ef13e8d5a7b0bef.php 第 73 行.
NOTIC: [8] Use of undefined constant cat_id1 - assumed 'cat_id1' F:\phpStudy\WWW\www.qingnianjuhe.club\Application\Runtime\Cache\Admin\904a25b5eb876e612ef13e8d5a7b0bef.php 第 53 行.
NOTIC: [8] Use of undefined constant mobile_name - assumed 'mobile_name' F:\phpStudy\WWW\www.qingnianjuhe.club\Application\Runtime\Cache\Admin\904a25b5eb876e612ef13e8d5a7b0bef.php 第 53 行.
NOTIC: [8] Use of undefined constant is_recommend - assumed 'is_recommend' F:\phpStudy\WWW\www.qingnianjuhe.club\Application\Runtime\Cache\Admin\904a25b5eb876e612ef13e8d5a7b0bef.php 第 56 行.
NOTIC: [8] Use of undefined constant is_new - assumed 'is_new' F:\phpStudy\WWW\www.qingnianjuhe.club\Application\Runtime\Cache\Admin\904a25b5eb876e612ef13e8d5a7b0bef.php 第 59 行.
NOTIC: [8] Use of undefined constant is_hot - assumed 'is_hot' F:\phpStudy\WWW\www.qingnianjuhe.club\Application\Runtime\Cache\Admin\904a25b5eb876e612ef13e8d5a7b0bef.php 第 62 行.
NOTIC: [8] Use of undefined constant is_on_sale - assumed 'is_on_sale' F:\phpStudy\WWW\www.qingnianjuhe.club\Application\Runtime\Cache\Admin\904a25b5eb876e612ef13e8d5a7b0bef.php 第 66 行.
NOTIC: [8] Use of undefined constant is_on_sale - assumed 'is_on_sale' F:\phpStudy\WWW\www.qingnianjuhe.club\Application\Runtime\Cache\Admin\904a25b5eb876e612ef13e8d5a7b0bef.php 第 67 行.
NOTIC: [8] Use of undefined constant goods_state - assumed 'goods_state' F:\phpStudy\WWW\www.qingnianjuhe.club\Application\Runtime\Cache\Admin\904a25b5eb876e612ef13e8d5a7b0bef.php 第 70 行.
NOTIC: [8] Use of undefined constant goods_state - assumed 'goods_state' F:\phpStudy\WWW\www.qingnianjuhe.club\Application\Runtime\Cache\Admin\904a25b5eb876e612ef13e8d5a7b0bef.php 第 71 行.
NOTIC: [8] Use of undefined constant goods_state - assumed 'goods_state' F:\phpStudy\WWW\www.qingnianjuhe.club\Application\Runtime\Cache\Admin\904a25b5eb876e612ef13e8d5a7b0bef.php 第 72 行.
NOTIC: [8] Use of undefined constant goods_state - assumed 'goods_state' F:\phpStudy\WWW\www.qingnianjuhe.club\Application\Runtime\Cache\Admin\904a25b5eb876e612ef13e8d5a7b0bef.php 第 73 行.
INFO: Run Behavior\ParseTemplateBehavior [ RunTime:0.023800s ]
INFO: [ view_parse ] --END-- [ RunTime:0.023823s ]
INFO: [ view_filter ] --START--
INFO: Run Behavior\WriteHtmlCacheBehavior [ RunTime:0.000530s ]
INFO: Run Behavior\TokenBuildBehavior [ RunTime:0.002271s ]
INFO: [ view_filter ] --END-- [ RunTime:0.002834s ]
INFO: [ app_end ] --START--
INFO: Run Behavior\ShowPageTraceBehavior [ RunTime:0.000716s ]
INFO: [ app_end ] --END-- [ RunTime:0.000744s ]

[ 2018-10-29T12:09:56+08:00 ] 127.0.0.1 /index.php/admin/goods/ajaxSx
INFO: [ app_init ] --START--
INFO: Run Behavior\BuildLiteBehavior [ RunTime:0.000007s ]
INFO: [ app_init ] --END-- [ RunTime:0.000459s ]
INFO: [ app_begin ] --START--
INFO: Run Behavior\ReadHtmlCacheBehavior [ RunTime:0.000462s ]
INFO: [ app_begin ] --END-- [ RunTime:0.000490s ]
NOTIC: [8] Undefined index: ajaxSx F:\phpStudy\WWW\www.qingnianjuhe.club\Application\Admin\Common\function.php 第 70 行.

[ 2018-10-29T12:10:46+08:00 ] 127.0.0.1 /index.php/Admin/Goods/addEditGoods
INFO: [ app_init ] --START--
INFO: Run Behavior\BuildLiteBehavior [ RunTime:0.000006s ]
INFO: [ app_init ] --END-- [ RunTime:0.000554s ]
INFO: [ app_begin ] --START--
INFO: Run Behavior\ReadHtmlCacheBehavior [ RunTime:0.000543s ]
INFO: [ app_begin ] --END-- [ RunTime:0.000571s ]
NOTIC: [8] Undefined index: goods_id F:\phpStudy\WWW\www.qingnianjuhe.club\Application\Admin\Controller\GoodsController.class.php 第 418 行.
NOTIC: [8] Undefined index: is_ajax F:\phpStudy\WWW\www.qingnianjuhe.club\Application\Admin\Controller\GoodsController.class.php 第 421 行.
NOTIC: [8] Undefined variable: level_cat F:\phpStudy\WWW\www.qingnianjuhe.club\Application\Admin\Controller\GoodsController.class.php 第 510 行.
INFO: [ view_begin ] --START--
INFO: Run Home\Behaviors\testBehavior [ RunTime:0.000894s ]
INFO: [ view_begin ] --END-- [ RunTime:0.000926s ]
INFO: [ view_parse ] --START--
INFO: [ template_filter ] --START--
INFO: Run Behavior\ContentReplaceBehavior [ RunTime:0.000210s ]
INFO: [ template_filter ] --END-- [ RunTime:0.000237s ]
NOTIC: [8] Undefined variable: URL_home F:\phpStudy\WWW\www.qingnianjuhe.club\Application\Runtime\Cache\Admin\c5b83c1ac2aaddb7d217c711b27315d2.php 第 109 行.
NOTIC: [8] Undefined variable: store_goods_class_list F:\phpStudy\WWW\www.qingnianjuhe.club\Application\Runtime\Cache\Admin\c5b83c1ac2aaddb7d217c711b27315d2.php 第 283 行.
NOTIC: [8] Undefined variable: suppliersList F:\phpStudy\WWW\www.qingnianjuhe.club\Application\Runtime\Cache\Admin\c5b83c1ac2aaddb7d217c711b27315d2.php 第 312 行.
NOTIC: [8] Use of undefined constant goods_id - assumed 'goods_id' F:\phpStudy\WWW\www.qingnianjuhe.club\Application\Runtime\Cache\Admin\c5b83c1ac2aaddb7d217c711b27315d2.php 第 403 行.
NOTIC: [8] Use of undefined constant basic_default_storage - assumed 'basic_default_storage' F:\phpStudy\WWW\www.qingnianjuhe.club\Application\Runtime\Cache\Admin\c5b83c1ac2aaddb7d217c711b27315d2.php 第 405 行.
NOTIC: [8] Use of undefined constant is_free_shipping - assumed 'is_free_shipping' F:\phpStudy\WWW\www.qingnianjuhe.club\Application\Runtime\Cache\Admin\c5b83c1ac2aaddb7d217c711b27315d2.php 第 438 行.
NOTIC: [8] Use of undefined constant is_free_shipping - assumed 'is_free_shipping' F:\phpStudy\WWW\www.qingnianjuhe.club\Application\Runtime\Cache\Admin\c5b83c1ac2aaddb7d217c711b27315d2.php 第 439 行.
NOTIC: [8] Undefined variable: plugin_shipping F:\phpStudy\WWW\www.qingnianjuhe.club\Application\Runtime\Cache\Admin\c5b83c1ac2aaddb7d217c711b27315d2.php 第 534 行.
INFO: Run Behavior\ParseTemplateBehavior [ RunTime:0.014471s ]
INFO: [ view_parse ] --END-- [ RunTime:0.014492s ]
INFO: [ view_filter ] --START--
INFO: Run Behavior\WriteHtmlCacheBehavior [ RunTime:0.000397s ]
INFO: Run Behavior\TokenBuildBehavior [ RunTime:0.003316s ]
INFO: [ view_filter ] --END-- [ RunTime:0.003750s ]
INFO: [ app_end ] --START--
INFO: Run Behavior\ShowPageTraceBehavior [ RunTime:0.000726s ]
INFO: [ app_end ] --END-- [ RunTime:0.000747s ]

