[ 2018-08-13T08:58:58+08:00 ] 211.94.227.222 //index.php/WXAPI/user/getCode?code=021QOCEH1T9Nm709K8DH1UumEH1QOCEl&encryptedData=%2Bt5jTiXgV6mVFHe91V%2FDKbOw4Z6xyB22ZCSBkIrXgzAQ2uOiw%2Fm%2BxQEFtJLuZZl%2B6VDh2l97KWsd3%2BzGKfWjM98l9tZC1Hc3AzIDFe74MQUvDBYjC2TXEyNYDjgaCVaPGuJFaNytpZ%2BBjNQyrNxgMRqbql%2BlP1H7CPiUX7Q%2F%2F%2BM%2Fy48XTPWWNf%2BdsTePtYNDrz2n5nQtWZ%2BMBrPMcj0Q71F7KAt1QMQ1V21eWJXWQdYiqf%2FKt%2Fve39X5vu5iQz6lecShu51Uo4xqCmIUXObCqzy%2BBaQSGUf%2Bt8oBJA54wemcKD3t9E1iLSNO5aKXdcZaHm0i9m6ddQ8QMX316XIPd40oDZfwDhj%2BN1xNnodro4yVV0zQ9oUstVvLB2CP52nbW9UWjnR6URnnicaiqb1oL%2FgPWIFOROlgeO87hiRZya12fRiLvIgfTFWfRQlNu%2Bxg3UoIMLNV0lms9MHNviCjtMC7XdTXMz5xlpMRvvhS13w%3D&iv=Dj9ZYrdIuGOvuH4taBzt2A%3D%3D
INFO: [ app_init ] --START--
INFO: Run Behavior\BuildLiteBehavior [ RunTime:0.000022s ]
INFO: [ app_init ] --END-- [ RunTime:0.000090s ]
NOTIC: [8] Constant APP_ID already defined /home/www/htdocs/Application/WXAPI/Common/function.php 第 2 行.
NOTIC: [8] Constant APP_SECRET already defined /home/www/htdocs/Application/WXAPI/Common/function.php 第 3 行.
NOTIC: [8] Constant OPENID already defined /home/www/htdocs/Application/WXAPI/Common/function.php 第 4 行.
NOTIC: [8] Constant MCHID already defined /home/www/htdocs/Application/WXAPI/Common/function.php 第 5 行.
NOTIC: [8] Constant Key already defined /home/www/htdocs/Application/WXAPI/Common/function.php 第 6 行.
INFO: [ app_begin ] --START--
INFO: Run Behavior\ReadHtmlCacheBehavior [ RunTime:0.000111s ]
INFO: [ app_begin ] --END-- [ RunTime:0.000140s ]

[ 2018-08-13T08:58:59+08:00 ] 211.94.227.222 //index.php/WXAPI/user/addUser?openid=o6MfD5AkGfK-DWXLAKI6VmSq93Ks&head_pic=https%3A%2F%2Fwx.qlogo.cn%2Fmmopen%2Fvi_32%2F3hYQ1v6xTZRkGkqZcUrPf1aWu5YicxgwXQvAgqAVrC39lDlFBY3o3RibWWtKSF1S8ccFIHIqLHcP21OTicSYxHkTA%2F132&nickname=%E4%B8%81%E4%B8%81&first_leader=undefined&c_id=undefined
INFO: [ app_init ] --START--
INFO: Run Behavior\BuildLiteBehavior [ RunTime:0.000010s ]
INFO: [ app_init ] --END-- [ RunTime:0.000062s ]
NOTIC: [8] Constant APP_ID already defined /home/www/htdocs/Application/WXAPI/Common/function.php 第 2 行.
NOTIC: [8] Constant APP_SECRET already defined /home/www/htdocs/Application/WXAPI/Common/function.php 第 3 行.
NOTIC: [8] Constant OPENID already defined /home/www/htdocs/Application/WXAPI/Common/function.php 第 4 行.
NOTIC: [8] Constant MCHID already defined /home/www/htdocs/Application/WXAPI/Common/function.php 第 5 行.
NOTIC: [8] Constant Key already defined /home/www/htdocs/Application/WXAPI/Common/function.php 第 6 行.
INFO: [ app_begin ] --START--
INFO: Run Behavior\ReadHtmlCacheBehavior [ RunTime:0.000089s ]
INFO: [ app_begin ] --END-- [ RunTime:0.000115s ]

[ 2018-08-13T08:58:59+08:00 ] 211.94.227.222 /index.php/WXAPI/Index/show
INFO: [ app_init ] --START--
INFO: Run Behavior\BuildLiteBehavior [ RunTime:0.000010s ]
INFO: [ app_init ] --END-- [ RunTime:0.000060s ]
NOTIC: [8] Constant APP_ID already defined /home/www/htdocs/Application/WXAPI/Common/function.php 第 2 行.
NOTIC: [8] Constant APP_SECRET already defined /home/www/htdocs/Application/WXAPI/Common/function.php 第 3 行.
NOTIC: [8] Constant OPENID already defined /home/www/htdocs/Application/WXAPI/Common/function.php 第 4 行.
NOTIC: [8] Constant MCHID already defined /home/www/htdocs/Application/WXAPI/Common/function.php 第 5 行.
NOTIC: [8] Constant Key already defined /home/www/htdocs/Application/WXAPI/Common/function.php 第 6 行.
INFO: [ app_begin ] --START--
INFO: Run Behavior\ReadHtmlCacheBehavior [ RunTime:0.000084s ]
INFO: [ app_begin ] --END-- [ RunTime:0.000108s ]
NOTIC: [2048] Declaration of WXAPI\Controller\IndexController::show() should be compatible with Think\Controller::show($content, $charset = '', $contentType = '', $prefix = '') /home/www/htdocs/Application/WXAPI/Controller/IndexController.class.php 第 7 行.

[ 2018-08-13T08:58:59+08:00 ] 211.94.227.222 /index.php/WXAPI/Index/getModule
INFO: [ app_init ] --START--
INFO: Run Behavior\BuildLiteBehavior [ RunTime:0.000011s ]
INFO: [ app_init ] --END-- [ RunTime:0.000080s ]
NOTIC: [8] Constant APP_ID already defined /home/www/htdocs/Application/WXAPI/Common/function.php 第 2 行.
NOTIC: [8] Constant APP_SECRET already defined /home/www/htdocs/Application/WXAPI/Common/function.php 第 3 行.
NOTIC: [8] Constant OPENID already defined /home/www/htdocs/Application/WXAPI/Common/function.php 第 4 行.
NOTIC: [8] Constant MCHID already defined /home/www/htdocs/Application/WXAPI/Common/function.php 第 5 行.
NOTIC: [8] Constant Key already defined /home/www/htdocs/Application/WXAPI/Common/function.php 第 6 行.
INFO: [ app_begin ] --START--
INFO: Run Behavior\ReadHtmlCacheBehavior [ RunTime:0.000117s ]
INFO: [ app_begin ] --END-- [ RunTime:0.000150s ]
NOTIC: [2048] Declaration of WXAPI\Controller\IndexController::show() should be compatible with Think\Controller::show($content, $charset = '', $contentType = '', $prefix = '') /home/www/htdocs/Application/WXAPI/Controller/IndexController.class.php 第 7 行.

[ 2018-08-13T08:59:16+08:00 ] 211.94.227.222 /index.php/WXAPI/Index/getClass
INFO: [ app_init ] --START--
INFO: Run Behavior\BuildLiteBehavior [ RunTime:0.000010s ]
INFO: [ app_init ] --END-- [ RunTime:0.000075s ]
NOTIC: [8] Constant APP_ID already defined /home/www/htdocs/Application/WXAPI/Common/function.php 第 2 行.
NOTIC: [8] Constant APP_SECRET already defined /home/www/htdocs/Application/WXAPI/Common/function.php 第 3 行.
NOTIC: [8] Constant OPENID already defined /home/www/htdocs/Application/WXAPI/Common/function.php 第 4 行.
NOTIC: [8] Constant MCHID already defined /home/www/htdocs/Application/WXAPI/Common/function.php 第 5 行.
NOTIC: [8] Constant Key already defined /home/www/htdocs/Application/WXAPI/Common/function.php 第 6 行.
INFO: [ app_begin ] --START--
INFO: Run Behavior\ReadHtmlCacheBehavior [ RunTime:0.000092s ]
INFO: [ app_begin ] --END-- [ RunTime:0.000120s ]
NOTIC: [2048] Declaration of WXAPI\Controller\IndexController::show() should be compatible with Think\Controller::show($content, $charset = '', $contentType = '', $prefix = '') /home/www/htdocs/Application/WXAPI/Controller/IndexController.class.php 第 7 行.

[ 2018-08-13T08:59:16+08:00 ] 211.94.227.222 /index.php/WXAPI/Index/getClassify
INFO: [ app_init ] --START--
INFO: Run Behavior\BuildLiteBehavior [ RunTime:0.000011s ]
INFO: [ app_init ] --END-- [ RunTime:0.000069s ]
NOTIC: [8] Constant APP_ID already defined /home/www/htdocs/Application/WXAPI/Common/function.php 第 2 行.
NOTIC: [8] Constant APP_SECRET already defined /home/www/htdocs/Application/WXAPI/Common/function.php 第 3 行.
NOTIC: [8] Constant OPENID already defined /home/www/htdocs/Application/WXAPI/Common/function.php 第 4 行.
NOTIC: [8] Constant MCHID already defined /home/www/htdocs/Application/WXAPI/Common/function.php 第 5 行.
NOTIC: [8] Constant Key already defined /home/www/htdocs/Application/WXAPI/Common/function.php 第 6 行.
INFO: [ app_begin ] --START--
INFO: Run Behavior\ReadHtmlCacheBehavior [ RunTime:0.000097s ]
INFO: [ app_begin ] --END-- [ RunTime:0.000128s ]
NOTIC: [2048] Declaration of WXAPI\Controller\IndexController::show() should be compatible with Think\Controller::show($content, $charset = '', $contentType = '', $prefix = '') /home/www/htdocs/Application/WXAPI/Controller/IndexController.class.php 第 7 行.

[ 2018-08-13T08:59:17+08:00 ] 211.94.227.222 /index.php/WXAPI/Index/getClassify
INFO: [ app_init ] --START--
INFO: Run Behavior\BuildLiteBehavior [ RunTime:0.000010s ]
INFO: [ app_init ] --END-- [ RunTime:0.000063s ]
NOTIC: [8] Constant APP_ID already defined /home/www/htdocs/Application/WXAPI/Common/function.php 第 2 行.
NOTIC: [8] Constant APP_SECRET already defined /home/www/htdocs/Application/WXAPI/Common/function.php 第 3 行.
NOTIC: [8] Constant OPENID already defined /home/www/htdocs/Application/WXAPI/Common/function.php 第 4 行.
NOTIC: [8] Constant MCHID already defined /home/www/htdocs/Application/WXAPI/Common/function.php 第 5 行.
NOTIC: [8] Constant Key already defined /home/www/htdocs/Application/WXAPI/Common/function.php 第 6 行.
INFO: [ app_begin ] --START--
INFO: Run Behavior\ReadHtmlCacheBehavior [ RunTime:0.000086s ]
INFO: [ app_begin ] --END-- [ RunTime:0.000113s ]
NOTIC: [2048] Declaration of WXAPI\Controller\IndexController::show() should be compatible with Think\Controller::show($content, $charset = '', $contentType = '', $prefix = '') /home/www/htdocs/Application/WXAPI/Controller/IndexController.class.php 第 7 行.

[ 2018-08-13T08:59:19+08:00 ] 211.94.227.222 /index.php/WXAPI/Index/getClassify
INFO: [ app_init ] --START--
INFO: Run Behavior\BuildLiteBehavior [ RunTime:0.000010s ]
INFO: [ app_init ] --END-- [ RunTime:0.000064s ]
NOTIC: [8] Constant APP_ID already defined /home/www/htdocs/Application/WXAPI/Common/function.php 第 2 行.
NOTIC: [8] Constant APP_SECRET already defined /home/www/htdocs/Application/WXAPI/Common/function.php 第 3 行.
NOTIC: [8] Constant OPENID already defined /home/www/htdocs/Application/WXAPI/Common/function.php 第 4 行.
NOTIC: [8] Constant MCHID already defined /home/www/htdocs/Application/WXAPI/Common/function.php 第 5 行.
NOTIC: [8] Constant Key already defined /home/www/htdocs/Application/WXAPI/Common/function.php 第 6 行.
INFO: [ app_begin ] --START--
INFO: Run Behavior\ReadHtmlCacheBehavior [ RunTime:0.000094s ]
INFO: [ app_begin ] --END-- [ RunTime:0.000120s ]
NOTIC: [2048] Declaration of WXAPI\Controller\IndexController::show() should be compatible with Think\Controller::show($content, $charset = '', $contentType = '', $prefix = '') /home/www/htdocs/Application/WXAPI/Controller/IndexController.class.php 第 7 行.

[ 2018-08-13T08:59:20+08:00 ] 211.94.227.222 /index.php/WXAPI/Index/getClassify
INFO: [ app_init ] --START--
INFO: Run Behavior\BuildLiteBehavior [ RunTime:0.000011s ]
INFO: [ app_init ] --END-- [ RunTime:0.000065s ]
NOTIC: [8] Constant APP_ID already defined /home/www/htdocs/Application/WXAPI/Common/function.php 第 2 行.
NOTIC: [8] Constant APP_SECRET already defined /home/www/htdocs/Application/WXAPI/Common/function.php 第 3 行.
NOTIC: [8] Constant OPENID already defined /home/www/htdocs/Application/WXAPI/Common/function.php 第 4 行.
NOTIC: [8] Constant MCHID already defined /home/www/htdocs/Application/WXAPI/Common/function.php 第 5 行.
NOTIC: [8] Constant Key already defined /home/www/htdocs/Application/WXAPI/Common/function.php 第 6 行.
INFO: [ app_begin ] --START--
INFO: Run Behavior\ReadHtmlCacheBehavior [ RunTime:0.000086s ]
INFO: [ app_begin ] --END-- [ RunTime:0.000114s ]
NOTIC: [2048] Declaration of WXAPI\Controller\IndexController::show() should be compatible with Think\Controller::show($content, $charset = '', $contentType = '', $prefix = '') /home/www/htdocs/Application/WXAPI/Controller/IndexController.class.php 第 7 行.

[ 2018-08-13T08:59:25+08:00 ] 211.94.227.222 /index.php/WXAPI/Index/getClassify
INFO: [ app_init ] --START--
INFO: Run Behavior\BuildLiteBehavior [ RunTime:0.000011s ]
INFO: [ app_init ] --END-- [ RunTime:0.000066s ]
NOTIC: [8] Constant APP_ID already defined /home/www/htdocs/Application/WXAPI/Common/function.php 第 2 行.
NOTIC: [8] Constant APP_SECRET already defined /home/www/htdocs/Application/WXAPI/Common/function.php 第 3 行.
NOTIC: [8] Constant OPENID already defined /home/www/htdocs/Application/WXAPI/Common/function.php 第 4 行.
NOTIC: [8] Constant MCHID already defined /home/www/htdocs/Application/WXAPI/Common/function.php 第 5 行.
NOTIC: [8] Constant Key already defined /home/www/htdocs/Application/WXAPI/Common/function.php 第 6 行.
INFO: [ app_begin ] --START--
INFO: Run Behavior\ReadHtmlCacheBehavior [ RunTime:0.000094s ]
INFO: [ app_begin ] --END-- [ RunTime:0.000123s ]
NOTIC: [2048] Declaration of WXAPI\Controller\IndexController::show() should be compatible with Think\Controller::show($content, $charset = '', $contentType = '', $prefix = '') /home/www/htdocs/Application/WXAPI/Controller/IndexController.class.php 第 7 行.

[ 2018-08-13T08:59:26+08:00 ] 211.94.227.222 /index.php/WXAPI/Index/getClassify
INFO: [ app_init ] --START--
INFO: Run Behavior\BuildLiteBehavior [ RunTime:0.000010s ]
INFO: [ app_init ] --END-- [ RunTime:0.000063s ]
NOTIC: [8] Constant APP_ID already defined /home/www/htdocs/Application/WXAPI/Common/function.php 第 2 行.
NOTIC: [8] Constant APP_SECRET already defined /home/www/htdocs/Application/WXAPI/Common/function.php 第 3 行.
NOTIC: [8] Constant OPENID already defined /home/www/htdocs/Application/WXAPI/Common/function.php 第 4 行.
NOTIC: [8] Constant MCHID already defined /home/www/htdocs/Application/WXAPI/Common/function.php 第 5 行.
NOTIC: [8] Constant Key already defined /home/www/htdocs/Application/WXAPI/Common/function.php 第 6 行.
INFO: [ app_begin ] --START--
INFO: Run Behavior\ReadHtmlCacheBehavior [ RunTime:0.000096s ]
INFO: [ app_begin ] --END-- [ RunTime:0.000125s ]
NOTIC: [2048] Declaration of WXAPI\Controller\IndexController::show() should be compatible with Think\Controller::show($content, $charset = '', $contentType = '', $prefix = '') /home/www/htdocs/Application/WXAPI/Controller/IndexController.class.php 第 7 行.

[ 2018-08-13T08:59:27+08:00 ] 211.94.227.222 /index.php/WXAPI/Index/getClassify
INFO: [ app_init ] --START--
INFO: Run Behavior\BuildLiteBehavior [ RunTime:0.000011s ]
INFO: [ app_init ] --END-- [ RunTime:0.000068s ]
NOTIC: [8] Constant APP_ID already defined /home/www/htdocs/Application/WXAPI/Common/function.php 第 2 行.
NOTIC: [8] Constant APP_SECRET already defined /home/www/htdocs/Application/WXAPI/Common/function.php 第 3 行.
NOTIC: [8] Constant OPENID already defined /home/www/htdocs/Application/WXAPI/Common/function.php 第 4 行.
NOTIC: [8] Constant MCHID already defined /home/www/htdocs/Application/WXAPI/Common/function.php 第 5 行.
NOTIC: [8] Constant Key already defined /home/www/htdocs/Application/WXAPI/Common/function.php 第 6 行.
INFO: [ app_begin ] --START--
INFO: Run Behavior\ReadHtmlCacheBehavior [ RunTime:0.000087s ]
INFO: [ app_begin ] --END-- [ RunTime:0.000113s ]
NOTIC: [2048] Declaration of WXAPI\Controller\IndexController::show() should be compatible with Think\Controller::show($content, $charset = '', $contentType = '', $prefix = '') /home/www/htdocs/Application/WXAPI/Controller/IndexController.class.php 第 7 行.

[ 2018-08-13T08:59:27+08:00 ] 211.94.227.222 /index.php/WXAPI/Index/getClassify
INFO: [ app_init ] --START--
INFO: Run Behavior\BuildLiteBehavior [ RunTime:0.000010s ]
INFO: [ app_init ] --END-- [ RunTime:0.000063s ]
NOTIC: [8] Constant APP_ID already defined /home/www/htdocs/Application/WXAPI/Common/function.php 第 2 行.
NOTIC: [8] Constant APP_SECRET already defined /home/www/htdocs/Application/WXAPI/Common/function.php 第 3 行.
NOTIC: [8] Constant OPENID already defined /home/www/htdocs/Application/WXAPI/Common/function.php 第 4 行.
NOTIC: [8] Constant MCHID already defined /home/www/htdocs/Application/WXAPI/Common/function.php 第 5 行.
NOTIC: [8] Constant Key already defined /home/www/htdocs/Application/WXAPI/Common/function.php 第 6 行.
INFO: [ app_begin ] --START--
INFO: Run Behavior\ReadHtmlCacheBehavior [ RunTime:0.000086s ]
INFO: [ app_begin ] --END-- [ RunTime:0.000122s ]
NOTIC: [2048] Declaration of WXAPI\Controller\IndexController::show() should be compatible with Think\Controller::show($content, $charset = '', $contentType = '', $prefix = '') /home/www/htdocs/Application/WXAPI/Controller/IndexController.class.php 第 7 行.

[ 2018-08-13T08:59:31+08:00 ] 211.94.227.222 /WXAPI/user/getModel?cart1=8
INFO: [ app_init ] --START--
INFO: Run Behavior\BuildLiteBehavior [ RunTime:0.000010s ]
INFO: [ app_init ] --END-- [ RunTime:0.000072s ]
NOTIC: [8] Constant APP_ID already defined /home/www/htdocs/Application/WXAPI/Common/function.php 第 2 行.
NOTIC: [8] Constant APP_SECRET already defined /home/www/htdocs/Application/WXAPI/Common/function.php 第 3 行.
NOTIC: [8] Constant OPENID already defined /home/www/htdocs/Application/WXAPI/Common/function.php 第 4 行.
NOTIC: [8] Constant MCHID already defined /home/www/htdocs/Application/WXAPI/Common/function.php 第 5 行.
NOTIC: [8] Constant Key already defined /home/www/htdocs/Application/WXAPI/Common/function.php 第 6 行.
INFO: [ app_begin ] --START--
INFO: Run Behavior\ReadHtmlCacheBehavior [ RunTime:0.000100s ]
INFO: [ app_begin ] --END-- [ RunTime:0.000135s ]

[ 2018-08-13T11:23:28+08:00 ] 106.121.62.55 //index.php/WXAPI/user/getCode?code=081fVri70GXUIH1idaj70sqmi70fVri0&encryptedData=xo%2BWQqT3rDreDdagfYhR%2FqqYVg7OlMXPyXfdGzKhYrEKyKvROKcA6KBLh%2BfcteUM6KLMlJTzLMiYXqh%2ByEsud0TNlCOf%2BhsHvpADaPQbQyWMuIbRyYdUCoPRV%2BZFdN7c83zj3yZyqaVvJifEXI2Thpxe%2FJ4fj7XEqoQB17dZV71diHOXav92XVIIphlfBX6E%2FjDK0lpAScKQgFtxHMkDs3zZcVjfHoUTZy8%2BVOApxBhnkKL2LpHYd5DKGWcXe%2FEJkl%2FjPeOMEiCbWlT6O5KjS5XtMuMZzNpSiYycLsZjuspfu5TF8OzTdcaf904I4bslXfwsIz4Mdic4O5JaX0x2unqB4tXqFXQ9BC%2BKka3ohzMFoTWSP7SrSRlviJ%2F4gJTaRAnpXZep17rOtsROGbyXz%2B25RKDAkoLEhBYdOPgL37NH4xpz4IdPpsaXQbXegMU%2FUE8Zh8OOJhWu1ruRUMm9OQCEethpCm0J%2Bm05yn0Kuv4%3D&iv=QIM3VVwa6%2Bkc1Jya%2F5exVA%3D%3D
INFO: [ app_init ] --START--
INFO: Run Behavior\BuildLiteBehavior [ RunTime:0.000014s ]
INFO: [ app_init ] --END-- [ RunTime:0.000124s ]
NOTIC: [8] Constant APP_ID already defined /home/www/htdocs/Application/WXAPI/Common/function.php 第 2 行.
NOTIC: [8] Constant APP_SECRET already defined /home/www/htdocs/Application/WXAPI/Common/function.php 第 3 行.
NOTIC: [8] Constant OPENID already defined /home/www/htdocs/Application/WXAPI/Common/function.php 第 4 行.
NOTIC: [8] Constant MCHID already defined /home/www/htdocs/Application/WXAPI/Common/function.php 第 5 行.
NOTIC: [8] Constant Key already defined /home/www/htdocs/Application/WXAPI/Common/function.php 第 6 行.
INFO: [ app_begin ] --START--
INFO: Run Behavior\ReadHtmlCacheBehavior [ RunTime:0.000147s ]
INFO: [ app_begin ] --END-- [ RunTime:0.000188s ]

[ 2018-08-13T11:23:28+08:00 ] 106.121.62.55 //index.php/WXAPI/user/addUser?openid=o6MfD5O-om4LrhjMVxlTq7Ehx8-U&head_pic=https%3A%2F%2Fwx.qlogo.cn%2Fmmopen%2Fvi_32%2FQ0j4TwGTfTIK5TvjicrqLs5Y1ExVxwu6cmo3SSUU1aux69XiajIiaepjbFicM8rswzmCTvaA0icwNSfmr8yITtyK0wQ%2F132&nickname=D%EF%BF%A3%20%EF%BF%A3)%CF%83&first_leader=undefined&c_id=undefined
INFO: [ app_init ] --START--
INFO: Run Behavior\BuildLiteBehavior [ RunTime:0.000009s ]
INFO: [ app_init ] --END-- [ RunTime:0.000063s ]
NOTIC: [8] Constant APP_ID already defined /home/www/htdocs/Application/WXAPI/Common/function.php 第 2 行.
NOTIC: [8] Constant APP_SECRET already defined /home/www/htdocs/Application/WXAPI/Common/function.php 第 3 行.
NOTIC: [8] Constant OPENID already defined /home/www/htdocs/Application/WXAPI/Common/function.php 第 4 行.
NOTIC: [8] Constant MCHID already defined /home/www/htdocs/Application/WXAPI/Common/function.php 第 5 行.
NOTIC: [8] Constant Key already defined /home/www/htdocs/Application/WXAPI/Common/function.php 第 6 行.
INFO: [ app_begin ] --START--
INFO: Run Behavior\ReadHtmlCacheBehavior [ RunTime:0.000087s ]
INFO: [ app_begin ] --END-- [ RunTime:0.000116s ]

[ 2018-08-13T11:23:29+08:00 ] 106.121.62.55 /index.php/WXAPI/Index/show
INFO: [ app_init ] --START--
INFO: Run Behavior\BuildLiteBehavior [ RunTime:0.000010s ]
INFO: [ app_init ] --END-- [ RunTime:0.000064s ]
NOTIC: [8] Constant APP_ID already defined /home/www/htdocs/Application/WXAPI/Common/function.php 第 2 行.
NOTIC: [8] Constant APP_SECRET already defined /home/www/htdocs/Application/WXAPI/Common/function.php 第 3 行.
NOTIC: [8] Constant OPENID already defined /home/www/htdocs/Application/WXAPI/Common/function.php 第 4 行.
NOTIC: [8] Constant MCHID already defined /home/www/htdocs/Application/WXAPI/Common/function.php 第 5 行.
NOTIC: [8] Constant Key already defined /home/www/htdocs/Application/WXAPI/Common/function.php 第 6 行.
INFO: [ app_begin ] --START--
INFO: Run Behavior\ReadHtmlCacheBehavior [ RunTime:0.000089s ]
INFO: [ app_begin ] --END-- [ RunTime:0.000117s ]
NOTIC: [2048] Declaration of WXAPI\Controller\IndexController::show() should be compatible with Think\Controller::show($content, $charset = '', $contentType = '', $prefix = '') /home/www/htdocs/Application/WXAPI/Controller/IndexController.class.php 第 7 行.

[ 2018-08-13T11:23:29+08:00 ] 106.121.62.55 /index.php/WXAPI/Index/getModule
INFO: [ app_init ] --START--
INFO: Run Behavior\BuildLiteBehavior [ RunTime:0.000013s ]
INFO: [ app_init ] --END-- [ RunTime:0.000116s ]
NOTIC: [8] Constant APP_ID already defined /home/www/htdocs/Application/WXAPI/Common/function.php 第 2 行.
NOTIC: [8] Constant APP_SECRET already defined /home/www/htdocs/Application/WXAPI/Common/function.php 第 3 行.
NOTIC: [8] Constant OPENID already defined /home/www/htdocs/Application/WXAPI/Common/function.php 第 4 行.
NOTIC: [8] Constant MCHID already defined /home/www/htdocs/Application/WXAPI/Common/function.php 第 5 行.
NOTIC: [8] Constant Key already defined /home/www/htdocs/Application/WXAPI/Common/function.php 第 6 行.
INFO: [ app_begin ] --START--
INFO: Run Behavior\ReadHtmlCacheBehavior [ RunTime:0.000098s ]
INFO: [ app_begin ] --END-- [ RunTime:0.000124s ]
NOTIC: [2048] Declaration of WXAPI\Controller\IndexController::show() should be compatible with Think\Controller::show($content, $charset = '', $contentType = '', $prefix = '') /home/www/htdocs/Application/WXAPI/Controller/IndexController.class.php 第 7 行.

[ 2018-08-13T17:22:22+08:00 ] 106.121.62.55 //index.php/WXAPI/user/getRetList?user_id=2&type=1
INFO: [ app_init ] --START--
INFO: Run Behavior\BuildLiteBehavior [ RunTime:0.000010s ]
INFO: [ app_init ] --END-- [ RunTime:0.000078s ]
NOTIC: [8] Constant APP_ID already defined /home/www/htdocs/Application/WXAPI/Common/function.php 第 2 行.
NOTIC: [8] Constant APP_SECRET already defined /home/www/htdocs/Application/WXAPI/Common/function.php 第 3 行.
NOTIC: [8] Constant OPENID already defined /home/www/htdocs/Application/WXAPI/Common/function.php 第 4 行.
NOTIC: [8] Constant MCHID already defined /home/www/htdocs/Application/WXAPI/Common/function.php 第 5 行.
NOTIC: [8] Constant Key already defined /home/www/htdocs/Application/WXAPI/Common/function.php 第 6 行.
INFO: [ app_begin ] --START--
INFO: Run Behavior\ReadHtmlCacheBehavior [ RunTime:0.000106s ]
INFO: [ app_begin ] --END-- [ RunTime:0.000139s ]

