[ 2018-08-14T09:23:59+08:00 ] 49.223.1.13 //index.php/WXAPI/user/getCode?code=033lKvg00XutFF1vncd00DfMg00lKvgS&encryptedData=KBqi%2FVW6my10oS7N0f5jzTAaXEm09hhZG457efTCzkxqKSIEYsYxPc%2F1OCCOSg5JnkyVU%2BP%2FoFT3EFj5L%2BhHdQ1SxPWSygmkrcpecK3drHKWyuo1w6kZraxQAOmN49zkRcWbIKMGQ2QDL1%2BXn3Vz%2Bz0LcdRW5t79D3h6yZdA6ghpI5PZbzb%2B%2BtPKr7VFTFCFB0Exq3XGUhQOkGqFF3keWdSJw3X3%2BKZ0euYtmarKiwq2CGx5Kg%2BHbTHsrfjc5HBtTinNnDAx2QM1Lx8aNrEUPPHVt%2F%2BKZ%2B5DlZnpELBlP2nVfmBAW5niEhzny4ZJTOqDCKuizhgSZGV8jlyuM5OwFMXSeGr%2Fm1PJpx6wlaI8JUt0FolaGgt7%2Bl%2BxsnkvXSBXmb8JRDH9Ds7mhtytIQN2VNyCLzz1JX8Lbq4bXdlXAv4lxcJpXzOBu1HodS55b9X3pMK6tDwpb3w9K9WdRNTCJDbuz5jF2ToYedduYyOSE%2F9z6MmjjZJmpwrv9v2DDQfS&iv=D%2Fs4%2BoNx%2F2KgwqpzBfMaUw%3D%3D
INFO: [ app_init ] --START--
INFO: Run Behavior\BuildLiteBehavior [ RunTime:0.000009s ]
INFO: [ app_init ] --END-- [ RunTime:0.000070s ]
NOTIC: [8] Constant APP_ID already defined /home/www/htdocs/Application/WXAPI/Common/function.php 第 2 行.
NOTIC: [8] Constant APP_SECRET already defined /home/www/htdocs/Application/WXAPI/Common/function.php 第 3 行.
NOTIC: [8] Constant OPENID already defined /home/www/htdocs/Application/WXAPI/Common/function.php 第 4 行.
NOTIC: [8] Constant MCHID already defined /home/www/htdocs/Application/WXAPI/Common/function.php 第 5 行.
NOTIC: [8] Constant Key already defined /home/www/htdocs/Application/WXAPI/Common/function.php 第 6 行.
INFO: [ app_begin ] --START--
INFO: Run Behavior\ReadHtmlCacheBehavior [ RunTime:0.000091s ]
INFO: [ app_begin ] --END-- [ RunTime:0.000127s ]

[ 2018-08-14T09:24:00+08:00 ] 49.223.1.13 //index.php/WXAPI/user/addUser?openid=o6MfD5O87KKRM7sEu0Yb_u-0vWhQ&head_pic=https%3A%2F%2Fwx.qlogo.cn%2Fmmopen%2Fvi_32%2F977HbHzb072CtTvbyyiav9iax38ZiblK2Xnj8snubNNnNuYS7bZazaY2QSA7C67UAZTn3Err9eia2dbV8J2icFoibMqg%2F132&nickname=%E4%B8%87%E4%BA%8B%E5%B1%8B%EF%BC%88%E4%B8%9A%E5%8A%A1%E5%8F%B7%EF%BC%89&first_leader=undefined&c_id=undefined
INFO: [ app_init ] --START--
INFO: Run Behavior\BuildLiteBehavior [ RunTime:0.000010s ]
INFO: [ app_init ] --END-- [ RunTime:0.000063s ]
NOTIC: [8] Constant APP_ID already defined /home/www/htdocs/Application/WXAPI/Common/function.php 第 2 行.
NOTIC: [8] Constant APP_SECRET already defined /home/www/htdocs/Application/WXAPI/Common/function.php 第 3 行.
NOTIC: [8] Constant OPENID already defined /home/www/htdocs/Application/WXAPI/Common/function.php 第 4 行.
NOTIC: [8] Constant MCHID already defined /home/www/htdocs/Application/WXAPI/Common/function.php 第 5 行.
NOTIC: [8] Constant Key already defined /home/www/htdocs/Application/WXAPI/Common/function.php 第 6 行.
INFO: [ app_begin ] --START--
INFO: Run Behavior\ReadHtmlCacheBehavior [ RunTime:0.000088s ]
INFO: [ app_begin ] --END-- [ RunTime:0.000113s ]

[ 2018-08-14T09:24:00+08:00 ] 49.223.1.13 /index.php/WXAPI/Index/show
INFO: [ app_init ] --START--
INFO: Run Behavior\BuildLiteBehavior [ RunTime:0.000010s ]
INFO: [ app_init ] --END-- [ RunTime:0.000075s ]
NOTIC: [8] Constant APP_ID already defined /home/www/htdocs/Application/WXAPI/Common/function.php 第 2 行.
NOTIC: [8] Constant APP_SECRET already defined /home/www/htdocs/Application/WXAPI/Common/function.php 第 3 行.
NOTIC: [8] Constant OPENID already defined /home/www/htdocs/Application/WXAPI/Common/function.php 第 4 行.
NOTIC: [8] Constant MCHID already defined /home/www/htdocs/Application/WXAPI/Common/function.php 第 5 行.
NOTIC: [8] Constant Key already defined /home/www/htdocs/Application/WXAPI/Common/function.php 第 6 行.
INFO: [ app_begin ] --START--
INFO: Run Behavior\ReadHtmlCacheBehavior [ RunTime:0.000088s ]
INFO: [ app_begin ] --END-- [ RunTime:0.000114s ]
NOTIC: [2048] Declaration of WXAPI\Controller\IndexController::show() should be compatible with Think\Controller::show($content, $charset = '', $contentType = '', $prefix = '') /home/www/htdocs/Application/WXAPI/Controller/IndexController.class.php 第 7 行.

[ 2018-08-14T09:24:00+08:00 ] 49.223.1.13 /index.php/WXAPI/Index/getModule
INFO: [ app_init ] --START--
INFO: Run Behavior\BuildLiteBehavior [ RunTime:0.000010s ]
INFO: [ app_init ] --END-- [ RunTime:0.000071s ]
NOTIC: [8] Constant APP_ID already defined /home/www/htdocs/Application/WXAPI/Common/function.php 第 2 行.
NOTIC: [8] Constant APP_SECRET already defined /home/www/htdocs/Application/WXAPI/Common/function.php 第 3 行.
NOTIC: [8] Constant OPENID already defined /home/www/htdocs/Application/WXAPI/Common/function.php 第 4 行.
NOTIC: [8] Constant MCHID already defined /home/www/htdocs/Application/WXAPI/Common/function.php 第 5 行.
NOTIC: [8] Constant Key already defined /home/www/htdocs/Application/WXAPI/Common/function.php 第 6 行.
INFO: [ app_begin ] --START--
INFO: Run Behavior\ReadHtmlCacheBehavior [ RunTime:0.000087s ]
INFO: [ app_begin ] --END-- [ RunTime:0.000113s ]
NOTIC: [2048] Declaration of WXAPI\Controller\IndexController::show() should be compatible with Think\Controller::show($content, $charset = '', $contentType = '', $prefix = '') /home/www/htdocs/Application/WXAPI/Controller/IndexController.class.php 第 7 行.

[ 2018-08-14T10:25:29+08:00 ] 106.121.62.55 //index.php/WXAPI/user/getCode?code=081kQHW51BlzJL1yHEU51GFrW51kQHWs&encryptedData=pQ%2B5J%2BNfXmtRqkBGiY1rmGIBDTWoqd6sjpgDPK8ytORn9hIWk5n%2FXjiUb0j4DMtpgbKT0oGE7IXRjraWD%2FmuM2v9EJi5611b%2FAmySlb7Pl%2FZzGhgO3LxRGTM%2FC5dGZZLVLUCBe2qv3VZPCndQtonuyZkRgBFisO2EHZlQm%2B%2F0UzMHHiVqQpdku8O1jK5hvCCkbPzSz1zLgy01Q0VXnBfkfXZPOAxBsdXBBo3QmFcoexVLdvLGjJcCMorZuUWavv5axMdgKjgVPDnNN9bjF2ztyuSsMWNQUNZPbfRg7rpQRbBOMkBbhLilXHGvROSYqdp78DGPWEkXjEdK6AhsF96Q1Y3FsMg2iuMmUBlFZrLOSpRZMc3h1fi5FqEYRFJKAoohlBULQCApv%2FCk0LrrHEArC3qNLdeT5%2BV2yZBxvkdwWBhBNXqEsKlYvKc5FoMidY%2Be%2BJ4xSMof0tqX6tUXkL6ZHePZ%2FRyzCIZin2Yvv6%2FExY%3D&iv=QXJQwOtHY9oedKc2YOQYSQ%3D%3D
INFO: [ app_init ] --START--
INFO: Run Behavior\BuildLiteBehavior [ RunTime:0.000010s ]
INFO: [ app_init ] --END-- [ RunTime:0.000074s ]
NOTIC: [8] Constant APP_ID already defined /home/www/htdocs/Application/WXAPI/Common/function.php 第 2 行.
NOTIC: [8] Constant APP_SECRET already defined /home/www/htdocs/Application/WXAPI/Common/function.php 第 3 行.
NOTIC: [8] Constant OPENID already defined /home/www/htdocs/Application/WXAPI/Common/function.php 第 4 行.
NOTIC: [8] Constant MCHID already defined /home/www/htdocs/Application/WXAPI/Common/function.php 第 5 行.
NOTIC: [8] Constant Key already defined /home/www/htdocs/Application/WXAPI/Common/function.php 第 6 行.
INFO: [ app_begin ] --START--
INFO: Run Behavior\ReadHtmlCacheBehavior [ RunTime:0.000096s ]
INFO: [ app_begin ] --END-- [ RunTime:0.000122s ]

[ 2018-08-14T10:25:29+08:00 ] 106.121.62.55 //index.php/WXAPI/user/addUser?openid=o6MfD5O-om4LrhjMVxlTq7Ehx8-U&head_pic=https%3A%2F%2Fwx.qlogo.cn%2Fmmopen%2Fvi_32%2FQ0j4TwGTfTIK5TvjicrqLs5Y1ExVxwu6cmo3SSUU1aux69XiajIiaepjbFicM8rswzmCTvaA0icwNSfmr8yITtyK0wQ%2F132&nickname=D%EF%BF%A3%20%EF%BF%A3)%CF%83&first_leader=undefined&c_id=undefined
INFO: [ app_init ] --START--
INFO: Run Behavior\BuildLiteBehavior [ RunTime:0.000012s ]
INFO: [ app_init ] --END-- [ RunTime:0.000095s ]
NOTIC: [8] Constant APP_ID already defined /home/www/htdocs/Application/WXAPI/Common/function.php 第 2 行.
NOTIC: [8] Constant APP_SECRET already defined /home/www/htdocs/Application/WXAPI/Common/function.php 第 3 行.
NOTIC: [8] Constant OPENID already defined /home/www/htdocs/Application/WXAPI/Common/function.php 第 4 行.
NOTIC: [8] Constant MCHID already defined /home/www/htdocs/Application/WXAPI/Common/function.php 第 5 行.
NOTIC: [8] Constant Key already defined /home/www/htdocs/Application/WXAPI/Common/function.php 第 6 行.
INFO: [ app_begin ] --START--
INFO: Run Behavior\ReadHtmlCacheBehavior [ RunTime:0.000100s ]
INFO: [ app_begin ] --END-- [ RunTime:0.000130s ]

[ 2018-08-14T10:25:30+08:00 ] 106.121.62.55 /index.php/WXAPI/Index/show
INFO: [ app_init ] --START--
INFO: Run Behavior\BuildLiteBehavior [ RunTime:0.000011s ]
INFO: [ app_init ] --END-- [ RunTime:0.000066s ]
NOTIC: [8] Constant APP_ID already defined /home/www/htdocs/Application/WXAPI/Common/function.php 第 2 行.
NOTIC: [8] Constant APP_SECRET already defined /home/www/htdocs/Application/WXAPI/Common/function.php 第 3 行.
NOTIC: [8] Constant OPENID already defined /home/www/htdocs/Application/WXAPI/Common/function.php 第 4 行.
NOTIC: [8] Constant MCHID already defined /home/www/htdocs/Application/WXAPI/Common/function.php 第 5 行.
NOTIC: [8] Constant Key already defined /home/www/htdocs/Application/WXAPI/Common/function.php 第 6 行.
INFO: [ app_begin ] --START--
INFO: Run Behavior\ReadHtmlCacheBehavior [ RunTime:0.000089s ]
INFO: [ app_begin ] --END-- [ RunTime:0.000117s ]
NOTIC: [2048] Declaration of WXAPI\Controller\IndexController::show() should be compatible with Think\Controller::show($content, $charset = '', $contentType = '', $prefix = '') /home/www/htdocs/Application/WXAPI/Controller/IndexController.class.php 第 7 行.

[ 2018-08-14T10:25:30+08:00 ] 106.121.62.55 /index.php/WXAPI/Index/getModule
INFO: [ app_init ] --START--
INFO: Run Behavior\BuildLiteBehavior [ RunTime:0.000010s ]
INFO: [ app_init ] --END-- [ RunTime:0.000064s ]
NOTIC: [8] Constant APP_ID already defined /home/www/htdocs/Application/WXAPI/Common/function.php 第 2 行.
NOTIC: [8] Constant APP_SECRET already defined /home/www/htdocs/Application/WXAPI/Common/function.php 第 3 行.
NOTIC: [8] Constant OPENID already defined /home/www/htdocs/Application/WXAPI/Common/function.php 第 4 行.
NOTIC: [8] Constant MCHID already defined /home/www/htdocs/Application/WXAPI/Common/function.php 第 5 行.
NOTIC: [8] Constant Key already defined /home/www/htdocs/Application/WXAPI/Common/function.php 第 6 行.
INFO: [ app_begin ] --START--
INFO: Run Behavior\ReadHtmlCacheBehavior [ RunTime:0.000089s ]
INFO: [ app_begin ] --END-- [ RunTime:0.000117s ]
NOTIC: [2048] Declaration of WXAPI\Controller\IndexController::show() should be compatible with Think\Controller::show($content, $charset = '', $contentType = '', $prefix = '') /home/www/htdocs/Application/WXAPI/Controller/IndexController.class.php 第 7 行.

[ 2018-08-14T13:25:59+08:00 ] 106.121.62.55 /index.php/WXAPI/Index/getClass
INFO: [ app_init ] --START--
INFO: Run Behavior\BuildLiteBehavior [ RunTime:0.000011s ]
INFO: [ app_init ] --END-- [ RunTime:0.000075s ]
NOTIC: [8] Constant APP_ID already defined /home/www/htdocs/Application/WXAPI/Common/function.php 第 2 行.
NOTIC: [8] Constant APP_SECRET already defined /home/www/htdocs/Application/WXAPI/Common/function.php 第 3 行.
NOTIC: [8] Constant OPENID already defined /home/www/htdocs/Application/WXAPI/Common/function.php 第 4 行.
NOTIC: [8] Constant MCHID already defined /home/www/htdocs/Application/WXAPI/Common/function.php 第 5 行.
NOTIC: [8] Constant Key already defined /home/www/htdocs/Application/WXAPI/Common/function.php 第 6 行.
INFO: [ app_begin ] --START--
INFO: Run Behavior\ReadHtmlCacheBehavior [ RunTime:0.000098s ]
INFO: [ app_begin ] --END-- [ RunTime:0.000132s ]
NOTIC: [2048] Declaration of WXAPI\Controller\IndexController::show() should be compatible with Think\Controller::show($content, $charset = '', $contentType = '', $prefix = '') /home/www/htdocs/Application/WXAPI/Controller/IndexController.class.php 第 7 行.

[ 2018-08-14T13:25:59+08:00 ] 106.121.62.55 /index.php/WXAPI/Index/getClassify
INFO: [ app_init ] --START--
INFO: Run Behavior\BuildLiteBehavior [ RunTime:0.000011s ]
INFO: [ app_init ] --END-- [ RunTime:0.000063s ]
NOTIC: [8] Constant APP_ID already defined /home/www/htdocs/Application/WXAPI/Common/function.php 第 2 行.
NOTIC: [8] Constant APP_SECRET already defined /home/www/htdocs/Application/WXAPI/Common/function.php 第 3 行.
NOTIC: [8] Constant OPENID already defined /home/www/htdocs/Application/WXAPI/Common/function.php 第 4 行.
NOTIC: [8] Constant MCHID already defined /home/www/htdocs/Application/WXAPI/Common/function.php 第 5 行.
NOTIC: [8] Constant Key already defined /home/www/htdocs/Application/WXAPI/Common/function.php 第 6 行.
INFO: [ app_begin ] --START--
INFO: Run Behavior\ReadHtmlCacheBehavior [ RunTime:0.000085s ]
INFO: [ app_begin ] --END-- [ RunTime:0.000111s ]
NOTIC: [2048] Declaration of WXAPI\Controller\IndexController::show() should be compatible with Think\Controller::show($content, $charset = '', $contentType = '', $prefix = '') /home/www/htdocs/Application/WXAPI/Controller/IndexController.class.php 第 7 行.

[ 2018-08-14T13:26:34+08:00 ] 106.121.62.55 /index.php/WXAPI/Index/getClassify
INFO: [ app_init ] --START--
INFO: Run Behavior\BuildLiteBehavior [ RunTime:0.000011s ]
INFO: [ app_init ] --END-- [ RunTime:0.000068s ]
NOTIC: [8] Constant APP_ID already defined /home/www/htdocs/Application/WXAPI/Common/function.php 第 2 行.
NOTIC: [8] Constant APP_SECRET already defined /home/www/htdocs/Application/WXAPI/Common/function.php 第 3 行.
NOTIC: [8] Constant OPENID already defined /home/www/htdocs/Application/WXAPI/Common/function.php 第 4 行.
NOTIC: [8] Constant MCHID already defined /home/www/htdocs/Application/WXAPI/Common/function.php 第 5 行.
NOTIC: [8] Constant Key already defined /home/www/htdocs/Application/WXAPI/Common/function.php 第 6 行.
INFO: [ app_begin ] --START--
INFO: Run Behavior\ReadHtmlCacheBehavior [ RunTime:0.000086s ]
INFO: [ app_begin ] --END-- [ RunTime:0.000114s ]
NOTIC: [2048] Declaration of WXAPI\Controller\IndexController::show() should be compatible with Think\Controller::show($content, $charset = '', $contentType = '', $prefix = '') /home/www/htdocs/Application/WXAPI/Controller/IndexController.class.php 第 7 行.

[ 2018-08-14T13:26:35+08:00 ] 106.121.62.55 /index.php/WXAPI/Index/getClassify
INFO: [ app_init ] --START--
INFO: Run Behavior\BuildLiteBehavior [ RunTime:0.000010s ]
INFO: [ app_init ] --END-- [ RunTime:0.000075s ]
NOTIC: [8] Constant APP_ID already defined /home/www/htdocs/Application/WXAPI/Common/function.php 第 2 行.
NOTIC: [8] Constant APP_SECRET already defined /home/www/htdocs/Application/WXAPI/Common/function.php 第 3 行.
NOTIC: [8] Constant OPENID already defined /home/www/htdocs/Application/WXAPI/Common/function.php 第 4 行.
NOTIC: [8] Constant MCHID already defined /home/www/htdocs/Application/WXAPI/Common/function.php 第 5 行.
NOTIC: [8] Constant Key already defined /home/www/htdocs/Application/WXAPI/Common/function.php 第 6 行.
INFO: [ app_begin ] --START--
INFO: Run Behavior\ReadHtmlCacheBehavior [ RunTime:0.000095s ]
INFO: [ app_begin ] --END-- [ RunTime:0.000123s ]
NOTIC: [2048] Declaration of WXAPI\Controller\IndexController::show() should be compatible with Think\Controller::show($content, $charset = '', $contentType = '', $prefix = '') /home/www/htdocs/Application/WXAPI/Controller/IndexController.class.php 第 7 行.

[ 2018-08-14T13:26:37+08:00 ] 106.121.62.55 /index.php/WXAPI/Index/getClassify
INFO: [ app_init ] --START--
INFO: Run Behavior\BuildLiteBehavior [ RunTime:0.000010s ]
INFO: [ app_init ] --END-- [ RunTime:0.000065s ]
NOTIC: [8] Constant APP_ID already defined /home/www/htdocs/Application/WXAPI/Common/function.php 第 2 行.
NOTIC: [8] Constant APP_SECRET already defined /home/www/htdocs/Application/WXAPI/Common/function.php 第 3 行.
NOTIC: [8] Constant OPENID already defined /home/www/htdocs/Application/WXAPI/Common/function.php 第 4 行.
NOTIC: [8] Constant MCHID already defined /home/www/htdocs/Application/WXAPI/Common/function.php 第 5 行.
NOTIC: [8] Constant Key already defined /home/www/htdocs/Application/WXAPI/Common/function.php 第 6 行.
INFO: [ app_begin ] --START--
INFO: Run Behavior\ReadHtmlCacheBehavior [ RunTime:0.000085s ]
INFO: [ app_begin ] --END-- [ RunTime:0.000112s ]
NOTIC: [2048] Declaration of WXAPI\Controller\IndexController::show() should be compatible with Think\Controller::show($content, $charset = '', $contentType = '', $prefix = '') /home/www/htdocs/Application/WXAPI/Controller/IndexController.class.php 第 7 行.

[ 2018-08-14T13:33:43+08:00 ] 106.121.62.55 //index.php/WXAPI/user/getOrderList?user_id=2&types=pay_status&num=-1
INFO: [ app_init ] --START--
INFO: Run Behavior\BuildLiteBehavior [ RunTime:0.000010s ]
INFO: [ app_init ] --END-- [ RunTime:0.000074s ]
NOTIC: [8] Constant APP_ID already defined /home/www/htdocs/Application/WXAPI/Common/function.php 第 2 行.
NOTIC: [8] Constant APP_SECRET already defined /home/www/htdocs/Application/WXAPI/Common/function.php 第 3 行.
NOTIC: [8] Constant OPENID already defined /home/www/htdocs/Application/WXAPI/Common/function.php 第 4 行.
NOTIC: [8] Constant MCHID already defined /home/www/htdocs/Application/WXAPI/Common/function.php 第 5 行.
NOTIC: [8] Constant Key already defined /home/www/htdocs/Application/WXAPI/Common/function.php 第 6 行.
INFO: [ app_begin ] --START--
INFO: Run Behavior\ReadHtmlCacheBehavior [ RunTime:0.000111s ]
INFO: [ app_begin ] --END-- [ RunTime:0.000138s ]
NOTIC: [8] Undefined variable: count /home/www/htdocs/Application/WXAPI/Controller/UserController.class.php 第 412 行.

[ 2018-08-14T13:33:46+08:00 ] 106.121.62.55 /WXAPI/user/collectList
INFO: [ app_init ] --START--
INFO: Run Behavior\BuildLiteBehavior [ RunTime:0.000011s ]
INFO: [ app_init ] --END-- [ RunTime:0.000069s ]
NOTIC: [8] Constant APP_ID already defined /home/www/htdocs/Application/WXAPI/Common/function.php 第 2 行.
NOTIC: [8] Constant APP_SECRET already defined /home/www/htdocs/Application/WXAPI/Common/function.php 第 3 行.
NOTIC: [8] Constant OPENID already defined /home/www/htdocs/Application/WXAPI/Common/function.php 第 4 行.
NOTIC: [8] Constant MCHID already defined /home/www/htdocs/Application/WXAPI/Common/function.php 第 5 行.
NOTIC: [8] Constant Key already defined /home/www/htdocs/Application/WXAPI/Common/function.php 第 6 行.
INFO: [ app_begin ] --START--
INFO: Run Behavior\ReadHtmlCacheBehavior [ RunTime:0.000098s ]
INFO: [ app_begin ] --END-- [ RunTime:0.000129s ]
NOTIC: [8] Undefined variable: arr /home/www/htdocs/Application/WXAPI/Controller/UserController.class.php 第 1454 行.
NOTIC: [2] implode(): Invalid arguments passed /home/www/htdocs/ThinkPHP/Library/Think/Db/Driver.class.php 第 567 行.
ERR: SQLSTATE[42000]: Syntax error or access violation: 1064 You have an error in your SQL syntax; check the manual that corresponds to your MySQL server version for the right syntax to use near ')' at line 1

[ 2018-08-14T13:34:05+08:00 ] 106.121.62.55 /index.php/WXAPI/cart/getWXPayhy?user_id=2
INFO: [ app_init ] --START--
INFO: Run Behavior\BuildLiteBehavior [ RunTime:0.000010s ]
INFO: [ app_init ] --END-- [ RunTime:0.000064s ]
NOTIC: [8] Constant APP_ID already defined /home/www/htdocs/Application/WXAPI/Common/function.php 第 2 行.
NOTIC: [8] Constant APP_SECRET already defined /home/www/htdocs/Application/WXAPI/Common/function.php 第 3 行.
NOTIC: [8] Constant OPENID already defined /home/www/htdocs/Application/WXAPI/Common/function.php 第 4 行.
NOTIC: [8] Constant MCHID already defined /home/www/htdocs/Application/WXAPI/Common/function.php 第 5 行.
NOTIC: [8] Constant Key already defined /home/www/htdocs/Application/WXAPI/Common/function.php 第 6 行.
INFO: [ app_begin ] --START--
INFO: Run Behavior\ReadHtmlCacheBehavior [ RunTime:0.000088s ]
INFO: [ app_begin ] --END-- [ RunTime:0.000115s ]
NOTIC: [2048] Declaration of WXAPI\Controller\CartController::getSign() should be compatible with WXAPI\Controller\BaseController::getSign() /home/www/htdocs/Application/WXAPI/Controller/CartController.class.php 第 12 行.
NOTIC: [8] Undefined variable: total_fee /home/www/htdocs/Application/WXAPI/Controller/CartController.class.php 第 660 行.

[ 2018-08-14T13:36:48+08:00 ] 106.121.62.55 //index.php/WXAPI/user/getCode?code=021ob4qQ0HPOe921QEpQ0zyfqQ0ob4qx&encryptedData=q2mck%2B2mCNPtblSgNtDP%2FFRz5qXmS77gK%2BDonsK0cWWmY4GVBqfzHB49gjQDR7Ri7EMuEd3%2B1wF2X2%2B37bivOI4wqtyLCNvdOZaAsKO7wTZp9xmT3oQZMJkP9G5c4w8Ol8nDDHeVMx%2FlVSKvEm%2Fm7%2BTUtxhnQ5Bb5EvKGzWHtCvZ2%2F%2BVBlpIgCrvK6MUy%2FZr2jNydA2tWSSdxey%2Fe8G9QZsTwAxqxAr4VdNKhQsB1aNKckmFato5efeKoXsvjRPldudLI1MmMa0fwQYn9CnSxGZHh8BNHLkfJobwr95UV7KBvpCi6U0efS%2FiHlxW%2BRC1wt0N1b0ty0oU4c8EmQXlVEbtiPFRoX1khsFcp1shkpPwmITyAWnTSIWL%2BNoxx7IQ7Jmy%2B%2BQyETb%2FJz1LD4gs87mjCs6TeqCr9P6rhpIceFBL4sL5Kkf6Hcd%2BSJSaj6%2BzERvLDCK%2Buiuy2RTeMxs6mqXbKqAqO6%2BYBXAQm2oZVUk%3D&iv=Djm0BbuJ5ttQvsxUuYFHwA%3D%3D
INFO: [ app_init ] --START--
INFO: Run Behavior\BuildLiteBehavior [ RunTime:0.000013s ]
INFO: [ app_init ] --END-- [ RunTime:0.000111s ]
NOTIC: [8] Constant APP_ID already defined /home/www/htdocs/Application/WXAPI/Common/function.php 第 2 行.
NOTIC: [8] Constant APP_SECRET already defined /home/www/htdocs/Application/WXAPI/Common/function.php 第 3 行.
NOTIC: [8] Constant OPENID already defined /home/www/htdocs/Application/WXAPI/Common/function.php 第 4 行.
NOTIC: [8] Constant MCHID already defined /home/www/htdocs/Application/WXAPI/Common/function.php 第 5 行.
NOTIC: [8] Constant Key already defined /home/www/htdocs/Application/WXAPI/Common/function.php 第 6 行.
INFO: [ app_begin ] --START--
INFO: Run Behavior\ReadHtmlCacheBehavior [ RunTime:0.000114s ]
INFO: [ app_begin ] --END-- [ RunTime:0.000152s ]

[ 2018-08-14T13:36:48+08:00 ] 106.121.62.55 //index.php/WXAPI/user/addUser?openid=o6MfD5O-om4LrhjMVxlTq7Ehx8-U&head_pic=https%3A%2F%2Fwx.qlogo.cn%2Fmmopen%2Fvi_32%2FQ0j4TwGTfTIK5TvjicrqLs5Y1ExVxwu6cmo3SSUU1aux69XiajIiaepjbFicM8rswzmCTvaA0icwNSfmr8yITtyK0wQ%2F132&nickname=D%EF%BF%A3%20%EF%BF%A3)%CF%83&first_leader=undefined&c_id=undefined
INFO: [ app_init ] --START--
INFO: Run Behavior\BuildLiteBehavior [ RunTime:0.000009s ]
INFO: [ app_init ] --END-- [ RunTime:0.000062s ]
NOTIC: [8] Constant APP_ID already defined /home/www/htdocs/Application/WXAPI/Common/function.php 第 2 行.
NOTIC: [8] Constant APP_SECRET already defined /home/www/htdocs/Application/WXAPI/Common/function.php 第 3 行.
NOTIC: [8] Constant OPENID already defined /home/www/htdocs/Application/WXAPI/Common/function.php 第 4 行.
NOTIC: [8] Constant MCHID already defined /home/www/htdocs/Application/WXAPI/Common/function.php 第 5 行.
NOTIC: [8] Constant Key already defined /home/www/htdocs/Application/WXAPI/Common/function.php 第 6 行.
INFO: [ app_begin ] --START--
INFO: Run Behavior\ReadHtmlCacheBehavior [ RunTime:0.000088s ]
INFO: [ app_begin ] --END-- [ RunTime:0.000115s ]

[ 2018-08-14T13:36:49+08:00 ] 106.121.62.55 /index.php/WXAPI/Index/show
INFO: [ app_init ] --START--
INFO: Run Behavior\BuildLiteBehavior [ RunTime:0.000010s ]
INFO: [ app_init ] --END-- [ RunTime:0.000065s ]
NOTIC: [8] Constant APP_ID already defined /home/www/htdocs/Application/WXAPI/Common/function.php 第 2 行.
NOTIC: [8] Constant APP_SECRET already defined /home/www/htdocs/Application/WXAPI/Common/function.php 第 3 行.
NOTIC: [8] Constant OPENID already defined /home/www/htdocs/Application/WXAPI/Common/function.php 第 4 行.
NOTIC: [8] Constant MCHID already defined /home/www/htdocs/Application/WXAPI/Common/function.php 第 5 行.
NOTIC: [8] Constant Key already defined /home/www/htdocs/Application/WXAPI/Common/function.php 第 6 行.
INFO: [ app_begin ] --START--
INFO: Run Behavior\ReadHtmlCacheBehavior [ RunTime:0.000089s ]
INFO: [ app_begin ] --END-- [ RunTime:0.000118s ]
NOTIC: [2048] Declaration of WXAPI\Controller\IndexController::show() should be compatible with Think\Controller::show($content, $charset = '', $contentType = '', $prefix = '') /home/www/htdocs/Application/WXAPI/Controller/IndexController.class.php 第 7 行.

[ 2018-08-14T13:36:49+08:00 ] 106.121.62.55 /index.php/WXAPI/Index/getModule
INFO: [ app_init ] --START--
INFO: Run Behavior\BuildLiteBehavior [ RunTime:0.000011s ]
INFO: [ app_init ] --END-- [ RunTime:0.000063s ]
NOTIC: [8] Constant APP_ID already defined /home/www/htdocs/Application/WXAPI/Common/function.php 第 2 行.
NOTIC: [8] Constant APP_SECRET already defined /home/www/htdocs/Application/WXAPI/Common/function.php 第 3 行.
NOTIC: [8] Constant OPENID already defined /home/www/htdocs/Application/WXAPI/Common/function.php 第 4 行.
NOTIC: [8] Constant MCHID already defined /home/www/htdocs/Application/WXAPI/Common/function.php 第 5 行.
NOTIC: [8] Constant Key already defined /home/www/htdocs/Application/WXAPI/Common/function.php 第 6 行.
INFO: [ app_begin ] --START--
INFO: Run Behavior\ReadHtmlCacheBehavior [ RunTime:0.000090s ]
INFO: [ app_begin ] --END-- [ RunTime:0.000118s ]
NOTIC: [2048] Declaration of WXAPI\Controller\IndexController::show() should be compatible with Think\Controller::show($content, $charset = '', $contentType = '', $prefix = '') /home/www/htdocs/Application/WXAPI/Controller/IndexController.class.php 第 7 行.

[ 2018-08-14T15:54:11+08:00 ] 111.201.226.233 //index.php/WXAPI/user/getCode?code=033RP2vh2l0kdJ0asYwh2ROhvh2RP2vh&encryptedData=xsMiXXP35MqzABCw36QjSu9KEzp3stw7kSNgufw2CR0jsHyjQotUGf1%2BB3%2BSsfcTyrojvmrEXzNKpVAMtrR8qe73%2B8DauxVMU70Hu3s%2F6KtcRX%2FAb1kaAUS82Dibk3Qen4YT%2BpyFpcUKGtP%2BtMQLNWz0lHuLP6rf6AbvnJoW%2BiyyhOfRsLezsrcVPKMXrv%2FOAKo2omXh0oAeJX%2FG4%2BLFVn4Ie%2F%2Fjy5YSxGcVMGpSyWBjKnP65p0KP9lBP6NX2H695mVhKhXC6Uz0I%2BBrP5CFm043%2FSHM9V2Zk5WNRWQEgHMLuj7WT%2FdNJTbRdzgwpkOFjnCqTOWjS57a%2BKpuG2nkMYS%2F%2Bzx0D2hZabUK3ZIwEwuKB4YE4PZ%2Fy62KsVz3XTPetlCMf5RxUKB3IwWZvZuKrwOpYFuDKt87IEZCQJGFbRA4NzRbPtcHt58ENVHR67ExG%2Fu4w%2FK%2BDc03%2Fxe14vKJyO7MubmkhG2Tf%2BWxKgn1vGM%3D&iv=mpxeCMdzuf83m3G3A06uBA%3D%3D
INFO: [ app_init ] --START--
INFO: Run Behavior\BuildLiteBehavior [ RunTime:0.000010s ]
INFO: [ app_init ] --END-- [ RunTime:0.000075s ]
NOTIC: [8] Constant APP_ID already defined /home/www/htdocs/Application/WXAPI/Common/function.php 第 2 行.
NOTIC: [8] Constant APP_SECRET already defined /home/www/htdocs/Application/WXAPI/Common/function.php 第 3 行.
NOTIC: [8] Constant OPENID already defined /home/www/htdocs/Application/WXAPI/Common/function.php 第 4 行.
NOTIC: [8] Constant MCHID already defined /home/www/htdocs/Application/WXAPI/Common/function.php 第 5 行.
NOTIC: [8] Constant Key already defined /home/www/htdocs/Application/WXAPI/Common/function.php 第 6 行.
INFO: [ app_begin ] --START--
INFO: Run Behavior\ReadHtmlCacheBehavior [ RunTime:0.000098s ]
INFO: [ app_begin ] --END-- [ RunTime:0.000129s ]

[ 2018-08-14T15:54:11+08:00 ] 111.201.226.233 //index.php/WXAPI/user/addUser?openid=o6MfD5OuF0UWk5P8mfoiA6LxiQwA&head_pic=https%3A%2F%2Fwx.qlogo.cn%2Fmmopen%2Fvi_32%2FpOaS4aN9dIuaticffiaPaovP5HOMQwbJmtZJh8Wia232LnQsJcYO0QoMFKD0eUhKFR24MLpJqrYibFcgvZeicMRIJdQ%2F132&nickname=%E8%AF%BA%E9%9B%85&first_leader=undefined&c_id=undefined
INFO: [ app_init ] --START--
INFO: Run Behavior\BuildLiteBehavior [ RunTime:0.000010s ]
INFO: [ app_init ] --END-- [ RunTime:0.000064s ]
NOTIC: [8] Constant APP_ID already defined /home/www/htdocs/Application/WXAPI/Common/function.php 第 2 行.
NOTIC: [8] Constant APP_SECRET already defined /home/www/htdocs/Application/WXAPI/Common/function.php 第 3 行.
NOTIC: [8] Constant OPENID already defined /home/www/htdocs/Application/WXAPI/Common/function.php 第 4 行.
NOTIC: [8] Constant MCHID already defined /home/www/htdocs/Application/WXAPI/Common/function.php 第 5 行.
NOTIC: [8] Constant Key already defined /home/www/htdocs/Application/WXAPI/Common/function.php 第 6 行.
INFO: [ app_begin ] --START--
INFO: Run Behavior\ReadHtmlCacheBehavior [ RunTime:0.000089s ]
INFO: [ app_begin ] --END-- [ RunTime:0.000116s ]

[ 2018-08-14T15:54:12+08:00 ] 111.201.226.233 /index.php/WXAPI/Index/show
INFO: [ app_init ] --START--
INFO: Run Behavior\BuildLiteBehavior [ RunTime:0.000010s ]
INFO: [ app_init ] --END-- [ RunTime:0.000067s ]
NOTIC: [8] Constant APP_ID already defined /home/www/htdocs/Application/WXAPI/Common/function.php 第 2 行.
NOTIC: [8] Constant APP_SECRET already defined /home/www/htdocs/Application/WXAPI/Common/function.php 第 3 行.
NOTIC: [8] Constant OPENID already defined /home/www/htdocs/Application/WXAPI/Common/function.php 第 4 行.
NOTIC: [8] Constant MCHID already defined /home/www/htdocs/Application/WXAPI/Common/function.php 第 5 行.
NOTIC: [8] Constant Key already defined /home/www/htdocs/Application/WXAPI/Common/function.php 第 6 行.
INFO: [ app_begin ] --START--
INFO: Run Behavior\ReadHtmlCacheBehavior [ RunTime:0.000085s ]
INFO: [ app_begin ] --END-- [ RunTime:0.000108s ]
NOTIC: [2048] Declaration of WXAPI\Controller\IndexController::show() should be compatible with Think\Controller::show($content, $charset = '', $contentType = '', $prefix = '') /home/www/htdocs/Application/WXAPI/Controller/IndexController.class.php 第 7 行.

[ 2018-08-14T15:54:12+08:00 ] 111.201.226.233 /index.php/WXAPI/Index/getModule
INFO: [ app_init ] --START--
INFO: Run Behavior\BuildLiteBehavior [ RunTime:0.000013s ]
INFO: [ app_init ] --END-- [ RunTime:0.000078s ]
NOTIC: [8] Constant APP_ID already defined /home/www/htdocs/Application/WXAPI/Common/function.php 第 2 行.
NOTIC: [8] Constant APP_SECRET already defined /home/www/htdocs/Application/WXAPI/Common/function.php 第 3 行.
NOTIC: [8] Constant OPENID already defined /home/www/htdocs/Application/WXAPI/Common/function.php 第 4 行.
NOTIC: [8] Constant MCHID already defined /home/www/htdocs/Application/WXAPI/Common/function.php 第 5 行.
NOTIC: [8] Constant Key already defined /home/www/htdocs/Application/WXAPI/Common/function.php 第 6 行.
INFO: [ app_begin ] --START--
INFO: Run Behavior\ReadHtmlCacheBehavior [ RunTime:0.000096s ]
INFO: [ app_begin ] --END-- [ RunTime:0.000121s ]
NOTIC: [2048] Declaration of WXAPI\Controller\IndexController::show() should be compatible with Think\Controller::show($content, $charset = '', $contentType = '', $prefix = '') /home/www/htdocs/Application/WXAPI/Controller/IndexController.class.php 第 7 行.

[ 2018-08-14T15:55:04+08:00 ] 111.201.226.233 //index.php/WXAPI/user/getCode?code=0338RxVi2bBxNH07xxYi2z8gVi28RxV5&encryptedData=5PDGOyd8alsa2JD1iI0X7uVLMWwZTVWGva4v7p05z%2B02vERCHRUOrIutPhs%2B%2F3p1jPp55hTAI6%2FGmfu%2BQYCtDw7f3wBC3KvPjOAe1apfHg%2BImB9TOeWbRTNApLLIQhJrezojRcyU%2FEzP6ueWqs3krwXYlXJuvcsjwaRz0%2BZAlkKb76LCxX3%2Fl1HX3fqsPE4Jq%2Fv2rnBG8SSfeOEdr7REf49ItFJTfi8oM31n9IDY%2FRxOp0GtjwEqB%2F8VnfROEpsu74yFvfgsQTX4N5oUzU2uXEBvOA7w%2BYysinih1i3meQpbBH5tCr7ofzR4SmrdkPSRMVWVuJ4Csn0a3ouBWDg6UOqBTbAPgvj1BGQc2X55XQrxRz4sLfaVaPWAEN7NHPfxBgONF8l0Rm%2BQB9FgFXCh1LQUAXPhGWSWHy5aeI4JtIZBqotvk7lIfpWtc17yu2%2Ffe0WhPB%2FLsO9tZbT8M6M46j7KzeUazzAd1YuoxDpR4fs%3D&iv=mkHK%2FxK1y1p2%2FzpJnoO04Q%3D%3D
INFO: [ app_init ] --START--
INFO: Run Behavior\BuildLiteBehavior [ RunTime:0.000009s ]
INFO: [ app_init ] --END-- [ RunTime:0.000061s ]
NOTIC: [8] Constant APP_ID already defined /home/www/htdocs/Application/WXAPI/Common/function.php 第 2 行.
NOTIC: [8] Constant APP_SECRET already defined /home/www/htdocs/Application/WXAPI/Common/function.php 第 3 行.
NOTIC: [8] Constant OPENID already defined /home/www/htdocs/Application/WXAPI/Common/function.php 第 4 行.
NOTIC: [8] Constant MCHID already defined /home/www/htdocs/Application/WXAPI/Common/function.php 第 5 行.
NOTIC: [8] Constant Key already defined /home/www/htdocs/Application/WXAPI/Common/function.php 第 6 行.
INFO: [ app_begin ] --START--
INFO: Run Behavior\ReadHtmlCacheBehavior [ RunTime:0.000085s ]
INFO: [ app_begin ] --END-- [ RunTime:0.000112s ]

[ 2018-08-14T15:55:04+08:00 ] 111.201.226.233 //index.php/WXAPI/user/addUser?openid=o6MfD5OuF0UWk5P8mfoiA6LxiQwA&head_pic=https%3A%2F%2Fwx.qlogo.cn%2Fmmopen%2Fvi_32%2FpOaS4aN9dIuaticffiaPaovP5HOMQwbJmtZJh8Wia232LnQsJcYO0QoMFKD0eUhKFR24MLpJqrYibFcgvZeicMRIJdQ%2F132&nickname=%E8%AF%BA%E9%9B%85&first_leader=6&c_id=undefined
INFO: [ app_init ] --START--
INFO: Run Behavior\BuildLiteBehavior [ RunTime:0.000010s ]
INFO: [ app_init ] --END-- [ RunTime:0.000067s ]
NOTIC: [8] Constant APP_ID already defined /home/www/htdocs/Application/WXAPI/Common/function.php 第 2 行.
NOTIC: [8] Constant APP_SECRET already defined /home/www/htdocs/Application/WXAPI/Common/function.php 第 3 行.
NOTIC: [8] Constant OPENID already defined /home/www/htdocs/Application/WXAPI/Common/function.php 第 4 行.
NOTIC: [8] Constant MCHID already defined /home/www/htdocs/Application/WXAPI/Common/function.php 第 5 行.
NOTIC: [8] Constant Key already defined /home/www/htdocs/Application/WXAPI/Common/function.php 第 6 行.
INFO: [ app_begin ] --START--
INFO: Run Behavior\ReadHtmlCacheBehavior [ RunTime:0.000089s ]
INFO: [ app_begin ] --END-- [ RunTime:0.000117s ]

[ 2018-08-14T15:55:05+08:00 ] 111.201.226.233 /index.php/WXAPI/Index/getModule
INFO: [ app_init ] --START--
INFO: Run Behavior\BuildLiteBehavior [ RunTime:0.000010s ]
INFO: [ app_init ] --END-- [ RunTime:0.000062s ]
NOTIC: [8] Constant APP_ID already defined /home/www/htdocs/Application/WXAPI/Common/function.php 第 2 行.
NOTIC: [8] Constant APP_SECRET already defined /home/www/htdocs/Application/WXAPI/Common/function.php 第 3 行.
NOTIC: [8] Constant OPENID already defined /home/www/htdocs/Application/WXAPI/Common/function.php 第 4 行.
NOTIC: [8] Constant MCHID already defined /home/www/htdocs/Application/WXAPI/Common/function.php 第 5 行.
NOTIC: [8] Constant Key already defined /home/www/htdocs/Application/WXAPI/Common/function.php 第 6 行.
INFO: [ app_begin ] --START--
INFO: Run Behavior\ReadHtmlCacheBehavior [ RunTime:0.000100s ]
INFO: [ app_begin ] --END-- [ RunTime:0.000123s ]
NOTIC: [2048] Declaration of WXAPI\Controller\IndexController::show() should be compatible with Think\Controller::show($content, $charset = '', $contentType = '', $prefix = '') /home/www/htdocs/Application/WXAPI/Controller/IndexController.class.php 第 7 行.

[ 2018-08-14T15:55:05+08:00 ] 111.201.226.233 /index.php/WXAPI/Index/show
INFO: [ app_init ] --START--
INFO: Run Behavior\BuildLiteBehavior [ RunTime:0.000007s ]
INFO: [ app_init ] --END-- [ RunTime:0.000046s ]
NOTIC: [8] Constant APP_ID already defined /home/www/htdocs/Application/WXAPI/Common/function.php 第 2 行.
NOTIC: [8] Constant APP_SECRET already defined /home/www/htdocs/Application/WXAPI/Common/function.php 第 3 行.
NOTIC: [8] Constant OPENID already defined /home/www/htdocs/Application/WXAPI/Common/function.php 第 4 行.
NOTIC: [8] Constant MCHID already defined /home/www/htdocs/Application/WXAPI/Common/function.php 第 5 行.
NOTIC: [8] Constant Key already defined /home/www/htdocs/Application/WXAPI/Common/function.php 第 6 行.
INFO: [ app_begin ] --START--
INFO: Run Behavior\ReadHtmlCacheBehavior [ RunTime:0.000083s ]
INFO: [ app_begin ] --END-- [ RunTime:0.000105s ]
NOTIC: [2048] Declaration of WXAPI\Controller\IndexController::show() should be compatible with Think\Controller::show($content, $charset = '', $contentType = '', $prefix = '') /home/www/htdocs/Application/WXAPI/Controller/IndexController.class.php 第 7 行.

[ 2018-08-14T15:56:56+08:00 ] 111.201.226.233 //index.php/WXAPI/user/getCode?code=033jYHfd2gQGnE0lgcjd2MXWfd2jYHfJ&encryptedData=l58dwpwOz813U2uOZd7JHc7v1t013Bqzd2CcHWRqkdK1X3b3sot6mVilvuF5Pe8yI2%2BNbgwkK0obHI8qbW9LtJBM8RnmvEu09Ajw%2BO%2Fp1evdCuMZynr7e4UP3OpDPzL%2Fv1s3f5M5RUSO9db3Jl05DeROjqAVRTxRVoDXaON%2FaKnsqf%2BgBwqydT050ZU%2F2m%2Fbt06jpWxNOElTSF2khUGLo4uwy5bvBO0wqu9BoPtjzhPLD%2FqrdxBNGeUErWNe6u%2FWt3L5T1htPF%2BQt%2Bm7TEkntiDacvnpf41DTIz5bBG29u%2FRbwW4iM%2Fh80bDd8WSfKn8A9VQgUN8%2FuIvn1XtVzH2AOCUkMKspEuYRHnWhcbm8426zwjtdVTuw3%2FpJjSc%2FAnanmhk4S%2F5jQ8Bm21yxJSNhuchQR82TT4RXj6YuIj%2BxBIUh7IVa0UyWVAqcOJzRe4eLsuYOJ2qMfr%2B6WLJYYXY4%2FlAYUVxt1pR4D0u9Y6CvNI%3D&iv=FmYPamhUy80jiV2zILxWsw%3D%3D
INFO: [ app_init ] --START--
INFO: Run Behavior\BuildLiteBehavior [ RunTime:0.000010s ]
INFO: [ app_init ] --END-- [ RunTime:0.000075s ]
NOTIC: [8] Constant APP_ID already defined /home/www/htdocs/Application/WXAPI/Common/function.php 第 2 行.
NOTIC: [8] Constant APP_SECRET already defined /home/www/htdocs/Application/WXAPI/Common/function.php 第 3 行.
NOTIC: [8] Constant OPENID already defined /home/www/htdocs/Application/WXAPI/Common/function.php 第 4 行.
NOTIC: [8] Constant MCHID already defined /home/www/htdocs/Application/WXAPI/Common/function.php 第 5 行.
NOTIC: [8] Constant Key already defined /home/www/htdocs/Application/WXAPI/Common/function.php 第 6 行.
INFO: [ app_begin ] --START--
INFO: Run Behavior\ReadHtmlCacheBehavior [ RunTime:0.000094s ]
INFO: [ app_begin ] --END-- [ RunTime:0.000121s ]

[ 2018-08-14T15:56:57+08:00 ] 111.201.226.233 //index.php/WXAPI/user/addUser?openid=o6MfD5OuF0UWk5P8mfoiA6LxiQwA&head_pic=https%3A%2F%2Fwx.qlogo.cn%2Fmmopen%2Fvi_32%2FpOaS4aN9dIuaticffiaPaovP5HOMQwbJmtZJh8Wia232LnQsJcYO0QoMFKD0eUhKFR24MLpJqrYibFcgvZeicMRIJdQ%2F132&nickname=%E8%AF%BA%E9%9B%85&first_leader=6&c_id=undefined
INFO: [ app_init ] --START--
INFO: Run Behavior\BuildLiteBehavior [ RunTime:0.000009s ]
INFO: [ app_init ] --END-- [ RunTime:0.000060s ]
NOTIC: [8] Constant APP_ID already defined /home/www/htdocs/Application/WXAPI/Common/function.php 第 2 行.
NOTIC: [8] Constant APP_SECRET already defined /home/www/htdocs/Application/WXAPI/Common/function.php 第 3 行.
NOTIC: [8] Constant OPENID already defined /home/www/htdocs/Application/WXAPI/Common/function.php 第 4 行.
NOTIC: [8] Constant MCHID already defined /home/www/htdocs/Application/WXAPI/Common/function.php 第 5 行.
NOTIC: [8] Constant Key already defined /home/www/htdocs/Application/WXAPI/Common/function.php 第 6 行.
INFO: [ app_begin ] --START--
INFO: Run Behavior\ReadHtmlCacheBehavior [ RunTime:0.000084s ]
INFO: [ app_begin ] --END-- [ RunTime:0.000107s ]

[ 2018-08-14T15:56:57+08:00 ] 111.201.226.233 /index.php/WXAPI/Index/getModule
INFO: [ app_init ] --START--
INFO: Run Behavior\BuildLiteBehavior [ RunTime:0.000010s ]
INFO: [ app_init ] --END-- [ RunTime:0.000064s ]
NOTIC: [8] Constant APP_ID already defined /home/www/htdocs/Application/WXAPI/Common/function.php 第 2 行.
NOTIC: [8] Constant APP_SECRET already defined /home/www/htdocs/Application/WXAPI/Common/function.php 第 3 行.
NOTIC: [8] Constant OPENID already defined /home/www/htdocs/Application/WXAPI/Common/function.php 第 4 行.
NOTIC: [8] Constant MCHID already defined /home/www/htdocs/Application/WXAPI/Common/function.php 第 5 行.
NOTIC: [8] Constant Key already defined /home/www/htdocs/Application/WXAPI/Common/function.php 第 6 行.
INFO: [ app_begin ] --START--
INFO: Run Behavior\ReadHtmlCacheBehavior [ RunTime:0.000088s ]
INFO: [ app_begin ] --END-- [ RunTime:0.000115s ]
NOTIC: [2048] Declaration of WXAPI\Controller\IndexController::show() should be compatible with Think\Controller::show($content, $charset = '', $contentType = '', $prefix = '') /home/www/htdocs/Application/WXAPI/Controller/IndexController.class.php 第 7 行.

[ 2018-08-14T15:56:57+08:00 ] 111.201.226.233 /index.php/WXAPI/Index/show
INFO: [ app_init ] --START--
INFO: Run Behavior\BuildLiteBehavior [ RunTime:0.000008s ]
INFO: [ app_init ] --END-- [ RunTime:0.000052s ]
NOTIC: [8] Constant APP_ID already defined /home/www/htdocs/Application/WXAPI/Common/function.php 第 2 行.
NOTIC: [8] Constant APP_SECRET already defined /home/www/htdocs/Application/WXAPI/Common/function.php 第 3 行.
NOTIC: [8] Constant OPENID already defined /home/www/htdocs/Application/WXAPI/Common/function.php 第 4 行.
NOTIC: [8] Constant MCHID already defined /home/www/htdocs/Application/WXAPI/Common/function.php 第 5 行.
NOTIC: [8] Constant Key already defined /home/www/htdocs/Application/WXAPI/Common/function.php 第 6 行.
INFO: [ app_begin ] --START--
INFO: Run Behavior\ReadHtmlCacheBehavior [ RunTime:0.000088s ]
INFO: [ app_begin ] --END-- [ RunTime:0.000115s ]
NOTIC: [2048] Declaration of WXAPI\Controller\IndexController::show() should be compatible with Think\Controller::show($content, $charset = '', $contentType = '', $prefix = '') /home/www/htdocs/Application/WXAPI/Controller/IndexController.class.php 第 7 行.

[ 2018-08-14T15:57:03+08:00 ] 111.201.226.233 /WXAPI/user/getModel?cart1=8
INFO: [ app_init ] --START--
INFO: Run Behavior\BuildLiteBehavior [ RunTime:0.000010s ]
INFO: [ app_init ] --END-- [ RunTime:0.000070s ]
NOTIC: [8] Constant APP_ID already defined /home/www/htdocs/Application/WXAPI/Common/function.php 第 2 行.
NOTIC: [8] Constant APP_SECRET already defined /home/www/htdocs/Application/WXAPI/Common/function.php 第 3 行.
NOTIC: [8] Constant OPENID already defined /home/www/htdocs/Application/WXAPI/Common/function.php 第 4 行.
NOTIC: [8] Constant MCHID already defined /home/www/htdocs/Application/WXAPI/Common/function.php 第 5 行.
NOTIC: [8] Constant Key already defined /home/www/htdocs/Application/WXAPI/Common/function.php 第 6 行.
INFO: [ app_begin ] --START--
INFO: Run Behavior\ReadHtmlCacheBehavior [ RunTime:0.000089s ]
INFO: [ app_begin ] --END-- [ RunTime:0.000120s ]

[ 2018-08-14T15:57:24+08:00 ] 111.201.226.233 //index.php/WXAPI/user/getCode?code=033fpXrd1iCfos0NG4sd1LzLrd1fpXrY&encryptedData=5NhiYfPoJUlAtpASlsYYQByMnGEBGjyVpLzxQ7uV3uVWD6PTa58buvNQ18CVcBVd%2B%2F1uNZkM%2FjnvaowS7aue7k8M%2F5Tyaq1kn7TN%2FhpV%2F8hMjhqFqawtd1rvJEL9BUHX7K7ofYfZ2yhqqud3QSaimlGRVUyC28pKvHogKpEca44RM%2B370%2FP7B%2FCFjKMQRR8dnQlkcxcL49ahVhUw0td%2FOmU24vxyuq%2FtNUVtW3cp9Rc9g5uK5YVj8jrC%2BcwE6vc5OIrtk3jRJMADc4XBj7Lh2%2B94jphio%2FR%2FCclB6DEkzT51ZYlf3A5km87d0oET6YpjtU7PP2b6qt6B9rRQYpyNx3jBgOE%2BLyfKCwwzomz4yMVzM35Va3wgi58YIm5VgRTu7DAM%2BDeDaKjS53p1mAD3WiFny4x%2FGFdcZb3qIZdZLzBDtQpoio0qKNb%2B5ra2SgQ4SsI6AFGjpksSRdlXebxyksVCsu7bFaWrGqTMVgez1Xk%3D&iv=JEMrXoUCdha9Bu9W%2FnoPQg%3D%3D
INFO: [ app_init ] --START--
INFO: Run Behavior\BuildLiteBehavior [ RunTime:0.000010s ]
INFO: [ app_init ] --END-- [ RunTime:0.000065s ]
NOTIC: [8] Constant APP_ID already defined /home/www/htdocs/Application/WXAPI/Common/function.php 第 2 行.
NOTIC: [8] Constant APP_SECRET already defined /home/www/htdocs/Application/WXAPI/Common/function.php 第 3 行.
NOTIC: [8] Constant OPENID already defined /home/www/htdocs/Application/WXAPI/Common/function.php 第 4 行.
NOTIC: [8] Constant MCHID already defined /home/www/htdocs/Application/WXAPI/Common/function.php 第 5 行.
NOTIC: [8] Constant Key already defined /home/www/htdocs/Application/WXAPI/Common/function.php 第 6 行.
INFO: [ app_begin ] --START--
INFO: Run Behavior\ReadHtmlCacheBehavior [ RunTime:0.000089s ]
INFO: [ app_begin ] --END-- [ RunTime:0.000115s ]

[ 2018-08-14T15:57:24+08:00 ] 111.201.226.233 //index.php/WXAPI/user/addUser?openid=o6MfD5OuF0UWk5P8mfoiA6LxiQwA&head_pic=https%3A%2F%2Fwx.qlogo.cn%2Fmmopen%2Fvi_32%2FpOaS4aN9dIuaticffiaPaovP5HOMQwbJmtZJh8Wia232LnQsJcYO0QoMFKD0eUhKFR24MLpJqrYibFcgvZeicMRIJdQ%2F132&nickname=%E8%AF%BA%E9%9B%85&first_leader=6&c_id=undefined
INFO: [ app_init ] --START--
INFO: Run Behavior\BuildLiteBehavior [ RunTime:0.000009s ]
INFO: [ app_init ] --END-- [ RunTime:0.000061s ]
NOTIC: [8] Constant APP_ID already defined /home/www/htdocs/Application/WXAPI/Common/function.php 第 2 行.
NOTIC: [8] Constant APP_SECRET already defined /home/www/htdocs/Application/WXAPI/Common/function.php 第 3 行.
NOTIC: [8] Constant OPENID already defined /home/www/htdocs/Application/WXAPI/Common/function.php 第 4 行.
NOTIC: [8] Constant MCHID already defined /home/www/htdocs/Application/WXAPI/Common/function.php 第 5 行.
NOTIC: [8] Constant Key already defined /home/www/htdocs/Application/WXAPI/Common/function.php 第 6 行.
INFO: [ app_begin ] --START--
INFO: Run Behavior\ReadHtmlCacheBehavior [ RunTime:0.000085s ]
INFO: [ app_begin ] --END-- [ RunTime:0.000108s ]

[ 2018-08-14T15:57:24+08:00 ] 111.201.226.233 /index.php/WXAPI/Index/show
INFO: [ app_init ] --START--
INFO: Run Behavior\BuildLiteBehavior [ RunTime:0.000015s ]
INFO: [ app_init ] --END-- [ RunTime:0.000092s ]
NOTIC: [8] Constant APP_ID already defined /home/www/htdocs/Application/WXAPI/Common/function.php 第 2 行.
NOTIC: [8] Constant APP_SECRET already defined /home/www/htdocs/Application/WXAPI/Common/function.php 第 3 行.
NOTIC: [8] Constant OPENID already defined /home/www/htdocs/Application/WXAPI/Common/function.php 第 4 行.
NOTIC: [8] Constant MCHID already defined /home/www/htdocs/Application/WXAPI/Common/function.php 第 5 行.
NOTIC: [8] Constant Key already defined /home/www/htdocs/Application/WXAPI/Common/function.php 第 6 行.
INFO: [ app_begin ] --START--
INFO: Run Behavior\ReadHtmlCacheBehavior [ RunTime:0.000090s ]
INFO: [ app_begin ] --END-- [ RunTime:0.000118s ]
NOTIC: [2048] Declaration of WXAPI\Controller\IndexController::show() should be compatible with Think\Controller::show($content, $charset = '', $contentType = '', $prefix = '') /home/www/htdocs/Application/WXAPI/Controller/IndexController.class.php 第 7 行.

[ 2018-08-14T15:57:24+08:00 ] 111.201.226.233 /index.php/WXAPI/Index/getModule
INFO: [ app_init ] --START--
INFO: Run Behavior\BuildLiteBehavior [ RunTime:0.000008s ]
INFO: [ app_init ] --END-- [ RunTime:0.000056s ]
NOTIC: [8] Constant APP_ID already defined /home/www/htdocs/Application/WXAPI/Common/function.php 第 2 行.
NOTIC: [8] Constant APP_SECRET already defined /home/www/htdocs/Application/WXAPI/Common/function.php 第 3 行.
NOTIC: [8] Constant OPENID already defined /home/www/htdocs/Application/WXAPI/Common/function.php 第 4 行.
NOTIC: [8] Constant MCHID already defined /home/www/htdocs/Application/WXAPI/Common/function.php 第 5 行.
NOTIC: [8] Constant Key already defined /home/www/htdocs/Application/WXAPI/Common/function.php 第 6 行.
INFO: [ app_begin ] --START--
INFO: Run Behavior\ReadHtmlCacheBehavior [ RunTime:0.000128s ]
INFO: [ app_begin ] --END-- [ RunTime:0.000166s ]
NOTIC: [2048] Declaration of WXAPI\Controller\IndexController::show() should be compatible with Think\Controller::show($content, $charset = '', $contentType = '', $prefix = '') /home/www/htdocs/Application/WXAPI/Controller/IndexController.class.php 第 7 行.

[ 2018-08-14T16:01:15+08:00 ] 111.201.226.233 //index.php/WXAPI/user/getCode?code=023bEar1121woZ1tW9r11ZCjr11bEaru&encryptedData=L9FHJy1dGhHmENiWUhFruWIOh1ZBvoYPztwml8vUcrpWeWtzFN86anOi7ka8lEOLaFiYKRJsxPd%2FaWYg1bCvPRMCVTXstRqu6EwWqY4GuFA%2FVKf8sIhJy3pwgV619Jobzx7Nd4rq20%2B1uZzemOpaXq%2FU0TDwYz01l8FP5maJsvI9jFkRbMvVB1qFgwXcem6T%2FEHdjRPL23Mw9C7sQam%2FYLE3ek%2FoDHsOs%2BUr4SlsbcGMnsPpIJzyb5YcaE4%2FBOvM7fw5NRAeSvkFDSSXt3KgxUGScwB%2BRgfHMImr6U03lnDuP7VYkzU3qAwQbk4lVEs7UHx0n5MffeYg3Z3C6BH75VWrk%2BK4eIO8%2FRiGdtpH8NbcRkQmmKuzG69cj48gzHs%2FUT1VwWZQQLySfzBu7rZmCf%2FtQ%2Bo59%2Bqf4gQBOfCw8E6oXPB7HOaeNDMjeSZYu7F%2FrB7tjE%2FfFUuvE66lYCCaspshFwHHnPUUzBLynBzX0q8%3D&iv=3%2BoHD2VsGrWnH7vi%2Bg6GfA%3D%3D
INFO: [ app_init ] --START--
INFO: Run Behavior\BuildLiteBehavior [ RunTime:0.000022s ]
INFO: [ app_init ] --END-- [ RunTime:0.000090s ]
NOTIC: [8] Constant APP_ID already defined /home/www/htdocs/Application/WXAPI/Common/function.php 第 2 行.
NOTIC: [8] Constant APP_SECRET already defined /home/www/htdocs/Application/WXAPI/Common/function.php 第 3 行.
NOTIC: [8] Constant OPENID already defined /home/www/htdocs/Application/WXAPI/Common/function.php 第 4 行.
NOTIC: [8] Constant MCHID already defined /home/www/htdocs/Application/WXAPI/Common/function.php 第 5 行.
NOTIC: [8] Constant Key already defined /home/www/htdocs/Application/WXAPI/Common/function.php 第 6 行.
INFO: [ app_begin ] --START--
INFO: Run Behavior\ReadHtmlCacheBehavior [ RunTime:0.000098s ]
INFO: [ app_begin ] --END-- [ RunTime:0.000126s ]

[ 2018-08-14T16:01:16+08:00 ] 111.201.226.233 //index.php/WXAPI/user/addUser?openid=o6MfD5OuF0UWk5P8mfoiA6LxiQwA&head_pic=https%3A%2F%2Fwx.qlogo.cn%2Fmmopen%2Fvi_32%2FpOaS4aN9dIuaticffiaPaovP5HOMQwbJmtZJh8Wia232LnQsJcYO0QoMFKD0eUhKFR24MLpJqrYibFcgvZeicMRIJdQ%2F132&nickname=%E8%AF%BA%E9%9B%85&first_leader=6&c_id=undefined
INFO: [ app_init ] --START--
INFO: Run Behavior\BuildLiteBehavior [ RunTime:0.000011s ]
INFO: [ app_init ] --END-- [ RunTime:0.000067s ]
NOTIC: [8] Constant APP_ID already defined /home/www/htdocs/Application/WXAPI/Common/function.php 第 2 行.
NOTIC: [8] Constant APP_SECRET already defined /home/www/htdocs/Application/WXAPI/Common/function.php 第 3 行.
NOTIC: [8] Constant OPENID already defined /home/www/htdocs/Application/WXAPI/Common/function.php 第 4 行.
NOTIC: [8] Constant MCHID already defined /home/www/htdocs/Application/WXAPI/Common/function.php 第 5 行.
NOTIC: [8] Constant Key already defined /home/www/htdocs/Application/WXAPI/Common/function.php 第 6 行.
INFO: [ app_begin ] --START--
INFO: Run Behavior\ReadHtmlCacheBehavior [ RunTime:0.000096s ]
INFO: [ app_begin ] --END-- [ RunTime:0.000123s ]

[ 2018-08-14T16:01:16+08:00 ] 111.201.226.233 /index.php/WXAPI/Index/getModule
INFO: [ app_init ] --START--
INFO: Run Behavior\BuildLiteBehavior [ RunTime:0.000007s ]
INFO: [ app_init ] --END-- [ RunTime:0.000045s ]
NOTIC: [8] Constant APP_ID already defined /home/www/htdocs/Application/WXAPI/Common/function.php 第 2 行.
NOTIC: [8] Constant APP_SECRET already defined /home/www/htdocs/Application/WXAPI/Common/function.php 第 3 行.
NOTIC: [8] Constant OPENID already defined /home/www/htdocs/Application/WXAPI/Common/function.php 第 4 行.
NOTIC: [8] Constant MCHID already defined /home/www/htdocs/Application/WXAPI/Common/function.php 第 5 行.
NOTIC: [8] Constant Key already defined /home/www/htdocs/Application/WXAPI/Common/function.php 第 6 行.
INFO: [ app_begin ] --START--
INFO: Run Behavior\ReadHtmlCacheBehavior [ RunTime:0.000081s ]
INFO: [ app_begin ] --END-- [ RunTime:0.000104s ]
NOTIC: [2048] Declaration of WXAPI\Controller\IndexController::show() should be compatible with Think\Controller::show($content, $charset = '', $contentType = '', $prefix = '') /home/www/htdocs/Application/WXAPI/Controller/IndexController.class.php 第 7 行.

[ 2018-08-14T16:01:16+08:00 ] 111.201.226.233 /index.php/WXAPI/Index/show
INFO: [ app_init ] --START--
INFO: Run Behavior\BuildLiteBehavior [ RunTime:0.000010s ]
INFO: [ app_init ] --END-- [ RunTime:0.000060s ]
NOTIC: [8] Constant APP_ID already defined /home/www/htdocs/Application/WXAPI/Common/function.php 第 2 行.
NOTIC: [8] Constant APP_SECRET already defined /home/www/htdocs/Application/WXAPI/Common/function.php 第 3 行.
NOTIC: [8] Constant OPENID already defined /home/www/htdocs/Application/WXAPI/Common/function.php 第 4 行.
NOTIC: [8] Constant MCHID already defined /home/www/htdocs/Application/WXAPI/Common/function.php 第 5 行.
NOTIC: [8] Constant Key already defined /home/www/htdocs/Application/WXAPI/Common/function.php 第 6 行.
INFO: [ app_begin ] --START--
INFO: Run Behavior\ReadHtmlCacheBehavior [ RunTime:0.000084s ]
INFO: [ app_begin ] --END-- [ RunTime:0.000107s ]
NOTIC: [2048] Declaration of WXAPI\Controller\IndexController::show() should be compatible with Think\Controller::show($content, $charset = '', $contentType = '', $prefix = '') /home/www/htdocs/Application/WXAPI/Controller/IndexController.class.php 第 7 行.

[ 2018-08-14T16:01:31+08:00 ] 111.201.226.233 /WXAPI/user/getModel?cart1=10
INFO: [ app_init ] --START--
INFO: Run Behavior\BuildLiteBehavior [ RunTime:0.000010s ]
INFO: [ app_init ] --END-- [ RunTime:0.000066s ]
NOTIC: [8] Constant APP_ID already defined /home/www/htdocs/Application/WXAPI/Common/function.php 第 2 行.
NOTIC: [8] Constant APP_SECRET already defined /home/www/htdocs/Application/WXAPI/Common/function.php 第 3 行.
NOTIC: [8] Constant OPENID already defined /home/www/htdocs/Application/WXAPI/Common/function.php 第 4 行.
NOTIC: [8] Constant MCHID already defined /home/www/htdocs/Application/WXAPI/Common/function.php 第 5 行.
NOTIC: [8] Constant Key already defined /home/www/htdocs/Application/WXAPI/Common/function.php 第 6 行.
INFO: [ app_begin ] --START--
INFO: Run Behavior\ReadHtmlCacheBehavior [ RunTime:0.000103s ]
INFO: [ app_begin ] --END-- [ RunTime:0.000132s ]

[ 2018-08-14T16:01:34+08:00 ] 111.201.226.233 /index.php/WXAPI/Index/show
INFO: [ app_init ] --START--
INFO: Run Behavior\BuildLiteBehavior [ RunTime:0.000009s ]
INFO: [ app_init ] --END-- [ RunTime:0.000063s ]
NOTIC: [8] Constant APP_ID already defined /home/www/htdocs/Application/WXAPI/Common/function.php 第 2 行.
NOTIC: [8] Constant APP_SECRET already defined /home/www/htdocs/Application/WXAPI/Common/function.php 第 3 行.
NOTIC: [8] Constant OPENID already defined /home/www/htdocs/Application/WXAPI/Common/function.php 第 4 行.
NOTIC: [8] Constant MCHID already defined /home/www/htdocs/Application/WXAPI/Common/function.php 第 5 行.
NOTIC: [8] Constant Key already defined /home/www/htdocs/Application/WXAPI/Common/function.php 第 6 行.
INFO: [ app_begin ] --START--
INFO: Run Behavior\ReadHtmlCacheBehavior [ RunTime:0.000089s ]
INFO: [ app_begin ] --END-- [ RunTime:0.000115s ]
NOTIC: [2048] Declaration of WXAPI\Controller\IndexController::show() should be compatible with Think\Controller::show($content, $charset = '', $contentType = '', $prefix = '') /home/www/htdocs/Application/WXAPI/Controller/IndexController.class.php 第 7 行.

[ 2018-08-14T16:01:34+08:00 ] 111.201.226.233 /index.php/WXAPI/Index/getModule
INFO: [ app_init ] --START--
INFO: Run Behavior\BuildLiteBehavior [ RunTime:0.000007s ]
INFO: [ app_init ] --END-- [ RunTime:0.000046s ]
NOTIC: [8] Constant APP_ID already defined /home/www/htdocs/Application/WXAPI/Common/function.php 第 2 行.
NOTIC: [8] Constant APP_SECRET already defined /home/www/htdocs/Application/WXAPI/Common/function.php 第 3 行.
NOTIC: [8] Constant OPENID already defined /home/www/htdocs/Application/WXAPI/Common/function.php 第 4 行.
NOTIC: [8] Constant MCHID already defined /home/www/htdocs/Application/WXAPI/Common/function.php 第 5 行.
NOTIC: [8] Constant Key already defined /home/www/htdocs/Application/WXAPI/Common/function.php 第 6 行.
INFO: [ app_begin ] --START--
INFO: Run Behavior\ReadHtmlCacheBehavior [ RunTime:0.000085s ]
INFO: [ app_begin ] --END-- [ RunTime:0.000112s ]
NOTIC: [2048] Declaration of WXAPI\Controller\IndexController::show() should be compatible with Think\Controller::show($content, $charset = '', $contentType = '', $prefix = '') /home/www/htdocs/Application/WXAPI/Controller/IndexController.class.php 第 7 行.

[ 2018-08-14T16:03:02+08:00 ] 111.201.226.233 //index.php/WXAPI/user/getCode?code=023FXJPu1uUP8c0Wg5Su1IqBPu1FXJPc&encryptedData=FiQwxaTzm0%2F5ub%2BgmiRW1ALm%2B2zAH97PkPvx3gyfoE9FXMRUHYQH4NEvWvXyepjO0mHyAgNWXZ6Cw0DZl0Uicoen1AQNnKLe58HSOp1a%2FhIQ4uO%2BKobKIe8BsxUtU0VRN1r%2BZbdkg6xQGCvl83sgoG2ipN31JjR7%2Fub0TtLUJs9a3dG9b7To%2FAHJddoDcuAqMI8NVZiUmOloGvoImsuoNr0FJGgIjqDLQmRB7zsRy1JAjQoCzCqiT%2F1x4B9eEj2Q%2FgyEjSfAUS1ioyK%2FKj4hV%2Ffkr6IZW5HQJOjfwpsqRWg0UEiFfVBVFRZMcucUaEfA7uo9dN7UXWqWenK%2FS6p%2FTdSoXVIzQ6gWP1okF2rx%2BC4OB1TgFqaoyJaZdtQDivySJlnNUdI21j6QTpa6FrmoBxTkjvVe0XWphYhXqv2poizqCwoLOCofCv2zSiDJVJutI9qGC5cH7uNYl1cG9GCJ5lk9pDJpicc0pBnhXdRVJU8%3D&iv=YfpGMTkuFYLXJDh53hb%2FPw%3D%3D
INFO: [ app_init ] --START--
INFO: Run Behavior\BuildLiteBehavior [ RunTime:0.000010s ]
INFO: [ app_init ] --END-- [ RunTime:0.000075s ]
NOTIC: [8] Constant APP_ID already defined /home/www/htdocs/Application/WXAPI/Common/function.php 第 2 行.
NOTIC: [8] Constant APP_SECRET already defined /home/www/htdocs/Application/WXAPI/Common/function.php 第 3 行.
NOTIC: [8] Constant OPENID already defined /home/www/htdocs/Application/WXAPI/Common/function.php 第 4 行.
NOTIC: [8] Constant MCHID already defined /home/www/htdocs/Application/WXAPI/Common/function.php 第 5 行.
NOTIC: [8] Constant Key already defined /home/www/htdocs/Application/WXAPI/Common/function.php 第 6 行.
INFO: [ app_begin ] --START--
INFO: Run Behavior\ReadHtmlCacheBehavior [ RunTime:0.000097s ]
INFO: [ app_begin ] --END-- [ RunTime:0.000123s ]

[ 2018-08-14T16:03:02+08:00 ] 111.201.226.233 //index.php/WXAPI/user/addUser?openid=o6MfD5OuF0UWk5P8mfoiA6LxiQwA&head_pic=https%3A%2F%2Fwx.qlogo.cn%2Fmmopen%2Fvi_32%2FpOaS4aN9dIuaticffiaPaovP5HOMQwbJmtZJh8Wia232LnQsJcYO0QoMFKD0eUhKFR24MLpJqrYibFcgvZeicMRIJdQ%2F132&nickname=%E8%AF%BA%E9%9B%85&first_leader=6&c_id=undefined
INFO: [ app_init ] --START--
INFO: Run Behavior\BuildLiteBehavior [ RunTime:0.000011s ]
INFO: [ app_init ] --END-- [ RunTime:0.000068s ]
NOTIC: [8] Constant APP_ID already defined /home/www/htdocs/Application/WXAPI/Common/function.php 第 2 行.
NOTIC: [8] Constant APP_SECRET already defined /home/www/htdocs/Application/WXAPI/Common/function.php 第 3 行.
NOTIC: [8] Constant OPENID already defined /home/www/htdocs/Application/WXAPI/Common/function.php 第 4 行.
NOTIC: [8] Constant MCHID already defined /home/www/htdocs/Application/WXAPI/Common/function.php 第 5 行.
NOTIC: [8] Constant Key already defined /home/www/htdocs/Application/WXAPI/Common/function.php 第 6 行.
INFO: [ app_begin ] --START--
INFO: Run Behavior\ReadHtmlCacheBehavior [ RunTime:0.000089s ]
INFO: [ app_begin ] --END-- [ RunTime:0.000116s ]

[ 2018-08-14T16:03:03+08:00 ] 111.201.226.233 /index.php/WXAPI/Index/show
INFO: [ app_init ] --START--
INFO: Run Behavior\BuildLiteBehavior [ RunTime:0.000012s ]
INFO: [ app_init ] --END-- [ RunTime:0.000099s ]
NOTIC: [8] Constant APP_ID already defined /home/www/htdocs/Application/WXAPI/Common/function.php 第 2 行.
NOTIC: [8] Constant APP_SECRET already defined /home/www/htdocs/Application/WXAPI/Common/function.php 第 3 行.
NOTIC: [8] Constant OPENID already defined /home/www/htdocs/Application/WXAPI/Common/function.php 第 4 行.
NOTIC: [8] Constant MCHID already defined /home/www/htdocs/Application/WXAPI/Common/function.php 第 5 行.
NOTIC: [8] Constant Key already defined /home/www/htdocs/Application/WXAPI/Common/function.php 第 6 行.
INFO: [ app_begin ] --START--
INFO: Run Behavior\ReadHtmlCacheBehavior [ RunTime:0.000099s ]
INFO: [ app_begin ] --END-- [ RunTime:0.000125s ]
NOTIC: [2048] Declaration of WXAPI\Controller\IndexController::show() should be compatible with Think\Controller::show($content, $charset = '', $contentType = '', $prefix = '') /home/www/htdocs/Application/WXAPI/Controller/IndexController.class.php 第 7 行.

[ 2018-08-14T16:03:03+08:00 ] 111.201.226.233 /index.php/WXAPI/Index/getModule
INFO: [ app_init ] --START--
INFO: Run Behavior\BuildLiteBehavior [ RunTime:0.000011s ]
INFO: [ app_init ] --END-- [ RunTime:0.000069s ]
NOTIC: [8] Constant APP_ID already defined /home/www/htdocs/Application/WXAPI/Common/function.php 第 2 行.
NOTIC: [8] Constant APP_SECRET already defined /home/www/htdocs/Application/WXAPI/Common/function.php 第 3 行.
NOTIC: [8] Constant OPENID already defined /home/www/htdocs/Application/WXAPI/Common/function.php 第 4 行.
NOTIC: [8] Constant MCHID already defined /home/www/htdocs/Application/WXAPI/Common/function.php 第 5 行.
NOTIC: [8] Constant Key already defined /home/www/htdocs/Application/WXAPI/Common/function.php 第 6 行.
INFO: [ app_begin ] --START--
INFO: Run Behavior\ReadHtmlCacheBehavior [ RunTime:0.000088s ]
INFO: [ app_begin ] --END-- [ RunTime:0.000116s ]
NOTIC: [2048] Declaration of WXAPI\Controller\IndexController::show() should be compatible with Think\Controller::show($content, $charset = '', $contentType = '', $prefix = '') /home/www/htdocs/Application/WXAPI/Controller/IndexController.class.php 第 7 行.

[ 2018-08-14T16:03:08+08:00 ] 111.201.226.233 //index.php/WXAPI/user/getCode?code=023ZH8Sp0phTfq1blPRp0YlIRp0ZH8SZ&encryptedData=AoxeVLP66sjUkqtJdm0XnQ%2BE%2B%2FPj4I31U9n9wfGswWaGYwHb1qG5hsGV8XcJl7A4rduJ5sAFzYE%2BAH3QKlznjPR5Rq2SStlKDuj7XYkVXmxueix5wn4LvKe6oAVSMXUvvPIdft%2FK451mqXCHRXzCxPoYCkJA5zIfq6jNvZUNSYiL0YEQl5YgmMEx6p6v92ueGHDrg%2FAA1%2B%2FsOEFFXTFxpDoRE%2B3CYHwoVnwXo1k33%2FArICKr168IJ2%2BwyIDDtUEoWCn4yx0sWdsR%2FNT2ORPKhuSTZuu8yDe0QUKjY%2F92IVkkcOBy8hwUO4%2FkuTYCfk8jHrbkUtfYid5WbI7OMWv5x1cSvLTHlckZ32KEBr%2BhZr03dx5t79LZepp12T5KUc2jf1rpEq4SIaMpE7hI5PVZM%2Fu8JwI%2BNr1rr1qM7Bc1mjecytOpekAWTSCMMOjedIcfp7FWYaOp2vHpQlM11syC%2F9T5bESBYQ6cwYfHrgIBw%2BE%3D&iv=pbkxxIcs0f42Y1qu1B2SQQ%3D%3D
INFO: [ app_init ] --START--
INFO: Run Behavior\BuildLiteBehavior [ RunTime:0.000010s ]
INFO: [ app_init ] --END-- [ RunTime:0.000074s ]
NOTIC: [8] Constant APP_ID already defined /home/www/htdocs/Application/WXAPI/Common/function.php 第 2 行.
NOTIC: [8] Constant APP_SECRET already defined /home/www/htdocs/Application/WXAPI/Common/function.php 第 3 行.
NOTIC: [8] Constant OPENID already defined /home/www/htdocs/Application/WXAPI/Common/function.php 第 4 行.
NOTIC: [8] Constant MCHID already defined /home/www/htdocs/Application/WXAPI/Common/function.php 第 5 行.
NOTIC: [8] Constant Key already defined /home/www/htdocs/Application/WXAPI/Common/function.php 第 6 行.
INFO: [ app_begin ] --START--
INFO: Run Behavior\ReadHtmlCacheBehavior [ RunTime:0.000089s ]
INFO: [ app_begin ] --END-- [ RunTime:0.000116s ]

[ 2018-08-14T16:03:09+08:00 ] 111.201.226.233 //index.php/WXAPI/user/addUser?openid=o6MfD5OuF0UWk5P8mfoiA6LxiQwA&head_pic=https%3A%2F%2Fwx.qlogo.cn%2Fmmopen%2Fvi_32%2FpOaS4aN9dIuaticffiaPaovP5HOMQwbJmtZJh8Wia232LnQsJcYO0QoMFKD0eUhKFR24MLpJqrYibFcgvZeicMRIJdQ%2F132&nickname=%E8%AF%BA%E9%9B%85&first_leader=6&c_id=undefined
INFO: [ app_init ] --START--
INFO: Run Behavior\BuildLiteBehavior [ RunTime:0.000009s ]
INFO: [ app_init ] --END-- [ RunTime:0.000063s ]
NOTIC: [8] Constant APP_ID already defined /home/www/htdocs/Application/WXAPI/Common/function.php 第 2 行.
NOTIC: [8] Constant APP_SECRET already defined /home/www/htdocs/Application/WXAPI/Common/function.php 第 3 行.
NOTIC: [8] Constant OPENID already defined /home/www/htdocs/Application/WXAPI/Common/function.php 第 4 行.
NOTIC: [8] Constant MCHID already defined /home/www/htdocs/Application/WXAPI/Common/function.php 第 5 行.
NOTIC: [8] Constant Key already defined /home/www/htdocs/Application/WXAPI/Common/function.php 第 6 行.
INFO: [ app_begin ] --START--
INFO: Run Behavior\ReadHtmlCacheBehavior [ RunTime:0.000114s ]
INFO: [ app_begin ] --END-- [ RunTime:0.000146s ]

[ 2018-08-14T16:03:09+08:00 ] 111.201.226.233 /index.php/WXAPI/Index/getModule
INFO: [ app_init ] --START--
INFO: Run Behavior\BuildLiteBehavior [ RunTime:0.000010s ]
INFO: [ app_init ] --END-- [ RunTime:0.000060s ]
NOTIC: [8] Constant APP_ID already defined /home/www/htdocs/Application/WXAPI/Common/function.php 第 2 行.
NOTIC: [8] Constant APP_SECRET already defined /home/www/htdocs/Application/WXAPI/Common/function.php 第 3 行.
NOTIC: [8] Constant OPENID already defined /home/www/htdocs/Application/WXAPI/Common/function.php 第 4 行.
NOTIC: [8] Constant MCHID already defined /home/www/htdocs/Application/WXAPI/Common/function.php 第 5 行.
NOTIC: [8] Constant Key already defined /home/www/htdocs/Application/WXAPI/Common/function.php 第 6 行.
INFO: [ app_begin ] --START--
INFO: Run Behavior\ReadHtmlCacheBehavior [ RunTime:0.000084s ]
INFO: [ app_begin ] --END-- [ RunTime:0.000106s ]
NOTIC: [2048] Declaration of WXAPI\Controller\IndexController::show() should be compatible with Think\Controller::show($content, $charset = '', $contentType = '', $prefix = '') /home/www/htdocs/Application/WXAPI/Controller/IndexController.class.php 第 7 行.

[ 2018-08-14T16:03:09+08:00 ] 111.201.226.233 /index.php/WXAPI/Index/show
INFO: [ app_init ] --START--
INFO: Run Behavior\BuildLiteBehavior [ RunTime:0.000010s ]
INFO: [ app_init ] --END-- [ RunTime:0.000074s ]
NOTIC: [8] Constant APP_ID already defined /home/www/htdocs/Application/WXAPI/Common/function.php 第 2 行.
NOTIC: [8] Constant APP_SECRET already defined /home/www/htdocs/Application/WXAPI/Common/function.php 第 3 行.
NOTIC: [8] Constant OPENID already defined /home/www/htdocs/Application/WXAPI/Common/function.php 第 4 行.
NOTIC: [8] Constant MCHID already defined /home/www/htdocs/Application/WXAPI/Common/function.php 第 5 行.
NOTIC: [8] Constant Key already defined /home/www/htdocs/Application/WXAPI/Common/function.php 第 6 行.
INFO: [ app_begin ] --START--
INFO: Run Behavior\ReadHtmlCacheBehavior [ RunTime:0.000082s ]
INFO: [ app_begin ] --END-- [ RunTime:0.000105s ]
NOTIC: [2048] Declaration of WXAPI\Controller\IndexController::show() should be compatible with Think\Controller::show($content, $charset = '', $contentType = '', $prefix = '') /home/www/htdocs/Application/WXAPI/Controller/IndexController.class.php 第 7 行.

[ 2018-08-14T16:03:33+08:00 ] 111.201.226.233 //index.php/WXAPI/user/getCode?code=023fSLgt0vATJd1uInht0NPHgt0fSLgK&encryptedData=bfG4yPAr68sRQkw643Vnh2NIG%2FNDDu%2FGKnBV%2F5svINLRQITOgJyUKrHLtIApdl0cU%2FRsBAHurGPZqMdUMlczyoPoG%2BhI2wQ2EUoKzklIGjBu8LlxpXNNBJufNj5zeItBLqH09PDjWgnUpBeTMjbUi6D3dttxhQRLXcXhUdEYo1PNQAvVObotFX2kTsjMyIYI2nc2gqYQYtFVE1RZsLz%2F8Nbeu3%2B0CXVO63kWM5s%2FBPs2wWtd8EKX2NWDfyX0MKjwm%2BTj3I9tGsGjJvnR1yJG%2B1Q%2BQyqdMTVK5nBb7cRP8bSOQBpUfmJ69u5aTtEV0ujCANBbju7aRe68KYGqNIuEoY4jzx9ND1qS9%2BMUrZwyKWrr2W%2Fj830F3ZCiEHMXofsGwmmGwrmvk%2FVCEKZvnVsre83qpCt88noqplBzjtdioQbO8Sc8%2FUBP29m1aa7lG%2FGfQZ%2B%2Bf69TiNA3Ww7PMOp9VJADT4CzJ%2BbmOqZT2lBK36I%3D&iv=o2qU6ZFsFrg23Hu6XPIzmg%3D%3D
INFO: [ app_init ] --START--
INFO: Run Behavior\BuildLiteBehavior [ RunTime:0.000010s ]
INFO: [ app_init ] --END-- [ RunTime:0.000064s ]
NOTIC: [8] Constant APP_ID already defined /home/www/htdocs/Application/WXAPI/Common/function.php 第 2 行.
NOTIC: [8] Constant APP_SECRET already defined /home/www/htdocs/Application/WXAPI/Common/function.php 第 3 行.
NOTIC: [8] Constant OPENID already defined /home/www/htdocs/Application/WXAPI/Common/function.php 第 4 行.
NOTIC: [8] Constant MCHID already defined /home/www/htdocs/Application/WXAPI/Common/function.php 第 5 行.
NOTIC: [8] Constant Key already defined /home/www/htdocs/Application/WXAPI/Common/function.php 第 6 行.
INFO: [ app_begin ] --START--
INFO: Run Behavior\ReadHtmlCacheBehavior [ RunTime:0.000089s ]
INFO: [ app_begin ] --END-- [ RunTime:0.000119s ]

[ 2018-08-14T16:03:34+08:00 ] 111.201.226.233 //index.php/WXAPI/user/addUser?openid=o6MfD5OuF0UWk5P8mfoiA6LxiQwA&head_pic=https%3A%2F%2Fwx.qlogo.cn%2Fmmopen%2Fvi_32%2FpOaS4aN9dIuaticffiaPaovP5HOMQwbJmtZJh8Wia232LnQsJcYO0QoMFKD0eUhKFR24MLpJqrYibFcgvZeicMRIJdQ%2F132&nickname=%E8%AF%BA%E9%9B%85&first_leader=6&c_id=undefined
INFO: [ app_init ] --START--
INFO: Run Behavior\BuildLiteBehavior [ RunTime:0.000011s ]
INFO: [ app_init ] --END-- [ RunTime:0.000069s ]
NOTIC: [8] Constant APP_ID already defined /home/www/htdocs/Application/WXAPI/Common/function.php 第 2 行.
NOTIC: [8] Constant APP_SECRET already defined /home/www/htdocs/Application/WXAPI/Common/function.php 第 3 行.
NOTIC: [8] Constant OPENID already defined /home/www/htdocs/Application/WXAPI/Common/function.php 第 4 行.
NOTIC: [8] Constant MCHID already defined /home/www/htdocs/Application/WXAPI/Common/function.php 第 5 行.
NOTIC: [8] Constant Key already defined /home/www/htdocs/Application/WXAPI/Common/function.php 第 6 行.
INFO: [ app_begin ] --START--
INFO: Run Behavior\ReadHtmlCacheBehavior [ RunTime:0.000101s ]
INFO: [ app_begin ] --END-- [ RunTime:0.000133s ]

[ 2018-08-14T16:03:34+08:00 ] 111.201.226.233 /index.php/WXAPI/Index/show
INFO: [ app_init ] --START--
INFO: Run Behavior\BuildLiteBehavior [ RunTime:0.000012s ]
INFO: [ app_init ] --END-- [ RunTime:0.000068s ]
NOTIC: [8] Constant APP_ID already defined /home/www/htdocs/Application/WXAPI/Common/function.php 第 2 行.
NOTIC: [8] Constant APP_SECRET already defined /home/www/htdocs/Application/WXAPI/Common/function.php 第 3 行.
NOTIC: [8] Constant OPENID already defined /home/www/htdocs/Application/WXAPI/Common/function.php 第 4 行.
NOTIC: [8] Constant MCHID already defined /home/www/htdocs/Application/WXAPI/Common/function.php 第 5 行.
NOTIC: [8] Constant Key already defined /home/www/htdocs/Application/WXAPI/Common/function.php 第 6 行.
INFO: [ app_begin ] --START--
INFO: Run Behavior\ReadHtmlCacheBehavior [ RunTime:0.000102s ]
INFO: [ app_begin ] --END-- [ RunTime:0.000133s ]
NOTIC: [2048] Declaration of WXAPI\Controller\IndexController::show() should be compatible with Think\Controller::show($content, $charset = '', $contentType = '', $prefix = '') /home/www/htdocs/Application/WXAPI/Controller/IndexController.class.php 第 7 行.

[ 2018-08-14T16:03:34+08:00 ] 111.201.226.233 /index.php/WXAPI/Index/getModule
INFO: [ app_init ] --START--
INFO: Run Behavior\BuildLiteBehavior [ RunTime:0.000007s ]
INFO: [ app_init ] --END-- [ RunTime:0.000047s ]
NOTIC: [8] Constant APP_ID already defined /home/www/htdocs/Application/WXAPI/Common/function.php 第 2 行.
NOTIC: [8] Constant APP_SECRET already defined /home/www/htdocs/Application/WXAPI/Common/function.php 第 3 行.
NOTIC: [8] Constant OPENID already defined /home/www/htdocs/Application/WXAPI/Common/function.php 第 4 行.
NOTIC: [8] Constant MCHID already defined /home/www/htdocs/Application/WXAPI/Common/function.php 第 5 行.
NOTIC: [8] Constant Key already defined /home/www/htdocs/Application/WXAPI/Common/function.php 第 6 行.
INFO: [ app_begin ] --START--
INFO: Run Behavior\ReadHtmlCacheBehavior [ RunTime:0.000085s ]
INFO: [ app_begin ] --END-- [ RunTime:0.000119s ]
NOTIC: [2048] Declaration of WXAPI\Controller\IndexController::show() should be compatible with Think\Controller::show($content, $charset = '', $contentType = '', $prefix = '') /home/www/htdocs/Application/WXAPI/Controller/IndexController.class.php 第 7 行.

[ 2018-08-14T16:03:44+08:00 ] 111.201.226.233 //index.php/WXAPI/user/getCode?code=033L0AhP0zsXma2zLDhP0pEvhP0L0Ah6&encryptedData=otiwr82GunfR4%2Ffb1x5zLCiLUsQarycHObEMZd6yUO2Krs5Nrk%2FM%2FUC3hO7%2FIK%2FuFqUbZG6yWxj1cy%2B3YQ2rf%2B7E39VYMS2iG5ONEMrPmqXTSMlL6Dvo6PpIVkO%2BE%2B8x2Ha1kpbXtTvkbtVGsfOHccZiHvkDKvdE7uqX7%2FVJWtzJEi11JRx41liEUrzEU9VFtn3q4x0ytQkoqYjAp%2FPzRmubeK9vCtjM0sDlw8%2B6MaNqD5o%2FZ3%2BkWgl35InxwlAEUOuQObZIrWFi8hfVJZyRkmXw%2F0FyTSYXcOpmPc8EXWJ7GJxJfaJ3Za9qaqtLkklRBRkeYOEgmq25nlgTNAnlR95YiQ5BxSXuv5TbzGJM7WlEfSRzE7x6NlgwuCK1tB7ty6skRdWIojv7Y1AmXJXxuM5SZBi0%2Bdxo9viMK9%2FASw1hy2DzA5mgzjn%2Ftzy%2Fbf28hSwjAc6cbSfIg5XAHTZgLYxGdx2Opw%2BLCH434aj3PLU%3D&iv=AQWx7Zbq3W0XlOnyqs%2B7Sw%3D%3D
INFO: [ app_init ] --START--
INFO: Run Behavior\BuildLiteBehavior [ RunTime:0.000013s ]
INFO: [ app_init ] --END-- [ RunTime:0.000099s ]
NOTIC: [8] Constant APP_ID already defined /home/www/htdocs/Application/WXAPI/Common/function.php 第 2 行.
NOTIC: [8] Constant APP_SECRET already defined /home/www/htdocs/Application/WXAPI/Common/function.php 第 3 行.
NOTIC: [8] Constant OPENID already defined /home/www/htdocs/Application/WXAPI/Common/function.php 第 4 行.
NOTIC: [8] Constant MCHID already defined /home/www/htdocs/Application/WXAPI/Common/function.php 第 5 行.
NOTIC: [8] Constant Key already defined /home/www/htdocs/Application/WXAPI/Common/function.php 第 6 行.
INFO: [ app_begin ] --START--
INFO: Run Behavior\ReadHtmlCacheBehavior [ RunTime:0.000089s ]
INFO: [ app_begin ] --END-- [ RunTime:0.000121s ]

[ 2018-08-14T16:03:45+08:00 ] 111.201.226.233 //index.php/WXAPI/user/addUser?openid=o6MfD5OuF0UWk5P8mfoiA6LxiQwA&head_pic=https%3A%2F%2Fwx.qlogo.cn%2Fmmopen%2Fvi_32%2FpOaS4aN9dIuaticffiaPaovP5HOMQwbJmtZJh8Wia232LnQsJcYO0QoMFKD0eUhKFR24MLpJqrYibFcgvZeicMRIJdQ%2F132&nickname=%E8%AF%BA%E9%9B%85&first_leader=6&c_id=undefined
INFO: [ app_init ] --START--
INFO: Run Behavior\BuildLiteBehavior [ RunTime:0.000010s ]
INFO: [ app_init ] --END-- [ RunTime:0.000067s ]
NOTIC: [8] Constant APP_ID already defined /home/www/htdocs/Application/WXAPI/Common/function.php 第 2 行.
NOTIC: [8] Constant APP_SECRET already defined /home/www/htdocs/Application/WXAPI/Common/function.php 第 3 行.
NOTIC: [8] Constant OPENID already defined /home/www/htdocs/Application/WXAPI/Common/function.php 第 4 行.
NOTIC: [8] Constant MCHID already defined /home/www/htdocs/Application/WXAPI/Common/function.php 第 5 行.
NOTIC: [8] Constant Key already defined /home/www/htdocs/Application/WXAPI/Common/function.php 第 6 行.
INFO: [ app_begin ] --START--
INFO: Run Behavior\ReadHtmlCacheBehavior [ RunTime:0.000106s ]
INFO: [ app_begin ] --END-- [ RunTime:0.000136s ]

[ 2018-08-14T16:03:45+08:00 ] 111.201.226.233 /index.php/WXAPI/Index/show
INFO: [ app_init ] --START--
INFO: Run Behavior\BuildLiteBehavior [ RunTime:0.000009s ]
INFO: [ app_init ] --END-- [ RunTime:0.000059s ]
NOTIC: [8] Constant APP_ID already defined /home/www/htdocs/Application/WXAPI/Common/function.php 第 2 行.
NOTIC: [8] Constant APP_SECRET already defined /home/www/htdocs/Application/WXAPI/Common/function.php 第 3 行.
NOTIC: [8] Constant OPENID already defined /home/www/htdocs/Application/WXAPI/Common/function.php 第 4 行.
NOTIC: [8] Constant MCHID already defined /home/www/htdocs/Application/WXAPI/Common/function.php 第 5 行.
NOTIC: [8] Constant Key already defined /home/www/htdocs/Application/WXAPI/Common/function.php 第 6 行.
INFO: [ app_begin ] --START--
INFO: Run Behavior\ReadHtmlCacheBehavior [ RunTime:0.000083s ]
INFO: [ app_begin ] --END-- [ RunTime:0.000106s ]
NOTIC: [2048] Declaration of WXAPI\Controller\IndexController::show() should be compatible with Think\Controller::show($content, $charset = '', $contentType = '', $prefix = '') /home/www/htdocs/Application/WXAPI/Controller/IndexController.class.php 第 7 行.

[ 2018-08-14T16:03:45+08:00 ] 111.201.226.233 /index.php/WXAPI/Index/getModule
INFO: [ app_init ] --START--
INFO: Run Behavior\BuildLiteBehavior [ RunTime:0.000007s ]
INFO: [ app_init ] --END-- [ RunTime:0.000045s ]
NOTIC: [8] Constant APP_ID already defined /home/www/htdocs/Application/WXAPI/Common/function.php 第 2 行.
NOTIC: [8] Constant APP_SECRET already defined /home/www/htdocs/Application/WXAPI/Common/function.php 第 3 行.
NOTIC: [8] Constant OPENID already defined /home/www/htdocs/Application/WXAPI/Common/function.php 第 4 行.
NOTIC: [8] Constant MCHID already defined /home/www/htdocs/Application/WXAPI/Common/function.php 第 5 行.
NOTIC: [8] Constant Key already defined /home/www/htdocs/Application/WXAPI/Common/function.php 第 6 行.
INFO: [ app_begin ] --START--
INFO: Run Behavior\ReadHtmlCacheBehavior [ RunTime:0.000096s ]
INFO: [ app_begin ] --END-- [ RunTime:0.000118s ]
NOTIC: [2048] Declaration of WXAPI\Controller\IndexController::show() should be compatible with Think\Controller::show($content, $charset = '', $contentType = '', $prefix = '') /home/www/htdocs/Application/WXAPI/Controller/IndexController.class.php 第 7 行.

[ 2018-08-14T16:03:48+08:00 ] 111.201.226.233 /WXAPI/user/getModel?cart1=10
INFO: [ app_init ] --START--
INFO: Run Behavior\BuildLiteBehavior [ RunTime:0.000010s ]
INFO: [ app_init ] --END-- [ RunTime:0.000073s ]
NOTIC: [8] Constant APP_ID already defined /home/www/htdocs/Application/WXAPI/Common/function.php 第 2 行.
NOTIC: [8] Constant APP_SECRET already defined /home/www/htdocs/Application/WXAPI/Common/function.php 第 3 行.
NOTIC: [8] Constant OPENID already defined /home/www/htdocs/Application/WXAPI/Common/function.php 第 4 行.
NOTIC: [8] Constant MCHID already defined /home/www/htdocs/Application/WXAPI/Common/function.php 第 5 行.
NOTIC: [8] Constant Key already defined /home/www/htdocs/Application/WXAPI/Common/function.php 第 6 行.
INFO: [ app_begin ] --START--
INFO: Run Behavior\ReadHtmlCacheBehavior [ RunTime:0.000089s ]
INFO: [ app_begin ] --END-- [ RunTime:0.000118s ]

