[ 2018-06-25T11:43:28+08:00 ] 106.121.17.203 //index.php/WXAPI/user/getCode?code=081gtXi02rd7EZ0kYgi02n79j02gtXiV&encryptedData=7EvDnw10cHwSmBh%2BT42D6D9%2B6n9lWcCY%2BUe8rb60fs2eroAEP8hvvxQWYnHF1oLH76EDpyJSCkOKD0WHQGWE5pKLtQFI%2BgXc%2B0xbRXnwFOQmM%2F%2FQqgVt5NokGBQp59W9mgRP7Bm53oV%2BTvu223eNX3WkZr1fpZ0XxKroFy2aWlUV7kZIEXG1t%2BB41sibVNy5QHrgowdlOc0Qu9KO9x1a3Qd9HP1ZzkuUfaszbP5VaaVeKb4sgAhnMaGXv5gJcXytPlXD5C0g8NLx%2BrlTFx03D1j1G%2BUS8mR1amlQy%2Fw%2BZPtRDi7IcQ9f82p7C0aEQ%2FyWskXtCSkMBtno7haTRO8kn5oWsS36gCqEzdUYxbr%2BRlqKTvuDwi%2BOFSLlXPw0lQZJmwGixK3u91yYG9AauOaEhEzLFs%2BY%2F9oSLxiAxGRuVWtIZQdcvggHNzUTpkwb43XvccFsfgB6dd7hxSV517xhWg%3D%3D&iv=lPdjrsHxsi3xQg6VDXhb0Q%3D%3D
INFO: [ app_init ] --START--
INFO: Run Behavior\BuildLiteBehavior [ RunTime:0.000009s ]
INFO: [ app_init ] --END-- [ RunTime:0.000082s ]
NOTIC: [8] Constant APP_ID already defined /home/www/htdocs/Application/WXAPI/Common/function.php 第 2 行.
NOTIC: [8] Constant APP_SECRET already defined /home/www/htdocs/Application/WXAPI/Common/function.php 第 3 行.
NOTIC: [8] Constant OPENID already defined /home/www/htdocs/Application/WXAPI/Common/function.php 第 4 行.
NOTIC: [8] Constant MCHID already defined /home/www/htdocs/Application/WXAPI/Common/function.php 第 5 行.
NOTIC: [8] Constant Key already defined /home/www/htdocs/Application/WXAPI/Common/function.php 第 6 行.
INFO: [ app_begin ] --START--
INFO: Run Behavior\ReadHtmlCacheBehavior [ RunTime:0.000097s ]
INFO: [ app_begin ] --END-- [ RunTime:0.000125s ]

[ 2018-06-25T11:43:28+08:00 ] 106.121.17.203 //index.php/WXAPI/user/addUser?openid=o6MfD5O-om4LrhjMVxlTq7Ehx8-U&head_pic=https%3A%2F%2Fwx.qlogo.cn%2Fmmopen%2Fvi_32%2FQ0j4TwGTfTIK5TvjicrqLs5Y1ExVxwu6cmo3SSUU1aux69XiajIiaepjbFicM8rswzmCPmCPibuArTFaDPrQ7TzN6PA%2F132&nickname=D&first_leader=undefined&c_id=undefined
INFO: [ app_init ] --START--
INFO: Run Behavior\BuildLiteBehavior [ RunTime:0.000010s ]
INFO: [ app_init ] --END-- [ RunTime:0.000071s ]
NOTIC: [8] Constant APP_ID already defined /home/www/htdocs/Application/WXAPI/Common/function.php 第 2 行.
NOTIC: [8] Constant APP_SECRET already defined /home/www/htdocs/Application/WXAPI/Common/function.php 第 3 行.
NOTIC: [8] Constant OPENID already defined /home/www/htdocs/Application/WXAPI/Common/function.php 第 4 行.
NOTIC: [8] Constant MCHID already defined /home/www/htdocs/Application/WXAPI/Common/function.php 第 5 行.
NOTIC: [8] Constant Key already defined /home/www/htdocs/Application/WXAPI/Common/function.php 第 6 行.
INFO: [ app_begin ] --START--
INFO: Run Behavior\ReadHtmlCacheBehavior [ RunTime:0.000077s ]
INFO: [ app_begin ] --END-- [ RunTime:0.000103s ]

[ 2018-06-25T11:43:29+08:00 ] 106.121.17.203 /index.php/WXAPI/Index/show
INFO: [ app_init ] --START--
INFO: Run Behavior\BuildLiteBehavior [ RunTime:0.000011s ]
INFO: [ app_init ] --END-- [ RunTime:0.000063s ]
NOTIC: [8] Constant APP_ID already defined /home/www/htdocs/Application/WXAPI/Common/function.php 第 2 行.
NOTIC: [8] Constant APP_SECRET already defined /home/www/htdocs/Application/WXAPI/Common/function.php 第 3 行.
NOTIC: [8] Constant OPENID already defined /home/www/htdocs/Application/WXAPI/Common/function.php 第 4 行.
NOTIC: [8] Constant MCHID already defined /home/www/htdocs/Application/WXAPI/Common/function.php 第 5 行.
NOTIC: [8] Constant Key already defined /home/www/htdocs/Application/WXAPI/Common/function.php 第 6 行.
INFO: [ app_begin ] --START--
INFO: Run Behavior\ReadHtmlCacheBehavior [ RunTime:0.000078s ]
INFO: [ app_begin ] --END-- [ RunTime:0.000104s ]
NOTIC: [2048] Declaration of WXAPI\Controller\IndexController::show() should be compatible with Think\Controller::show($content, $charset = '', $contentType = '', $prefix = '') /home/www/htdocs/Application/WXAPI/Controller/IndexController.class.php 第 7 行.

[ 2018-06-25T11:43:29+08:00 ] 106.121.17.203 /index.php/WXAPI/Index/getModule
INFO: [ app_init ] --START--
INFO: Run Behavior\BuildLiteBehavior [ RunTime:0.000010s ]
INFO: [ app_init ] --END-- [ RunTime:0.000061s ]
NOTIC: [8] Constant APP_ID already defined /home/www/htdocs/Application/WXAPI/Common/function.php 第 2 行.
NOTIC: [8] Constant APP_SECRET already defined /home/www/htdocs/Application/WXAPI/Common/function.php 第 3 行.
NOTIC: [8] Constant OPENID already defined /home/www/htdocs/Application/WXAPI/Common/function.php 第 4 行.
NOTIC: [8] Constant MCHID already defined /home/www/htdocs/Application/WXAPI/Common/function.php 第 5 行.
NOTIC: [8] Constant Key already defined /home/www/htdocs/Application/WXAPI/Common/function.php 第 6 行.
INFO: [ app_begin ] --START--
INFO: Run Behavior\ReadHtmlCacheBehavior [ RunTime:0.000077s ]
INFO: [ app_begin ] --END-- [ RunTime:0.000103s ]
NOTIC: [2048] Declaration of WXAPI\Controller\IndexController::show() should be compatible with Think\Controller::show($content, $charset = '', $contentType = '', $prefix = '') /home/www/htdocs/Application/WXAPI/Controller/IndexController.class.php 第 7 行.

[ 2018-06-25T16:28:11+08:00 ] 112.224.19.48 //index.php/WXAPI/user/getCode?code=0333yrkj0Zqmgm12xujj0RHIkj03yrkn&encryptedData=0bo3aHk8YO55WRcExKvpeaCh7PGhkO0O8q3%2Bl%2FmhiVt%2BvcQGIw%2B7BSatqnnTosSKN6iGj1ixaokJ42G7agR6GhSp0Ti2SmvWHRjJ40pe0UK1mybakmQGt93NGfUVAOXDNPEO39AwOgHgDPtHmtnjf7QAQG4Onc9MOpCjLeNHhkNmGXZNRbbnYk7YImqTKOZUFp0fhmbupoIBJ7uBrsrvzF2V1AaCS758EYIhnfPog6PBIEj2jmqGjkRsh7BKYEPSNxIagwHkhxdAWzkxFRXvppyV6p0Y9KxT7EJ7U6oBV0EprWvLQb2vo9wmMSBN9Vz1JpVrf6LgM3lG32JoHuEe7%2FxmMgJOEjzqozuBImStLTbSaU0DVlM3brfISAY%2B1adrorDdBbb1an7ViSpSwQc7Dss14QfQokYragyPr8UtXRZCbh2djICjGlagGGpwDAhiFcss53Iys%2Br%2BcNmrmLji2FYeBtOirQOW8V6okaQC3lk%3D&iv=2F8nS8Kxyl5eIoGWLL6n7g%3D%3D
INFO: [ app_init ] --START--
INFO: Run Behavior\BuildLiteBehavior [ RunTime:0.000013s ]
INFO: [ app_init ] --END-- [ RunTime:0.000126s ]
NOTIC: [8] Constant APP_ID already defined /home/www/htdocs/Application/WXAPI/Common/function.php 第 2 行.
NOTIC: [8] Constant APP_SECRET already defined /home/www/htdocs/Application/WXAPI/Common/function.php 第 3 行.
NOTIC: [8] Constant OPENID already defined /home/www/htdocs/Application/WXAPI/Common/function.php 第 4 行.
NOTIC: [8] Constant MCHID already defined /home/www/htdocs/Application/WXAPI/Common/function.php 第 5 行.
NOTIC: [8] Constant Key already defined /home/www/htdocs/Application/WXAPI/Common/function.php 第 6 行.
INFO: [ app_begin ] --START--
INFO: Run Behavior\ReadHtmlCacheBehavior [ RunTime:0.000095s ]
INFO: [ app_begin ] --END-- [ RunTime:0.000123s ]

[ 2018-06-25T16:28:12+08:00 ] 112.224.19.48 //index.php/WXAPI/user/addUser?openid=o6MfD5IpYeUt-1fJ6Hqov58XSYks&head_pic=https%3A%2F%2Fwx.qlogo.cn%2Fmmopen%2Fvi_32%2F8SegKcialwyZBNOSDIWbvtgZ1SF8prXlnaSGDlNH1Cls89xBtZwjFk0kMWnY8P1Z1icy4LiclFibArNxOmk5W70jmQ%2F132&nickname=Delost&first_leader=undefined&c_id=undefined
INFO: [ app_init ] --START--
INFO: Run Behavior\BuildLiteBehavior [ RunTime:0.000011s ]
INFO: [ app_init ] --END-- [ RunTime:0.000072s ]
NOTIC: [8] Constant APP_ID already defined /home/www/htdocs/Application/WXAPI/Common/function.php 第 2 行.
NOTIC: [8] Constant APP_SECRET already defined /home/www/htdocs/Application/WXAPI/Common/function.php 第 3 行.
NOTIC: [8] Constant OPENID already defined /home/www/htdocs/Application/WXAPI/Common/function.php 第 4 行.
NOTIC: [8] Constant MCHID already defined /home/www/htdocs/Application/WXAPI/Common/function.php 第 5 行.
NOTIC: [8] Constant Key already defined /home/www/htdocs/Application/WXAPI/Common/function.php 第 6 行.
INFO: [ app_begin ] --START--
INFO: Run Behavior\ReadHtmlCacheBehavior [ RunTime:0.000090s ]
INFO: [ app_begin ] --END-- [ RunTime:0.000122s ]

[ 2018-06-25T16:28:12+08:00 ] 112.224.19.48 /index.php/WXAPI/Index/show
INFO: [ app_init ] --START--
INFO: Run Behavior\BuildLiteBehavior [ RunTime:0.000012s ]
INFO: [ app_init ] --END-- [ RunTime:0.000072s ]
NOTIC: [8] Constant APP_ID already defined /home/www/htdocs/Application/WXAPI/Common/function.php 第 2 行.
NOTIC: [8] Constant APP_SECRET already defined /home/www/htdocs/Application/WXAPI/Common/function.php 第 3 行.
NOTIC: [8] Constant OPENID already defined /home/www/htdocs/Application/WXAPI/Common/function.php 第 4 行.
NOTIC: [8] Constant MCHID already defined /home/www/htdocs/Application/WXAPI/Common/function.php 第 5 行.
NOTIC: [8] Constant Key already defined /home/www/htdocs/Application/WXAPI/Common/function.php 第 6 行.
INFO: [ app_begin ] --START--
INFO: Run Behavior\ReadHtmlCacheBehavior [ RunTime:0.000086s ]
INFO: [ app_begin ] --END-- [ RunTime:0.000120s ]
NOTIC: [2048] Declaration of WXAPI\Controller\IndexController::show() should be compatible with Think\Controller::show($content, $charset = '', $contentType = '', $prefix = '') /home/www/htdocs/Application/WXAPI/Controller/IndexController.class.php 第 7 行.

[ 2018-06-25T16:28:12+08:00 ] 112.224.19.48 /index.php/WXAPI/Index/getModule
INFO: [ app_init ] --START--
INFO: Run Behavior\BuildLiteBehavior [ RunTime:0.000008s ]
INFO: [ app_init ] --END-- [ RunTime:0.000049s ]
NOTIC: [8] Constant APP_ID already defined /home/www/htdocs/Application/WXAPI/Common/function.php 第 2 行.
NOTIC: [8] Constant APP_SECRET already defined /home/www/htdocs/Application/WXAPI/Common/function.php 第 3 行.
NOTIC: [8] Constant OPENID already defined /home/www/htdocs/Application/WXAPI/Common/function.php 第 4 行.
NOTIC: [8] Constant MCHID already defined /home/www/htdocs/Application/WXAPI/Common/function.php 第 5 行.
NOTIC: [8] Constant Key already defined /home/www/htdocs/Application/WXAPI/Common/function.php 第 6 行.
INFO: [ app_begin ] --START--
INFO: Run Behavior\ReadHtmlCacheBehavior [ RunTime:0.000074s ]
INFO: [ app_begin ] --END-- [ RunTime:0.000100s ]
NOTIC: [2048] Declaration of WXAPI\Controller\IndexController::show() should be compatible with Think\Controller::show($content, $charset = '', $contentType = '', $prefix = '') /home/www/htdocs/Application/WXAPI/Controller/IndexController.class.php 第 7 行.

[ 2018-06-25T16:28:16+08:00 ] 112.224.19.48 /index.php/WXAPI/Index/getGoodsList
INFO: [ app_init ] --START--
INFO: Run Behavior\BuildLiteBehavior [ RunTime:0.000010s ]
INFO: [ app_init ] --END-- [ RunTime:0.000067s ]
NOTIC: [8] Constant APP_ID already defined /home/www/htdocs/Application/WXAPI/Common/function.php 第 2 行.
NOTIC: [8] Constant APP_SECRET already defined /home/www/htdocs/Application/WXAPI/Common/function.php 第 3 行.
NOTIC: [8] Constant OPENID already defined /home/www/htdocs/Application/WXAPI/Common/function.php 第 4 行.
NOTIC: [8] Constant MCHID already defined /home/www/htdocs/Application/WXAPI/Common/function.php 第 5 行.
NOTIC: [8] Constant Key already defined /home/www/htdocs/Application/WXAPI/Common/function.php 第 6 行.
INFO: [ app_begin ] --START--
INFO: Run Behavior\ReadHtmlCacheBehavior [ RunTime:0.000093s ]
INFO: [ app_begin ] --END-- [ RunTime:0.000121s ]
NOTIC: [2048] Declaration of WXAPI\Controller\IndexController::show() should be compatible with Think\Controller::show($content, $charset = '', $contentType = '', $prefix = '') /home/www/htdocs/Application/WXAPI/Controller/IndexController.class.php 第 7 行.

[ 2018-06-25T16:28:18+08:00 ] 112.224.19.48 /index.php/WXAPI/Index/getGoodsList
INFO: [ app_init ] --START--
INFO: Run Behavior\BuildLiteBehavior [ RunTime:0.000010s ]
INFO: [ app_init ] --END-- [ RunTime:0.000074s ]
NOTIC: [8] Constant APP_ID already defined /home/www/htdocs/Application/WXAPI/Common/function.php 第 2 行.
NOTIC: [8] Constant APP_SECRET already defined /home/www/htdocs/Application/WXAPI/Common/function.php 第 3 行.
NOTIC: [8] Constant OPENID already defined /home/www/htdocs/Application/WXAPI/Common/function.php 第 4 行.
NOTIC: [8] Constant MCHID already defined /home/www/htdocs/Application/WXAPI/Common/function.php 第 5 行.
NOTIC: [8] Constant Key already defined /home/www/htdocs/Application/WXAPI/Common/function.php 第 6 行.
INFO: [ app_begin ] --START--
INFO: Run Behavior\ReadHtmlCacheBehavior [ RunTime:0.000076s ]
INFO: [ app_begin ] --END-- [ RunTime:0.000102s ]
NOTIC: [2048] Declaration of WXAPI\Controller\IndexController::show() should be compatible with Think\Controller::show($content, $charset = '', $contentType = '', $prefix = '') /home/www/htdocs/Application/WXAPI/Controller/IndexController.class.php 第 7 行.

[ 2018-06-25T16:28:20+08:00 ] 112.224.19.48 /index.php/WXAPI/Index/getGoodsList
INFO: [ app_init ] --START--
INFO: Run Behavior\BuildLiteBehavior [ RunTime:0.000018s ]
INFO: [ app_init ] --END-- [ RunTime:0.000070s ]
NOTIC: [8] Constant APP_ID already defined /home/www/htdocs/Application/WXAPI/Common/function.php 第 2 行.
NOTIC: [8] Constant APP_SECRET already defined /home/www/htdocs/Application/WXAPI/Common/function.php 第 3 行.
NOTIC: [8] Constant OPENID already defined /home/www/htdocs/Application/WXAPI/Common/function.php 第 4 行.
NOTIC: [8] Constant MCHID already defined /home/www/htdocs/Application/WXAPI/Common/function.php 第 5 行.
NOTIC: [8] Constant Key already defined /home/www/htdocs/Application/WXAPI/Common/function.php 第 6 行.
INFO: [ app_begin ] --START--
INFO: Run Behavior\ReadHtmlCacheBehavior [ RunTime:0.000074s ]
INFO: [ app_begin ] --END-- [ RunTime:0.000100s ]
NOTIC: [2048] Declaration of WXAPI\Controller\IndexController::show() should be compatible with Think\Controller::show($content, $charset = '', $contentType = '', $prefix = '') /home/www/htdocs/Application/WXAPI/Controller/IndexController.class.php 第 7 行.

[ 2018-06-25T16:28:22+08:00 ] 112.224.19.48 /index.php/WXAPI/Index/getGoodsList
INFO: [ app_init ] --START--
INFO: Run Behavior\BuildLiteBehavior [ RunTime:0.000010s ]
INFO: [ app_init ] --END-- [ RunTime:0.000067s ]
NOTIC: [8] Constant APP_ID already defined /home/www/htdocs/Application/WXAPI/Common/function.php 第 2 行.
NOTIC: [8] Constant APP_SECRET already defined /home/www/htdocs/Application/WXAPI/Common/function.php 第 3 行.
NOTIC: [8] Constant OPENID already defined /home/www/htdocs/Application/WXAPI/Common/function.php 第 4 行.
NOTIC: [8] Constant MCHID already defined /home/www/htdocs/Application/WXAPI/Common/function.php 第 5 行.
NOTIC: [8] Constant Key already defined /home/www/htdocs/Application/WXAPI/Common/function.php 第 6 行.
INFO: [ app_begin ] --START--
INFO: Run Behavior\ReadHtmlCacheBehavior [ RunTime:0.000076s ]
INFO: [ app_begin ] --END-- [ RunTime:0.000104s ]
NOTIC: [2048] Declaration of WXAPI\Controller\IndexController::show() should be compatible with Think\Controller::show($content, $charset = '', $contentType = '', $prefix = '') /home/www/htdocs/Application/WXAPI/Controller/IndexController.class.php 第 7 行.

[ 2018-06-25T16:28:24+08:00 ] 112.224.19.48 /index.php/WXAPI/Index/getGoodsList
INFO: [ app_init ] --START--
INFO: Run Behavior\BuildLiteBehavior [ RunTime:0.000011s ]
INFO: [ app_init ] --END-- [ RunTime:0.000063s ]
NOTIC: [8] Constant APP_ID already defined /home/www/htdocs/Application/WXAPI/Common/function.php 第 2 行.
NOTIC: [8] Constant APP_SECRET already defined /home/www/htdocs/Application/WXAPI/Common/function.php 第 3 行.
NOTIC: [8] Constant OPENID already defined /home/www/htdocs/Application/WXAPI/Common/function.php 第 4 行.
NOTIC: [8] Constant MCHID already defined /home/www/htdocs/Application/WXAPI/Common/function.php 第 5 行.
NOTIC: [8] Constant Key already defined /home/www/htdocs/Application/WXAPI/Common/function.php 第 6 行.
INFO: [ app_begin ] --START--
INFO: Run Behavior\ReadHtmlCacheBehavior [ RunTime:0.000088s ]
INFO: [ app_begin ] --END-- [ RunTime:0.000116s ]
NOTIC: [2048] Declaration of WXAPI\Controller\IndexController::show() should be compatible with Think\Controller::show($content, $charset = '', $contentType = '', $prefix = '') /home/www/htdocs/Application/WXAPI/Controller/IndexController.class.php 第 7 行.

