[ 2018-08-20T09:30:14+08:00 ] 111.201.230.192 //index.php/WXAPI/user/getCode?code=011NnDUf2e2kCA03jEUf2DJWUf2NnDUH&encryptedData=ArXbzFhOwh%2FMlH4wkyZTpvNmEIV4aBC5WPH9BLYBnx4x5DNJ6iBZGBho2Sg2nS3JfLYZPbttUFXjaGnZhcHs%2Bnejn%2FJkuCOK4RfnIKd%2BVTckcAEJuSbJ3xKkJy19FFs5YivxwrjRbc0JGELXu8cpoHGg2yYXWIejN3f%2FhJI9V1SXRh4hg1UIWMIz4uNEg8S92aow7tuKM5dVwQYMxUX4YG8LIc8sEnWSw9DIiR028MQnwtywSnqaydsvCHjOUVGFTDlvkbHS1gj7e7%2FwYtdGw7VSQ6xIhsFUhSnaJNKQpB4pSCizOvVaVJ%2FOGoZhYCwWmbK3ZG2jXPWTRX1QJNsGMZMcrkv1shAIyj1p9FM2SmaHpNiFno85L79Ys0c1Js1e2hbmhAaCwSx0pEr1jQBmwvG3SoPhBKbsgUX79wQxT8muBwpJ0oZ7WvFN9W6oxfLxFvwZ0gbb%2FtvyM7OQ3Q2OJQ%3D%3D&iv=qFtuhr92006hsvCh6nMHAA%3D%3D
INFO: [ app_init ] --START--
INFO: Run Behavior\BuildLiteBehavior [ RunTime:0.000013s ]
INFO: [ app_init ] --END-- [ RunTime:0.000115s ]
NOTIC: [8] Constant APP_ID already defined /home/www/htdocs/Application/WXAPI/Common/function.php 第 2 行.
NOTIC: [8] Constant APP_SECRET already defined /home/www/htdocs/Application/WXAPI/Common/function.php 第 3 行.
NOTIC: [8] Constant OPENID already defined /home/www/htdocs/Application/WXAPI/Common/function.php 第 4 行.
NOTIC: [8] Constant MCHID already defined /home/www/htdocs/Application/WXAPI/Common/function.php 第 5 行.
NOTIC: [8] Constant Key already defined /home/www/htdocs/Application/WXAPI/Common/function.php 第 6 行.
INFO: [ app_begin ] --START--
INFO: Run Behavior\ReadHtmlCacheBehavior [ RunTime:0.000117s ]
INFO: [ app_begin ] --END-- [ RunTime:0.000146s ]

[ 2018-08-20T09:30:14+08:00 ] 111.201.230.192 //index.php/WXAPI/user/addUser?openid=o6MfD5KnT-_WCyziqFXqUKjmmIRg&head_pic=https%3A%2F%2Fwx.qlogo.cn%2Fmmopen%2Fvi_32%2FQ0j4TwGTfTIXyDpriaAUQqT3Dcj4tIuyJnsHjh7kiaNMjHWt7TJ6ZjXLTKaWicfIry4b3E3ZZADzMxiaR8WeJE5oLA%2F132&nickname=panpan&first_leader=undefined&c_id=undefined
INFO: [ app_init ] --START--
INFO: Run Behavior\BuildLiteBehavior [ RunTime:0.000010s ]
INFO: [ app_init ] --END-- [ RunTime:0.000063s ]
NOTIC: [8] Constant APP_ID already defined /home/www/htdocs/Application/WXAPI/Common/function.php 第 2 行.
NOTIC: [8] Constant APP_SECRET already defined /home/www/htdocs/Application/WXAPI/Common/function.php 第 3 行.
NOTIC: [8] Constant OPENID already defined /home/www/htdocs/Application/WXAPI/Common/function.php 第 4 行.
NOTIC: [8] Constant MCHID already defined /home/www/htdocs/Application/WXAPI/Common/function.php 第 5 行.
NOTIC: [8] Constant Key already defined /home/www/htdocs/Application/WXAPI/Common/function.php 第 6 行.
INFO: [ app_begin ] --START--
INFO: Run Behavior\ReadHtmlCacheBehavior [ RunTime:0.000085s ]
INFO: [ app_begin ] --END-- [ RunTime:0.000113s ]

[ 2018-08-20T09:30:14+08:00 ] 111.201.230.192 /index.php/WXAPI/Index/getModule
INFO: [ app_init ] --START--
INFO: Run Behavior\BuildLiteBehavior [ RunTime:0.000012s ]
INFO: [ app_init ] --END-- [ RunTime:0.000097s ]
NOTIC: [8] Constant APP_ID already defined /home/www/htdocs/Application/WXAPI/Common/function.php 第 2 行.
NOTIC: [8] Constant APP_SECRET already defined /home/www/htdocs/Application/WXAPI/Common/function.php 第 3 行.
NOTIC: [8] Constant OPENID already defined /home/www/htdocs/Application/WXAPI/Common/function.php 第 4 行.
NOTIC: [8] Constant MCHID already defined /home/www/htdocs/Application/WXAPI/Common/function.php 第 5 行.
NOTIC: [8] Constant Key already defined /home/www/htdocs/Application/WXAPI/Common/function.php 第 6 行.
INFO: [ app_begin ] --START--
INFO: Run Behavior\ReadHtmlCacheBehavior [ RunTime:0.000110s ]
INFO: [ app_begin ] --END-- [ RunTime:0.000138s ]
NOTIC: [2048] Declaration of WXAPI\Controller\IndexController::show() should be compatible with Think\Controller::show($content, $charset = '', $contentType = '', $prefix = '') /home/www/htdocs/Application/WXAPI/Controller/IndexController.class.php 第 7 行.

[ 2018-08-20T09:30:14+08:00 ] 111.201.230.192 /index.php/WXAPI/Index/show
INFO: [ app_init ] --START--
INFO: Run Behavior\BuildLiteBehavior [ RunTime:0.000007s ]
INFO: [ app_init ] --END-- [ RunTime:0.000051s ]
NOTIC: [8] Constant APP_ID already defined /home/www/htdocs/Application/WXAPI/Common/function.php 第 2 行.
NOTIC: [8] Constant APP_SECRET already defined /home/www/htdocs/Application/WXAPI/Common/function.php 第 3 行.
NOTIC: [8] Constant OPENID already defined /home/www/htdocs/Application/WXAPI/Common/function.php 第 4 行.
NOTIC: [8] Constant MCHID already defined /home/www/htdocs/Application/WXAPI/Common/function.php 第 5 行.
NOTIC: [8] Constant Key already defined /home/www/htdocs/Application/WXAPI/Common/function.php 第 6 行.
INFO: [ app_begin ] --START--
INFO: Run Behavior\ReadHtmlCacheBehavior [ RunTime:0.000082s ]
INFO: [ app_begin ] --END-- [ RunTime:0.000111s ]
NOTIC: [2048] Declaration of WXAPI\Controller\IndexController::show() should be compatible with Think\Controller::show($content, $charset = '', $contentType = '', $prefix = '') /home/www/htdocs/Application/WXAPI/Controller/IndexController.class.php 第 7 行.

[ 2018-08-20T09:30:42+08:00 ] 111.201.230.192 /WXAPI/user/getModel?cart1=undefined
INFO: [ app_init ] --START--
INFO: Run Behavior\BuildLiteBehavior [ RunTime:0.000010s ]
INFO: [ app_init ] --END-- [ RunTime:0.000065s ]
NOTIC: [8] Constant APP_ID already defined /home/www/htdocs/Application/WXAPI/Common/function.php 第 2 行.
NOTIC: [8] Constant APP_SECRET already defined /home/www/htdocs/Application/WXAPI/Common/function.php 第 3 行.
NOTIC: [8] Constant OPENID already defined /home/www/htdocs/Application/WXAPI/Common/function.php 第 4 行.
NOTIC: [8] Constant MCHID already defined /home/www/htdocs/Application/WXAPI/Common/function.php 第 5 行.
NOTIC: [8] Constant Key already defined /home/www/htdocs/Application/WXAPI/Common/function.php 第 6 行.
INFO: [ app_begin ] --START--
INFO: Run Behavior\ReadHtmlCacheBehavior [ RunTime:0.000098s ]
INFO: [ app_begin ] --END-- [ RunTime:0.000129s ]

[ 2018-08-20T09:30:45+08:00 ] 111.201.230.192 /index.php/WXAPI/Index/getClass
INFO: [ app_init ] --START--
INFO: Run Behavior\BuildLiteBehavior [ RunTime:0.000010s ]
INFO: [ app_init ] --END-- [ RunTime:0.000062s ]
NOTIC: [8] Constant APP_ID already defined /home/www/htdocs/Application/WXAPI/Common/function.php 第 2 行.
NOTIC: [8] Constant APP_SECRET already defined /home/www/htdocs/Application/WXAPI/Common/function.php 第 3 行.
NOTIC: [8] Constant OPENID already defined /home/www/htdocs/Application/WXAPI/Common/function.php 第 4 行.
NOTIC: [8] Constant MCHID already defined /home/www/htdocs/Application/WXAPI/Common/function.php 第 5 行.
NOTIC: [8] Constant Key already defined /home/www/htdocs/Application/WXAPI/Common/function.php 第 6 行.
INFO: [ app_begin ] --START--
INFO: Run Behavior\ReadHtmlCacheBehavior [ RunTime:0.000093s ]
INFO: [ app_begin ] --END-- [ RunTime:0.000120s ]
NOTIC: [2048] Declaration of WXAPI\Controller\IndexController::show() should be compatible with Think\Controller::show($content, $charset = '', $contentType = '', $prefix = '') /home/www/htdocs/Application/WXAPI/Controller/IndexController.class.php 第 7 行.

[ 2018-08-20T09:30:45+08:00 ] 111.201.230.192 /index.php/WXAPI/Index/getClassify
INFO: [ app_init ] --START--
INFO: Run Behavior\BuildLiteBehavior [ RunTime:0.000010s ]
INFO: [ app_init ] --END-- [ RunTime:0.000066s ]
NOTIC: [8] Constant APP_ID already defined /home/www/htdocs/Application/WXAPI/Common/function.php 第 2 行.
NOTIC: [8] Constant APP_SECRET already defined /home/www/htdocs/Application/WXAPI/Common/function.php 第 3 行.
NOTIC: [8] Constant OPENID already defined /home/www/htdocs/Application/WXAPI/Common/function.php 第 4 行.
NOTIC: [8] Constant MCHID already defined /home/www/htdocs/Application/WXAPI/Common/function.php 第 5 行.
NOTIC: [8] Constant Key already defined /home/www/htdocs/Application/WXAPI/Common/function.php 第 6 行.
INFO: [ app_begin ] --START--
INFO: Run Behavior\ReadHtmlCacheBehavior [ RunTime:0.000082s ]
INFO: [ app_begin ] --END-- [ RunTime:0.000109s ]
NOTIC: [2048] Declaration of WXAPI\Controller\IndexController::show() should be compatible with Think\Controller::show($content, $charset = '', $contentType = '', $prefix = '') /home/www/htdocs/Application/WXAPI/Controller/IndexController.class.php 第 7 行.

[ 2018-08-20T09:30:52+08:00 ] 111.201.230.192 /index.php/WXAPI/cart/cartList?user=10
INFO: [ app_init ] --START--
INFO: Run Behavior\BuildLiteBehavior [ RunTime:0.000010s ]
INFO: [ app_init ] --END-- [ RunTime:0.000061s ]
NOTIC: [8] Constant APP_ID already defined /home/www/htdocs/Application/WXAPI/Common/function.php 第 2 行.
NOTIC: [8] Constant APP_SECRET already defined /home/www/htdocs/Application/WXAPI/Common/function.php 第 3 行.
NOTIC: [8] Constant OPENID already defined /home/www/htdocs/Application/WXAPI/Common/function.php 第 4 行.
NOTIC: [8] Constant MCHID already defined /home/www/htdocs/Application/WXAPI/Common/function.php 第 5 行.
NOTIC: [8] Constant Key already defined /home/www/htdocs/Application/WXAPI/Common/function.php 第 6 行.
INFO: [ app_begin ] --START--
INFO: Run Behavior\ReadHtmlCacheBehavior [ RunTime:0.000083s ]
INFO: [ app_begin ] --END-- [ RunTime:0.000109s ]
NOTIC: [2048] Declaration of WXAPI\Controller\CartController::getSign() should be compatible with WXAPI\Controller\BaseController::getSign() /home/www/htdocs/Application/WXAPI/Controller/CartController.class.php 第 12 行.

[ 2018-08-20T12:52:32+08:00 ] 61.148.243.82 //index.php/WXAPI/user/getCode?code=011tmtW92An1OQ08VRX92TOSW92tmtWi&encryptedData=HBmt%2BXb7%2BVKLy3ig%2FGLl1oAQr6wUzSNFwZwUSWMaQ4izrnf0M2eSrjw8QR0PdM2HUUtYTkKZ0DPpj8xi77DeLPoHmpkCdYLuXmFuGmYPdOvY2GIWKA%2BXKVF%2FUrisgel64bH1u1lryDCgQezC%2BSPD%2FCcwIvCGl3FMqFkZoS0544ORV1IGqkKaeWsj5QQu2MWAH9Xw3AHWG5tZICeJaKdWIm31tSkaM4MKcnUK3HzOnK0zA%2FpDToQMFcZDbQybCMocklGeyPkxgYQ3bsudGha768Sx48XhQ%2Fay6YSot1CiBsFDhO9n3sQ%2BeJ8NBAS5FMtrAbKzqam9CblXHc9Rf4NDexkbzGm97NTqbn2%2FstQAUUIIivud3APdjT%2FBgze3iUKOd8%2BMfXVX13ljH%2FsHweAZtxHtbpWddCqWskIcDdWYQrD8ke9RjPjOwnlHbtzJseIUoanf1j7uao8UOgI0qaQBZQ%3D%3D&iv=azK0EySKfeTmtcH2rbP6WA%3D%3D
INFO: [ app_init ] --START--
INFO: Run Behavior\BuildLiteBehavior [ RunTime:0.000010s ]
INFO: [ app_init ] --END-- [ RunTime:0.000075s ]
NOTIC: [8] Constant APP_ID already defined /home/www/htdocs/Application/WXAPI/Common/function.php 第 2 行.
NOTIC: [8] Constant APP_SECRET already defined /home/www/htdocs/Application/WXAPI/Common/function.php 第 3 行.
NOTIC: [8] Constant OPENID already defined /home/www/htdocs/Application/WXAPI/Common/function.php 第 4 行.
NOTIC: [8] Constant MCHID already defined /home/www/htdocs/Application/WXAPI/Common/function.php 第 5 行.
NOTIC: [8] Constant Key already defined /home/www/htdocs/Application/WXAPI/Common/function.php 第 6 行.
INFO: [ app_begin ] --START--
INFO: Run Behavior\ReadHtmlCacheBehavior [ RunTime:0.000092s ]
INFO: [ app_begin ] --END-- [ RunTime:0.000119s ]

[ 2018-08-20T12:52:32+08:00 ] 61.148.243.82 //index.php/WXAPI/user/addUser?openid=o6MfD5KnT-_WCyziqFXqUKjmmIRg&head_pic=https%3A%2F%2Fwx.qlogo.cn%2Fmmopen%2Fvi_32%2FQ0j4TwGTfTIXyDpriaAUQqT3Dcj4tIuyJnsHjh7kiaNMjHWt7TJ6ZjXLTKaWicfIry4b3E3ZZADzMxiaR8WeJE5oLA%2F132&nickname=panpan&first_leader=undefined&c_id=undefined
INFO: [ app_init ] --START--
INFO: Run Behavior\BuildLiteBehavior [ RunTime:0.000010s ]
INFO: [ app_init ] --END-- [ RunTime:0.000062s ]
NOTIC: [8] Constant APP_ID already defined /home/www/htdocs/Application/WXAPI/Common/function.php 第 2 行.
NOTIC: [8] Constant APP_SECRET already defined /home/www/htdocs/Application/WXAPI/Common/function.php 第 3 行.
NOTIC: [8] Constant OPENID already defined /home/www/htdocs/Application/WXAPI/Common/function.php 第 4 行.
NOTIC: [8] Constant MCHID already defined /home/www/htdocs/Application/WXAPI/Common/function.php 第 5 行.
NOTIC: [8] Constant Key already defined /home/www/htdocs/Application/WXAPI/Common/function.php 第 6 行.
INFO: [ app_begin ] --START--
INFO: Run Behavior\ReadHtmlCacheBehavior [ RunTime:0.000084s ]
INFO: [ app_begin ] --END-- [ RunTime:0.000111s ]

[ 2018-08-20T12:52:33+08:00 ] 61.148.243.82 /index.php/WXAPI/Index/show
INFO: [ app_init ] --START--
INFO: Run Behavior\BuildLiteBehavior [ RunTime:0.000009s ]
INFO: [ app_init ] --END-- [ RunTime:0.000060s ]
NOTIC: [8] Constant APP_ID already defined /home/www/htdocs/Application/WXAPI/Common/function.php 第 2 行.
NOTIC: [8] Constant APP_SECRET already defined /home/www/htdocs/Application/WXAPI/Common/function.php 第 3 行.
NOTIC: [8] Constant OPENID already defined /home/www/htdocs/Application/WXAPI/Common/function.php 第 4 行.
NOTIC: [8] Constant MCHID already defined /home/www/htdocs/Application/WXAPI/Common/function.php 第 5 行.
NOTIC: [8] Constant Key already defined /home/www/htdocs/Application/WXAPI/Common/function.php 第 6 行.
INFO: [ app_begin ] --START--
INFO: Run Behavior\ReadHtmlCacheBehavior [ RunTime:0.000080s ]
INFO: [ app_begin ] --END-- [ RunTime:0.000106s ]
NOTIC: [2048] Declaration of WXAPI\Controller\IndexController::show() should be compatible with Think\Controller::show($content, $charset = '', $contentType = '', $prefix = '') /home/www/htdocs/Application/WXAPI/Controller/IndexController.class.php 第 7 行.

[ 2018-08-20T12:52:33+08:00 ] 61.148.243.82 /index.php/WXAPI/Index/getModule
INFO: [ app_init ] --START--
INFO: Run Behavior\BuildLiteBehavior [ RunTime:0.000007s ]
INFO: [ app_init ] --END-- [ RunTime:0.000045s ]
NOTIC: [8] Constant APP_ID already defined /home/www/htdocs/Application/WXAPI/Common/function.php 第 2 行.
NOTIC: [8] Constant APP_SECRET already defined /home/www/htdocs/Application/WXAPI/Common/function.php 第 3 行.
NOTIC: [8] Constant OPENID already defined /home/www/htdocs/Application/WXAPI/Common/function.php 第 4 行.
NOTIC: [8] Constant MCHID already defined /home/www/htdocs/Application/WXAPI/Common/function.php 第 5 行.
NOTIC: [8] Constant Key already defined /home/www/htdocs/Application/WXAPI/Common/function.php 第 6 行.
INFO: [ app_begin ] --START--
INFO: Run Behavior\ReadHtmlCacheBehavior [ RunTime:0.000076s ]
INFO: [ app_begin ] --END-- [ RunTime:0.000098s ]
NOTIC: [2048] Declaration of WXAPI\Controller\IndexController::show() should be compatible with Think\Controller::show($content, $charset = '', $contentType = '', $prefix = '') /home/www/htdocs/Application/WXAPI/Controller/IndexController.class.php 第 7 行.

[ 2018-08-20T12:52:55+08:00 ] 61.148.243.82 /WXAPI/user/getModel?cart1=12
INFO: [ app_init ] --START--
INFO: Run Behavior\BuildLiteBehavior [ RunTime:0.000010s ]
INFO: [ app_init ] --END-- [ RunTime:0.000063s ]
NOTIC: [8] Constant APP_ID already defined /home/www/htdocs/Application/WXAPI/Common/function.php 第 2 行.
NOTIC: [8] Constant APP_SECRET already defined /home/www/htdocs/Application/WXAPI/Common/function.php 第 3 行.
NOTIC: [8] Constant OPENID already defined /home/www/htdocs/Application/WXAPI/Common/function.php 第 4 行.
NOTIC: [8] Constant MCHID already defined /home/www/htdocs/Application/WXAPI/Common/function.php 第 5 行.
NOTIC: [8] Constant Key already defined /home/www/htdocs/Application/WXAPI/Common/function.php 第 6 行.
INFO: [ app_begin ] --START--
INFO: Run Behavior\ReadHtmlCacheBehavior [ RunTime:0.000092s ]
INFO: [ app_begin ] --END-- [ RunTime:0.000118s ]

[ 2018-08-20T12:52:59+08:00 ] 61.148.243.82 /WXAPI/user/getModel?cart1=11
INFO: [ app_init ] --START--
INFO: Run Behavior\BuildLiteBehavior [ RunTime:0.000009s ]
INFO: [ app_init ] --END-- [ RunTime:0.000062s ]
NOTIC: [8] Constant APP_ID already defined /home/www/htdocs/Application/WXAPI/Common/function.php 第 2 行.
NOTIC: [8] Constant APP_SECRET already defined /home/www/htdocs/Application/WXAPI/Common/function.php 第 3 行.
NOTIC: [8] Constant OPENID already defined /home/www/htdocs/Application/WXAPI/Common/function.php 第 4 行.
NOTIC: [8] Constant MCHID already defined /home/www/htdocs/Application/WXAPI/Common/function.php 第 5 行.
NOTIC: [8] Constant Key already defined /home/www/htdocs/Application/WXAPI/Common/function.php 第 6 行.
INFO: [ app_begin ] --START--
INFO: Run Behavior\ReadHtmlCacheBehavior [ RunTime:0.000081s ]
INFO: [ app_begin ] --END-- [ RunTime:0.000108s ]

[ 2018-08-20T12:53:02+08:00 ] 61.148.243.82 /WXAPI/user/getModel?cart1=2
INFO: [ app_init ] --START--
INFO: Run Behavior\BuildLiteBehavior [ RunTime:0.000009s ]
INFO: [ app_init ] --END-- [ RunTime:0.000060s ]
NOTIC: [8] Constant APP_ID already defined /home/www/htdocs/Application/WXAPI/Common/function.php 第 2 行.
NOTIC: [8] Constant APP_SECRET already defined /home/www/htdocs/Application/WXAPI/Common/function.php 第 3 行.
NOTIC: [8] Constant OPENID already defined /home/www/htdocs/Application/WXAPI/Common/function.php 第 4 行.
NOTIC: [8] Constant MCHID already defined /home/www/htdocs/Application/WXAPI/Common/function.php 第 5 行.
NOTIC: [8] Constant Key already defined /home/www/htdocs/Application/WXAPI/Common/function.php 第 6 行.
INFO: [ app_begin ] --START--
INFO: Run Behavior\ReadHtmlCacheBehavior [ RunTime:0.000080s ]
INFO: [ app_begin ] --END-- [ RunTime:0.000102s ]

[ 2018-08-20T16:34:36+08:00 ] 124.64.17.13 //index.php/WXAPI/user/getCode?code=0215ECp11zrKlZ1ZyCp11A0Fp115ECpO&encryptedData=racDVT%2BfD58lRNJLRYmMPIoK20Ehfk72Zg7tIWmtUOzZ2VuH8uSpEa6tZbRlFL75YrJ2giJBRIODAR0vACLtjiYXLGox9YqKBKs5HQz9nywxCI7coiqOrSaETYVM4NGbCPDgdlNVi%2FY37%2FlpqWtsKJDec7l9wZZnFKHAiD1ie3HmNWf9kk2MSioGrPPpbNQYaKO%2B6%2BsguXTuIlU8mAAL0hIeAXYaJj2Pq8asvNSGdi4qKaViY%2BrlihLmy%2BsoIMltU66BJ1LLtfZFO0dv61g92BWLszkn1BvlS9CydubkLCSG50oitijBZ9%2F9slOlO%2BHfVUpiVHbXcxr1r0NGqwMmArFtU8TuLzCB0f5zsHoJVZDmnfNFnVq%2BUUdVqW3qnhWOItQDz4TM3f%2F3zMrQMtqS73Tm%2FzeWQH%2BquuDUNKWfYnR7lquPjIXHH7F0kglyxYxndXqraCj%2F74ATuIc9tIUb6g%3D%3D&iv=1prsEKp5gAlzERYbcJ9Edg%3D%3D
INFO: [ app_init ] --START--
INFO: Run Behavior\BuildLiteBehavior [ RunTime:0.000011s ]
INFO: [ app_init ] --END-- [ RunTime:0.000076s ]
NOTIC: [8] Constant APP_ID already defined /home/www/htdocs/Application/WXAPI/Common/function.php 第 2 行.
NOTIC: [8] Constant APP_SECRET already defined /home/www/htdocs/Application/WXAPI/Common/function.php 第 3 行.
NOTIC: [8] Constant OPENID already defined /home/www/htdocs/Application/WXAPI/Common/function.php 第 4 行.
NOTIC: [8] Constant MCHID already defined /home/www/htdocs/Application/WXAPI/Common/function.php 第 5 行.
NOTIC: [8] Constant Key already defined /home/www/htdocs/Application/WXAPI/Common/function.php 第 6 行.
INFO: [ app_begin ] --START--
INFO: Run Behavior\ReadHtmlCacheBehavior [ RunTime:0.000093s ]
INFO: [ app_begin ] --END-- [ RunTime:0.000120s ]

[ 2018-08-20T16:34:39+08:00 ] 124.64.17.13 //index.php/WXAPI/user/addUser?openid=o6MfD5KnT-_WCyziqFXqUKjmmIRg&head_pic=https%3A%2F%2Fwx.qlogo.cn%2Fmmopen%2Fvi_32%2FQ0j4TwGTfTIXyDpriaAUQqT3Dcj4tIuyJnsHjh7kiaNMjHWt7TJ6ZjXLTKaWicfIry4b3E3ZZADzMxiaR8WeJE5oLA%2F132&nickname=panpan&first_leader=undefined&c_id=undefined
INFO: [ app_init ] --START--
INFO: Run Behavior\BuildLiteBehavior [ RunTime:0.000010s ]
INFO: [ app_init ] --END-- [ RunTime:0.000063s ]
NOTIC: [8] Constant APP_ID already defined /home/www/htdocs/Application/WXAPI/Common/function.php 第 2 行.
NOTIC: [8] Constant APP_SECRET already defined /home/www/htdocs/Application/WXAPI/Common/function.php 第 3 行.
NOTIC: [8] Constant OPENID already defined /home/www/htdocs/Application/WXAPI/Common/function.php 第 4 行.
NOTIC: [8] Constant MCHID already defined /home/www/htdocs/Application/WXAPI/Common/function.php 第 5 行.
NOTIC: [8] Constant Key already defined /home/www/htdocs/Application/WXAPI/Common/function.php 第 6 行.
INFO: [ app_begin ] --START--
INFO: Run Behavior\ReadHtmlCacheBehavior [ RunTime:0.000084s ]
INFO: [ app_begin ] --END-- [ RunTime:0.000110s ]

[ 2018-08-20T16:34:41+08:00 ] 124.64.17.13 /index.php/WXAPI/Index/show
INFO: [ app_init ] --START--
INFO: Run Behavior\BuildLiteBehavior [ RunTime:0.000010s ]
INFO: [ app_init ] --END-- [ RunTime:0.000069s ]
NOTIC: [8] Constant APP_ID already defined /home/www/htdocs/Application/WXAPI/Common/function.php 第 2 行.
NOTIC: [8] Constant APP_SECRET already defined /home/www/htdocs/Application/WXAPI/Common/function.php 第 3 行.
NOTIC: [8] Constant OPENID already defined /home/www/htdocs/Application/WXAPI/Common/function.php 第 4 行.
NOTIC: [8] Constant MCHID already defined /home/www/htdocs/Application/WXAPI/Common/function.php 第 5 行.
NOTIC: [8] Constant Key already defined /home/www/htdocs/Application/WXAPI/Common/function.php 第 6 行.
INFO: [ app_begin ] --START--
INFO: Run Behavior\ReadHtmlCacheBehavior [ RunTime:0.000084s ]
INFO: [ app_begin ] --END-- [ RunTime:0.000110s ]
NOTIC: [2048] Declaration of WXAPI\Controller\IndexController::show() should be compatible with Think\Controller::show($content, $charset = '', $contentType = '', $prefix = '') /home/www/htdocs/Application/WXAPI/Controller/IndexController.class.php 第 7 行.

[ 2018-08-20T16:34:41+08:00 ] 124.64.17.13 /index.php/WXAPI/Index/getModule
INFO: [ app_init ] --START--
INFO: Run Behavior\BuildLiteBehavior [ RunTime:0.000009s ]
INFO: [ app_init ] --END-- [ RunTime:0.000061s ]
NOTIC: [8] Constant APP_ID already defined /home/www/htdocs/Application/WXAPI/Common/function.php 第 2 行.
NOTIC: [8] Constant APP_SECRET already defined /home/www/htdocs/Application/WXAPI/Common/function.php 第 3 行.
NOTIC: [8] Constant OPENID already defined /home/www/htdocs/Application/WXAPI/Common/function.php 第 4 行.
NOTIC: [8] Constant MCHID already defined /home/www/htdocs/Application/WXAPI/Common/function.php 第 5 行.
NOTIC: [8] Constant Key already defined /home/www/htdocs/Application/WXAPI/Common/function.php 第 6 行.
INFO: [ app_begin ] --START--
INFO: Run Behavior\ReadHtmlCacheBehavior [ RunTime:0.000084s ]
INFO: [ app_begin ] --END-- [ RunTime:0.000111s ]
NOTIC: [2048] Declaration of WXAPI\Controller\IndexController::show() should be compatible with Think\Controller::show($content, $charset = '', $contentType = '', $prefix = '') /home/www/htdocs/Application/WXAPI/Controller/IndexController.class.php 第 7 行.

