[ 2018-07-29T14:21:26+08:00 ] 111.201.206.25 //index.php/WXAPI/user/getCode?code=021HjYlt0PFsxd1d1dlt0O6Tlt0HjYl3&encryptedData=hCHqs9FpJzEsh02l7JQxVovsOSqI%2BEZN2CLFgbPZPE1ZN%2BOwNoIDghGMMi77HKRcOtybXBD4xJUndofYZx5I6o6ASs%2Bri5K0nbPL3u5aYCKWDROiyZqNPsN9tUzgdcUM6IQGRvdOJ9AIq4DslztEE2KwZtFSxmkH1J5kZwHHHKHtFaPJggeQ77Fxglha%2FNUxGIR0LWab%2Bqb%2FnbqLQtpmds55qTALttfnb%2BdiyVut7oqNdhrM2VeEDfbeXEPhefN8oJot0A6k%2BAup8dEhVWKHWzpTh0Ang9Tww%2Bn%2FaxXkhFUQY7z%2F%2BZLP7%2B7itvrQ3jbDOK1E0hTvieEcHp6pNxkTYBJ3z2OcP4mRJZ3CSJZXZ79aqCnNbWefik4akV2L3N7AYwtjvkwurFZvryJGjjQ%2FWnQZTzvreiYremQletsVniXIhOVvMcNZB09SlvgHL%2Bhw4Yu%2BDPzG1lcA8J2ck4nNfr1s2AftLr6UYHVDFrUDNQQ%3D&iv=VB6zy5uCCgFrELzayJg3Ag%3D%3D
INFO: [ app_init ] --START--
INFO: Run Behavior\BuildLiteBehavior [ RunTime:0.000010s ]
INFO: [ app_init ] --END-- [ RunTime:0.000076s ]
NOTIC: [8] Constant APP_ID already defined /home/www/htdocs/Application/WXAPI/Common/function.php 第 2 行.
NOTIC: [8] Constant APP_SECRET already defined /home/www/htdocs/Application/WXAPI/Common/function.php 第 3 行.
NOTIC: [8] Constant OPENID already defined /home/www/htdocs/Application/WXAPI/Common/function.php 第 4 行.
NOTIC: [8] Constant MCHID already defined /home/www/htdocs/Application/WXAPI/Common/function.php 第 5 行.
NOTIC: [8] Constant Key already defined /home/www/htdocs/Application/WXAPI/Common/function.php 第 6 行.
INFO: [ app_begin ] --START--
INFO: Run Behavior\ReadHtmlCacheBehavior [ RunTime:0.000117s ]
INFO: [ app_begin ] --END-- [ RunTime:0.000146s ]

[ 2018-07-29T14:21:26+08:00 ] 111.201.206.25 //index.php/WXAPI/user/addUser?openid=o6MfD5O-om4LrhjMVxlTq7Ehx8-U&head_pic=https%3A%2F%2Fwx.qlogo.cn%2Fmmopen%2Fvi_32%2FQ0j4TwGTfTIK5TvjicrqLs5Y1ExVxwu6cmo3SSUU1aux69XiajIiaepjbFicM8rswzmCTvaA0icwNSfmr8yITtyK0wQ%2F132&nickname=D%EF%BF%A3%20%EF%BF%A3)%CF%83&first_leader=undefined&c_id=undefined
INFO: [ app_init ] --START--
INFO: Run Behavior\BuildLiteBehavior [ RunTime:0.000009s ]
INFO: [ app_init ] --END-- [ RunTime:0.000061s ]
NOTIC: [8] Constant APP_ID already defined /home/www/htdocs/Application/WXAPI/Common/function.php 第 2 行.
NOTIC: [8] Constant APP_SECRET already defined /home/www/htdocs/Application/WXAPI/Common/function.php 第 3 行.
NOTIC: [8] Constant OPENID already defined /home/www/htdocs/Application/WXAPI/Common/function.php 第 4 行.
NOTIC: [8] Constant MCHID already defined /home/www/htdocs/Application/WXAPI/Common/function.php 第 5 行.
NOTIC: [8] Constant Key already defined /home/www/htdocs/Application/WXAPI/Common/function.php 第 6 行.
INFO: [ app_begin ] --START--
INFO: Run Behavior\ReadHtmlCacheBehavior [ RunTime:0.000086s ]
INFO: [ app_begin ] --END-- [ RunTime:0.000112s ]

[ 2018-07-29T14:21:27+08:00 ] 111.201.206.25 /index.php/WXAPI/Index/show
INFO: [ app_init ] --START--
INFO: Run Behavior\BuildLiteBehavior [ RunTime:0.000011s ]
INFO: [ app_init ] --END-- [ RunTime:0.000073s ]
NOTIC: [8] Constant APP_ID already defined /home/www/htdocs/Application/WXAPI/Common/function.php 第 2 行.
NOTIC: [8] Constant APP_SECRET already defined /home/www/htdocs/Application/WXAPI/Common/function.php 第 3 行.
NOTIC: [8] Constant OPENID already defined /home/www/htdocs/Application/WXAPI/Common/function.php 第 4 行.
NOTIC: [8] Constant MCHID already defined /home/www/htdocs/Application/WXAPI/Common/function.php 第 5 行.
NOTIC: [8] Constant Key already defined /home/www/htdocs/Application/WXAPI/Common/function.php 第 6 行.
INFO: [ app_begin ] --START--
INFO: Run Behavior\ReadHtmlCacheBehavior [ RunTime:0.000101s ]
INFO: [ app_begin ] --END-- [ RunTime:0.000131s ]
NOTIC: [2048] Declaration of WXAPI\Controller\IndexController::show() should be compatible with Think\Controller::show($content, $charset = '', $contentType = '', $prefix = '') /home/www/htdocs/Application/WXAPI/Controller/IndexController.class.php 第 7 行.

[ 2018-07-29T14:21:27+08:00 ] 111.201.206.25 /index.php/WXAPI/Index/getModule
INFO: [ app_init ] --START--
INFO: Run Behavior\BuildLiteBehavior [ RunTime:0.000009s ]
INFO: [ app_init ] --END-- [ RunTime:0.000061s ]
NOTIC: [8] Constant APP_ID already defined /home/www/htdocs/Application/WXAPI/Common/function.php 第 2 行.
NOTIC: [8] Constant APP_SECRET already defined /home/www/htdocs/Application/WXAPI/Common/function.php 第 3 行.
NOTIC: [8] Constant OPENID already defined /home/www/htdocs/Application/WXAPI/Common/function.php 第 4 行.
NOTIC: [8] Constant MCHID already defined /home/www/htdocs/Application/WXAPI/Common/function.php 第 5 行.
NOTIC: [8] Constant Key already defined /home/www/htdocs/Application/WXAPI/Common/function.php 第 6 行.
INFO: [ app_begin ] --START--
INFO: Run Behavior\ReadHtmlCacheBehavior [ RunTime:0.000089s ]
INFO: [ app_begin ] --END-- [ RunTime:0.000116s ]
NOTIC: [2048] Declaration of WXAPI\Controller\IndexController::show() should be compatible with Think\Controller::show($content, $charset = '', $contentType = '', $prefix = '') /home/www/htdocs/Application/WXAPI/Controller/IndexController.class.php 第 7 行.

[ 2018-07-29T14:21:41+08:00 ] 111.201.206.25 /index.php/WXAPI/Index/show
INFO: [ app_init ] --START--
INFO: Run Behavior\BuildLiteBehavior [ RunTime:0.000010s ]
INFO: [ app_init ] --END-- [ RunTime:0.000073s ]
NOTIC: [8] Constant APP_ID already defined /home/www/htdocs/Application/WXAPI/Common/function.php 第 2 行.
NOTIC: [8] Constant APP_SECRET already defined /home/www/htdocs/Application/WXAPI/Common/function.php 第 3 行.
NOTIC: [8] Constant OPENID already defined /home/www/htdocs/Application/WXAPI/Common/function.php 第 4 行.
NOTIC: [8] Constant MCHID already defined /home/www/htdocs/Application/WXAPI/Common/function.php 第 5 行.
NOTIC: [8] Constant Key already defined /home/www/htdocs/Application/WXAPI/Common/function.php 第 6 行.
INFO: [ app_begin ] --START--
INFO: Run Behavior\ReadHtmlCacheBehavior [ RunTime:0.000104s ]
INFO: [ app_begin ] --END-- [ RunTime:0.000132s ]
NOTIC: [2048] Declaration of WXAPI\Controller\IndexController::show() should be compatible with Think\Controller::show($content, $charset = '', $contentType = '', $prefix = '') /home/www/htdocs/Application/WXAPI/Controller/IndexController.class.php 第 7 行.

[ 2018-07-29T14:21:41+08:00 ] 111.201.206.25 /index.php/WXAPI/Index/getModule
INFO: [ app_init ] --START--
INFO: Run Behavior\BuildLiteBehavior [ RunTime:0.000009s ]
INFO: [ app_init ] --END-- [ RunTime:0.000057s ]
NOTIC: [8] Constant APP_ID already defined /home/www/htdocs/Application/WXAPI/Common/function.php 第 2 行.
NOTIC: [8] Constant APP_SECRET already defined /home/www/htdocs/Application/WXAPI/Common/function.php 第 3 行.
NOTIC: [8] Constant OPENID already defined /home/www/htdocs/Application/WXAPI/Common/function.php 第 4 行.
NOTIC: [8] Constant MCHID already defined /home/www/htdocs/Application/WXAPI/Common/function.php 第 5 行.
NOTIC: [8] Constant Key already defined /home/www/htdocs/Application/WXAPI/Common/function.php 第 6 行.
INFO: [ app_begin ] --START--
INFO: Run Behavior\ReadHtmlCacheBehavior [ RunTime:0.000087s ]
INFO: [ app_begin ] --END-- [ RunTime:0.000113s ]
NOTIC: [2048] Declaration of WXAPI\Controller\IndexController::show() should be compatible with Think\Controller::show($content, $charset = '', $contentType = '', $prefix = '') /home/www/htdocs/Application/WXAPI/Controller/IndexController.class.php 第 7 行.

[ 2018-07-29T14:21:42+08:00 ] 111.201.206.25 /index.php/WXAPI/Index/show
INFO: [ app_init ] --START--
INFO: Run Behavior\BuildLiteBehavior [ RunTime:0.000011s ]
INFO: [ app_init ] --END-- [ RunTime:0.000064s ]
NOTIC: [8] Constant APP_ID already defined /home/www/htdocs/Application/WXAPI/Common/function.php 第 2 行.
NOTIC: [8] Constant APP_SECRET already defined /home/www/htdocs/Application/WXAPI/Common/function.php 第 3 行.
NOTIC: [8] Constant OPENID already defined /home/www/htdocs/Application/WXAPI/Common/function.php 第 4 行.
NOTIC: [8] Constant MCHID already defined /home/www/htdocs/Application/WXAPI/Common/function.php 第 5 行.
NOTIC: [8] Constant Key already defined /home/www/htdocs/Application/WXAPI/Common/function.php 第 6 行.
INFO: [ app_begin ] --START--
INFO: Run Behavior\ReadHtmlCacheBehavior [ RunTime:0.000086s ]
INFO: [ app_begin ] --END-- [ RunTime:0.000113s ]
NOTIC: [2048] Declaration of WXAPI\Controller\IndexController::show() should be compatible with Think\Controller::show($content, $charset = '', $contentType = '', $prefix = '') /home/www/htdocs/Application/WXAPI/Controller/IndexController.class.php 第 7 行.

[ 2018-07-29T14:21:42+08:00 ] 111.201.206.25 /index.php/WXAPI/Index/getModule
INFO: [ app_init ] --START--
INFO: Run Behavior\BuildLiteBehavior [ RunTime:0.000009s ]
INFO: [ app_init ] --END-- [ RunTime:0.000055s ]
NOTIC: [8] Constant APP_ID already defined /home/www/htdocs/Application/WXAPI/Common/function.php 第 2 行.
NOTIC: [8] Constant APP_SECRET already defined /home/www/htdocs/Application/WXAPI/Common/function.php 第 3 行.
NOTIC: [8] Constant OPENID already defined /home/www/htdocs/Application/WXAPI/Common/function.php 第 4 行.
NOTIC: [8] Constant MCHID already defined /home/www/htdocs/Application/WXAPI/Common/function.php 第 5 行.
NOTIC: [8] Constant Key already defined /home/www/htdocs/Application/WXAPI/Common/function.php 第 6 行.
INFO: [ app_begin ] --START--
INFO: Run Behavior\ReadHtmlCacheBehavior [ RunTime:0.000086s ]
INFO: [ app_begin ] --END-- [ RunTime:0.000112s ]
NOTIC: [2048] Declaration of WXAPI\Controller\IndexController::show() should be compatible with Think\Controller::show($content, $charset = '', $contentType = '', $prefix = '') /home/www/htdocs/Application/WXAPI/Controller/IndexController.class.php 第 7 行.

